2025-01-27 16:55:58,318 Namespace(cfg='configs/loveda/pidnet_small_loveda_2b.yaml', seed=304, opts=['GPUS', '[0]', 'TRAIN.BATCH_SIZE_PER_GPU', '6'])
2025-01-27 16:55:58,318 AUTO_RESUME: False
CUDNN:
  BENCHMARK: True
  DETERMINISTIC: False
  ENABLED: True
DATASET:
  DATASET: loveDa
  EXTRA_TRAIN_SET: 
  NUM_CLASSES: 8
  ROOT: data/
  SOURCE_DATASET: loveDA-Urban
  SOURCE_TEST_SET: list/loveDA-Urban/val.lst
  SOURCE_TRAIN_SET: list/loveDA-Urban/train.lst
  TARGET_DATASET: loveDA-Rural
  TARGET_SET: list/loveDa/val.lst
  TARGET_TEST_SET: list/loveDA-Rural/val.lst
  TARGET_TRAIN_SET: list/loveDA-Rural/train.lst
  TEST_SET: list/loveDa/val.lst
  TRAIN_SET: list/loveDa/train.lst
GPUS: (0,)
LOG_DIR: log
LOSS:
  BALANCE_WEIGHTS: [0.4, 1.0]
  CLASS_BALANCE: False
  OHEMKEEP: 131072
  OHEMTHRES: 0.7
  SB_WEIGHTS: 0.5
  USE_DICE: False
  USE_FOCAL: False
  USE_OHEM: True
MODEL:
  ALIGN_CORNERS: True
  NAME: pidnet_small
  NUM_OUTPUTS: 2
  PRETRAINED: pretrained_models/imagenet/PIDNet_S_ImageNet.pth.tar
OUTPUT_DIR: output
PIN_MEMORY: True
PRINT_FREQ: 10
TEST:
  BASE_SIZE: 1024
  BATCH_SIZE_PER_GPU: 6
  FLIP_TEST: False
  IMAGE_SIZE: [1024, 1024]
  MODEL_FILE: 
  MULTI_SCALE: False
  OUTPUT_INDEX: 1
TRAIN:
  ADVERSARIAL: False
  AUG: False
  AUG1: False
  AUG2: False
  AUG3: False
  AUG4: False
  AUG_CHANCE: False
  BASE_SIZE: 1024
  BATCH_SIZE_PER_GPU: 6
  BEGIN_EPOCH: 1
  D1: False
  END_EPOCH: 20
  EVAL_INTERVAL: 1
  EXTRA_EPOCH: 0
  EXTRA_LR: 0.001
  FLIP: True
  GAN: Vanilla
  IGNORE_LABEL: 0
  IMAGE_SIZE: [1024, 1024]
  LAMBDA_ADV1: 0.001
  LAMBDA_ADV2: 0.001
  LR: 0.001
  LR_D1: 0.001
  LR_D2: 0.001
  MOMENTUM: 0.9
  MULTI_SCALE: True
  NESTEROV: False
  OPTIMIZER: adam
  RESUME: False
  SCALE_FACTOR: 16
  SCHEDULER: True
  SHUFFLE: True
  WD: 0.0005
WORKERS: 0
2025-01-27 16:55:59,265 Attention!!!
2025-01-27 16:55:59,266 Loaded 302 parameters!
2025-01-27 16:55:59,266 Over!!!
2025-01-27 16:56:13,671 Epoch: [0/20] Iter:[0/192], Time: 13.98, lr: [0.0002], Loss: 4.146850, Acc:0.113479, Semantic loss: 0.628779, BCE loss: 3.244938, SB loss: 0.273132
2025-01-27 16:56:30,272 Epoch: [0/20] Iter:[10/192], Time: 2.76, lr: [0.00019953118890648385], Loss: 3.008839, Acc:0.240547, Semantic loss: 0.498243, BCE loss: 2.326955, SB loss: 0.183641
2025-01-27 16:56:45,684 Epoch: [0/20] Iter:[20/192], Time: 2.18, lr: [0.00019906225539185522], Loss: 2.755592, Acc:0.280108, Semantic loss: 0.426635, BCE loss: 2.173388, SB loss: 0.155569
2025-01-27 16:57:02,141 Epoch: [0/20] Iter:[30/192], Time: 2.01, lr: [0.00019859319910354564], Loss: 2.553257, Acc:0.300552, Semantic loss: 0.383518, BCE loss: 2.029815, SB loss: 0.139924
2025-01-27 16:57:18,699 Epoch: [0/20] Iter:[40/192], Time: 1.92, lr: [0.00019812401968704308], Loss: 2.307256, Acc:0.302915, Semantic loss: 0.353388, BCE loss: 1.826508, SB loss: 0.127361
2025-01-27 16:57:36,193 Epoch: [0/20] Iter:[50/192], Time: 1.89, lr: [0.00019765471678587608], Loss: 2.227191, Acc:0.326660, Semantic loss: 0.328265, BCE loss: 1.782305, SB loss: 0.116621
2025-01-27 16:57:52,178 Epoch: [0/20] Iter:[60/192], Time: 1.84, lr: [0.0001971852900415978], Loss: 2.142090, Acc:0.340126, Semantic loss: 0.311371, BCE loss: 1.721600, SB loss: 0.109120
2025-01-27 16:58:07,493 Epoch: [0/20] Iter:[70/192], Time: 1.80, lr: [0.0001967157390937697], Loss: 2.054956, Acc:0.345982, Semantic loss: 0.293831, BCE loss: 1.658100, SB loss: 0.103025
2025-01-27 16:58:22,987 Epoch: [0/20] Iter:[80/192], Time: 1.77, lr: [0.0001962460635799452], Loss: 2.013919, Acc:0.357522, Semantic loss: 0.283162, BCE loss: 1.632442, SB loss: 0.098315
2025-01-27 16:58:39,214 Epoch: [0/20] Iter:[90/192], Time: 1.75, lr: [0.00019577626313565326], Loss: 1.987126, Acc:0.373407, Semantic loss: 0.274585, BCE loss: 1.617897, SB loss: 0.094644
2025-01-27 16:58:55,559 Epoch: [0/20] Iter:[100/192], Time: 1.74, lr: [0.00019530633739438136], Loss: 1.938188, Acc:0.379455, Semantic loss: 0.265313, BCE loss: 1.581595, SB loss: 0.091279
2025-01-27 16:59:11,135 Epoch: [0/20] Iter:[110/192], Time: 1.72, lr: [0.00019483628598755885], Loss: 1.899390, Acc:0.384428, Semantic loss: 0.258351, BCE loss: 1.552274, SB loss: 0.088764
2025-01-27 16:59:26,620 Epoch: [0/20] Iter:[120/192], Time: 1.71, lr: [0.00019436610854453975], Loss: 1.850797, Acc:0.392317, Semantic loss: 0.251497, BCE loss: 1.512697, SB loss: 0.086603
2025-01-27 16:59:42,350 Epoch: [0/20] Iter:[130/192], Time: 1.70, lr: [0.00019389580469258532], Loss: 1.822834, Acc:0.396465, Semantic loss: 0.246897, BCE loss: 1.490972, SB loss: 0.084965
2025-01-27 16:59:58,072 Epoch: [0/20] Iter:[140/192], Time: 1.69, lr: [0.00019342537405684678], Loss: 1.781139, Acc:0.398427, Semantic loss: 0.241506, BCE loss: 1.456356, SB loss: 0.083277
2025-01-27 17:00:13,911 Epoch: [0/20] Iter:[150/192], Time: 1.68, lr: [0.00019295481626034752], Loss: 1.746639, Acc:0.398654, Semantic loss: 0.236899, BCE loss: 1.428096, SB loss: 0.081643
2025-01-27 17:00:29,810 Epoch: [0/20] Iter:[160/192], Time: 1.68, lr: [0.00019248413092396525], Loss: 1.730693, Acc:0.402190, Semantic loss: 0.232611, BCE loss: 1.417964, SB loss: 0.080117
2025-01-27 17:00:45,685 Epoch: [0/20] Iter:[170/192], Time: 1.67, lr: [0.00019201331766641378], Loss: 1.718814, Acc:0.406354, Semantic loss: 0.228900, BCE loss: 1.411139, SB loss: 0.078775
2025-01-27 17:01:01,181 Epoch: [0/20] Iter:[180/192], Time: 1.66, lr: [0.0001915423761042251], Loss: 1.705675, Acc:0.408872, Semantic loss: 0.226370, BCE loss: 1.401396, SB loss: 0.077910
2025-01-27 17:01:17,096 Epoch: [0/20] Iter:[190/192], Time: 1.66, lr: [0.00019107130585173049], Loss: 1.688424, Acc:0.411462, Semantic loss: 0.222728, BCE loss: 1.389052, SB loss: 0.076644
2025-01-27 17:05:37,681 0 [0.         0.27580578 0.30167481 0.20382941 0.52378017 0.04294417
 0.31554683 0.00613373] 0.23853070101895496
2025-01-27 17:05:37,681 1 [0.         0.29195324 0.41914831 0.30566825 0.48845141 0.07954854
 0.31288649 0.00059325] 0.27117849786509035
2025-01-27 17:05:37,691 => saving checkpoint to output/loveDa/pidnet_small_loveda_2bcheckpoint.pth.tar
2025-01-27 17:05:38,020 Loss: 1.810, MeanIU:  0.2712, Best_mIoU:  0.2712
2025-01-27 17:05:38,020 [0.         0.29195324 0.41914831 0.30566825 0.48845141 0.07954854
 0.31288649 0.00059325]
2025-01-27 17:05:39,590 Epoch: [1/20] Iter:[0/192], Time: 1.32, lr: [0.0003819541526485999], Loss: 1.083372, Acc:0.399239, Semantic loss: 0.152285, BCE loss: 0.876817, SB loss: 0.054269
2025-01-27 17:05:56,094 Epoch: [1/20] Iter:[10/192], Time: 1.62, lr: [0.0003810117022624591], Loss: 1.379611, Acc:0.473385, Semantic loss: 0.156112, BCE loss: 1.166344, SB loss: 0.057155
2025-01-27 17:06:11,671 Epoch: [1/20] Iter:[20/192], Time: 1.59, lr: [0.0003800689927830876], Loss: 1.430408, Acc:0.467172, Semantic loss: 0.158603, BCE loss: 1.217445, SB loss: 0.054360
2025-01-27 17:06:26,540 Epoch: [1/20] Iter:[30/192], Time: 1.56, lr: [0.00037912602342481144], Loss: 1.373388, Acc:0.457037, Semantic loss: 0.154836, BCE loss: 1.164690, SB loss: 0.053863
2025-01-27 17:06:42,324 Epoch: [1/20] Iter:[40/192], Time: 1.56, lr: [0.00037818279339739544], Loss: 1.385131, Acc:0.463819, Semantic loss: 0.155865, BCE loss: 1.175647, SB loss: 0.053620
2025-01-27 17:06:58,441 Epoch: [1/20] Iter:[50/192], Time: 1.57, lr: [0.00037723930190600456], Loss: 1.332151, Acc:0.463954, Semantic loss: 0.155984, BCE loss: 1.122289, SB loss: 0.053878
2025-01-27 17:07:14,746 Epoch: [1/20] Iter:[60/192], Time: 1.58, lr: [0.0003762955481511637], Loss: 1.355133, Acc:0.477346, Semantic loss: 0.155203, BCE loss: 1.145905, SB loss: 0.054025
2025-01-27 17:07:30,324 Epoch: [1/20] Iter:[70/192], Time: 1.58, lr: [0.0003753515313287182], Loss: 1.337473, Acc:0.479468, Semantic loss: 0.155078, BCE loss: 1.127453, SB loss: 0.054942
2025-01-27 17:07:45,795 Epoch: [1/20] Iter:[80/192], Time: 1.57, lr: [0.00037440725062979285], Loss: 1.342499, Acc:0.480217, Semantic loss: 0.156079, BCE loss: 1.131766, SB loss: 0.054654
2025-01-27 17:08:01,635 Epoch: [1/20] Iter:[90/192], Time: 1.58, lr: [0.0003734627052407508], Loss: 1.369443, Acc:0.482817, Semantic loss: 0.156862, BCE loss: 1.157444, SB loss: 0.055137
2025-01-27 17:08:17,270 Epoch: [1/20] Iter:[100/192], Time: 1.57, lr: [0.0003725178943431526], Loss: 1.358774, Acc:0.481487, Semantic loss: 0.157440, BCE loss: 1.145718, SB loss: 0.055616
2025-01-27 17:08:33,082 Epoch: [1/20] Iter:[110/192], Time: 1.57, lr: [0.00037157281711371363], Loss: 1.352040, Acc:0.482548, Semantic loss: 0.156572, BCE loss: 1.140170, SB loss: 0.055298
2025-01-27 17:08:48,736 Epoch: [1/20] Iter:[120/192], Time: 1.57, lr: [0.0003706274727242621], Loss: 1.349467, Acc:0.486116, Semantic loss: 0.155940, BCE loss: 1.138462, SB loss: 0.055065
2025-01-27 17:09:04,337 Epoch: [1/20] Iter:[130/192], Time: 1.57, lr: [0.00036968186034169574], Loss: 1.338354, Acc:0.490677, Semantic loss: 0.154822, BCE loss: 1.128605, SB loss: 0.054927
2025-01-27 17:09:19,969 Epoch: [1/20] Iter:[140/192], Time: 1.57, lr: [0.00036873597912793864], Loss: 1.336980, Acc:0.489234, Semantic loss: 0.155828, BCE loss: 1.126705, SB loss: 0.054446
2025-01-27 17:09:35,557 Epoch: [1/20] Iter:[150/192], Time: 1.57, lr: [0.0003677898282398971], Loss: 1.349216, Acc:0.487541, Semantic loss: 0.156555, BCE loss: 1.137886, SB loss: 0.054775
2025-01-27 17:09:51,382 Epoch: [1/20] Iter:[160/192], Time: 1.57, lr: [0.0003668434068294152], Loss: 1.350023, Acc:0.487854, Semantic loss: 0.156295, BCE loss: 1.139057, SB loss: 0.054671
2025-01-27 17:10:07,427 Epoch: [1/20] Iter:[170/192], Time: 1.57, lr: [0.00036589671404323003], Loss: 1.354867, Acc:0.489202, Semantic loss: 0.155594, BCE loss: 1.144521, SB loss: 0.054753
2025-01-27 17:10:22,752 Epoch: [1/20] Iter:[180/192], Time: 1.57, lr: [0.0003649497490229256], Loss: 1.356911, Acc:0.491658, Semantic loss: 0.154576, BCE loss: 1.147803, SB loss: 0.054532
2025-01-27 17:10:38,354 Epoch: [1/20] Iter:[190/192], Time: 1.57, lr: [0.0003640025109048874], Loss: 1.357680, Acc:0.492164, Semantic loss: 0.154165, BCE loss: 1.149131, SB loss: 0.054384
2025-01-27 17:14:51,710 0 [0.         0.30958294 0.35856728 0.32558862 0.51082421 0.19139595
 0.32987154 0.0008127 ] 0.28952046189834896
2025-01-27 17:14:51,711 1 [0.00000000e+00 3.21729970e-01 4.70372107e-01 4.59865357e-01
 5.99859219e-01 6.48525351e-02 3.32412659e-01 5.40495098e-04] 0.3213760488594252
2025-01-27 17:14:51,723 => saving checkpoint to output/loveDa/pidnet_small_loveda_2bcheckpoint.pth.tar
2025-01-27 17:14:52,179 Loss: 1.739, MeanIU:  0.3214, Best_mIoU:  0.3214
2025-01-27 17:14:52,180 [0.00000000e+00 3.21729970e-01 4.70372107e-01 4.59865357e-01
 5.99859219e-01 6.48525351e-02 3.32412659e-01 5.40495098e-04]
2025-01-27 17:14:53,766 Epoch: [2/20] Iter:[0/192], Time: 1.32, lr: [0.0005457195456497774], Loss: 1.764123, Acc:0.599090, Semantic loss: 0.141489, BCE loss: 1.571855, SB loss: 0.050779
2025-01-27 17:15:09,860 Epoch: [2/20] Iter:[10/192], Time: 1.58, lr: [0.0005442981951757592], Loss: 1.419049, Acc:0.522215, Semantic loss: 0.145758, BCE loss: 1.220277, SB loss: 0.053014
2025-01-27 17:15:25,272 Epoch: [2/20] Iter:[20/192], Time: 1.56, lr: [0.0005428764321774168], Loss: 1.390577, Acc:0.500615, Semantic loss: 0.145712, BCE loss: 1.190833, SB loss: 0.054032
2025-01-27 17:15:40,307 Epoch: [2/20] Iter:[30/192], Time: 1.54, lr: [0.0005414542553339002], Loss: 1.330812, Acc:0.494083, Semantic loss: 0.147140, BCE loss: 1.130005, SB loss: 0.053667
2025-01-27 17:15:55,847 Epoch: [2/20] Iter:[40/192], Time: 1.55, lr: [0.0005400316633162618], Loss: 1.319307, Acc:0.504014, Semantic loss: 0.145581, BCE loss: 1.120709, SB loss: 0.053017
2025-01-27 17:16:11,298 Epoch: [2/20] Iter:[50/192], Time: 1.55, lr: [0.0005386086547873832], Loss: 1.318227, Acc:0.506872, Semantic loss: 0.144463, BCE loss: 1.120533, SB loss: 0.053231
2025-01-27 17:16:27,147 Epoch: [2/20] Iter:[60/192], Time: 1.55, lr: [0.0005371852284019002], Loss: 1.321653, Acc:0.508702, Semantic loss: 0.146235, BCE loss: 1.122364, SB loss: 0.053053
2025-01-27 17:16:44,061 Epoch: [2/20] Iter:[70/192], Time: 1.57, lr: [0.0005357613828061286], Loss: 1.318545, Acc:0.506801, Semantic loss: 0.147193, BCE loss: 1.118417, SB loss: 0.052936
2025-01-27 17:16:59,479 Epoch: [2/20] Iter:[80/192], Time: 1.57, lr: [0.0005343371166379868], Loss: 1.324456, Acc:0.510363, Semantic loss: 0.146822, BCE loss: 1.125185, SB loss: 0.052449
2025-01-27 17:17:14,767 Epoch: [2/20] Iter:[90/192], Time: 1.56, lr: [0.0005329124285269195], Loss: 1.320937, Acc:0.509776, Semantic loss: 0.147601, BCE loss: 1.120766, SB loss: 0.052570
2025-01-27 17:17:30,042 Epoch: [2/20] Iter:[100/192], Time: 1.56, lr: [0.0005314873170938195], Loss: 1.314494, Acc:0.505775, Semantic loss: 0.147507, BCE loss: 1.114316, SB loss: 0.052671
2025-01-27 17:17:45,805 Epoch: [2/20] Iter:[110/192], Time: 1.56, lr: [0.0005300617809509482], Loss: 1.337275, Acc:0.510675, Semantic loss: 0.149055, BCE loss: 1.135361, SB loss: 0.052858
2025-01-27 17:18:01,302 Epoch: [2/20] Iter:[120/192], Time: 1.56, lr: [0.0005286358187018565], Loss: 1.340783, Acc:0.513314, Semantic loss: 0.149378, BCE loss: 1.138284, SB loss: 0.053120
2025-01-27 17:18:17,280 Epoch: [2/20] Iter:[130/192], Time: 1.56, lr: [0.0005272094289413028], Loss: 1.341528, Acc:0.514199, Semantic loss: 0.150115, BCE loss: 1.137838, SB loss: 0.053575
2025-01-27 17:18:32,588 Epoch: [2/20] Iter:[140/192], Time: 1.56, lr: [0.0005257826102551719], Loss: 1.336850, Acc:0.511195, Semantic loss: 0.149638, BCE loss: 1.133898, SB loss: 0.053314
2025-01-27 17:18:48,007 Epoch: [2/20] Iter:[150/192], Time: 1.56, lr: [0.000524355361220392], Loss: 1.349154, Acc:0.513503, Semantic loss: 0.148775, BCE loss: 1.147110, SB loss: 0.053269
2025-01-27 17:19:03,539 Epoch: [2/20] Iter:[160/192], Time: 1.56, lr: [0.0005229276804048498], Loss: 1.352402, Acc:0.514981, Semantic loss: 0.148246, BCE loss: 1.151005, SB loss: 0.053151
2025-01-27 17:19:18,932 Epoch: [2/20] Iter:[170/192], Time: 1.56, lr: [0.0005214995663673065], Loss: 1.356399, Acc:0.516774, Semantic loss: 0.147925, BCE loss: 1.155452, SB loss: 0.053022
2025-01-27 17:19:35,206 Epoch: [2/20] Iter:[180/192], Time: 1.56, lr: [0.000520071017657311], Loss: 1.364835, Acc:0.516617, Semantic loss: 0.148230, BCE loss: 1.163465, SB loss: 0.053139
2025-01-27 17:19:50,750 Epoch: [2/20] Iter:[190/192], Time: 1.56, lr: [0.0005186420328151133], Loss: 1.368391, Acc:0.516248, Semantic loss: 0.148643, BCE loss: 1.166589, SB loss: 0.053158
2025-01-27 17:24:04,566 0 [0.         0.30854624 0.38035938 0.27544121 0.5853111  0.16571017
 0.32622669 0.02331125] 0.2949865761273061
2025-01-27 17:24:04,567 1 [0.         0.30023105 0.47427425 0.52310033 0.45333806 0.07228539
 0.29783421 0.12049554] 0.3202226902667464
2025-01-27 17:24:04,575 => saving checkpoint to output/loveDa/pidnet_small_loveda_2bcheckpoint.pth.tar
2025-01-27 17:24:04,911 Loss: 1.677, MeanIU:  0.3202, Best_mIoU:  0.3214
2025-01-27 17:24:04,911 [0.         0.30023105 0.47427425 0.52310033 0.45333806 0.07228539
 0.29783421 0.12049554]
2025-01-27 17:24:06,474 Epoch: [3/20] Iter:[0/192], Time: 1.29, lr: [0.0006911415778422553], Loss: 1.360092, Acc:0.541211, Semantic loss: 0.133293, BCE loss: 1.181511, SB loss: 0.045288
2025-01-27 17:24:21,757 Epoch: [3/20] Iter:[10/192], Time: 1.51, lr: [0.0006892355643210091], Loss: 1.262350, Acc:0.466248, Semantic loss: 0.147853, BCE loss: 1.057744, SB loss: 0.056753
2025-01-27 17:24:37,640 Epoch: [3/20] Iter:[20/192], Time: 1.55, lr: [0.0006873289649639992], Loss: 1.286086, Acc:0.500010, Semantic loss: 0.141454, BCE loss: 1.091259, SB loss: 0.053372
2025-01-27 17:24:53,158 Epoch: [3/20] Iter:[30/192], Time: 1.55, lr: [0.0006854217777844171], Loss: 1.346163, Acc:0.517049, Semantic loss: 0.143571, BCE loss: 1.149157, SB loss: 0.053435
2025-01-27 17:25:08,424 Epoch: [3/20] Iter:[40/192], Time: 1.54, lr: [0.000683514000782551], Loss: 1.380060, Acc:0.525916, Semantic loss: 0.145220, BCE loss: 1.182470, SB loss: 0.052369
2025-01-27 17:25:23,544 Epoch: [3/20] Iter:[50/192], Time: 1.54, lr: [0.0006816056319456608], Loss: 1.343610, Acc:0.517220, Semantic loss: 0.145239, BCE loss: 1.144890, SB loss: 0.053481
2025-01-27 17:25:39,089 Epoch: [3/20] Iter:[60/192], Time: 1.54, lr: [0.0006796966692478543], Loss: 1.352469, Acc:0.516110, Semantic loss: 0.145797, BCE loss: 1.153161, SB loss: 0.053511
2025-01-27 17:25:54,800 Epoch: [3/20] Iter:[70/192], Time: 1.54, lr: [0.0006777871106499582], Loss: 1.350874, Acc:0.516194, Semantic loss: 0.144600, BCE loss: 1.153713, SB loss: 0.052561
2025-01-27 17:26:10,626 Epoch: [3/20] Iter:[80/192], Time: 1.55, lr: [0.0006758769540993899], Loss: 1.342914, Acc:0.510530, Semantic loss: 0.147221, BCE loss: 1.142827, SB loss: 0.052867
2025-01-27 17:26:26,952 Epoch: [3/20] Iter:[90/192], Time: 1.56, lr: [0.000673966197530027], Loss: 1.337199, Acc:0.509927, Semantic loss: 0.146669, BCE loss: 1.138083, SB loss: 0.052447
2025-01-27 17:26:42,460 Epoch: [3/20] Iter:[100/192], Time: 1.56, lr: [0.0006720548388620748], Loss: 1.350787, Acc:0.509675, Semantic loss: 0.147718, BCE loss: 1.150761, SB loss: 0.052308
2025-01-27 17:26:57,892 Epoch: [3/20] Iter:[110/192], Time: 1.56, lr: [0.0006701428760019323], Loss: 1.357253, Acc:0.503754, Semantic loss: 0.149140, BCE loss: 1.155599, SB loss: 0.052514
2025-01-27 17:27:13,800 Epoch: [3/20] Iter:[120/192], Time: 1.56, lr: [0.0006682303068420569], Loss: 1.353643, Acc:0.500934, Semantic loss: 0.148804, BCE loss: 1.152489, SB loss: 0.052350
2025-01-27 17:27:29,485 Epoch: [3/20] Iter:[130/192], Time: 1.56, lr: [0.000666317129260826], Loss: 1.353689, Acc:0.499308, Semantic loss: 0.148972, BCE loss: 1.152650, SB loss: 0.052067
2025-01-27 17:27:45,046 Epoch: [3/20] Iter:[140/192], Time: 1.56, lr: [0.0006644033411223989], Loss: 1.350753, Acc:0.501424, Semantic loss: 0.148546, BCE loss: 1.150325, SB loss: 0.051881
2025-01-27 17:28:00,320 Epoch: [3/20] Iter:[150/192], Time: 1.56, lr: [0.0006624889402765751], Loss: 1.347748, Acc:0.498279, Semantic loss: 0.149770, BCE loss: 1.145724, SB loss: 0.052254
2025-01-27 17:28:15,801 Epoch: [3/20] Iter:[160/192], Time: 1.56, lr: [0.0006605739245586506], Loss: 1.358894, Acc:0.501903, Semantic loss: 0.149382, BCE loss: 1.157417, SB loss: 0.052096
2025-01-27 17:28:31,273 Epoch: [3/20] Iter:[170/192], Time: 1.56, lr: [0.0006586582917892745], Loss: 1.364742, Acc:0.501569, Semantic loss: 0.150067, BCE loss: 1.162319, SB loss: 0.052357
2025-01-27 17:28:47,469 Epoch: [3/20] Iter:[180/192], Time: 1.56, lr: [0.0006567420397743011], Loss: 1.366590, Acc:0.501894, Semantic loss: 0.149904, BCE loss: 1.164416, SB loss: 0.052270
2025-01-27 17:29:02,792 Epoch: [3/20] Iter:[190/192], Time: 1.56, lr: [0.0006548251663046417], Loss: 1.358010, Acc:0.501369, Semantic loss: 0.149002, BCE loss: 1.156936, SB loss: 0.052072
2025-01-27 17:33:21,257 0 [0.         0.29690691 0.43336084 0.31225286 0.49470329 0.09482625
 0.32992984 0.00559637] 0.28108233776449704
2025-01-27 17:33:21,257 1 [0.         0.29539956 0.51896379 0.43717587 0.57459552 0.00061096
 0.31594623 0.00807032] 0.3072517513616071
2025-01-27 17:33:21,266 => saving checkpoint to output/loveDa/pidnet_small_loveda_2bcheckpoint.pth.tar
2025-01-27 17:33:21,633 Loss: 1.810, MeanIU:  0.3073, Best_mIoU:  0.3214
2025-01-27 17:33:21,633 [0.         0.29539956 0.51896379 0.43717587 0.57459552 0.00061096
 0.31594623 0.00807032]
2025-01-27 17:33:23,209 Epoch: [4/20] Iter:[0/192], Time: 1.30, lr: [0.0008180521460508585], Loss: 1.145132, Acc:0.501397, Semantic loss: 0.155383, BCE loss: 0.930440, SB loss: 0.059309
2025-01-27 17:33:38,165 Epoch: [4/20] Iter:[10/192], Time: 1.48, lr: [0.0008156551183601796], Loss: 1.329425, Acc:0.495708, Semantic loss: 0.140193, BCE loss: 1.137345, SB loss: 0.051887
2025-01-27 17:33:53,696 Epoch: [4/20] Iter:[20/192], Time: 1.51, lr: [0.0008132573077094668], Loss: 1.353973, Acc:0.498351, Semantic loss: 0.142460, BCE loss: 1.159053, SB loss: 0.052459
2025-01-27 17:34:09,159 Epoch: [4/20] Iter:[30/192], Time: 1.52, lr: [0.0008108587112763078], Loss: 1.381223, Acc:0.509753, Semantic loss: 0.142411, BCE loss: 1.186862, SB loss: 0.051950
2025-01-27 17:34:24,870 Epoch: [4/20] Iter:[40/192], Time: 1.54, lr: [0.0008084593262188027], Loss: 1.361790, Acc:0.515714, Semantic loss: 0.141721, BCE loss: 1.168275, SB loss: 0.051795
2025-01-27 17:34:40,580 Epoch: [4/20] Iter:[50/192], Time: 1.54, lr: [0.0008060591496753653], Loss: 1.352709, Acc:0.507574, Semantic loss: 0.141313, BCE loss: 1.160211, SB loss: 0.051185
2025-01-27 17:34:56,123 Epoch: [4/20] Iter:[60/192], Time: 1.54, lr: [0.0008036581787645204], Loss: 1.359522, Acc:0.510818, Semantic loss: 0.143400, BCE loss: 1.165062, SB loss: 0.051060
2025-01-27 17:35:11,557 Epoch: [4/20] Iter:[70/192], Time: 1.54, lr: [0.0008012564105846995], Loss: 1.363320, Acc:0.507980, Semantic loss: 0.145593, BCE loss: 1.166221, SB loss: 0.051506
2025-01-27 17:35:26,477 Epoch: [4/20] Iter:[80/192], Time: 1.54, lr: [0.0007988538422140333], Loss: 1.319709, Acc:0.498960, Semantic loss: 0.144450, BCE loss: 1.123359, SB loss: 0.051900
2025-01-27 17:35:41,818 Epoch: [4/20] Iter:[90/192], Time: 1.54, lr: [0.0007964504707101411], Loss: 1.311937, Acc:0.496436, Semantic loss: 0.144793, BCE loss: 1.115421, SB loss: 0.051723
2025-01-27 17:35:57,912 Epoch: [4/20] Iter:[100/192], Time: 1.54, lr: [0.0007940462931099175], Loss: 1.319444, Acc:0.497637, Semantic loss: 0.145503, BCE loss: 1.121511, SB loss: 0.052430
2025-01-27 17:36:14,249 Epoch: [4/20] Iter:[110/192], Time: 1.55, lr: [0.0007916413064293164], Loss: 1.333810, Acc:0.504622, Semantic loss: 0.145527, BCE loss: 1.136024, SB loss: 0.052259
2025-01-27 17:36:29,842 Epoch: [4/20] Iter:[120/192], Time: 1.55, lr: [0.0007892355076631318], Loss: 1.327924, Acc:0.504031, Semantic loss: 0.145787, BCE loss: 1.129833, SB loss: 0.052304
2025-01-27 17:36:45,213 Epoch: [4/20] Iter:[130/192], Time: 1.55, lr: [0.0007868288937847752], Loss: 1.326418, Acc:0.507597, Semantic loss: 0.145303, BCE loss: 1.129152, SB loss: 0.051963
2025-01-27 17:37:00,592 Epoch: [4/20] Iter:[140/192], Time: 1.55, lr: [0.0007844214617460509], Loss: 1.316175, Acc:0.505726, Semantic loss: 0.145196, BCE loss: 1.119151, SB loss: 0.051827
2025-01-27 17:37:16,290 Epoch: [4/20] Iter:[150/192], Time: 1.55, lr: [0.0007820132084769268], Loss: 1.302623, Acc:0.504065, Semantic loss: 0.145126, BCE loss: 1.105787, SB loss: 0.051710
2025-01-27 17:37:32,029 Epoch: [4/20] Iter:[160/192], Time: 1.55, lr: [0.0007796041308853031], Loss: 1.305722, Acc:0.501432, Semantic loss: 0.145162, BCE loss: 1.108909, SB loss: 0.051651
2025-01-27 17:37:47,304 Epoch: [4/20] Iter:[170/192], Time: 1.55, lr: [0.0007771942258567772], Loss: 1.304245, Acc:0.501582, Semantic loss: 0.144344, BCE loss: 1.108334, SB loss: 0.051567
2025-01-27 17:38:02,721 Epoch: [4/20] Iter:[180/192], Time: 1.55, lr: [0.0007747834902544057], Loss: 1.306089, Acc:0.502017, Semantic loss: 0.144129, BCE loss: 1.110508, SB loss: 0.051452
2025-01-27 17:38:18,154 Epoch: [4/20] Iter:[190/192], Time: 1.55, lr: [0.0007723719209184621], Loss: 1.303902, Acc:0.499742, Semantic loss: 0.144501, BCE loss: 1.108065, SB loss: 0.051337
2025-01-27 17:42:25,050 0 [0.         0.30523479 0.40649235 0.22054647 0.51856316 0.16468091
 0.3612143  0.0258577 ] 0.2860842404141212
2025-01-27 17:42:25,050 1 [0.         0.32124247 0.47352145 0.26511701 0.58238069 0.12826791
 0.3632626  0.12054481] 0.32204813293934986
2025-01-27 17:42:25,056 => saving checkpoint to output/loveDa/pidnet_small_loveda_2bcheckpoint.pth.tar
2025-01-27 17:42:25,506 Loss: 1.744, MeanIU:  0.3220, Best_mIoU:  0.3220
2025-01-27 17:42:25,506 [0.         0.32124247 0.47352145 0.26511701 0.58238069 0.12826791
 0.3632626  0.12054481]
2025-01-27 17:42:27,086 Epoch: [5/20] Iter:[0/192], Time: 1.30, lr: [0.0005894960222670765], Loss: 1.108048, Acc:0.631751, Semantic loss: 0.110093, BCE loss: 0.962430, SB loss: 0.035524
2025-01-27 17:42:42,499 Epoch: [5/20] Iter:[10/192], Time: 1.52, lr: [0.0005876535269675065], Loss: 1.211113, Acc:0.527912, Semantic loss: 0.137782, BCE loss: 1.024603, SB loss: 0.048728
2025-01-27 17:42:58,208 Epoch: [5/20] Iter:[20/192], Time: 1.55, lr: [0.0005858103895702902], Loss: 1.182114, Acc:0.495236, Semantic loss: 0.144736, BCE loss: 0.986279, SB loss: 0.051100
2025-01-27 17:43:14,081 Epoch: [5/20] Iter:[30/192], Time: 1.56, lr: [0.0005839666076053792], Loss: 1.187768, Acc:0.503576, Semantic loss: 0.142476, BCE loss: 0.995012, SB loss: 0.050280
2025-01-27 17:43:29,416 Epoch: [5/20] Iter:[40/192], Time: 1.55, lr: [0.0005821221785845219], Loss: 1.240526, Acc:0.507569, Semantic loss: 0.144130, BCE loss: 1.045798, SB loss: 0.050598
2025-01-27 17:43:44,884 Epoch: [5/20] Iter:[50/192], Time: 1.55, lr: [0.0005802771000010641], Loss: 1.252823, Acc:0.513417, Semantic loss: 0.141212, BCE loss: 1.061066, SB loss: 0.050545
2025-01-27 17:44:00,677 Epoch: [5/20] Iter:[60/192], Time: 1.56, lr: [0.0005784313693297474], Loss: 1.287228, Acc:0.518333, Semantic loss: 0.141395, BCE loss: 1.095599, SB loss: 0.050234
2025-01-27 17:44:16,641 Epoch: [5/20] Iter:[70/192], Time: 1.56, lr: [0.000576584984026505], Loss: 1.296652, Acc:0.520227, Semantic loss: 0.142268, BCE loss: 1.104184, SB loss: 0.050200
2025-01-27 17:44:32,143 Epoch: [5/20] Iter:[80/192], Time: 1.56, lr: [0.0005747379415282542], Loss: 1.307968, Acc:0.520869, Semantic loss: 0.140137, BCE loss: 1.118144, SB loss: 0.049687
2025-01-27 17:44:47,658 Epoch: [5/20] Iter:[90/192], Time: 1.56, lr: [0.000572890239252685], Loss: 1.306838, Acc:0.520632, Semantic loss: 0.139536, BCE loss: 1.117670, SB loss: 0.049632
2025-01-27 17:45:03,010 Epoch: [5/20] Iter:[100/192], Time: 1.56, lr: [0.0005710418745980477], Loss: 1.292247, Acc:0.513895, Semantic loss: 0.140335, BCE loss: 1.102446, SB loss: 0.049466
2025-01-27 17:45:18,544 Epoch: [5/20] Iter:[110/192], Time: 1.56, lr: [0.0005691928449429353], Loss: 1.300626, Acc:0.513236, Semantic loss: 0.141578, BCE loss: 1.109384, SB loss: 0.049664
2025-01-27 17:45:34,424 Epoch: [5/20] Iter:[120/192], Time: 1.56, lr: [0.0005673431476460633], Loss: 1.296202, Acc:0.511533, Semantic loss: 0.141910, BCE loss: 1.104173, SB loss: 0.050120
2025-01-27 17:45:51,149 Epoch: [5/20] Iter:[130/192], Time: 1.57, lr: [0.000565492780046047], Loss: 1.304014, Acc:0.510480, Semantic loss: 0.141753, BCE loss: 1.112307, SB loss: 0.049954
2025-01-27 17:46:06,508 Epoch: [5/20] Iter:[140/192], Time: 1.57, lr: [0.0005636417394611745], Loss: 1.304348, Acc:0.508159, Semantic loss: 0.141154, BCE loss: 1.113307, SB loss: 0.049887
2025-01-27 17:46:21,939 Epoch: [5/20] Iter:[150/192], Time: 1.56, lr: [0.0005617900231891765], Loss: 1.307625, Acc:0.510631, Semantic loss: 0.141082, BCE loss: 1.116595, SB loss: 0.049948
2025-01-27 17:46:37,571 Epoch: [5/20] Iter:[160/192], Time: 1.56, lr: [0.0005599376285069936], Loss: 1.305140, Acc:0.510771, Semantic loss: 0.141315, BCE loss: 1.113859, SB loss: 0.049966
2025-01-27 17:46:53,096 Epoch: [5/20] Iter:[170/192], Time: 1.56, lr: [0.0005580845526705384], Loss: 1.306737, Acc:0.512261, Semantic loss: 0.141034, BCE loss: 1.115693, SB loss: 0.050011
2025-01-27 17:47:09,025 Epoch: [5/20] Iter:[180/192], Time: 1.56, lr: [0.000556230792914455], Loss: 1.303872, Acc:0.510295, Semantic loss: 0.141428, BCE loss: 1.112301, SB loss: 0.050143
2025-01-27 17:47:24,256 Epoch: [5/20] Iter:[190/192], Time: 1.56, lr: [0.0005543763464518758], Loss: 1.302046, Acc:0.508773, Semantic loss: 0.141248, BCE loss: 1.110513, SB loss: 0.050286
2025-01-27 17:51:34,778 0 [0.         0.32473728 0.37443469 0.34677715 0.55463935 0.10406788
 0.4238726  0.00761512] 0.30516343980314087
2025-01-27 17:51:34,778 1 [0.         0.32432949 0.46128836 0.4891032  0.39883495 0.0929468
 0.44432109 0.19367771] 0.3435002278973366
2025-01-27 17:51:34,784 => saving checkpoint to output/loveDa/pidnet_small_loveda_2bcheckpoint.pth.tar
2025-01-27 17:51:35,195 Loss: 1.649, MeanIU:  0.3435, Best_mIoU:  0.3435
2025-01-27 17:51:35,195 [0.         0.32432949 0.46128836 0.4891032  0.39883495 0.0929468
 0.44432109 0.19367771]
2025-01-27 17:51:36,758 Epoch: [6/20] Iter:[0/192], Time: 1.30, lr: [0.0003889145075182205], Loss: 2.121693, Acc:0.606665, Semantic loss: 0.132498, BCE loss: 1.937259, SB loss: 0.051935
2025-01-27 17:51:52,453 Epoch: [6/20] Iter:[10/192], Time: 1.54, lr: [0.00038761209585821537], Loss: 1.410044, Acc:0.550198, Semantic loss: 0.141474, BCE loss: 1.219436, SB loss: 0.049133
2025-01-27 17:52:08,390 Epoch: [6/20] Iter:[20/192], Time: 1.57, lr: [0.0003863091977687711], Loss: 1.361292, Acc:0.547984, Semantic loss: 0.140398, BCE loss: 1.170213, SB loss: 0.050681
2025-01-27 17:52:24,301 Epoch: [6/20] Iter:[30/192], Time: 1.58, lr: [0.00038500581124398345], Loss: 1.357900, Acc:0.550416, Semantic loss: 0.138214, BCE loss: 1.169991, SB loss: 0.049695
2025-01-27 17:52:39,787 Epoch: [6/20] Iter:[40/192], Time: 1.57, lr: [0.0003837019342620977], Loss: 1.365608, Acc:0.545223, Semantic loss: 0.135789, BCE loss: 1.181025, SB loss: 0.048794
2025-01-27 17:52:55,064 Epoch: [6/20] Iter:[50/192], Time: 1.56, lr: [0.00038239756478532195], Loss: 1.362134, Acc:0.546154, Semantic loss: 0.134626, BCE loss: 1.178873, SB loss: 0.048634
2025-01-27 17:53:10,346 Epoch: [6/20] Iter:[60/192], Time: 1.56, lr: [0.00038109270075963926], Loss: 1.341409, Acc:0.542086, Semantic loss: 0.133368, BCE loss: 1.160015, SB loss: 0.048026
2025-01-27 17:53:26,134 Epoch: [6/20] Iter:[70/192], Time: 1.56, lr: [0.00037978734011461624], Loss: 1.340227, Acc:0.541367, Semantic loss: 0.134729, BCE loss: 1.157083, SB loss: 0.048415
2025-01-27 17:53:42,011 Epoch: [6/20] Iter:[80/192], Time: 1.56, lr: [0.00037848148076320817], Loss: 1.348077, Acc:0.543010, Semantic loss: 0.135254, BCE loss: 1.164041, SB loss: 0.048782
2025-01-27 17:53:57,566 Epoch: [6/20] Iter:[90/192], Time: 1.56, lr: [0.00037717512060156193], Loss: 1.338971, Acc:0.541182, Semantic loss: 0.135780, BCE loss: 1.154439, SB loss: 0.048753
2025-01-27 17:54:12,751 Epoch: [6/20] Iter:[100/192], Time: 1.56, lr: [0.00037586825750881534], Loss: 1.349093, Acc:0.540491, Semantic loss: 0.135701, BCE loss: 1.164701, SB loss: 0.048690
2025-01-27 17:54:28,072 Epoch: [6/20] Iter:[110/192], Time: 1.55, lr: [0.00037456088934689324], Loss: 1.323053, Acc:0.536812, Semantic loss: 0.134891, BCE loss: 1.139399, SB loss: 0.048762
2025-01-27 17:54:43,908 Epoch: [6/20] Iter:[120/192], Time: 1.56, lr: [0.00037325301396030035], Loss: 1.334353, Acc:0.538570, Semantic loss: 0.134450, BCE loss: 1.151442, SB loss: 0.048461
2025-01-27 17:54:59,768 Epoch: [6/20] Iter:[130/192], Time: 1.56, lr: [0.0003719446291759115], Loss: 1.336193, Acc:0.541688, Semantic loss: 0.134142, BCE loss: 1.153769, SB loss: 0.048281
2025-01-27 17:55:15,137 Epoch: [6/20] Iter:[140/192], Time: 1.56, lr: [0.0003706357328027572], Loss: 1.318546, Acc:0.539435, Semantic loss: 0.134419, BCE loss: 1.135472, SB loss: 0.048655
2025-01-27 17:55:31,431 Epoch: [6/20] Iter:[150/192], Time: 1.56, lr: [0.0003693263226318068], Loss: 1.319760, Acc:0.538041, Semantic loss: 0.133651, BCE loss: 1.137584, SB loss: 0.048525
2025-01-27 17:55:46,753 Epoch: [6/20] Iter:[160/192], Time: 1.56, lr: [0.00036801639643574825], Loss: 1.313635, Acc:0.536199, Semantic loss: 0.133586, BCE loss: 1.131543, SB loss: 0.048506
2025-01-27 17:56:02,047 Epoch: [6/20] Iter:[170/192], Time: 1.56, lr: [0.00036670595196876325], Loss: 1.312492, Acc:0.537289, Semantic loss: 0.133332, BCE loss: 1.130776, SB loss: 0.048384
2025-01-27 17:56:18,431 Epoch: [6/20] Iter:[180/192], Time: 1.56, lr: [0.00036539498696629955], Loss: 1.312189, Acc:0.538896, Semantic loss: 0.133791, BCE loss: 1.129809, SB loss: 0.048589
2025-01-27 17:56:33,990 Epoch: [6/20] Iter:[190/192], Time: 1.56, lr: [0.00036408349914483963], Loss: 1.308115, Acc:0.538890, Semantic loss: 0.133536, BCE loss: 1.126032, SB loss: 0.048547
2025-01-27 18:00:43,575 0 [0.         0.32953623 0.46271348 0.35637594 0.61443642 0.08016543
 0.36870012 0.06253961] 0.32492389046343584
2025-01-27 18:00:43,576 1 [0.         0.30985687 0.5330813  0.51704306 0.66307278 0.00933267
 0.29914714 0.1278032 ] 0.3513338602516553
2025-01-27 18:00:43,584 => saving checkpoint to output/loveDa/pidnet_small_loveda_2bcheckpoint.pth.tar
2025-01-27 18:00:43,985 Loss: 1.683, MeanIU:  0.3513, Best_mIoU:  0.3513
2025-01-27 18:00:43,985 [0.         0.30985687 0.5330813  0.51704306 0.66307278 0.00933267
 0.29914714 0.1278032 ]
2025-01-27 18:00:45,395 Epoch: [7/20] Iter:[0/192], Time: 1.15, lr: [0.0002335281947669314], Loss: 0.672611, Acc:0.339074, Semantic loss: 0.114092, BCE loss: 0.512685, SB loss: 0.045833
2025-01-27 18:01:00,269 Epoch: [7/20] Iter:[10/192], Time: 1.46, lr: [0.00023268597705976464], Loss: 1.131642, Acc:0.450159, Semantic loss: 0.128727, BCE loss: 0.954969, SB loss: 0.047946
2025-01-27 18:01:15,613 Epoch: [7/20] Iter:[20/192], Time: 1.49, lr: [0.00023184342049921582], Loss: 1.183283, Acc:0.479869, Semantic loss: 0.126139, BCE loss: 1.009213, SB loss: 0.047930
2025-01-27 18:01:31,074 Epoch: [7/20] Iter:[30/192], Time: 1.51, lr: [0.00023100052357956594], Loss: 1.247481, Acc:0.522146, Semantic loss: 0.126782, BCE loss: 1.073086, SB loss: 0.047613
2025-01-27 18:01:47,229 Epoch: [7/20] Iter:[40/192], Time: 1.54, lr: [0.00023015728478227086], Loss: 1.245429, Acc:0.523808, Semantic loss: 0.127691, BCE loss: 1.070040, SB loss: 0.047698
2025-01-27 18:02:02,512 Epoch: [7/20] Iter:[50/192], Time: 1.53, lr: [0.00022931370257579938], Loss: 1.243646, Acc:0.523472, Semantic loss: 0.126847, BCE loss: 1.069519, SB loss: 0.047280
2025-01-27 18:02:17,933 Epoch: [7/20] Iter:[60/192], Time: 1.54, lr: [0.00022846977541546873], Loss: 1.227104, Acc:0.522487, Semantic loss: 0.128207, BCE loss: 1.051268, SB loss: 0.047629
2025-01-27 18:02:33,268 Epoch: [7/20] Iter:[70/192], Time: 1.54, lr: [0.00022762550174327693], Loss: 1.224168, Acc:0.524571, Semantic loss: 0.129147, BCE loss: 1.047336, SB loss: 0.047685
2025-01-27 18:02:48,673 Epoch: [7/20] Iter:[80/192], Time: 1.54, lr: [0.00022678087998773274], Loss: 1.220451, Acc:0.523865, Semantic loss: 0.130003, BCE loss: 1.042223, SB loss: 0.048226
2025-01-27 18:03:04,402 Epoch: [7/20] Iter:[90/192], Time: 1.54, lr: [0.00022593590856368257], Loss: 1.212563, Acc:0.531215, Semantic loss: 0.128506, BCE loss: 1.036218, SB loss: 0.047840
2025-01-27 18:03:20,195 Epoch: [7/20] Iter:[100/192], Time: 1.54, lr: [0.0002250905858721342], Loss: 1.226380, Acc:0.535120, Semantic loss: 0.128844, BCE loss: 1.049840, SB loss: 0.047696
2025-01-27 18:03:35,665 Epoch: [7/20] Iter:[110/192], Time: 1.54, lr: [0.00022424491030007795], Loss: 1.215989, Acc:0.537571, Semantic loss: 0.128570, BCE loss: 1.039697, SB loss: 0.047722
2025-01-27 18:03:51,154 Epoch: [7/20] Iter:[120/192], Time: 1.54, lr: [0.00022339888022030436], Loss: 1.224140, Acc:0.536806, Semantic loss: 0.129484, BCE loss: 1.046921, SB loss: 0.047735
2025-01-27 18:04:06,512 Epoch: [7/20] Iter:[130/192], Time: 1.54, lr: [0.0002225524939912188], Loss: 1.228344, Acc:0.534639, Semantic loss: 0.128997, BCE loss: 1.051813, SB loss: 0.047534
2025-01-27 18:04:22,487 Epoch: [7/20] Iter:[140/192], Time: 1.55, lr: [0.00022170574995665325], Loss: 1.233907, Acc:0.538132, Semantic loss: 0.128892, BCE loss: 1.057542, SB loss: 0.047473
2025-01-27 18:04:38,157 Epoch: [7/20] Iter:[150/192], Time: 1.55, lr: [0.0002208586464456742], Loss: 1.244352, Acc:0.542940, Semantic loss: 0.128593, BCE loss: 1.068393, SB loss: 0.047366
2025-01-27 18:04:54,429 Epoch: [7/20] Iter:[160/192], Time: 1.55, lr: [0.00022001118177238763], Loss: 1.261539, Acc:0.545263, Semantic loss: 0.129166, BCE loss: 1.084952, SB loss: 0.047421
2025-01-27 18:05:09,969 Epoch: [7/20] Iter:[170/192], Time: 1.55, lr: [0.00021916335423574043], Loss: 1.263201, Acc:0.547798, Semantic loss: 0.128888, BCE loss: 1.087096, SB loss: 0.047217
2025-01-27 18:05:25,526 Epoch: [7/20] Iter:[180/192], Time: 1.55, lr: [0.00021831516211931836], Loss: 1.260943, Acc:0.548512, Semantic loss: 0.129347, BCE loss: 1.084162, SB loss: 0.047435
2025-01-27 18:05:41,386 Epoch: [7/20] Iter:[190/192], Time: 1.56, lr: [0.00021746660369114022], Loss: 1.259726, Acc:0.547989, Semantic loss: 0.129256, BCE loss: 1.083175, SB loss: 0.047295
2025-01-27 18:09:47,216 0 [0.         0.33433231 0.46236959 0.40674687 0.55345887 0.1544047
 0.43331719 0.02029219] 0.33784595981802557
2025-01-27 18:09:47,217 1 [0.         0.32271267 0.54017763 0.52289715 0.57559231 0.15762514
 0.42890058 0.08995165] 0.376836732206422
2025-01-27 18:09:47,226 => saving checkpoint to output/loveDa/pidnet_small_loveda_2bcheckpoint.pth.tar
2025-01-27 18:09:47,674 Loss: 1.649, MeanIU:  0.3768, Best_mIoU:  0.3768
2025-01-27 18:09:47,674 [0.         0.32271267 0.54017763 0.52289715 0.57559231 0.15762514
 0.42890058 0.08995165]
2025-01-27 18:09:49,310 Epoch: [8/20] Iter:[0/192], Time: 1.37, lr: [0.0001266993066056896], Loss: 1.639848, Acc:0.591191, Semantic loss: 0.127165, BCE loss: 1.465003, SB loss: 0.047679
2025-01-27 18:10:04,928 Epoch: [8/20] Iter:[10/192], Time: 1.54, lr: [0.00012620427986361054], Loss: 1.328698, Acc:0.566462, Semantic loss: 0.126212, BCE loss: 1.153733, SB loss: 0.048753
2025-01-27 18:10:20,129 Epoch: [8/20] Iter:[20/192], Time: 1.53, lr: [0.0001257090372818189], Loss: 1.312422, Acc:0.566771, Semantic loss: 0.125698, BCE loss: 1.139312, SB loss: 0.047412
2025-01-27 18:10:35,383 Epoch: [8/20] Iter:[30/192], Time: 1.53, lr: [0.00012521357782057226], Loss: 1.298900, Acc:0.565053, Semantic loss: 0.124869, BCE loss: 1.127116, SB loss: 0.046915
2025-01-27 18:10:50,553 Epoch: [8/20] Iter:[40/192], Time: 1.53, lr: [0.00012471790043052403], Loss: 1.248164, Acc:0.562898, Semantic loss: 0.127360, BCE loss: 1.073251, SB loss: 0.047552
2025-01-27 18:11:06,206 Epoch: [8/20] Iter:[50/192], Time: 1.53, lr: [0.0001242220040525921], Loss: 1.246689, Acc:0.562104, Semantic loss: 0.126826, BCE loss: 1.072950, SB loss: 0.046913
2025-01-27 18:11:21,797 Epoch: [8/20] Iter:[60/192], Time: 1.54, lr: [0.0001237258876178249], Loss: 1.251416, Acc:0.564203, Semantic loss: 0.128852, BCE loss: 1.075510, SB loss: 0.047055
2025-01-27 18:11:37,162 Epoch: [8/20] Iter:[70/192], Time: 1.54, lr: [0.0001232295500472649], Loss: 1.237093, Acc:0.562597, Semantic loss: 0.128110, BCE loss: 1.061871, SB loss: 0.047112
2025-01-27 18:11:52,574 Epoch: [8/20] Iter:[80/192], Time: 1.54, lr: [0.00012273299025180985], Loss: 1.237765, Acc:0.562604, Semantic loss: 0.127293, BCE loss: 1.063732, SB loss: 0.046741
2025-01-27 18:12:08,113 Epoch: [8/20] Iter:[90/192], Time: 1.54, lr: [0.00012223620713207133], Loss: 1.252613, Acc:0.568669, Semantic loss: 0.127385, BCE loss: 1.078498, SB loss: 0.046730
2025-01-27 18:12:24,144 Epoch: [8/20] Iter:[100/192], Time: 1.55, lr: [0.00012173919957823059], Loss: 1.260386, Acc:0.573203, Semantic loss: 0.127564, BCE loss: 1.086096, SB loss: 0.046725
2025-01-27 18:12:39,446 Epoch: [8/20] Iter:[110/192], Time: 1.55, lr: [0.00012124196646989187], Loss: 1.248314, Acc:0.566747, Semantic loss: 0.126446, BCE loss: 1.075357, SB loss: 0.046512
2025-01-27 18:12:54,705 Epoch: [8/20] Iter:[120/192], Time: 1.54, lr: [0.00012074450667593296], Loss: 1.255752, Acc:0.566138, Semantic loss: 0.125952, BCE loss: 1.083395, SB loss: 0.046405
2025-01-27 18:13:10,010 Epoch: [8/20] Iter:[130/192], Time: 1.54, lr: [0.00012024681905435292], Loss: 1.268164, Acc:0.570030, Semantic loss: 0.125427, BCE loss: 1.096302, SB loss: 0.046435
2025-01-27 18:13:25,192 Epoch: [8/20] Iter:[140/192], Time: 1.54, lr: [0.00011974890245211674], Loss: 1.255247, Acc:0.565995, Semantic loss: 0.125469, BCE loss: 1.083328, SB loss: 0.046451
2025-01-27 18:13:41,251 Epoch: [8/20] Iter:[150/192], Time: 1.55, lr: [0.00011925075570499752], Loss: 1.244587, Acc:0.567227, Semantic loss: 0.125642, BCE loss: 1.072516, SB loss: 0.046429
2025-01-27 18:13:56,561 Epoch: [8/20] Iter:[160/192], Time: 1.54, lr: [0.00011875237763741508], Loss: 1.246995, Acc:0.567690, Semantic loss: 0.125528, BCE loss: 1.075032, SB loss: 0.046435
2025-01-27 18:14:11,887 Epoch: [8/20] Iter:[170/192], Time: 1.54, lr: [0.00011825376706227193], Loss: 1.245624, Acc:0.566503, Semantic loss: 0.125145, BCE loss: 1.074200, SB loss: 0.046279
2025-01-27 18:14:28,080 Epoch: [8/20] Iter:[180/192], Time: 1.55, lr: [0.00011775492278078589], Loss: 1.246006, Acc:0.568290, Semantic loss: 0.124270, BCE loss: 1.075798, SB loss: 0.045938
2025-01-27 18:14:43,585 Epoch: [8/20] Iter:[190/192], Time: 1.55, lr: [0.00011725584358231952], Loss: 1.253930, Acc:0.569628, Semantic loss: 0.124479, BCE loss: 1.083467, SB loss: 0.045983
2025-01-27 18:18:57,311 0 [0.         0.29921836 0.43939904 0.37085395 0.63391051 0.11561267
 0.34656399 0.03737286] 0.32041876929457586
2025-01-27 18:18:57,311 1 [0.         0.29023134 0.52646052 0.53911007 0.62596961 0.08435515
 0.2967389  0.14758508] 0.358635811050373
2025-01-27 18:18:57,322 => saving checkpoint to output/loveDa/pidnet_small_loveda_2bcheckpoint.pth.tar
2025-01-27 18:18:57,668 Loss: 1.667, MeanIU:  0.3586, Best_mIoU:  0.3768
2025-01-27 18:18:57,669 [0.         0.29023134 0.52646052 0.53911007 0.62596961 0.08435515
 0.2967389  0.14758508]
2025-01-27 18:18:59,199 Epoch: [9/20] Iter:[0/192], Time: 1.27, lr: [6.15594191804515e-05], Loss: 0.930397, Acc:0.310806, Semantic loss: 0.157253, BCE loss: 0.715036, SB loss: 0.058108
2025-01-27 18:19:15,366 Epoch: [9/20] Iter:[10/192], Time: 1.58, lr: [6.12970298980455e-05], Loss: 1.182179, Acc:0.552031, Semantic loss: 0.126411, BCE loss: 1.009574, SB loss: 0.046193
2025-01-27 18:19:30,247 Epoch: [9/20] Iter:[20/192], Time: 1.54, lr: [6.1034515757054244e-05], Loss: 1.166380, Acc:0.554733, Semantic loss: 0.125889, BCE loss: 0.993783, SB loss: 0.046708
2025-01-27 18:19:45,537 Epoch: [9/20] Iter:[30/192], Time: 1.54, lr: [6.077187610079359e-05], Loss: 1.174295, Acc:0.569103, Semantic loss: 0.122742, BCE loss: 1.006070, SB loss: 0.045483
2025-01-27 18:20:00,618 Epoch: [9/20] Iter:[40/192], Time: 1.53, lr: [6.050911026595411e-05], Loss: 1.188472, Acc:0.576411, Semantic loss: 0.122511, BCE loss: 1.020729, SB loss: 0.045233
2025-01-27 18:20:15,789 Epoch: [9/20] Iter:[50/192], Time: 1.53, lr: [6.0246217582501975e-05], Loss: 1.207063, Acc:0.568947, Semantic loss: 0.123141, BCE loss: 1.038376, SB loss: 0.045546
2025-01-27 18:20:32,006 Epoch: [9/20] Iter:[60/192], Time: 1.54, lr: [5.998319737357783e-05], Loss: 1.213526, Acc:0.570016, Semantic loss: 0.122232, BCE loss: 1.046266, SB loss: 0.045028
2025-01-27 18:20:47,377 Epoch: [9/20] Iter:[70/192], Time: 1.54, lr: [5.972004895539355e-05], Loss: 1.221765, Acc:0.573460, Semantic loss: 0.122471, BCE loss: 1.054426, SB loss: 0.044869
2025-01-27 18:21:02,762 Epoch: [9/20] Iter:[80/192], Time: 1.54, lr: [5.945677163712717e-05], Loss: 1.225823, Acc:0.574554, Semantic loss: 0.122351, BCE loss: 1.058581, SB loss: 0.044891
2025-01-27 18:21:18,037 Epoch: [9/20] Iter:[90/192], Time: 1.54, lr: [5.919336472081547e-05], Loss: 1.219749, Acc:0.570418, Semantic loss: 0.122067, BCE loss: 1.052758, SB loss: 0.044924
2025-01-27 18:21:33,753 Epoch: [9/20] Iter:[100/192], Time: 1.54, lr: [5.892982750124445e-05], Loss: 1.222189, Acc:0.570984, Semantic loss: 0.122253, BCE loss: 1.054955, SB loss: 0.044981
2025-01-27 18:21:49,634 Epoch: [9/20] Iter:[110/192], Time: 1.55, lr: [5.8666159265837644e-05], Loss: 1.236391, Acc:0.573698, Semantic loss: 0.122215, BCE loss: 1.069356, SB loss: 0.044820
2025-01-27 18:22:05,073 Epoch: [9/20] Iter:[120/192], Time: 1.55, lr: [5.840235929454203e-05], Loss: 1.230558, Acc:0.575202, Semantic loss: 0.122421, BCE loss: 1.063256, SB loss: 0.044880
2025-01-27 18:22:20,620 Epoch: [9/20] Iter:[130/192], Time: 1.55, lr: [5.813842685971164e-05], Loss: 1.236497, Acc:0.579220, Semantic loss: 0.122053, BCE loss: 1.069633, SB loss: 0.044810
2025-01-27 18:22:36,112 Epoch: [9/20] Iter:[140/192], Time: 1.55, lr: [5.787436122598885e-05], Loss: 1.235846, Acc:0.580385, Semantic loss: 0.121861, BCE loss: 1.069264, SB loss: 0.044721
2025-01-27 18:22:52,089 Epoch: [9/20] Iter:[150/192], Time: 1.55, lr: [5.761016165018302e-05], Loss: 1.240067, Acc:0.582006, Semantic loss: 0.121384, BCE loss: 1.074108, SB loss: 0.044575
2025-01-27 18:23:07,400 Epoch: [9/20] Iter:[160/192], Time: 1.55, lr: [5.734582738114676e-05], Loss: 1.235332, Acc:0.580822, Semantic loss: 0.121532, BCE loss: 1.069127, SB loss: 0.044672
2025-01-27 18:23:22,958 Epoch: [9/20] Iter:[170/192], Time: 1.55, lr: [5.7081357659649514e-05], Loss: 1.243382, Acc:0.580814, Semantic loss: 0.121840, BCE loss: 1.076810, SB loss: 0.044732
2025-01-27 18:23:38,874 Epoch: [9/20] Iter:[180/192], Time: 1.55, lr: [5.681675171824849e-05], Loss: 1.227669, Acc:0.576794, Semantic loss: 0.121430, BCE loss: 1.061409, SB loss: 0.044831
2025-01-27 18:23:54,310 Epoch: [9/20] Iter:[190/192], Time: 1.55, lr: [5.6552008781156856e-05], Loss: 1.226126, Acc:0.575252, Semantic loss: 0.121376, BCE loss: 1.059957, SB loss: 0.044794
2025-01-27 18:27:59,576 0 [0.         0.34043095 0.47082313 0.3866395  0.64453287 0.14448571
 0.37733448 0.06157244] 0.34654558483279185
2025-01-27 18:27:59,577 1 [0.         0.37123069 0.58603859 0.56120433 0.65833667 0.12122299
 0.36041614 0.26247667] 0.4172751545379811
2025-01-27 18:27:59,594 => saving checkpoint to output/loveDa/pidnet_small_loveda_2bcheckpoint.pth.tar
2025-01-27 18:28:00,236 Loss: 1.599, MeanIU:  0.4173, Best_mIoU:  0.4173
2025-01-27 18:28:00,236 [0.         0.37123069 0.58603859 0.56120433 0.65833667 0.12122299
 0.36041614 0.26247667]
2025-01-27 18:28:02,141 Epoch: [10/20] Iter:[0/192], Time: 1.63, lr: [2.6502763580764673e-05], Loss: 2.079212, Acc:0.700275, Semantic loss: 0.142599, BCE loss: 1.889164, SB loss: 0.047449
2025-01-27 18:28:17,948 Epoch: [10/20] Iter:[10/192], Time: 1.59, lr: [2.6378499462520686e-05], Loss: 1.154818, Acc:0.553052, Semantic loss: 0.116242, BCE loss: 0.993649, SB loss: 0.044926
2025-01-27 18:28:33,297 Epoch: [10/20] Iter:[20/192], Time: 1.56, lr: [2.625417026718234e-05], Loss: 1.124184, Acc:0.559038, Semantic loss: 0.121727, BCE loss: 0.956931, SB loss: 0.045527
2025-01-27 18:28:48,405 Epoch: [10/20] Iter:[30/192], Time: 1.55, lr: [2.6129775617884884e-05], Loss: 1.171560, Acc:0.576664, Semantic loss: 0.120352, BCE loss: 1.006065, SB loss: 0.045144
2025-01-27 18:29:04,255 Epoch: [10/20] Iter:[40/192], Time: 1.55, lr: [2.6005315133575e-05], Loss: 1.215498, Acc:0.587419, Semantic loss: 0.120963, BCE loss: 1.048812, SB loss: 0.045723
2025-01-27 18:29:19,895 Epoch: [10/20] Iter:[50/192], Time: 1.56, lr: [2.5880788428941735e-05], Loss: 1.233859, Acc:0.589921, Semantic loss: 0.120832, BCE loss: 1.067027, SB loss: 0.046001
2025-01-27 18:29:35,023 Epoch: [10/20] Iter:[60/192], Time: 1.55, lr: [2.5756195114345903e-05], Loss: 1.194698, Acc:0.583988, Semantic loss: 0.118708, BCE loss: 1.030435, SB loss: 0.045554
2025-01-27 18:29:50,463 Epoch: [10/20] Iter:[70/192], Time: 1.55, lr: [2.5631534795747918e-05], Loss: 1.209037, Acc:0.585060, Semantic loss: 0.118372, BCE loss: 1.045576, SB loss: 0.045089
2025-01-27 18:30:05,472 Epoch: [10/20] Iter:[80/192], Time: 1.54, lr: [2.550680707463402e-05], Loss: 1.193775, Acc:0.579689, Semantic loss: 0.119284, BCE loss: 1.029448, SB loss: 0.045043
2025-01-27 18:30:21,033 Epoch: [10/20] Iter:[90/192], Time: 1.54, lr: [2.5382011547940933e-05], Loss: 1.207183, Acc:0.582955, Semantic loss: 0.119301, BCE loss: 1.042775, SB loss: 0.045107
2025-01-27 18:30:36,901 Epoch: [10/20] Iter:[100/192], Time: 1.55, lr: [2.52571478079787e-05], Loss: 1.211684, Acc:0.584303, Semantic loss: 0.119135, BCE loss: 1.047498, SB loss: 0.045050
2025-01-27 18:30:52,194 Epoch: [10/20] Iter:[110/192], Time: 1.55, lr: [2.5132215442351885e-05], Loss: 1.206459, Acc:0.582163, Semantic loss: 0.119382, BCE loss: 1.042061, SB loss: 0.045016
2025-01-27 18:31:07,495 Epoch: [10/20] Iter:[120/192], Time: 1.55, lr: [2.5007214033878992e-05], Loss: 1.216784, Acc:0.582230, Semantic loss: 0.120000, BCE loss: 1.051804, SB loss: 0.044980
2025-01-27 18:31:22,881 Epoch: [10/20] Iter:[130/192], Time: 1.54, lr: [2.4882143160509953e-05], Loss: 1.218055, Acc:0.580171, Semantic loss: 0.120578, BCE loss: 1.052351, SB loss: 0.045126
2025-01-27 18:31:38,328 Epoch: [10/20] Iter:[140/192], Time: 1.54, lr: [2.475700239524182e-05], Loss: 1.213523, Acc:0.578328, Semantic loss: 0.120366, BCE loss: 1.048070, SB loss: 0.045087
2025-01-27 18:31:53,922 Epoch: [10/20] Iter:[150/192], Time: 1.55, lr: [2.4631791306032484e-05], Loss: 1.218240, Acc:0.577881, Semantic loss: 0.120249, BCE loss: 1.053102, SB loss: 0.044889
2025-01-27 18:32:09,322 Epoch: [10/20] Iter:[160/192], Time: 1.55, lr: [2.450650945571239e-05], Loss: 1.216106, Acc:0.580264, Semantic loss: 0.119724, BCE loss: 1.051605, SB loss: 0.044777
2025-01-27 18:32:24,581 Epoch: [10/20] Iter:[170/192], Time: 1.54, lr: [2.4381156401894168e-05], Loss: 1.214669, Acc:0.581264, Semantic loss: 0.120338, BCE loss: 1.049414, SB loss: 0.044917
2025-01-27 18:32:40,445 Epoch: [10/20] Iter:[180/192], Time: 1.55, lr: [2.4255731696880223e-05], Loss: 1.208800, Acc:0.580330, Semantic loss: 0.120628, BCE loss: 1.043210, SB loss: 0.044962
2025-01-27 18:32:56,675 Epoch: [10/20] Iter:[190/192], Time: 1.55, lr: [2.4130234887568062e-05], Loss: 1.219972, Acc:0.583415, Semantic loss: 0.120899, BCE loss: 1.054088, SB loss: 0.044986
2025-01-27 18:37:06,624 0 [0.         0.34474604 0.46154818 0.33565327 0.64767601 0.18641394
 0.38969628 0.06275108] 0.34692639800828545
2025-01-27 18:37:06,625 1 [0.         0.37698657 0.58172691 0.53700287 0.64998914 0.2178711
 0.35928931 0.26985255] 0.42753120828028696
2025-01-27 18:37:06,642 => saving checkpoint to output/loveDa/pidnet_small_loveda_2bcheckpoint.pth.tar
2025-01-27 18:37:07,164 Loss: 1.607, MeanIU:  0.4275, Best_mIoU:  0.4275
2025-01-27 18:37:07,165 [0.         0.37698657 0.58172691 0.53700287 0.64998914 0.2178711
 0.35928931 0.26985255]
2025-01-27 18:37:08,725 Epoch: [11/20] Iter:[0/192], Time: 1.29, lr: [9.994924527298298e-06], Loss: 0.832229, Acc:0.526039, Semantic loss: 0.116379, BCE loss: 0.667456, SB loss: 0.048393
2025-01-27 18:37:24,737 Epoch: [11/20] Iter:[10/192], Time: 1.57, lr: [9.942852533899284e-06], Loss: 1.207414, Acc:0.591314, Semantic loss: 0.121569, BCE loss: 1.041096, SB loss: 0.044750
2025-01-27 18:37:40,099 Epoch: [11/20] Iter:[20/192], Time: 1.56, lr: [9.89075022183898e-06], Loss: 1.259959, Acc:0.582393, Semantic loss: 0.127210, BCE loss: 1.082378, SB loss: 0.050370
2025-01-27 18:37:55,157 Epoch: [11/20] Iter:[30/192], Time: 1.54, lr: [9.838617395797287e-06], Loss: 1.241629, Acc:0.568189, Semantic loss: 0.123270, BCE loss: 1.070406, SB loss: 0.047952
2025-01-27 18:38:10,391 Epoch: [11/20] Iter:[40/192], Time: 1.54, lr: [9.78645385803774e-06], Loss: 1.222046, Acc:0.569367, Semantic loss: 0.120975, BCE loss: 1.054237, SB loss: 0.046833
2025-01-27 18:38:25,499 Epoch: [11/20] Iter:[50/192], Time: 1.53, lr: [9.734259408363107e-06], Loss: 1.201073, Acc:0.565464, Semantic loss: 0.121198, BCE loss: 1.033425, SB loss: 0.046451
2025-01-27 18:38:41,335 Epoch: [11/20] Iter:[60/192], Time: 1.54, lr: [9.682033844069916e-06], Loss: 1.203389, Acc:0.565386, Semantic loss: 0.121138, BCE loss: 1.036107, SB loss: 0.046144
2025-01-27 18:38:56,513 Epoch: [11/20] Iter:[70/192], Time: 1.54, lr: [9.629776959901866e-06], Loss: 1.187186, Acc:0.569131, Semantic loss: 0.120914, BCE loss: 1.020548, SB loss: 0.045723
2025-01-27 18:39:11,895 Epoch: [11/20] Iter:[80/192], Time: 1.54, lr: [9.577488548002078e-06], Loss: 1.189253, Acc:0.574624, Semantic loss: 0.119858, BCE loss: 1.023996, SB loss: 0.045399
2025-01-27 18:39:27,375 Epoch: [11/20] Iter:[90/192], Time: 1.54, lr: [9.525168397864156e-06], Loss: 1.193249, Acc:0.575931, Semantic loss: 0.119361, BCE loss: 1.028674, SB loss: 0.045214
2025-01-27 18:39:42,907 Epoch: [11/20] Iter:[100/192], Time: 1.54, lr: [9.472816296282034e-06], Loss: 1.210239, Acc:0.580172, Semantic loss: 0.118930, BCE loss: 1.046424, SB loss: 0.044885
2025-01-27 18:39:58,791 Epoch: [11/20] Iter:[110/192], Time: 1.54, lr: [9.42043202729855e-06], Loss: 1.216498, Acc:0.582592, Semantic loss: 0.119552, BCE loss: 1.052039, SB loss: 0.044907
2025-01-27 18:40:14,055 Epoch: [11/20] Iter:[120/192], Time: 1.54, lr: [9.368015372152714e-06], Loss: 1.203295, Acc:0.580345, Semantic loss: 0.119537, BCE loss: 1.038665, SB loss: 0.045093
2025-01-27 18:40:29,326 Epoch: [11/20] Iter:[130/192], Time: 1.54, lr: [9.315566109225647e-06], Loss: 1.210342, Acc:0.584640, Semantic loss: 0.120263, BCE loss: 1.045021, SB loss: 0.045058
2025-01-27 18:40:44,599 Epoch: [11/20] Iter:[140/192], Time: 1.54, lr: [9.263084013985108e-06], Loss: 1.204765, Acc:0.585830, Semantic loss: 0.120064, BCE loss: 1.039768, SB loss: 0.044933
2025-01-27 18:40:59,899 Epoch: [11/20] Iter:[150/192], Time: 1.54, lr: [9.210568858928609e-06], Loss: 1.199653, Acc:0.583784, Semantic loss: 0.119542, BCE loss: 1.035312, SB loss: 0.044799
2025-01-27 18:41:15,921 Epoch: [11/20] Iter:[160/192], Time: 1.54, lr: [9.158020413525047e-06], Loss: 1.203260, Acc:0.584608, Semantic loss: 0.119676, BCE loss: 1.038893, SB loss: 0.044692
2025-01-27 18:41:32,009 Epoch: [11/20] Iter:[170/192], Time: 1.55, lr: [9.105438444154804e-06], Loss: 1.204673, Acc:0.583748, Semantic loss: 0.120103, BCE loss: 1.039885, SB loss: 0.044685
2025-01-27 18:41:47,548 Epoch: [11/20] Iter:[180/192], Time: 1.55, lr: [9.052822714048262e-06], Loss: 1.209918, Acc:0.585144, Semantic loss: 0.119865, BCE loss: 1.045429, SB loss: 0.044624
2025-01-27 18:42:02,927 Epoch: [11/20] Iter:[190/192], Time: 1.55, lr: [9.00017298322272e-06], Loss: 1.209465, Acc:0.583791, Semantic loss: 0.120097, BCE loss: 1.044727, SB loss: 0.044641
2025-01-27 18:46:07,110 0 [0.         0.34255791 0.46602724 0.35987477 0.64085797 0.14384312
 0.37993383 0.05013701] 0.34046169132742893
2025-01-27 18:46:07,110 1 [0.         0.36784249 0.57294694 0.5512507  0.64945671 0.17211212
 0.33940628 0.17707801] 0.4042990364622167
2025-01-27 18:46:07,117 => saving checkpoint to output/loveDa/pidnet_small_loveda_2bcheckpoint.pth.tar
2025-01-27 18:46:07,446 Loss: 1.626, MeanIU:  0.4043, Best_mIoU:  0.4275
2025-01-27 18:46:07,447 [0.         0.36784249 0.57294694 0.5512507  0.64945671 0.17211212
 0.33940628 0.17707801]
2025-01-27 18:46:09,388 Epoch: [12/20] Iter:[0/192], Time: 1.68, lr: [3.2798477953238624e-06], Loss: 1.453930, Acc:0.758292, Semantic loss: 0.111245, BCE loss: 1.300816, SB loss: 0.041869
2025-01-27 18:46:24,908 Epoch: [12/20] Iter:[10/192], Time: 1.56, lr: [3.2606236663500963e-06], Loss: 1.112709, Acc:0.580705, Semantic loss: 0.119761, BCE loss: 0.948036, SB loss: 0.044912
2025-01-27 18:46:39,967 Epoch: [12/20] Iter:[20/192], Time: 1.54, lr: [3.2413869354275904e-06], Loss: 1.123112, Acc:0.573196, Semantic loss: 0.120203, BCE loss: 0.958340, SB loss: 0.044569
2025-01-27 18:46:55,214 Epoch: [12/20] Iter:[30/192], Time: 1.53, lr: [3.222137511085913e-06], Loss: 1.162574, Acc:0.583395, Semantic loss: 0.119487, BCE loss: 0.999106, SB loss: 0.043980
2025-01-27 18:47:10,228 Epoch: [12/20] Iter:[40/192], Time: 1.52, lr: [3.2028753005787e-06], Loss: 1.209914, Acc:0.579241, Semantic loss: 0.118491, BCE loss: 1.047636, SB loss: 0.043787
2025-01-27 18:47:25,740 Epoch: [12/20] Iter:[50/192], Time: 1.53, lr: [3.1836002098572034e-06], Loss: 1.210643, Acc:0.577151, Semantic loss: 0.118526, BCE loss: 1.048222, SB loss: 0.043895
2025-01-27 18:47:41,571 Epoch: [12/20] Iter:[60/192], Time: 1.54, lr: [3.164312143543109e-06], Loss: 1.204977, Acc:0.577225, Semantic loss: 0.120365, BCE loss: 1.040620, SB loss: 0.043992
2025-01-27 18:47:56,727 Epoch: [12/20] Iter:[70/192], Time: 1.54, lr: [3.1450110049006045e-06], Loss: 1.188163, Acc:0.574809, Semantic loss: 0.119869, BCE loss: 1.024165, SB loss: 0.044128
2025-01-27 18:48:12,203 Epoch: [12/20] Iter:[80/192], Time: 1.54, lr: [3.125696695807664e-06], Loss: 1.191790, Acc:0.581253, Semantic loss: 0.118295, BCE loss: 1.029747, SB loss: 0.043749
2025-01-27 18:48:27,351 Epoch: [12/20] Iter:[90/192], Time: 1.53, lr: [3.1063691167265207e-06], Loss: 1.196017, Acc:0.581901, Semantic loss: 0.118077, BCE loss: 1.034313, SB loss: 0.043626
2025-01-27 18:48:42,922 Epoch: [12/20] Iter:[100/192], Time: 1.54, lr: [3.0870281666733024e-06], Loss: 1.199416, Acc:0.581941, Semantic loss: 0.118376, BCE loss: 1.037342, SB loss: 0.043699
2025-01-27 18:48:58,525 Epoch: [12/20] Iter:[110/192], Time: 1.54, lr: [3.067673743186808e-06], Loss: 1.201621, Acc:0.580675, Semantic loss: 0.118780, BCE loss: 1.039068, SB loss: 0.043773
2025-01-27 18:49:13,816 Epoch: [12/20] Iter:[120/192], Time: 1.54, lr: [3.0483057422963726e-06], Loss: 1.203835, Acc:0.582154, Semantic loss: 0.118311, BCE loss: 1.041752, SB loss: 0.043772
2025-01-27 18:49:29,276 Epoch: [12/20] Iter:[130/192], Time: 1.54, lr: [3.028924058488811e-06], Loss: 1.216259, Acc:0.586918, Semantic loss: 0.118671, BCE loss: 1.053754, SB loss: 0.043834
2025-01-27 18:49:44,389 Epoch: [12/20] Iter:[140/192], Time: 1.54, lr: [3.0095285846743975e-06], Loss: 1.212398, Acc:0.586257, Semantic loss: 0.118470, BCE loss: 1.050035, SB loss: 0.043893
2025-01-27 18:49:59,833 Epoch: [12/20] Iter:[150/192], Time: 1.54, lr: [2.9901192121518368e-06], Loss: 1.208351, Acc:0.586935, Semantic loss: 0.117858, BCE loss: 1.046835, SB loss: 0.043658
2025-01-27 18:50:15,441 Epoch: [12/20] Iter:[160/192], Time: 1.54, lr: [2.9706958305722103e-06], Loss: 1.197224, Acc:0.587638, Semantic loss: 0.117147, BCE loss: 1.036589, SB loss: 0.043488
2025-01-27 18:50:31,660 Epoch: [12/20] Iter:[170/192], Time: 1.54, lr: [2.951258327901839e-06], Loss: 1.194972, Acc:0.590818, Semantic loss: 0.117353, BCE loss: 1.034105, SB loss: 0.043514
2025-01-27 18:50:46,662 Epoch: [12/20] Iter:[180/192], Time: 1.54, lr: [2.9318065903840363e-06], Loss: 1.191666, Acc:0.588129, Semantic loss: 0.117662, BCE loss: 1.030361, SB loss: 0.043643
2025-01-27 18:51:02,030 Epoch: [12/20] Iter:[190/192], Time: 1.54, lr: [2.9123405024996976e-06], Loss: 1.197142, Acc:0.590272, Semantic loss: 0.117657, BCE loss: 1.035728, SB loss: 0.043756
2025-01-27 18:55:16,560 0 [0.         0.34697216 0.46906065 0.36083148 0.64355022 0.15331448
 0.37799105 0.06942036] 0.345877200026421
2025-01-27 18:55:16,561 1 [0.         0.37391565 0.57689937 0.55181006 0.63925236 0.15099069
 0.35370806 0.22966785] 0.41089200445811713
2025-01-27 18:55:16,571 => saving checkpoint to output/loveDa/pidnet_small_loveda_2bcheckpoint.pth.tar
2025-01-27 18:55:16,921 Loss: 1.611, MeanIU:  0.4109, Best_mIoU:  0.4275
2025-01-27 18:55:16,922 [0.         0.37391565 0.57689937 0.55181006 0.63925236 0.15099069
 0.35370806 0.22966785]
2025-01-27 18:55:18,478 Epoch: [13/20] Iter:[0/192], Time: 1.28, lr: [9.618010935850693e-07], Loss: 1.495188, Acc:0.596622, Semantic loss: 0.124412, BCE loss: 1.324450, SB loss: 0.046326
2025-01-27 18:55:34,349 Epoch: [13/20] Iter:[10/192], Time: 1.56, lr: [9.553580586308357e-07], Loss: 1.274658, Acc:0.571500, Semantic loss: 0.116345, BCE loss: 1.113588, SB loss: 0.044725
2025-01-27 18:55:49,722 Epoch: [13/20] Iter:[20/192], Time: 1.55, lr: [9.489101919570389e-07], Loss: 1.148551, Acc:0.568530, Semantic loss: 0.116235, BCE loss: 0.987389, SB loss: 0.044927
2025-01-27 18:56:04,976 Epoch: [13/20] Iter:[30/192], Time: 1.54, lr: [9.424574534050686e-07], Loss: 1.167304, Acc:0.573210, Semantic loss: 0.118282, BCE loss: 1.004150, SB loss: 0.044872
2025-01-27 18:56:20,074 Epoch: [13/20] Iter:[40/192], Time: 1.53, lr: [9.359998021742491e-07], Loss: 1.154025, Acc:0.570238, Semantic loss: 0.118199, BCE loss: 0.990906, SB loss: 0.044920
2025-01-27 18:56:35,535 Epoch: [13/20] Iter:[50/192], Time: 1.54, lr: [9.295371968065665e-07], Loss: 1.177667, Acc:0.572795, Semantic loss: 0.119180, BCE loss: 1.013906, SB loss: 0.044581
2025-01-27 18:56:51,803 Epoch: [13/20] Iter:[60/192], Time: 1.55, lr: [9.23069595170916e-07], Loss: 1.180674, Acc:0.576823, Semantic loss: 0.120032, BCE loss: 1.016069, SB loss: 0.044572
2025-01-27 18:57:06,910 Epoch: [13/20] Iter:[70/192], Time: 1.55, lr: [9.165969544468443e-07], Loss: 1.182917, Acc:0.581560, Semantic loss: 0.119151, BCE loss: 1.019519, SB loss: 0.044247
2025-01-27 18:57:22,315 Epoch: [13/20] Iter:[80/192], Time: 1.54, lr: [9.10119231107768e-07], Loss: 1.197282, Acc:0.580882, Semantic loss: 0.120120, BCE loss: 1.032792, SB loss: 0.044369
2025-01-27 18:57:37,653 Epoch: [13/20] Iter:[90/192], Time: 1.54, lr: [9.036363809036469e-07], Loss: 1.179324, Acc:0.578702, Semantic loss: 0.119343, BCE loss: 1.015667, SB loss: 0.044314
2025-01-27 18:57:53,070 Epoch: [13/20] Iter:[100/192], Time: 1.54, lr: [8.97148358843095e-07], Loss: 1.184453, Acc:0.580507, Semantic loss: 0.118632, BCE loss: 1.021611, SB loss: 0.044210
2025-01-27 18:58:09,208 Epoch: [13/20] Iter:[110/192], Time: 1.55, lr: [8.906551191748946e-07], Loss: 1.201978, Acc:0.585599, Semantic loss: 0.118862, BCE loss: 1.038750, SB loss: 0.044366
2025-01-27 18:58:24,386 Epoch: [13/20] Iter:[120/192], Time: 1.55, lr: [8.841566153689011e-07], Loss: 1.199822, Acc:0.586312, Semantic loss: 0.117916, BCE loss: 1.037856, SB loss: 0.044050
2025-01-27 18:58:39,693 Epoch: [13/20] Iter:[130/192], Time: 1.55, lr: [8.776528000963073e-07], Loss: 1.203552, Acc:0.588876, Semantic loss: 0.117678, BCE loss: 1.041854, SB loss: 0.044020
2025-01-27 18:58:54,892 Epoch: [13/20] Iter:[140/192], Time: 1.54, lr: [8.711436252092384e-07], Loss: 1.193046, Acc:0.586951, Semantic loss: 0.117811, BCE loss: 1.031251, SB loss: 0.043984
2025-01-27 18:59:11,413 Epoch: [13/20] Iter:[150/192], Time: 1.55, lr: [8.646290417196539e-07], Loss: 1.197887, Acc:0.587795, Semantic loss: 0.118254, BCE loss: 1.035505, SB loss: 0.044129
2025-01-27 18:59:27,342 Epoch: [13/20] Iter:[160/192], Time: 1.55, lr: [8.581089997775244e-07], Loss: 1.208097, Acc:0.590140, Semantic loss: 0.118763, BCE loss: 1.045156, SB loss: 0.044177
2025-01-27 18:59:42,499 Epoch: [13/20] Iter:[170/192], Time: 1.55, lr: [8.515834486482519e-07], Loss: 1.204249, Acc:0.588548, Semantic loss: 0.118735, BCE loss: 1.041320, SB loss: 0.044195
2025-01-27 18:59:57,823 Epoch: [13/20] Iter:[180/192], Time: 1.55, lr: [8.450523366893011e-07], Loss: 1.203851, Acc:0.588055, Semantic loss: 0.118641, BCE loss: 1.040866, SB loss: 0.044345
2025-01-27 19:00:13,223 Epoch: [13/20] Iter:[190/192], Time: 1.55, lr: [8.385156113260078e-07], Loss: 1.200315, Acc:0.587560, Semantic loss: 0.118723, BCE loss: 1.037313, SB loss: 0.044278
2025-01-27 19:04:20,378 0 [0.         0.34670258 0.47287017 0.38111756 0.6472542  0.17672985
 0.37324389 0.07100123] 0.3527027824266021
2025-01-27 19:04:20,378 1 [0.         0.37166228 0.58319799 0.56812775 0.65316494 0.2090304
 0.35152698 0.23369935] 0.4243442416181019
2025-01-27 19:04:20,385 => saving checkpoint to output/loveDa/pidnet_small_loveda_2bcheckpoint.pth.tar
2025-01-27 19:04:20,719 Loss: 1.613, MeanIU:  0.4243, Best_mIoU:  0.4275
2025-01-27 19:04:20,720 [0.         0.37166228 0.58319799 0.56812775 0.65316494 0.2090304
 0.35152698 0.23369935]
2025-01-27 19:04:22,275 Epoch: [14/20] Iter:[0/192], Time: 1.29, lr: [2.986828157367968e-07], Loss: 1.042918, Acc:0.541207, Semantic loss: 0.108512, BCE loss: 0.891846, SB loss: 0.042560
2025-01-27 19:04:37,526 Epoch: [14/20] Iter:[10/192], Time: 1.50, lr: [2.9634834021427503e-07], Loss: 1.036683, Acc:0.583304, Semantic loss: 0.123244, BCE loss: 0.868511, SB loss: 0.044929
2025-01-27 19:04:53,045 Epoch: [14/20] Iter:[20/192], Time: 1.53, lr: [2.9401181956979684e-07], Loss: 1.150265, Acc:0.599775, Semantic loss: 0.120986, BCE loss: 0.984628, SB loss: 0.044652
2025-01-27 19:05:08,138 Epoch: [14/20] Iter:[30/192], Time: 1.52, lr: [2.9167323392097336e-07], Loss: 1.124348, Acc:0.580226, Semantic loss: 0.119144, BCE loss: 0.961215, SB loss: 0.043990
2025-01-27 19:05:24,077 Epoch: [14/20] Iter:[40/192], Time: 1.54, lr: [2.89332563013105e-07], Loss: 1.084560, Acc:0.574485, Semantic loss: 0.117662, BCE loss: 0.922697, SB loss: 0.044200
2025-01-27 19:05:39,486 Epoch: [14/20] Iter:[50/192], Time: 1.54, lr: [2.8698978620879777e-07], Loss: 1.134569, Acc:0.577346, Semantic loss: 0.118706, BCE loss: 0.971656, SB loss: 0.044207
2025-01-27 19:05:54,434 Epoch: [14/20] Iter:[60/192], Time: 1.53, lr: [2.8464488247719117e-07], Loss: 1.158093, Acc:0.579958, Semantic loss: 0.118210, BCE loss: 0.995683, SB loss: 0.044200
2025-01-27 19:06:09,856 Epoch: [14/20] Iter:[70/192], Time: 1.53, lr: [2.8229783038278345e-07], Loss: 1.167601, Acc:0.581880, Semantic loss: 0.118636, BCE loss: 1.004625, SB loss: 0.044341
2025-01-27 19:06:25,380 Epoch: [14/20] Iter:[80/192], Time: 1.54, lr: [2.799486080738327e-07], Loss: 1.171143, Acc:0.584325, Semantic loss: 0.117965, BCE loss: 1.009025, SB loss: 0.044153
2025-01-27 19:06:41,002 Epoch: [14/20] Iter:[90/192], Time: 1.54, lr: [2.7759719327031265e-07], Loss: 1.165906, Acc:0.578499, Semantic loss: 0.117495, BCE loss: 1.004406, SB loss: 0.044004
2025-01-27 19:06:56,476 Epoch: [14/20] Iter:[100/192], Time: 1.54, lr: [2.752435632514053e-07], Loss: 1.183863, Acc:0.581814, Semantic loss: 0.117402, BCE loss: 1.022563, SB loss: 0.043898
2025-01-27 19:07:11,785 Epoch: [14/20] Iter:[110/192], Time: 1.54, lr: [2.7288769484250477e-07], Loss: 1.172416, Acc:0.583098, Semantic loss: 0.117625, BCE loss: 1.010697, SB loss: 0.044094
2025-01-27 19:07:27,255 Epoch: [14/20] Iter:[120/192], Time: 1.54, lr: [2.7052956440170896e-07], Loss: 1.185547, Acc:0.584029, Semantic loss: 0.118003, BCE loss: 1.023371, SB loss: 0.044172
2025-01-27 19:07:43,587 Epoch: [14/20] Iter:[130/192], Time: 1.55, lr: [2.6816914780577575e-07], Loss: 1.184137, Acc:0.581090, Semantic loss: 0.118326, BCE loss: 1.021698, SB loss: 0.044112
2025-01-27 19:07:59,068 Epoch: [14/20] Iter:[140/192], Time: 1.55, lr: [2.6580642043551417e-07], Loss: 1.185358, Acc:0.584848, Semantic loss: 0.117906, BCE loss: 1.023580, SB loss: 0.043872
2025-01-27 19:08:14,383 Epoch: [14/20] Iter:[150/192], Time: 1.55, lr: [2.634413571605838e-07], Loss: 1.192354, Acc:0.587815, Semantic loss: 0.118200, BCE loss: 1.030117, SB loss: 0.044037
2025-01-27 19:08:29,644 Epoch: [14/20] Iter:[160/192], Time: 1.54, lr: [2.61073932323672e-07], Loss: 1.177198, Acc:0.586039, Semantic loss: 0.118167, BCE loss: 1.014939, SB loss: 0.044091
2025-01-27 19:08:44,837 Epoch: [14/20] Iter:[170/192], Time: 1.54, lr: [2.587041197240168e-07], Loss: 1.181169, Acc:0.586056, Semantic loss: 0.118384, BCE loss: 1.018584, SB loss: 0.044201
2025-01-27 19:09:00,906 Epoch: [14/20] Iter:[180/192], Time: 1.55, lr: [2.563318926002408e-07], Loss: 1.189881, Acc:0.588542, Semantic loss: 0.118063, BCE loss: 1.027628, SB loss: 0.044189
2025-01-27 19:09:16,125 Epoch: [14/20] Iter:[190/192], Time: 1.55, lr: [2.539572236124615e-07], Loss: 1.186608, Acc:0.587661, Semantic loss: 0.118210, BCE loss: 1.024338, SB loss: 0.044060
2025-01-27 19:13:28,975 0 [0.         0.34611213 0.47128742 0.37210244 0.65053544 0.16879031
 0.36435849 0.06652732] 0.34853050705403016
2025-01-27 19:13:28,976 1 [0.         0.36470116 0.58391108 0.56231463 0.63644145 0.14856881
 0.33505958 0.25683449] 0.412547312972444
2025-01-27 19:13:28,984 => saving checkpoint to output/loveDa/pidnet_small_loveda_2bcheckpoint.pth.tar
2025-01-27 19:13:29,348 Loss: 1.624, MeanIU:  0.4125, Best_mIoU:  0.4275
2025-01-27 19:13:29,348 [0.         0.36470116 0.58391108 0.56231463 0.63644145 0.14856881
 0.33505958 0.25683449]
2025-01-27 19:13:30,924 Epoch: [15/20] Iter:[0/192], Time: 1.30, lr: [1.453555222964591e-07], Loss: 1.475772, Acc:0.580332, Semantic loss: 0.132380, BCE loss: 1.291221, SB loss: 0.052172
2025-01-27 19:13:46,576 Epoch: [15/20] Iter:[10/192], Time: 1.54, lr: [1.439921018054205e-07], Loss: 1.263238, Acc:0.624152, Semantic loss: 0.115275, BCE loss: 1.105025, SB loss: 0.042938
2025-01-27 19:14:02,103 Epoch: [15/20] Iter:[20/192], Time: 1.55, lr: [1.4262724535143528e-07], Loss: 1.193127, Acc:0.605133, Semantic loss: 0.114698, BCE loss: 1.035454, SB loss: 0.042975
2025-01-27 19:14:17,029 Epoch: [15/20] Iter:[30/192], Time: 1.53, lr: [1.412609361211092e-07], Loss: 1.186635, Acc:0.602491, Semantic loss: 0.113165, BCE loss: 1.030982, SB loss: 0.042488
2025-01-27 19:14:33,129 Epoch: [15/20] Iter:[40/192], Time: 1.55, lr: [1.3989315692116493e-07], Loss: 1.187664, Acc:0.609627, Semantic loss: 0.113302, BCE loss: 1.031703, SB loss: 0.042659
2025-01-27 19:14:48,591 Epoch: [15/20] Iter:[50/192], Time: 1.55, lr: [1.38523890165634e-07], Loss: 1.205726, Acc:0.609228, Semantic loss: 0.114681, BCE loss: 1.047442, SB loss: 0.043603
2025-01-27 19:15:03,716 Epoch: [15/20] Iter:[60/192], Time: 1.54, lr: [1.371531178624711e-07], Loss: 1.204819, Acc:0.607523, Semantic loss: 0.114133, BCE loss: 1.047480, SB loss: 0.043205
2025-01-27 19:15:19,009 Epoch: [15/20] Iter:[70/192], Time: 1.54, lr: [1.3578082159955774e-07], Loss: 1.199379, Acc:0.604224, Semantic loss: 0.114082, BCE loss: 1.042302, SB loss: 0.042995
2025-01-27 19:15:34,717 Epoch: [15/20] Iter:[80/192], Time: 1.54, lr: [1.3440698253006153e-07], Loss: 1.195682, Acc:0.604324, Semantic loss: 0.116049, BCE loss: 1.035756, SB loss: 0.043877
2025-01-27 19:15:50,528 Epoch: [15/20] Iter:[90/192], Time: 1.55, lr: [1.3303158135711212e-07], Loss: 1.204309, Acc:0.601324, Semantic loss: 0.116519, BCE loss: 1.043780, SB loss: 0.044010
2025-01-27 19:16:05,710 Epoch: [15/20] Iter:[100/192], Time: 1.55, lr: [1.316545983177549e-07], Loss: 1.192755, Acc:0.595976, Semantic loss: 0.117297, BCE loss: 1.031242, SB loss: 0.044216
2025-01-27 19:16:21,663 Epoch: [15/20] Iter:[110/192], Time: 1.55, lr: [1.3027601316613902e-07], Loss: 1.206739, Acc:0.595309, Semantic loss: 0.117802, BCE loss: 1.044602, SB loss: 0.044335
2025-01-27 19:16:37,252 Epoch: [15/20] Iter:[120/192], Time: 1.55, lr: [1.2889580515589408e-07], Loss: 1.198171, Acc:0.597608, Semantic loss: 0.117774, BCE loss: 1.036166, SB loss: 0.044231
2025-01-27 19:16:53,616 Epoch: [15/20] Iter:[130/192], Time: 1.56, lr: [1.2751395302164572e-07], Loss: 1.196944, Acc:0.596624, Semantic loss: 0.117501, BCE loss: 1.035322, SB loss: 0.044121
2025-01-27 19:17:08,803 Epoch: [15/20] Iter:[140/192], Time: 1.55, lr: [1.2613043495961767e-07], Loss: 1.198022, Acc:0.597638, Semantic loss: 0.117491, BCE loss: 1.036581, SB loss: 0.043949
2025-01-27 19:17:24,260 Epoch: [15/20] Iter:[150/192], Time: 1.55, lr: [1.2474522860726347e-07], Loss: 1.208163, Acc:0.599342, Semantic loss: 0.117840, BCE loss: 1.046289, SB loss: 0.044034
2025-01-27 19:17:39,872 Epoch: [15/20] Iter:[160/192], Time: 1.55, lr: [1.233583110218657e-07], Loss: 1.218002, Acc:0.599904, Semantic loss: 0.117935, BCE loss: 1.055998, SB loss: 0.044069
2025-01-27 19:17:55,661 Epoch: [15/20] Iter:[170/192], Time: 1.56, lr: [1.219696586580384e-07], Loss: 1.222736, Acc:0.601858, Semantic loss: 0.117845, BCE loss: 1.060835, SB loss: 0.044056
2025-01-27 19:18:11,294 Epoch: [15/20] Iter:[180/192], Time: 1.56, lr: [1.205792473440606e-07], Loss: 1.224303, Acc:0.599134, Semantic loss: 0.117854, BCE loss: 1.062383, SB loss: 0.044067
2025-01-27 19:18:26,812 Epoch: [15/20] Iter:[190/192], Time: 1.56, lr: [1.1918705225696471e-07], Loss: 1.225978, Acc:0.600014, Semantic loss: 0.118122, BCE loss: 1.063721, SB loss: 0.044135
2025-01-27 19:22:32,545 0 [0.         0.34406321 0.46949461 0.36263209 0.64743938 0.16382014
 0.36504806 0.06862043] 0.34587398977081324
2025-01-27 19:22:32,545 1 [0.         0.36511288 0.56749867 0.55666653 0.64771115 0.17419362
 0.33298502 0.19022548] 0.4049133347474835
2025-01-27 19:22:32,553 => saving checkpoint to output/loveDa/pidnet_small_loveda_2bcheckpoint.pth.tar
2025-01-27 19:22:32,930 Loss: 1.628, MeanIU:  0.4049, Best_mIoU:  0.4275
2025-01-27 19:22:32,930 [0.         0.36511288 0.56749867 0.55666653 0.64771115 0.17419362
 0.33298502 0.19022548]
2025-01-27 19:22:34,507 Epoch: [16/20] Iter:[0/192], Time: 1.30, lr: [1.1546516638005728e-07], Loss: 1.831024, Acc:0.692075, Semantic loss: 0.108294, BCE loss: 1.683160, SB loss: 0.039570
2025-01-27 19:22:50,756 Epoch: [16/20] Iter:[10/192], Time: 1.60, lr: [1.1411117379742142e-07], Loss: 1.300768, Acc:0.604274, Semantic loss: 0.123809, BCE loss: 1.133813, SB loss: 0.043147
2025-01-27 19:23:05,845 Epoch: [16/20] Iter:[20/192], Time: 1.55, lr: [1.1275539371160926e-07], Loss: 1.258224, Acc:0.601650, Semantic loss: 0.122688, BCE loss: 1.090954, SB loss: 0.044582
2025-01-27 19:23:21,383 Epoch: [16/20] Iter:[30/192], Time: 1.55, lr: [1.1139779981667205e-07], Loss: 1.266154, Acc:0.592652, Semantic loss: 0.121005, BCE loss: 1.100670, SB loss: 0.044479
2025-01-27 19:23:36,766 Epoch: [16/20] Iter:[40/192], Time: 1.55, lr: [1.1003836505754379e-07], Loss: 1.272507, Acc:0.599062, Semantic loss: 0.118939, BCE loss: 1.109645, SB loss: 0.043923
2025-01-27 19:23:51,976 Epoch: [16/20] Iter:[50/192], Time: 1.54, lr: [1.0867706159811597e-07], Loss: 1.238952, Acc:0.595429, Semantic loss: 0.117500, BCE loss: 1.077702, SB loss: 0.043750
2025-01-27 19:24:07,866 Epoch: [16/20] Iter:[60/192], Time: 1.55, lr: [1.0731386078748808e-07], Loss: 1.225014, Acc:0.586946, Semantic loss: 0.116658, BCE loss: 1.064695, SB loss: 0.043660
2025-01-27 19:24:23,116 Epoch: [16/20] Iter:[70/192], Time: 1.55, lr: [1.059487331242622e-07], Loss: 1.215648, Acc:0.586247, Semantic loss: 0.116814, BCE loss: 1.055320, SB loss: 0.043514
2025-01-27 19:24:39,112 Epoch: [16/20] Iter:[80/192], Time: 1.55, lr: [1.0458164821873777e-07], Loss: 1.210045, Acc:0.586541, Semantic loss: 0.117380, BCE loss: 1.049046, SB loss: 0.043619
2025-01-27 19:24:54,438 Epoch: [16/20] Iter:[90/192], Time: 1.55, lr: [1.0321257475285206e-07], Loss: 1.219792, Acc:0.584491, Semantic loss: 0.117579, BCE loss: 1.058588, SB loss: 0.043625
2025-01-27 19:25:10,101 Epoch: [16/20] Iter:[100/192], Time: 1.55, lr: [1.0184148043769587e-07], Loss: 1.219462, Acc:0.584797, Semantic loss: 0.117948, BCE loss: 1.057646, SB loss: 0.043868
2025-01-27 19:25:26,018 Epoch: [16/20] Iter:[110/192], Time: 1.56, lr: [1.0046833196841874e-07], Loss: 1.224241, Acc:0.584862, Semantic loss: 0.118605, BCE loss: 1.061588, SB loss: 0.044048
2025-01-27 19:25:41,141 Epoch: [16/20] Iter:[120/192], Time: 1.55, lr: [9.909309497632229e-08], Loss: 1.221375, Acc:0.585335, Semantic loss: 0.118007, BCE loss: 1.059439, SB loss: 0.043929
2025-01-27 19:25:56,640 Epoch: [16/20] Iter:[130/192], Time: 1.55, lr: [9.77157339779193e-08], Loss: 1.218495, Acc:0.585952, Semantic loss: 0.117739, BCE loss: 1.056955, SB loss: 0.043802
2025-01-27 19:26:11,870 Epoch: [16/20] Iter:[140/192], Time: 1.55, lr: [9.633621232071568e-08], Loss: 1.218433, Acc:0.585684, Semantic loss: 0.118252, BCE loss: 1.056197, SB loss: 0.043984
2025-01-27 19:26:27,928 Epoch: [16/20] Iter:[150/192], Time: 1.55, lr: [9.495449212544955e-08], Loss: 1.222014, Acc:0.585054, Semantic loss: 0.118535, BCE loss: 1.059448, SB loss: 0.044031
2025-01-27 19:26:43,184 Epoch: [16/20] Iter:[160/192], Time: 1.55, lr: [9.357053422449445e-08], Loss: 1.227615, Acc:0.588890, Semantic loss: 0.119240, BCE loss: 1.064243, SB loss: 0.044133
2025-01-27 19:26:58,889 Epoch: [16/20] Iter:[170/192], Time: 1.55, lr: [9.218429809610405e-08], Loss: 1.243877, Acc:0.592167, Semantic loss: 0.119326, BCE loss: 1.080509, SB loss: 0.044042
2025-01-27 19:27:14,159 Epoch: [16/20] Iter:[180/192], Time: 1.55, lr: [9.079574179414426e-08], Loss: 1.237344, Acc:0.590841, Semantic loss: 0.119640, BCE loss: 1.073433, SB loss: 0.044270
2025-01-27 19:27:29,644 Epoch: [16/20] Iter:[190/192], Time: 1.55, lr: [8.940482187292039e-08], Loss: 1.231080, Acc:0.591786, Semantic loss: 0.119209, BCE loss: 1.067636, SB loss: 0.044235
2025-01-27 19:31:36,234 0 [0.         0.34979561 0.47174438 0.37880724 0.63860516 0.17639515
 0.37048101 0.0763391 ] 0.35173823488919276
2025-01-27 19:31:36,234 1 [0.         0.37664443 0.58517993 0.56093241 0.6626443  0.17316308
 0.34949353 0.25921266] 0.4238957629030398
2025-01-27 19:31:36,239 => saving checkpoint to output/loveDa/pidnet_small_loveda_2bcheckpoint.pth.tar
2025-01-27 19:31:36,598 Loss: 1.613, MeanIU:  0.4239, Best_mIoU:  0.4275
2025-01-27 19:31:36,599 [0.         0.37664443 0.58517993 0.56093241 0.6626443  0.17316308
 0.34949353 0.25921266]
2025-01-27 19:31:38,107 Epoch: [17/20] Iter:[0/192], Time: 1.24, lr: [1.0657560760343178e-07], Loss: 0.898041, Acc:0.413048, Semantic loss: 0.119710, BCE loss: 0.734782, SB loss: 0.043549
2025-01-27 19:31:53,550 Epoch: [17/20] Iter:[10/192], Time: 1.52, lr: [1.049089089238197e-07], Loss: 1.168742, Acc:0.606728, Semantic loss: 0.115601, BCE loss: 1.010163, SB loss: 0.042978
2025-01-27 19:32:08,612 Epoch: [17/20] Iter:[20/192], Time: 1.51, lr: [1.0323926278287393e-07], Loss: 1.174331, Acc:0.597120, Semantic loss: 0.118060, BCE loss: 1.012591, SB loss: 0.043679
2025-01-27 19:32:23,938 Epoch: [17/20] Iter:[30/192], Time: 1.52, lr: [1.0156661080879435e-07], Loss: 1.243185, Acc:0.594533, Semantic loss: 0.115385, BCE loss: 1.084952, SB loss: 0.042848
2025-01-27 19:32:39,921 Epoch: [17/20] Iter:[40/192], Time: 1.54, lr: [9.98908923822899e-08], Loss: 1.223868, Acc:0.592203, Semantic loss: 0.117687, BCE loss: 1.062934, SB loss: 0.043246
2025-01-27 19:32:55,179 Epoch: [17/20] Iter:[50/192], Time: 1.54, lr: [9.82120445064434e-08], Loss: 1.233966, Acc:0.594717, Semantic loss: 0.117944, BCE loss: 1.072730, SB loss: 0.043291
2025-01-27 19:33:11,138 Epoch: [17/20] Iter:[60/192], Time: 1.55, lr: [9.653000166641949e-08], Loss: 1.245351, Acc:0.592500, Semantic loss: 0.120525, BCE loss: 1.080492, SB loss: 0.044334
2025-01-27 19:33:26,451 Epoch: [17/20] Iter:[70/192], Time: 1.54, lr: [9.484469567801175e-08], Loss: 1.248642, Acc:0.592137, Semantic loss: 0.119912, BCE loss: 1.084236, SB loss: 0.044494
2025-01-27 19:33:42,115 Epoch: [17/20] Iter:[80/192], Time: 1.55, lr: [9.315605552390246e-08], Loss: 1.230387, Acc:0.590714, Semantic loss: 0.119761, BCE loss: 1.066239, SB loss: 0.044387
2025-01-27 19:33:58,200 Epoch: [17/20] Iter:[90/192], Time: 1.55, lr: [9.146400717636832e-08], Loss: 1.220730, Acc:0.591922, Semantic loss: 0.119151, BCE loss: 1.057443, SB loss: 0.044137
2025-01-27 19:34:13,512 Epoch: [17/20] Iter:[100/192], Time: 1.55, lr: [8.976847340500998e-08], Loss: 1.218445, Acc:0.592011, Semantic loss: 0.119234, BCE loss: 1.055164, SB loss: 0.044048
2025-01-27 19:34:28,776 Epoch: [17/20] Iter:[110/192], Time: 1.55, lr: [8.806937356789709e-08], Loss: 1.199221, Acc:0.588470, Semantic loss: 0.118597, BCE loss: 1.036615, SB loss: 0.044009
2025-01-27 19:34:44,191 Epoch: [17/20] Iter:[120/192], Time: 1.55, lr: [8.636662338431088e-08], Loss: 1.196771, Acc:0.588316, Semantic loss: 0.118147, BCE loss: 1.034694, SB loss: 0.043930
2025-01-27 19:35:00,030 Epoch: [17/20] Iter:[130/192], Time: 1.55, lr: [8.466013468702399e-08], Loss: 1.196228, Acc:0.584894, Semantic loss: 0.118465, BCE loss: 1.033760, SB loss: 0.044003
2025-01-27 19:35:15,444 Epoch: [17/20] Iter:[140/192], Time: 1.55, lr: [8.294981515177348e-08], Loss: 1.196138, Acc:0.584559, Semantic loss: 0.118250, BCE loss: 1.033913, SB loss: 0.043974
2025-01-27 19:35:30,996 Epoch: [17/20] Iter:[150/192], Time: 1.55, lr: [8.123556800125407e-08], Loss: 1.198522, Acc:0.585317, Semantic loss: 0.118467, BCE loss: 1.036086, SB loss: 0.043969
2025-01-27 19:35:46,527 Epoch: [17/20] Iter:[160/192], Time: 1.55, lr: [7.951729168057755e-08], Loss: 1.198251, Acc:0.587725, Semantic loss: 0.117958, BCE loss: 1.036427, SB loss: 0.043865
2025-01-27 19:36:01,950 Epoch: [17/20] Iter:[170/192], Time: 1.55, lr: [7.779487950069338e-08], Loss: 1.202715, Acc:0.590502, Semantic loss: 0.118033, BCE loss: 1.040779, SB loss: 0.043903
2025-01-27 19:36:18,118 Epoch: [17/20] Iter:[180/192], Time: 1.55, lr: [7.606821924573807e-08], Loss: 1.211166, Acc:0.592710, Semantic loss: 0.118030, BCE loss: 1.049200, SB loss: 0.043937
2025-01-27 19:36:33,712 Epoch: [17/20] Iter:[190/192], Time: 1.55, lr: [7.433719273966076e-08], Loss: 1.210122, Acc:0.592179, Semantic loss: 0.118401, BCE loss: 1.047736, SB loss: 0.043985
2025-01-27 19:40:39,949 0 [0.         0.34313459 0.46486782 0.34799092 0.64315788 0.15362342
 0.38736487 0.05952348] 0.34280899768932543
2025-01-27 19:40:39,949 1 [0.         0.37079551 0.56245507 0.55083328 0.64617926 0.160596
 0.36561959 0.25533563] 0.41597347799495055
2025-01-27 19:40:39,956 => saving checkpoint to output/loveDa/pidnet_small_loveda_2bcheckpoint.pth.tar
2025-01-27 19:40:40,295 Loss: 1.606, MeanIU:  0.4160, Best_mIoU:  0.4275
2025-01-27 19:40:40,296 [0.         0.37079551 0.56245507 0.55083328 0.64617926 0.160596
 0.36561959 0.25533563]
2025-01-27 19:40:41,797 Epoch: [18/20] Iter:[0/192], Time: 1.23, lr: [9.643167936113045e-08], Loss: 1.536232, Acc:0.571735, Semantic loss: 0.113817, BCE loss: 1.376236, SB loss: 0.046179
2025-01-27 19:40:57,450 Epoch: [18/20] Iter:[10/192], Time: 1.54, lr: [9.416859052405874e-08], Loss: 1.189664, Acc:0.573459, Semantic loss: 0.116102, BCE loss: 1.028971, SB loss: 0.044591
2025-01-27 19:41:13,903 Epoch: [18/20] Iter:[20/192], Time: 1.59, lr: [9.18994417911722e-08], Loss: 1.260160, Acc:0.597277, Semantic loss: 0.117793, BCE loss: 1.097816, SB loss: 0.044550
2025-01-27 19:41:29,422 Epoch: [18/20] Iter:[30/192], Time: 1.58, lr: [8.962404973636608e-08], Loss: 1.275115, Acc:0.605520, Semantic loss: 0.119192, BCE loss: 1.111223, SB loss: 0.044700
2025-01-27 19:41:44,810 Epoch: [18/20] Iter:[40/192], Time: 1.57, lr: [8.734222003277432e-08], Loss: 1.282291, Acc:0.598624, Semantic loss: 0.120562, BCE loss: 1.116511, SB loss: 0.045217
2025-01-27 19:42:00,241 Epoch: [18/20] Iter:[50/192], Time: 1.56, lr: [8.505374646848415e-08], Loss: 1.262526, Acc:0.590686, Semantic loss: 0.119348, BCE loss: 1.098303, SB loss: 0.044875
2025-01-27 19:42:15,949 Epoch: [18/20] Iter:[60/192], Time: 1.56, lr: [8.275840984116213e-08], Loss: 1.222536, Acc:0.592075, Semantic loss: 0.118303, BCE loss: 1.060028, SB loss: 0.044205
2025-01-27 19:42:31,526 Epoch: [18/20] Iter:[70/192], Time: 1.56, lr: [8.045597671248451e-08], Loss: 1.220929, Acc:0.585459, Semantic loss: 0.119958, BCE loss: 1.056631, SB loss: 0.044340
2025-01-27 19:42:46,784 Epoch: [18/20] Iter:[80/192], Time: 1.56, lr: [7.814619799954303e-08], Loss: 1.215459, Acc:0.588916, Semantic loss: 0.119925, BCE loss: 1.051096, SB loss: 0.044438
2025-01-27 19:43:01,879 Epoch: [18/20] Iter:[90/192], Time: 1.55, lr: [7.582880737580734e-08], Loss: 1.199747, Acc:0.589228, Semantic loss: 0.119403, BCE loss: 1.035701, SB loss: 0.044643
2025-01-27 19:43:17,300 Epoch: [18/20] Iter:[100/192], Time: 1.55, lr: [7.350351944851587e-08], Loss: 1.195891, Acc:0.590878, Semantic loss: 0.119854, BCE loss: 1.031413, SB loss: 0.044624
2025-01-27 19:43:33,707 Epoch: [18/20] Iter:[110/192], Time: 1.56, lr: [7.117002767223092e-08], Loss: 1.184365, Acc:0.589726, Semantic loss: 0.120380, BCE loss: 1.019190, SB loss: 0.044794
2025-01-27 19:43:49,116 Epoch: [18/20] Iter:[120/192], Time: 1.56, lr: [6.882800194930328e-08], Loss: 1.186129, Acc:0.588936, Semantic loss: 0.120559, BCE loss: 1.020744, SB loss: 0.044825
2025-01-27 19:44:04,345 Epoch: [18/20] Iter:[130/192], Time: 1.56, lr: [6.647708585657026e-08], Loss: 1.185250, Acc:0.588779, Semantic loss: 0.119808, BCE loss: 1.020854, SB loss: 0.044588
2025-01-27 19:44:19,698 Epoch: [18/20] Iter:[140/192], Time: 1.55, lr: [6.411689342298688e-08], Loss: 1.204471, Acc:0.592386, Semantic loss: 0.119997, BCE loss: 1.039913, SB loss: 0.044561
2025-01-27 19:44:35,711 Epoch: [18/20] Iter:[150/192], Time: 1.56, lr: [6.174700536399823e-08], Loss: 1.210382, Acc:0.593018, Semantic loss: 0.120150, BCE loss: 1.045653, SB loss: 0.044579
2025-01-27 19:44:51,777 Epoch: [18/20] Iter:[160/192], Time: 1.56, lr: [5.936696465380447e-08], Loss: 1.217062, Acc:0.595957, Semantic loss: 0.119736, BCE loss: 1.052951, SB loss: 0.044375
2025-01-27 19:45:07,106 Epoch: [18/20] Iter:[170/192], Time: 1.56, lr: [5.697627128416909e-08], Loss: 1.208818, Acc:0.594661, Semantic loss: 0.119828, BCE loss: 1.044540, SB loss: 0.044450
2025-01-27 19:45:23,388 Epoch: [18/20] Iter:[180/192], Time: 1.56, lr: [5.457437601508645e-08], Loss: 1.215836, Acc:0.596638, Semantic loss: 0.119571, BCE loss: 1.052070, SB loss: 0.044194
2025-01-27 19:45:39,292 Epoch: [18/20] Iter:[190/192], Time: 1.56, lr: [5.2160672864125153e-08], Loss: 1.220487, Acc:0.596759, Semantic loss: 0.119420, BCE loss: 1.056953, SB loss: 0.044113
2025-01-27 19:49:45,233 0 [0.         0.34276492 0.46412266 0.36008241 0.64218517 0.14721413
 0.37449109 0.06665531] 0.3425022412202659
2025-01-27 19:49:45,233 1 [0.         0.36055645 0.5771599  0.56218033 0.64048238 0.14223728
 0.3381005  0.25333969] 0.4105795048165047
2025-01-27 19:49:45,239 => saving checkpoint to output/loveDa/pidnet_small_loveda_2bcheckpoint.pth.tar
2025-01-27 19:49:45,587 Loss: 1.613, MeanIU:  0.4106, Best_mIoU:  0.4275
2025-01-27 19:49:45,588 [0.         0.36055645 0.5771599  0.56218033 0.64048238 0.14223728
 0.3381005  0.25333969]
2025-01-27 19:49:47,152 Epoch: [19/20] Iter:[0/192], Time: 1.29, lr: [6.746414238367821e-08], Loss: 0.996035, Acc:0.689567, Semantic loss: 0.121238, BCE loss: 0.828947, SB loss: 0.045850
2025-01-27 19:50:02,536 Epoch: [19/20] Iter:[10/192], Time: 1.52, lr: [6.429336362339898e-08], Loss: 1.103437, Acc:0.609791, Semantic loss: 0.121204, BCE loss: 0.938879, SB loss: 0.043354
2025-01-27 19:50:17,861 Epoch: [19/20] Iter:[20/192], Time: 1.52, lr: [6.110510578510947e-08], Loss: 1.117190, Acc:0.610242, Semantic loss: 0.117095, BCE loss: 0.957577, SB loss: 0.042518
2025-01-27 19:50:33,127 Epoch: [19/20] Iter:[30/192], Time: 1.52, lr: [5.789824653018994e-08], Loss: 1.153566, Acc:0.602966, Semantic loss: 0.117043, BCE loss: 0.994036, SB loss: 0.042487
2025-01-27 19:50:49,186 Epoch: [19/20] Iter:[40/192], Time: 1.54, lr: [5.467151732202776e-08], Loss: 1.163532, Acc:0.592719, Semantic loss: 0.118592, BCE loss: 1.001649, SB loss: 0.043290
2025-01-27 19:51:04,683 Epoch: [19/20] Iter:[50/192], Time: 1.55, lr: [5.1423473433512956e-08], Loss: 1.168987, Acc:0.596260, Semantic loss: 0.119812, BCE loss: 1.005466, SB loss: 0.043709
2025-01-27 19:51:20,107 Epoch: [19/20] Iter:[60/192], Time: 1.55, lr: [4.8152455233124824e-08], Loss: 1.178079, Acc:0.598431, Semantic loss: 0.118878, BCE loss: 1.015596, SB loss: 0.043605
2025-01-27 19:51:35,429 Epoch: [19/20] Iter:[70/192], Time: 1.54, lr: [4.4856537351054893e-08], Loss: 1.189613, Acc:0.597588, Semantic loss: 0.120554, BCE loss: 1.025142, SB loss: 0.043916
2025-01-27 19:51:51,027 Epoch: [19/20] Iter:[80/192], Time: 1.55, lr: [4.153346060988999e-08], Loss: 1.187796, Acc:0.594856, Semantic loss: 0.119755, BCE loss: 1.024502, SB loss: 0.043539
2025-01-27 19:52:06,901 Epoch: [19/20] Iter:[90/192], Time: 1.55, lr: [3.818053878533043e-08], Loss: 1.177317, Acc:0.594607, Semantic loss: 0.119847, BCE loss: 1.013681, SB loss: 0.043788
2025-01-27 19:52:22,442 Epoch: [19/20] Iter:[100/192], Time: 1.55, lr: [3.479452745251786e-08], Loss: 1.183735, Acc:0.600239, Semantic loss: 0.119302, BCE loss: 1.020826, SB loss: 0.043607
2025-01-27 19:52:37,802 Epoch: [19/20] Iter:[110/192], Time: 1.55, lr: [3.1371433588231995e-08], Loss: 1.177961, Acc:0.596585, Semantic loss: 0.118547, BCE loss: 1.015768, SB loss: 0.043646
2025-01-27 19:52:53,195 Epoch: [19/20] Iter:[120/192], Time: 1.55, lr: [2.7906228428371632e-08], Loss: 1.181571, Acc:0.595342, Semantic loss: 0.118768, BCE loss: 1.019004, SB loss: 0.043800
2025-01-27 19:53:09,602 Epoch: [19/20] Iter:[130/192], Time: 1.56, lr: [2.439239356353784e-08], Loss: 1.202125, Acc:0.599195, Semantic loss: 0.119000, BCE loss: 1.039222, SB loss: 0.043903
2025-01-27 19:53:25,187 Epoch: [19/20] Iter:[140/192], Time: 1.56, lr: [2.0821159321002044e-08], Loss: 1.216109, Acc:0.597180, Semantic loss: 0.119524, BCE loss: 1.052517, SB loss: 0.044068
2025-01-27 19:53:41,492 Epoch: [19/20] Iter:[150/192], Time: 1.56, lr: [1.7180122628828943e-08], Loss: 1.225437, Acc:0.597020, Semantic loss: 0.119198, BCE loss: 1.062184, SB loss: 0.044055
2025-01-27 19:53:56,924 Epoch: [19/20] Iter:[160/192], Time: 1.56, lr: [1.3450451987183817e-08], Loss: 1.220254, Acc:0.594521, Semantic loss: 0.119698, BCE loss: 1.056421, SB loss: 0.044135
2025-01-27 19:54:13,056 Epoch: [19/20] Iter:[170/192], Time: 1.56, lr: [9.600244875192534e-09], Loss: 1.221874, Acc:0.593464, Semantic loss: 0.119721, BCE loss: 1.057903, SB loss: 0.044250
2025-01-27 19:54:28,459 Epoch: [19/20] Iter:[180/192], Time: 1.56, lr: [5.563716848048335e-09], Loss: 1.224227, Acc:0.592699, Semantic loss: 0.119312, BCE loss: 1.060722, SB loss: 0.044194
2025-01-27 19:54:44,224 Epoch: [19/20] Iter:[190/192], Time: 1.56, lr: [1.1092486125349495e-09], Loss: 1.227426, Acc:0.593011, Semantic loss: 0.119348, BCE loss: 1.063920, SB loss: 0.044158
2025-01-27 19:58:51,007 0 [0.         0.34454733 0.47034997 0.3757604  0.6452823  0.1630553
 0.37638806 0.07419911] 0.3499403525185765
2025-01-27 19:58:51,008 1 [0.         0.3637327  0.58034482 0.56592667 0.64672645 0.18580772
 0.33644056 0.23853779] 0.416788099605374
2025-01-27 19:58:51,017 => saving checkpoint to output/loveDa/pidnet_small_loveda_2bcheckpoint.pth.tar
2025-01-27 19:58:51,365 Loss: 1.613, MeanIU:  0.4168, Best_mIoU:  0.4275
2025-01-27 19:58:51,365 [0.         0.3637327  0.58034482 0.56592667 0.64672645 0.18580772
 0.33644056 0.23853779]
2025-01-27 19:58:51,472 Hours: 3
2025-01-27 19:58:51,472 Done
