2025-01-17 10:27:24,835 Namespace(cfg='configs/loveda/pidnet_small_loveda_adam_dice.yaml', seed=304, opts=['GPUS', '[0]', 'TRAIN.BATCH_SIZE_PER_GPU', '6'])
2025-01-17 10:27:24,836 AUTO_RESUME: False
CUDNN:
  BENCHMARK: True
  DETERMINISTIC: False
  ENABLED: True
DATASET:
  DATASET: loveDa
  EXTRA_TRAIN_SET: 
  NUM_CLASSES: 8
  ROOT: data/
  SOURCE_DATASET: loveDA-Urban
  SOURCE_TEST_SET: list/loveDA-Urban/val.lst
  SOURCE_TRAIN_SET: list/loveDA-Urban/train.lst
  TARGET_DATASET: loveDA-Rural
  TARGET_SET: list/cityscapes/val.lst
  TARGET_TEST_SET: list/loveDA-Rural/val.lst
  TARGET_TRAIN_SET: list/loveDA-Rural/train.lst
  TEST_SET: list/loveDa/val.lst
  TRAIN_SET: list/loveDa/train.lst
GPUS: (0,)
LOG_DIR: log
LOSS:
  BALANCE_WEIGHTS: [0.4, 1.0]
  CLASS_BALANCE: False
  OHEMKEEP: 131072
  OHEMTHRES: 0.7
  SB_WEIGHTS: 0.5
  USE_DICE: True
  USE_FOCAL: False
  USE_OHEM: False
MODEL:
  ALIGN_CORNERS: True
  NAME: pidnet_small
  NUM_OUTPUTS: 2
  PRETRAINED: pretrained_models/imagenet/PIDNet_S_ImageNet.pth.tar
OUTPUT_DIR: output
PIN_MEMORY: True
PRINT_FREQ: 10
TEST:
  BASE_SIZE: 2048
  BATCH_SIZE_PER_GPU: 20
  FLIP_TEST: False
  IMAGE_SIZE: [1024, 1024]
  MODEL_FILE: 
  MULTI_SCALE: False
  OUTPUT_INDEX: 1
TRAIN:
  ADVERSARIAL: False
  AUG: False
  AUG1: False
  AUG2: False
  AUG3: False
  AUG4: False
  AUG_CHANCE: False
  BASE_SIZE: 2048
  BATCH_SIZE_PER_GPU: 6
  BEGIN_EPOCH: 1
  END_EPOCH: 20
  EVAL_INTERVAL: 1
  EXTRA_EPOCH: 0
  EXTRA_LR: 0.001
  FLIP: True
  GAN: Vanilla
  IGNORE_LABEL: 0
  IMAGE_SIZE: [720, 720]
  LAMBDA_ADV1: 0.001
  LAMBDA_ADV2: 0.001
  LR: 0.001
  LR_D1: 0.001
  LR_D2: 0.001
  MOMENTUM: 0.9
  MULTI_SCALE: True
  NESTEROV: False
  OPTIMIZER: adam
  RESUME: False
  SCALE_FACTOR: 16
  SCHEDULER: False
  SHUFFLE: True
  WD: 0.0005
WORKERS: 0
2025-01-17 10:27:25,510 Attention!!!
2025-01-17 10:27:25,510 Loaded 302 parameters!
2025-01-17 10:27:25,511 Over!!!
2025-01-17 10:27:33,674 Epoch: [0/20] Iter:[0/192], Time: 7.86, lr: [0.001], Loss: 5.955030, Acc:0.176383, Semantic loss: 0.985617, BCE loss: 3.989991, SB loss: 0.979423
2025-01-17 10:27:47,108 Epoch: [0/20] Iter:[10/192], Time: 1.92, lr: [0.0009976559445324194], Loss: 4.845407, Acc:0.209193, Semantic loss: 0.960201, BCE loss: 2.922598, SB loss: 0.962608
2025-01-17 10:27:59,587 Epoch: [0/20] Iter:[20/192], Time: 1.60, lr: [0.000995311276959276], Loss: 4.362397, Acc:0.234634, Semantic loss: 0.948376, BCE loss: 2.455935, SB loss: 0.958087
2025-01-17 10:28:12,336 Epoch: [0/20] Iter:[30/192], Time: 1.50, lr: [0.000992965995517728], Loss: 4.168095, Acc:0.246300, Semantic loss: 0.939919, BCE loss: 2.269995, SB loss: 0.958182
2025-01-17 10:28:24,468 Epoch: [0/20] Iter:[40/192], Time: 1.43, lr: [0.0009906200984352155], Loss: 4.011261, Acc:0.245981, Semantic loss: 0.937532, BCE loss: 2.116573, SB loss: 0.957156
2025-01-17 10:28:37,588 Epoch: [0/20] Iter:[50/192], Time: 1.40, lr: [0.0009882735839293803], Loss: 3.908294, Acc:0.236935, Semantic loss: 0.935229, BCE loss: 2.014454, SB loss: 0.958611
2025-01-17 10:28:50,399 Epoch: [0/20] Iter:[60/192], Time: 1.38, lr: [0.000985926450207989], Loss: 3.874070, Acc:0.218727, Semantic loss: 0.933312, BCE loss: 1.980457, SB loss: 0.960301
2025-01-17 10:29:03,173 Epoch: [0/20] Iter:[70/192], Time: 1.37, lr: [0.0009835786954688485], Loss: 3.857578, Acc:0.209841, Semantic loss: 0.931732, BCE loss: 1.963159, SB loss: 0.962687
2025-01-17 10:29:14,758 Epoch: [0/20] Iter:[80/192], Time: 1.34, lr: [0.000981230317899726], Loss: 3.815727, Acc:0.201021, Semantic loss: 0.930108, BCE loss: 1.923130, SB loss: 0.962489
2025-01-17 10:29:27,405 Epoch: [0/20] Iter:[90/192], Time: 1.33, lr: [0.0009788813156782663], Loss: 3.772883, Acc:0.194563, Semantic loss: 0.929867, BCE loss: 1.879285, SB loss: 0.963731
2025-01-17 10:29:39,891 Epoch: [0/20] Iter:[100/192], Time: 1.33, lr: [0.0009765316869719068], Loss: 3.744562, Acc:0.190357, Semantic loss: 0.928779, BCE loss: 1.851866, SB loss: 0.963917
2025-01-17 10:29:52,520 Epoch: [0/20] Iter:[110/192], Time: 1.32, lr: [0.0009741814299377942], Loss: 3.732651, Acc:0.184876, Semantic loss: 0.928089, BCE loss: 1.839569, SB loss: 0.964993
2025-01-17 10:30:04,898 Epoch: [0/20] Iter:[120/192], Time: 1.31, lr: [0.0009718305427226986], Loss: 3.697005, Acc:0.180187, Semantic loss: 0.927560, BCE loss: 1.804880, SB loss: 0.964565
2025-01-17 10:30:17,901 Epoch: [0/20] Iter:[130/192], Time: 1.31, lr: [0.0009694790234629266], Loss: 3.691695, Acc:0.175617, Semantic loss: 0.926878, BCE loss: 1.800183, SB loss: 0.964634
2025-01-17 10:30:31,225 Epoch: [0/20] Iter:[140/192], Time: 1.31, lr: [0.0009671268702842339], Loss: 3.670053, Acc:0.174164, Semantic loss: 0.926387, BCE loss: 1.779526, SB loss: 0.964141
2025-01-17 10:30:44,407 Epoch: [0/20] Iter:[150/192], Time: 1.31, lr: [0.0009647740813017376], Loss: 3.652254, Acc:0.171566, Semantic loss: 0.926432, BCE loss: 1.762255, SB loss: 0.963567
2025-01-17 10:30:56,755 Epoch: [0/20] Iter:[160/192], Time: 1.31, lr: [0.0009624206546198262], Loss: 3.648379, Acc:0.168324, Semantic loss: 0.926336, BCE loss: 1.759109, SB loss: 0.962933
2025-01-17 10:31:09,317 Epoch: [0/20] Iter:[170/192], Time: 1.31, lr: [0.0009600665883320689], Loss: 3.640272, Acc:0.165792, Semantic loss: 0.926271, BCE loss: 1.750171, SB loss: 0.963830
2025-01-17 10:31:22,315 Epoch: [0/20] Iter:[180/192], Time: 1.31, lr: [0.0009577118805211255], Loss: 3.638427, Acc:0.160425, Semantic loss: 0.925847, BCE loss: 1.748964, SB loss: 0.963615
2025-01-17 10:31:35,271 Epoch: [0/20] Iter:[190/192], Time: 1.31, lr: [0.0009553565292586524], Loss: 3.633250, Acc:0.157034, Semantic loss: 0.925551, BCE loss: 1.744618, SB loss: 0.963082
2025-01-17 10:35:33,779 0 [0.00000000e+00 1.51351468e-01 2.70253798e-01 5.03494050e-02
 4.24622889e-01 1.64867658e-01 2.82193540e-01 9.13576064e-08] 0.16795485625374834
2025-01-17 10:35:33,779 1 [0.00000000e+00 2.35189052e-01 3.83194438e-02 6.23974329e-02
 4.64238767e-02 5.50346354e-02 7.52951573e-02 1.45484447e-05] 0.06408426830448911
2025-01-17 10:35:33,802 => saving checkpoint to output/loveDa/pidnet_small_loveda_adam_dicecheckpoint.pth.tar
2025-01-17 10:35:34,086 Loss: 3.962, MeanIU:  0.0641, Best_mIoU:  0.0641
2025-01-17 10:35:34,086 [0.00000000e+00 2.35189052e-01 3.83194438e-02 6.23974329e-02
 4.64238767e-02 5.50346354e-02 7.52951573e-02 1.45484447e-05]
2025-01-17 10:35:35,146 Epoch: [1/20] Iter:[0/192], Time: 0.88, lr: [0.0009548853816214997], Loss: 3.465236, Acc:0.097996, Semantic loss: 0.940934, BCE loss: 1.551513, SB loss: 0.972788
2025-01-17 10:35:46,844 Epoch: [1/20] Iter:[10/192], Time: 1.14, lr: [0.0009525292556561478], Loss: 3.456441, Acc:0.104549, Semantic loss: 0.923938, BCE loss: 1.585612, SB loss: 0.946892
2025-01-17 10:35:58,512 Epoch: [1/20] Iter:[20/192], Time: 1.15, lr: [0.0009501724819577191], Loss: 3.440746, Acc:0.101125, Semantic loss: 0.922037, BCE loss: 1.567615, SB loss: 0.951094
2025-01-17 10:36:10,142 Epoch: [1/20] Iter:[30/192], Time: 1.16, lr: [0.0009478150585620286], Loss: 3.433780, Acc:0.094212, Semantic loss: 0.921201, BCE loss: 1.563653, SB loss: 0.948925
2025-01-17 10:36:22,110 Epoch: [1/20] Iter:[40/192], Time: 1.17, lr: [0.0009454569834934885], Loss: 3.460675, Acc:0.088816, Semantic loss: 0.919176, BCE loss: 1.595080, SB loss: 0.946419
2025-01-17 10:36:33,198 Epoch: [1/20] Iter:[50/192], Time: 1.16, lr: [0.0009430982547650113], Loss: 3.423928, Acc:0.088162, Semantic loss: 0.918246, BCE loss: 1.560718, SB loss: 0.944964
2025-01-17 10:36:43,995 Epoch: [1/20] Iter:[60/192], Time: 1.14, lr: [0.0009407388703779092], Loss: 3.436537, Acc:0.084810, Semantic loss: 0.918815, BCE loss: 1.573190, SB loss: 0.944532
2025-01-17 10:36:55,286 Epoch: [1/20] Iter:[70/192], Time: 1.14, lr: [0.0009383788283217955], Loss: 3.429569, Acc:0.087009, Semantic loss: 0.918179, BCE loss: 1.566756, SB loss: 0.944635
2025-01-17 10:37:06,596 Epoch: [1/20] Iter:[80/192], Time: 1.14, lr: [0.0009360181265744821], Loss: 3.424259, Acc:0.088564, Semantic loss: 0.917431, BCE loss: 1.563466, SB loss: 0.943361
2025-01-17 10:37:18,127 Epoch: [1/20] Iter:[90/192], Time: 1.14, lr: [0.000933656763101877], Loss: 3.438145, Acc:0.090741, Semantic loss: 0.916312, BCE loss: 1.579182, SB loss: 0.942652
2025-01-17 10:37:29,594 Epoch: [1/20] Iter:[100/192], Time: 1.14, lr: [0.0009312947358578815], Loss: 3.417774, Acc:0.094950, Semantic loss: 0.915790, BCE loss: 1.560515, SB loss: 0.941468
2025-01-17 10:37:40,705 Epoch: [1/20] Iter:[110/192], Time: 1.14, lr: [0.0009289320427842841], Loss: 3.415971, Acc:0.096306, Semantic loss: 0.916470, BCE loss: 1.560235, SB loss: 0.939267
2025-01-17 10:37:52,094 Epoch: [1/20] Iter:[120/192], Time: 1.14, lr: [0.0009265686818106553], Loss: 3.416055, Acc:0.098836, Semantic loss: 0.916395, BCE loss: 1.559784, SB loss: 0.939875
2025-01-17 10:38:03,319 Epoch: [1/20] Iter:[130/192], Time: 1.14, lr: [0.0009242046508542393], Loss: 3.403854, Acc:0.098103, Semantic loss: 0.915747, BCE loss: 1.548633, SB loss: 0.939474
2025-01-17 10:38:14,565 Epoch: [1/20] Iter:[140/192], Time: 1.14, lr: [0.0009218399478198466], Loss: 3.392727, Acc:0.100225, Semantic loss: 0.915752, BCE loss: 1.538265, SB loss: 0.938711
2025-01-17 10:38:25,736 Epoch: [1/20] Iter:[150/192], Time: 1.14, lr: [0.0009194745705997427], Loss: 3.402711, Acc:0.098719, Semantic loss: 0.915396, BCE loss: 1.548798, SB loss: 0.938517
2025-01-17 10:38:37,375 Epoch: [1/20] Iter:[160/192], Time: 1.14, lr: [0.000917108517073538], Loss: 3.399899, Acc:0.097530, Semantic loss: 0.915578, BCE loss: 1.545173, SB loss: 0.939148
2025-01-17 10:38:48,369 Epoch: [1/20] Iter:[170/192], Time: 1.14, lr: [0.0009147417851080751], Loss: 3.401233, Acc:0.097414, Semantic loss: 0.915978, BCE loss: 1.545607, SB loss: 0.939648
2025-01-17 10:39:00,013 Epoch: [1/20] Iter:[180/192], Time: 1.14, lr: [0.000912374372557314], Loss: 3.403204, Acc:0.097690, Semantic loss: 0.915817, BCE loss: 1.546851, SB loss: 0.940537
2025-01-17 10:39:11,320 Epoch: [1/20] Iter:[190/192], Time: 1.14, lr: [0.0009100062772622185], Loss: 3.405154, Acc:0.095659, Semantic loss: 0.915709, BCE loss: 1.548560, SB loss: 0.940885
2025-01-17 10:43:02,456 0 [0.         0.23025072 0.29991817 0.13917219 0.33876011 0.20295433
 0.3231209  0.        ] 0.1917720527457833
2025-01-17 10:43:02,457 1 [0.         0.03756348 0.01593666 0.00517766 0.00052134 0.01384012
 0.0320022  0.        ] 0.013130183874211152
2025-01-17 10:43:02,485 => saving checkpoint to output/loveDa/pidnet_small_loveda_adam_dicecheckpoint.pth.tar
2025-01-17 10:43:02,772 Loss: 3.328, MeanIU:  0.0131, Best_mIoU:  0.0641
2025-01-17 10:43:02,773 [0.         0.03756348 0.01593666 0.00517766 0.00052134 0.01384012
 0.0320022  0.        ]
2025-01-17 10:43:03,879 Epoch: [2/20] Iter:[0/192], Time: 0.92, lr: [0.0009095325760829623], Loss: 3.137849, Acc:0.042724, Semantic loss: 0.904258, BCE loss: 1.305499, SB loss: 0.928091
2025-01-17 10:43:15,892 Epoch: [2/20] Iter:[10/192], Time: 1.18, lr: [0.0009071636586262653], Loss: 3.279982, Acc:0.084459, Semantic loss: 0.915406, BCE loss: 1.433018, SB loss: 0.931559
2025-01-17 10:43:27,252 Epoch: [2/20] Iter:[20/192], Time: 1.16, lr: [0.0009047940536290279], Loss: 3.346411, Acc:0.074041, Semantic loss: 0.912184, BCE loss: 1.494160, SB loss: 0.940067
2025-01-17 10:43:38,782 Epoch: [2/20] Iter:[30/192], Time: 1.16, lr: [0.0009024237588898335], Loss: 3.331715, Acc:0.076036, Semantic loss: 0.913260, BCE loss: 1.475057, SB loss: 0.943398
2025-01-17 10:43:49,942 Epoch: [2/20] Iter:[40/192], Time: 1.15, lr: [0.0009000527721937696], Loss: 3.313116, Acc:0.083188, Semantic loss: 0.913709, BCE loss: 1.462159, SB loss: 0.937248
2025-01-17 10:44:00,981 Epoch: [2/20] Iter:[50/192], Time: 1.14, lr: [0.0008976810913123052], Loss: 3.307984, Acc:0.090057, Semantic loss: 0.914271, BCE loss: 1.458832, SB loss: 0.934882
2025-01-17 10:44:12,149 Epoch: [2/20] Iter:[60/192], Time: 1.13, lr: [0.000895308714003167], Loss: 3.320269, Acc:0.083846, Semantic loss: 0.913674, BCE loss: 1.473352, SB loss: 0.933243
2025-01-17 10:44:24,075 Epoch: [2/20] Iter:[70/192], Time: 1.14, lr: [0.0008929356380102143], Loss: 3.326505, Acc:0.083438, Semantic loss: 0.913302, BCE loss: 1.479153, SB loss: 0.934049
2025-01-17 10:44:35,671 Epoch: [2/20] Iter:[80/192], Time: 1.14, lr: [0.0008905618610633113], Loss: 3.347724, Acc:0.080291, Semantic loss: 0.913140, BCE loss: 1.503061, SB loss: 0.931522
2025-01-17 10:44:47,461 Epoch: [2/20] Iter:[90/192], Time: 1.15, lr: [0.0008881873808781991], Loss: 3.349814, Acc:0.078362, Semantic loss: 0.913275, BCE loss: 1.505867, SB loss: 0.930672
2025-01-17 10:44:58,652 Epoch: [2/20] Iter:[100/192], Time: 1.15, lr: [0.0008858121951563658], Loss: 3.346233, Acc:0.078991, Semantic loss: 0.913700, BCE loss: 1.502541, SB loss: 0.929992
2025-01-17 10:45:09,943 Epoch: [2/20] Iter:[110/192], Time: 1.14, lr: [0.0008834363015849136], Loss: 3.323864, Acc:0.078593, Semantic loss: 0.913740, BCE loss: 1.480332, SB loss: 0.929792
2025-01-17 10:45:21,286 Epoch: [2/20] Iter:[120/192], Time: 1.14, lr: [0.0008810596978364273], Loss: 3.327818, Acc:0.077347, Semantic loss: 0.913099, BCE loss: 1.486807, SB loss: 0.927912
2025-01-17 10:45:32,621 Epoch: [2/20] Iter:[130/192], Time: 1.14, lr: [0.0008786823815688379], Loss: 3.328015, Acc:0.076854, Semantic loss: 0.912465, BCE loss: 1.487661, SB loss: 0.927889
2025-01-17 10:45:43,795 Epoch: [2/20] Iter:[140/192], Time: 1.14, lr: [0.0008763043504252865], Loss: 3.340362, Acc:0.075626, Semantic loss: 0.911898, BCE loss: 1.502078, SB loss: 0.926385
2025-01-17 10:45:55,411 Epoch: [2/20] Iter:[150/192], Time: 1.14, lr: [0.0008739256020339866], Loss: 3.364755, Acc:0.074661, Semantic loss: 0.911591, BCE loss: 1.527520, SB loss: 0.925644
2025-01-17 10:46:06,343 Epoch: [2/20] Iter:[160/192], Time: 1.14, lr: [0.000871546134008083], Loss: 3.373403, Acc:0.073378, Semantic loss: 0.911215, BCE loss: 1.536112, SB loss: 0.926077
2025-01-17 10:46:17,448 Epoch: [2/20] Iter:[170/192], Time: 1.14, lr: [0.0008691659439455107], Loss: 3.365919, Acc:0.072894, Semantic loss: 0.911410, BCE loss: 1.528293, SB loss: 0.926215
2025-01-17 10:46:29,273 Epoch: [2/20] Iter:[180/192], Time: 1.14, lr: [0.0008667850294288516], Loss: 3.371071, Acc:0.071447, Semantic loss: 0.911494, BCE loss: 1.533969, SB loss: 0.925608
2025-01-17 10:46:40,914 Epoch: [2/20] Iter:[190/192], Time: 1.14, lr: [0.0008644033880251887], Loss: 3.385230, Acc:0.072202, Semantic loss: 0.911417, BCE loss: 1.547896, SB loss: 0.925917
2025-01-17 10:50:32,812 0 [0.         0.25155456 0.32776932 0.19726989 0.50746275 0.21202834
 0.35039066 0.        ] 0.23080944107536522
2025-01-17 10:50:32,812 1 [0.00000000e+00 3.48433253e-02 2.17877693e-02 1.69636921e-02
 6.78500114e-05 2.84043750e-02 1.81745459e-02 1.04198356e-05] 0.01503149718361854
2025-01-17 10:50:32,836 => saving checkpoint to output/loveDa/pidnet_small_loveda_adam_dicecheckpoint.pth.tar
2025-01-17 10:50:33,109 Loss: 3.249, MeanIU:  0.0150, Best_mIoU:  0.0641
2025-01-17 10:50:33,110 [0.00000000e+00 3.48433253e-02 2.17877693e-02 1.69636921e-02
 6.78500114e-05 2.84043750e-02 1.81745459e-02 1.04198356e-05]
2025-01-17 10:50:34,332 Epoch: [3/20] Iter:[0/192], Time: 1.02, lr: [0.0008639269723028191], Loss: 3.389506, Acc:0.074977, Semantic loss: 0.909351, BCE loss: 1.584777, SB loss: 0.895378
2025-01-17 10:50:45,798 Epoch: [3/20] Iter:[10/192], Time: 1.14, lr: [0.0008615444554012614], Loss: 3.379188, Acc:0.089377, Semantic loss: 0.907395, BCE loss: 1.569193, SB loss: 0.902601
2025-01-17 10:50:57,215 Epoch: [3/20] Iter:[20/192], Time: 1.14, lr: [0.0008591612062049989], Loss: 3.437024, Acc:0.073069, Semantic loss: 0.907850, BCE loss: 1.629679, SB loss: 0.899496
2025-01-17 10:51:08,828 Epoch: [3/20] Iter:[30/192], Time: 1.15, lr: [0.0008567772222305215], Loss: 3.395541, Acc:0.077850, Semantic loss: 0.909201, BCE loss: 1.583490, SB loss: 0.902850
2025-01-17 10:51:19,936 Epoch: [3/20] Iter:[40/192], Time: 1.14, lr: [0.0008543925009781887], Loss: 3.373974, Acc:0.073332, Semantic loss: 0.911115, BCE loss: 1.554722, SB loss: 0.908137
2025-01-17 10:51:31,099 Epoch: [3/20] Iter:[50/192], Time: 1.13, lr: [0.000852007039932076], Loss: 3.375339, Acc:0.072324, Semantic loss: 0.911665, BCE loss: 1.553037, SB loss: 0.910637
2025-01-17 10:51:43,499 Epoch: [3/20] Iter:[60/192], Time: 1.15, lr: [0.0008496208365598179], Loss: 3.372792, Acc:0.074222, Semantic loss: 0.913063, BCE loss: 1.548430, SB loss: 0.911299
2025-01-17 10:51:55,000 Epoch: [3/20] Iter:[70/192], Time: 1.15, lr: [0.0008472338883124478], Loss: 3.369921, Acc:0.078132, Semantic loss: 0.913130, BCE loss: 1.544734, SB loss: 0.912057
2025-01-17 10:52:06,539 Epoch: [3/20] Iter:[80/192], Time: 1.15, lr: [0.0008448461926242373], Loss: 3.346968, Acc:0.080547, Semantic loss: 0.913419, BCE loss: 1.520998, SB loss: 0.912551
2025-01-17 10:52:18,164 Epoch: [3/20] Iter:[90/192], Time: 1.15, lr: [0.0008424577469125338], Loss: 3.347392, Acc:0.081700, Semantic loss: 0.913456, BCE loss: 1.521536, SB loss: 0.912400
2025-01-17 10:52:29,997 Epoch: [3/20] Iter:[100/192], Time: 1.16, lr: [0.0008400685485775935], Loss: 3.353724, Acc:0.080803, Semantic loss: 0.913861, BCE loss: 1.526831, SB loss: 0.913031
2025-01-17 10:52:41,177 Epoch: [3/20] Iter:[110/192], Time: 1.15, lr: [0.0008376785950024154], Loss: 3.363788, Acc:0.076833, Semantic loss: 0.914183, BCE loss: 1.533502, SB loss: 0.916103
2025-01-17 10:52:52,304 Epoch: [3/20] Iter:[120/192], Time: 1.15, lr: [0.000835287883552571], Loss: 3.360468, Acc:0.078986, Semantic loss: 0.913912, BCE loss: 1.530462, SB loss: 0.916094
2025-01-17 10:53:03,758 Epoch: [3/20] Iter:[130/192], Time: 1.15, lr: [0.0008328964115760324], Loss: 3.352223, Acc:0.083729, Semantic loss: 0.913382, BCE loss: 1.524498, SB loss: 0.914343
2025-01-17 10:53:15,075 Epoch: [3/20] Iter:[140/192], Time: 1.15, lr: [0.0008305041764029987], Loss: 3.343003, Acc:0.082871, Semantic loss: 0.913420, BCE loss: 1.516182, SB loss: 0.913402
2025-01-17 10:53:26,795 Epoch: [3/20] Iter:[150/192], Time: 1.15, lr: [0.0008281111753457188], Loss: 3.346802, Acc:0.083277, Semantic loss: 0.913786, BCE loss: 1.519476, SB loss: 0.913540
2025-01-17 10:53:37,590 Epoch: [3/20] Iter:[160/192], Time: 1.14, lr: [0.0008257174056983132], Loss: 3.358999, Acc:0.081013, Semantic loss: 0.912761, BCE loss: 1.532107, SB loss: 0.914131
2025-01-17 10:53:48,829 Epoch: [3/20] Iter:[170/192], Time: 1.14, lr: [0.0008233228647365931], Loss: 3.354605, Acc:0.085036, Semantic loss: 0.912779, BCE loss: 1.527421, SB loss: 0.914404
2025-01-17 10:54:00,775 Epoch: [3/20] Iter:[180/192], Time: 1.15, lr: [0.0008209275497178764], Loss: 3.346821, Acc:0.087025, Semantic loss: 0.913179, BCE loss: 1.518734, SB loss: 0.914908
2025-01-17 10:54:12,149 Epoch: [3/20] Iter:[190/192], Time: 1.15, lr: [0.0008185314578808021], Loss: 3.352964, Acc:0.086893, Semantic loss: 0.912671, BCE loss: 1.525858, SB loss: 0.914436
2025-01-17 10:58:02,455 0 [0.         0.29454834 0.25875473 0.0984582  0.4898278  0.15761504
 0.31898802 0.        ] 0.20227401537878412
2025-01-17 10:58:02,455 1 [0.00000000e+00 4.95366182e-02 1.68296370e-01 5.44490483e-03
 1.36485795e-07 4.16286151e-02 1.28358912e-01 0.00000000e+00] 0.04915819453732151
2025-01-17 10:58:02,479 => saving checkpoint to output/loveDa/pidnet_small_loveda_adam_dicecheckpoint.pth.tar
2025-01-17 10:58:02,749 Loss: 3.316, MeanIU:  0.0492, Best_mIoU:  0.0641
2025-01-17 10:58:02,749 [0.00000000e+00 4.95366182e-02 1.68296370e-01 5.44490483e-03
 1.36485795e-07 4.16286151e-02 1.28358912e-01 0.00000000e+00]
2025-01-17 10:58:03,952 Epoch: [4/20] Iter:[0/192], Time: 1.01, lr: [0.0008180521460508585], Loss: 3.547234, Acc:0.045974, Semantic loss: 0.926522, BCE loss: 1.710118, SB loss: 0.910594
2025-01-17 10:58:15,638 Epoch: [4/20] Iter:[10/192], Time: 1.16, lr: [0.0008156551183601796], Loss: 3.439671, Acc:0.084662, Semantic loss: 0.914637, BCE loss: 1.609822, SB loss: 0.915212
2025-01-17 10:58:27,268 Epoch: [4/20] Iter:[20/192], Time: 1.16, lr: [0.0008132573077094668], Loss: 3.413305, Acc:0.095390, Semantic loss: 0.914054, BCE loss: 1.593039, SB loss: 0.906213
2025-01-17 10:58:38,794 Epoch: [4/20] Iter:[30/192], Time: 1.16, lr: [0.0008108587112763078], Loss: 3.428780, Acc:0.083464, Semantic loss: 0.914402, BCE loss: 1.605731, SB loss: 0.908648
2025-01-17 10:58:49,694 Epoch: [4/20] Iter:[40/192], Time: 1.14, lr: [0.0008084593262188027], Loss: 3.422738, Acc:0.075060, Semantic loss: 0.912449, BCE loss: 1.596315, SB loss: 0.913974
2025-01-17 10:59:00,621 Epoch: [4/20] Iter:[50/192], Time: 1.13, lr: [0.0008060591496753653], Loss: 3.415283, Acc:0.074507, Semantic loss: 0.911069, BCE loss: 1.591845, SB loss: 0.912368
2025-01-17 10:59:12,449 Epoch: [4/20] Iter:[60/192], Time: 1.14, lr: [0.0008036581787645204], Loss: 3.391965, Acc:0.072439, Semantic loss: 0.910803, BCE loss: 1.570816, SB loss: 0.910346
2025-01-17 10:59:23,356 Epoch: [4/20] Iter:[70/192], Time: 1.13, lr: [0.0008012564105846995], Loss: 3.385209, Acc:0.076607, Semantic loss: 0.910717, BCE loss: 1.563455, SB loss: 0.911037
2025-01-17 10:59:35,225 Epoch: [4/20] Iter:[80/192], Time: 1.14, lr: [0.0007988538422140333], Loss: 3.374682, Acc:0.074746, Semantic loss: 0.911205, BCE loss: 1.551460, SB loss: 0.912017
2025-01-17 10:59:46,850 Epoch: [4/20] Iter:[90/192], Time: 1.14, lr: [0.0007964504707101411], Loss: 3.374261, Acc:0.073589, Semantic loss: 0.910702, BCE loss: 1.551396, SB loss: 0.912163
2025-01-17 10:59:57,657 Epoch: [4/20] Iter:[100/192], Time: 1.14, lr: [0.0007940462931099175], Loss: 3.349866, Acc:0.076306, Semantic loss: 0.911015, BCE loss: 1.525848, SB loss: 0.913003
2025-01-17 11:00:09,205 Epoch: [4/20] Iter:[110/192], Time: 1.14, lr: [0.0007916413064293164], Loss: 3.350427, Acc:0.078629, Semantic loss: 0.911224, BCE loss: 1.527359, SB loss: 0.911844
2025-01-17 11:00:20,634 Epoch: [4/20] Iter:[120/192], Time: 1.14, lr: [0.0007892355076631318], Loss: 3.348799, Acc:0.077136, Semantic loss: 0.911460, BCE loss: 1.526314, SB loss: 0.911025
2025-01-17 11:00:32,507 Epoch: [4/20] Iter:[130/192], Time: 1.14, lr: [0.0007868288937847752], Loss: 3.352544, Acc:0.074834, Semantic loss: 0.911530, BCE loss: 1.528297, SB loss: 0.912717
2025-01-17 11:00:44,496 Epoch: [4/20] Iter:[140/192], Time: 1.15, lr: [0.0007844214617460509], Loss: 3.354093, Acc:0.074252, Semantic loss: 0.911325, BCE loss: 1.530078, SB loss: 0.912691
2025-01-17 11:00:56,003 Epoch: [4/20] Iter:[150/192], Time: 1.15, lr: [0.0007820132084769268], Loss: 3.336546, Acc:0.073640, Semantic loss: 0.911106, BCE loss: 1.512687, SB loss: 0.912753
2025-01-17 11:01:06,844 Epoch: [4/20] Iter:[160/192], Time: 1.14, lr: [0.0007796041308853031], Loss: 3.340433, Acc:0.076179, Semantic loss: 0.910587, BCE loss: 1.518144, SB loss: 0.911702
2025-01-17 11:01:17,942 Epoch: [4/20] Iter:[170/192], Time: 1.14, lr: [0.0007771942258567772], Loss: 3.344418, Acc:0.076547, Semantic loss: 0.910085, BCE loss: 1.523890, SB loss: 0.910443
2025-01-17 11:01:30,271 Epoch: [4/20] Iter:[180/192], Time: 1.15, lr: [0.0007747834902544057], Loss: 3.335225, Acc:0.078266, Semantic loss: 0.910585, BCE loss: 1.514841, SB loss: 0.909799
2025-01-17 11:01:41,791 Epoch: [4/20] Iter:[190/192], Time: 1.15, lr: [0.0007723719209184621], Loss: 3.340044, Acc:0.076663, Semantic loss: 0.910627, BCE loss: 1.519187, SB loss: 0.910230
2025-01-17 11:05:33,425 0 [0.         0.24542813 0.33446375 0.2617965  0.46905099 0.21207672
 0.33576944 0.        ] 0.23232319283620817
2025-01-17 11:05:33,426 1 [0.00000000e+00 2.79474789e-02 1.70470784e-02 1.94615485e-02
 5.93573178e-05 3.26300731e-02 9.16078084e-02 5.70985079e-09] 0.023594168795641364
2025-01-17 11:05:33,448 => saving checkpoint to output/loveDa/pidnet_small_loveda_adam_dicecheckpoint.pth.tar
2025-01-17 11:05:33,738 Loss: 3.277, MeanIU:  0.0236, Best_mIoU:  0.0641
2025-01-17 11:05:33,738 [0.00000000e+00 2.79474789e-02 1.70470784e-02 1.94615485e-02
 5.93573178e-05 3.26300731e-02 9.16078084e-02 5.70985079e-09]
2025-01-17 11:05:34,850 Epoch: [5/20] Iter:[0/192], Time: 0.90, lr: [0.0007718895067235705], Loss: 3.037722, Acc:0.018501, Semantic loss: 0.905090, BCE loss: 1.241784, SB loss: 0.890848
2025-01-17 11:05:46,686 Epoch: [5/20] Iter:[10/192], Time: 1.16, lr: [0.0007694769327040612], Loss: 3.198717, Acc:0.092722, Semantic loss: 0.913722, BCE loss: 1.366865, SB loss: 0.918130
2025-01-17 11:05:58,609 Epoch: [5/20] Iter:[20/192], Time: 1.18, lr: [0.000767063517918174], Loss: 3.254042, Acc:0.081350, Semantic loss: 0.913809, BCE loss: 1.425043, SB loss: 0.915190
2025-01-17 11:06:10,269 Epoch: [5/20] Iter:[30/192], Time: 1.17, lr: [0.0007646492591316133], Loss: 3.266093, Acc:0.068864, Semantic loss: 0.914992, BCE loss: 1.433105, SB loss: 0.917995
2025-01-17 11:06:21,544 Epoch: [5/20] Iter:[40/192], Time: 1.16, lr: [0.0007622341530862475], Loss: 3.301171, Acc:0.063908, Semantic loss: 0.913944, BCE loss: 1.463135, SB loss: 0.924092
2025-01-17 11:06:32,302 Epoch: [5/20] Iter:[50/192], Time: 1.14, lr: [0.0007598181964998498], Loss: 3.348747, Acc:0.057481, Semantic loss: 0.912120, BCE loss: 1.509979, SB loss: 0.926648
2025-01-17 11:06:43,820 Epoch: [5/20] Iter:[60/192], Time: 1.15, lr: [0.0007574013860658318], Loss: 3.346169, Acc:0.058976, Semantic loss: 0.912329, BCE loss: 1.506652, SB loss: 0.927189
2025-01-17 11:06:55,235 Epoch: [5/20] Iter:[70/192], Time: 1.15, lr: [0.0007549837184529776], Loss: 3.343570, Acc:0.058820, Semantic loss: 0.912163, BCE loss: 1.506522, SB loss: 0.924884
2025-01-17 11:07:06,822 Epoch: [5/20] Iter:[80/192], Time: 1.15, lr: [0.0007525651903051721], Loss: 3.343796, Acc:0.066424, Semantic loss: 0.911311, BCE loss: 1.511559, SB loss: 0.920926
2025-01-17 11:07:18,478 Epoch: [5/20] Iter:[90/192], Time: 1.15, lr: [0.0007501457982411236], Loss: 3.341412, Acc:0.067489, Semantic loss: 0.910694, BCE loss: 1.512768, SB loss: 0.917950
2025-01-17 11:07:29,887 Epoch: [5/20] Iter:[100/192], Time: 1.15, lr: [0.000747725538854086], Loss: 3.310882, Acc:0.070265, Semantic loss: 0.910527, BCE loss: 1.485216, SB loss: 0.915138
2025-01-17 11:07:40,871 Epoch: [5/20] Iter:[110/192], Time: 1.14, lr: [0.0007453044087115737], Loss: 3.304971, Acc:0.071927, Semantic loss: 0.910391, BCE loss: 1.481990, SB loss: 0.912591
2025-01-17 11:07:52,696 Epoch: [5/20] Iter:[120/192], Time: 1.15, lr: [0.0007428824043550733], Loss: 3.296248, Acc:0.074652, Semantic loss: 0.910944, BCE loss: 1.473303, SB loss: 0.912000
2025-01-17 11:08:03,808 Epoch: [5/20] Iter:[130/192], Time: 1.14, lr: [0.0007404595222997526], Loss: 3.300816, Acc:0.077827, Semantic loss: 0.910008, BCE loss: 1.480017, SB loss: 0.910792
2025-01-17 11:08:14,885 Epoch: [5/20] Iter:[140/192], Time: 1.14, lr: [0.0007380357590341623], Loss: 3.295076, Acc:0.079247, Semantic loss: 0.909472, BCE loss: 1.476559, SB loss: 0.909045
2025-01-17 11:08:26,672 Epoch: [5/20] Iter:[150/192], Time: 1.14, lr: [0.0007356111110199354], Loss: 3.302533, Acc:0.080159, Semantic loss: 0.909350, BCE loss: 1.484647, SB loss: 0.908536
2025-01-17 11:08:37,648 Epoch: [5/20] Iter:[160/192], Time: 1.14, lr: [0.0007331855746914819], Loss: 3.303259, Acc:0.079953, Semantic loss: 0.909360, BCE loss: 1.485054, SB loss: 0.908845
2025-01-17 11:08:48,501 Epoch: [5/20] Iter:[170/192], Time: 1.14, lr: [0.0007307591464556783], Loss: 3.299971, Acc:0.081800, Semantic loss: 0.908747, BCE loss: 1.482893, SB loss: 0.908331
2025-01-17 11:08:59,940 Epoch: [5/20] Iter:[180/192], Time: 1.14, lr: [0.0007283318226915514], Loss: 3.294361, Acc:0.082431, Semantic loss: 0.908720, BCE loss: 1.477653, SB loss: 0.907988
2025-01-17 11:09:11,196 Epoch: [5/20] Iter:[190/192], Time: 1.14, lr: [0.0007259035997499605], Loss: 3.301075, Acc:0.082423, Semantic loss: 0.908443, BCE loss: 1.484877, SB loss: 0.907755
2025-01-17 11:13:04,487 0 [0.         0.28768921 0.33388567 0.23874197 0.4461168  0.17912379
 0.40338002 0.        ] 0.2361171818040666
2025-01-17 11:13:04,488 1 [0.00000000e+00 3.65887804e-02 3.01944622e-02 4.56604180e-02
 3.47298379e-05 5.46682083e-02 4.42419458e-02 0.00000000e+00] 0.0264235680671596
2025-01-17 11:13:04,510 => saving checkpoint to output/loveDa/pidnet_small_loveda_adam_dicecheckpoint.pth.tar
2025-01-17 11:13:04,872 Loss: 3.220, MeanIU:  0.0264, Best_mIoU:  0.0641
2025-01-17 11:13:04,872 [0.00000000e+00 3.65887804e-02 3.01944622e-02 4.56604180e-02
 3.47298379e-05 5.46682083e-02 4.42419458e-02 0.00000000e+00]
2025-01-17 11:13:05,956 Epoch: [6/20] Iter:[0/192], Time: 0.87, lr: [0.0007254178469372199], Loss: 4.281434, Acc:0.032317, Semantic loss: 0.894167, BCE loss: 2.494454, SB loss: 0.892813
2025-01-17 11:13:17,446 Epoch: [6/20] Iter:[10/192], Time: 1.13, lr: [0.0007229885401256642], Loss: 3.546667, Acc:0.072568, Semantic loss: 0.897730, BCE loss: 1.760017, SB loss: 0.888921
2025-01-17 11:13:29,564 Epoch: [6/20] Iter:[20/192], Time: 1.17, lr: [0.0007205583260077733], Loss: 3.453052, Acc:0.076713, Semantic loss: 0.902495, BCE loss: 1.659423, SB loss: 0.891134
2025-01-17 11:13:41,365 Epoch: [6/20] Iter:[30/192], Time: 1.17, lr: [0.0007181272008420604], Loss: 3.411174, Acc:0.078582, Semantic loss: 0.902161, BCE loss: 1.619539, SB loss: 0.889474
2025-01-17 11:13:52,675 Epoch: [6/20] Iter:[40/192], Time: 1.16, lr: [0.0007156951608574727], Loss: 3.408425, Acc:0.071114, Semantic loss: 0.903505, BCE loss: 1.612618, SB loss: 0.892303
2025-01-17 11:14:03,607 Epoch: [6/20] Iter:[50/192], Time: 1.15, lr: [0.0007132622022530447], Loss: 3.416661, Acc:0.070231, Semantic loss: 0.903908, BCE loss: 1.617593, SB loss: 0.895161
2025-01-17 11:14:15,278 Epoch: [6/20] Iter:[60/192], Time: 1.15, lr: [0.0007108283211975477], Loss: 3.409207, Acc:0.073648, Semantic loss: 0.905386, BCE loss: 1.606936, SB loss: 0.896885
2025-01-17 11:14:27,050 Epoch: [6/20] Iter:[70/192], Time: 1.15, lr: [0.0007083935138291319], Loss: 3.409970, Acc:0.069758, Semantic loss: 0.905624, BCE loss: 1.605304, SB loss: 0.899042
2025-01-17 11:14:38,757 Epoch: [6/20] Iter:[80/192], Time: 1.16, lr: [0.0007059577762549636], Loss: 3.395684, Acc:0.069728, Semantic loss: 0.905854, BCE loss: 1.590067, SB loss: 0.899763
2025-01-17 11:14:50,414 Epoch: [6/20] Iter:[90/192], Time: 1.16, lr: [0.0007035211045508576], Loss: 3.376369, Acc:0.071106, Semantic loss: 0.905915, BCE loss: 1.569923, SB loss: 0.900531
2025-01-17 11:15:02,320 Epoch: [6/20] Iter:[100/192], Time: 1.16, lr: [0.0007010834947609026], Loss: 3.372798, Acc:0.073085, Semantic loss: 0.906481, BCE loss: 1.566136, SB loss: 0.900181
2025-01-17 11:15:12,895 Epoch: [6/20] Iter:[110/192], Time: 1.15, lr: [0.000698644942897081], Loss: 3.367710, Acc:0.074099, Semantic loss: 0.906338, BCE loss: 1.560071, SB loss: 0.901301
2025-01-17 11:15:23,832 Epoch: [6/20] Iter:[120/192], Time: 1.15, lr: [0.0006962054449388827], Loss: 3.366455, Acc:0.075289, Semantic loss: 0.906269, BCE loss: 1.560235, SB loss: 0.899951
2025-01-17 11:15:35,769 Epoch: [6/20] Iter:[130/192], Time: 1.15, lr: [0.0006937649968329134], Loss: 3.366346, Acc:0.075359, Semantic loss: 0.906224, BCE loss: 1.560894, SB loss: 0.899228
2025-01-17 11:15:47,608 Epoch: [6/20] Iter:[140/192], Time: 1.15, lr: [0.0006913235944924954], Loss: 3.342390, Acc:0.076206, Semantic loss: 0.907144, BCE loss: 1.535089, SB loss: 0.900157
2025-01-17 11:15:59,405 Epoch: [6/20] Iter:[150/192], Time: 1.15, lr: [0.0006888812337972621], Loss: 3.358382, Acc:0.076788, Semantic loss: 0.907077, BCE loss: 1.552019, SB loss: 0.899286
2025-01-17 11:16:11,052 Epoch: [6/20] Iter:[160/192], Time: 1.16, lr: [0.0006864379105927479], Loss: 3.354788, Acc:0.078192, Semantic loss: 0.907349, BCE loss: 1.548270, SB loss: 0.899169
2025-01-17 11:16:22,248 Epoch: [6/20] Iter:[170/192], Time: 1.15, lr: [0.000683993620689969], Loss: 3.349085, Acc:0.080384, Semantic loss: 0.908023, BCE loss: 1.542544, SB loss: 0.898518
2025-01-17 11:16:33,723 Epoch: [6/20] Iter:[180/192], Time: 1.15, lr: [0.0006815483598649977], Loss: 3.345801, Acc:0.080996, Semantic loss: 0.908108, BCE loss: 1.540018, SB loss: 0.897675
2025-01-17 11:16:45,920 Epoch: [6/20] Iter:[190/192], Time: 1.16, lr: [0.0006791021238585323], Loss: 3.346711, Acc:0.081287, Semantic loss: 0.908110, BCE loss: 1.540876, SB loss: 0.897725
2025-01-17 11:20:35,177 0 [0.         0.23155754 0.35853362 0.19100975 0.38745873 0.19183311
 0.34946858 0.        ] 0.21373266685800524
2025-01-17 11:20:35,177 1 [0.00000000e+00 3.31118893e-02 1.94953737e-02 2.70257837e-02
 5.58342616e-07 4.10736939e-02 3.15785938e-02 0.00000000e+00] 0.01903573659525406
2025-01-17 11:20:35,200 => saving checkpoint to output/loveDa/pidnet_small_loveda_adam_dicecheckpoint.pth.tar
2025-01-17 11:20:35,485 Loss: 3.231, MeanIU:  0.0190, Best_mIoU:  0.0641
2025-01-17 11:20:35,485 [0.00000000e+00 3.31118893e-02 1.94953737e-02 2.70257837e-02
 5.58342616e-07 4.10736939e-02 3.15785938e-02 0.00000000e+00]
2025-01-17 11:20:36,552 Epoch: [7/20] Iter:[0/192], Time: 0.85, lr: [0.000678612759258125], Loss: 3.338343, Acc:0.031804, Semantic loss: 0.905660, BCE loss: 1.526753, SB loss: 0.905930
2025-01-17 11:20:47,954 Epoch: [7/20] Iter:[10/192], Time: 1.12, lr: [0.0006761653473611296], Loss: 3.381971, Acc:0.129758, Semantic loss: 0.914101, BCE loss: 1.542739, SB loss: 0.925131
2025-01-17 11:20:59,252 Epoch: [7/20] Iter:[20/192], Time: 1.12, lr: [0.0006737169507854795], Loss: 3.397985, Acc:0.104840, Semantic loss: 0.909842, BCE loss: 1.575302, SB loss: 0.912841
2025-01-17 11:21:11,262 Epoch: [7/20] Iter:[30/192], Time: 1.15, lr: [0.0006712675651556858], Loss: 3.339138, Acc:0.089316, Semantic loss: 0.910174, BCE loss: 1.520693, SB loss: 0.908271
2025-01-17 11:21:22,330 Epoch: [7/20] Iter:[40/192], Time: 1.14, lr: [0.0006688171860589904], Loss: 3.320149, Acc:0.085772, Semantic loss: 0.909076, BCE loss: 1.506049, SB loss: 0.905024
2025-01-17 11:21:33,367 Epoch: [7/20] Iter:[50/192], Time: 1.13, lr: [0.0006663658090448959], Loss: 3.325549, Acc:0.086682, Semantic loss: 0.909145, BCE loss: 1.513655, SB loss: 0.902750
2025-01-17 11:21:44,866 Epoch: [7/20] Iter:[60/192], Time: 1.13, lr: [0.0006639134296246874], Loss: 3.313262, Acc:0.088777, Semantic loss: 0.910316, BCE loss: 1.497817, SB loss: 0.905129
2025-01-17 11:21:56,386 Epoch: [7/20] Iter:[70/192], Time: 1.14, lr: [0.0006614600432709459], Loss: 3.315536, Acc:0.086607, Semantic loss: 0.910752, BCE loss: 1.500859, SB loss: 0.903925
2025-01-17 11:22:08,009 Epoch: [7/20] Iter:[80/192], Time: 1.14, lr: [0.0006590056454170536], Loss: 3.307973, Acc:0.083305, Semantic loss: 0.909564, BCE loss: 1.495993, SB loss: 0.902416
2025-01-17 11:22:19,583 Epoch: [7/20] Iter:[90/192], Time: 1.14, lr: [0.0006565502314566913], Loss: 3.314248, Acc:0.085893, Semantic loss: 0.908906, BCE loss: 1.503426, SB loss: 0.901917
2025-01-17 11:22:30,669 Epoch: [7/20] Iter:[100/192], Time: 1.14, lr: [0.0006540937967433255], Loss: 3.315335, Acc:0.086793, Semantic loss: 0.909010, BCE loss: 1.502631, SB loss: 0.903693
2025-01-17 11:22:42,081 Epoch: [7/20] Iter:[110/192], Time: 1.14, lr: [0.0006516363365896894], Loss: 3.302072, Acc:0.087058, Semantic loss: 0.909232, BCE loss: 1.487767, SB loss: 0.905074
2025-01-17 11:22:53,292 Epoch: [7/20] Iter:[120/192], Time: 1.14, lr: [0.000649177846267253], Loss: 3.304018, Acc:0.089119, Semantic loss: 0.909242, BCE loss: 1.489093, SB loss: 0.905683
2025-01-17 11:23:04,739 Epoch: [7/20] Iter:[130/192], Time: 1.14, lr: [0.0006467183210056843], Loss: 3.323439, Acc:0.086593, Semantic loss: 0.909410, BCE loss: 1.508609, SB loss: 0.905419
2025-01-17 11:23:16,247 Epoch: [7/20] Iter:[140/192], Time: 1.14, lr: [0.0006442577559923017], Loss: 3.317419, Acc:0.085683, Semantic loss: 0.909386, BCE loss: 1.502939, SB loss: 0.905094
2025-01-17 11:23:27,877 Epoch: [7/20] Iter:[150/192], Time: 1.14, lr: [0.0006417961463715172], Loss: 3.317281, Acc:0.087573, Semantic loss: 0.909660, BCE loss: 1.502908, SB loss: 0.904713
2025-01-17 11:23:38,619 Epoch: [7/20] Iter:[160/192], Time: 1.14, lr: [0.0006393334872442681], Loss: 3.318292, Acc:0.090097, Semantic loss: 0.910052, BCE loss: 1.502924, SB loss: 0.905315
2025-01-17 11:23:49,801 Epoch: [7/20] Iter:[170/192], Time: 1.14, lr: [0.0006368697736674412], Loss: 3.323246, Acc:0.090543, Semantic loss: 0.909541, BCE loss: 1.509251, SB loss: 0.904454
2025-01-17 11:24:01,529 Epoch: [7/20] Iter:[180/192], Time: 1.14, lr: [0.0006344050006532849], Loss: 3.317533, Acc:0.089739, Semantic loss: 0.909399, BCE loss: 1.504271, SB loss: 0.903863
2025-01-17 11:24:13,208 Epoch: [7/20] Iter:[190/192], Time: 1.14, lr: [0.0006319391631688113], Loss: 3.312812, Acc:0.091698, Semantic loss: 0.909609, BCE loss: 1.500177, SB loss: 0.903026
2025-01-17 11:28:06,741 0 [0.         0.24621402 0.34015216 0.23616703 0.45611185 0.20827924
 0.39306405 0.        ] 0.23499854413063645
2025-01-17 11:28:06,741 1 [0.         0.09137091 0.07851023 0.0574713  0.00031711 0.04382571
 0.04809902 0.        ] 0.03994928273561743
2025-01-17 11:28:06,764 => saving checkpoint to output/loveDa/pidnet_small_loveda_adam_dicecheckpoint.pth.tar
2025-01-17 11:28:07,061 Loss: 3.170, MeanIU:  0.0399, Best_mIoU:  0.0641
2025-01-17 11:28:07,061 [0.         0.09137091 0.07851023 0.0574713  0.00031711 0.04382571
 0.04809902 0.        ]
2025-01-17 11:28:08,204 Epoch: [8/20] Iter:[0/192], Time: 0.96, lr: [0.0006314458674893553], Loss: 3.973380, Acc:0.040593, Semantic loss: 0.894038, BCE loss: 2.193583, SB loss: 0.885758
2025-01-17 11:28:20,476 Epoch: [8/20] Iter:[10/192], Time: 1.20, lr: [0.0006289787459323657], Loss: 3.380106, Acc:0.124957, Semantic loss: 0.916288, BCE loss: 1.565060, SB loss: 0.898758
2025-01-17 11:28:31,800 Epoch: [8/20] Iter:[20/192], Time: 1.17, lr: [0.0006265105486702424], Loss: 3.381316, Acc:0.103671, Semantic loss: 0.909820, BCE loss: 1.567551, SB loss: 0.903945
2025-01-17 11:28:43,606 Epoch: [8/20] Iter:[30/192], Time: 1.17, lr: [0.0006240412705211017], Loss: 3.368228, Acc:0.100375, Semantic loss: 0.908271, BCE loss: 1.556876, SB loss: 0.903081
2025-01-17 11:28:54,831 Epoch: [8/20] Iter:[40/192], Time: 1.16, lr: [0.0006215709062551948], Loss: 3.317507, Acc:0.096743, Semantic loss: 0.910934, BCE loss: 1.504414, SB loss: 0.902160
2025-01-17 11:29:05,842 Epoch: [8/20] Iter:[50/192], Time: 1.15, lr: [0.0006190994505942529], Loss: 3.329404, Acc:0.099612, Semantic loss: 0.908839, BCE loss: 1.521733, SB loss: 0.898831
2025-01-17 11:29:17,281 Epoch: [8/20] Iter:[60/192], Time: 1.15, lr: [0.0006166268982108192], Loss: 3.326796, Acc:0.098855, Semantic loss: 0.907771, BCE loss: 1.521304, SB loss: 0.897722
2025-01-17 11:29:28,742 Epoch: [8/20] Iter:[70/192], Time: 1.15, lr: [0.0006141532437275694], Loss: 3.311630, Acc:0.095691, Semantic loss: 0.908256, BCE loss: 1.505564, SB loss: 0.897810
2025-01-17 11:29:40,422 Epoch: [8/20] Iter:[80/192], Time: 1.15, lr: [0.0006116784817166194], Loss: 3.324232, Acc:0.090244, Semantic loss: 0.908642, BCE loss: 1.517274, SB loss: 0.898316
2025-01-17 11:29:52,584 Epoch: [8/20] Iter:[90/192], Time: 1.16, lr: [0.0006092026066988215], Loss: 3.319066, Acc:0.089358, Semantic loss: 0.908958, BCE loss: 1.511841, SB loss: 0.898267
2025-01-17 11:30:03,767 Epoch: [8/20] Iter:[100/192], Time: 1.15, lr: [0.0006067256131430442], Loss: 3.315000, Acc:0.090353, Semantic loss: 0.909086, BCE loss: 1.509009, SB loss: 0.896905
2025-01-17 11:30:14,401 Epoch: [8/20] Iter:[110/192], Time: 1.15, lr: [0.000604247495465443], Loss: 3.316233, Acc:0.089999, Semantic loss: 0.908206, BCE loss: 1.511154, SB loss: 0.896874
2025-01-17 11:30:25,964 Epoch: [8/20] Iter:[120/192], Time: 1.15, lr: [0.0006017682480287143], Loss: 3.313463, Acc:0.091429, Semantic loss: 0.908621, BCE loss: 1.508737, SB loss: 0.896105
2025-01-17 11:30:37,451 Epoch: [8/20] Iter:[130/192], Time: 1.15, lr: [0.000599287865141337], Loss: 3.307183, Acc:0.093193, Semantic loss: 0.908178, BCE loss: 1.502982, SB loss: 0.896023
2025-01-17 11:30:49,312 Epoch: [8/20] Iter:[140/192], Time: 1.15, lr: [0.0005968063410567983], Loss: 3.298030, Acc:0.094067, Semantic loss: 0.908451, BCE loss: 1.493960, SB loss: 0.895619
2025-01-17 11:31:00,868 Epoch: [8/20] Iter:[150/192], Time: 1.15, lr: [0.000594323669972807], Loss: 3.285309, Acc:0.098249, Semantic loss: 0.908803, BCE loss: 1.481329, SB loss: 0.895177
2025-01-17 11:31:12,478 Epoch: [8/20] Iter:[160/192], Time: 1.15, lr: [0.0005918398460304892], Loss: 3.281238, Acc:0.097856, Semantic loss: 0.908770, BCE loss: 1.478972, SB loss: 0.893496
2025-01-17 11:31:23,070 Epoch: [8/20] Iter:[170/192], Time: 1.15, lr: [0.0005893548633135713], Loss: 3.281626, Acc:0.098080, Semantic loss: 0.908570, BCE loss: 1.478193, SB loss: 0.894863
2025-01-17 11:31:35,269 Epoch: [8/20] Iter:[180/192], Time: 1.15, lr: [0.0005868687158475448], Loss: 3.278842, Acc:0.098108, Semantic loss: 0.908963, BCE loss: 1.474114, SB loss: 0.895765
2025-01-17 11:31:46,904 Epoch: [8/20] Iter:[190/192], Time: 1.15, lr: [0.000584381397598817], Loss: 3.287724, Acc:0.095436, Semantic loss: 0.909116, BCE loss: 1.481907, SB loss: 0.896701
2025-01-17 11:35:37,741 0 [0.         0.28798387 0.3452031  0.26625836 0.48767425 0.24520603
 0.36157059 0.        ] 0.24923702538693454
2025-01-17 11:35:37,741 1 [0.         0.01719222 0.00961861 0.01277871 0.         0.03383273
 0.01462448 0.        ] 0.011005843238951329
2025-01-17 11:35:37,763 => saving checkpoint to output/loveDa/pidnet_small_loveda_adam_dicecheckpoint.pth.tar
2025-01-17 11:35:38,059 Loss: 3.216, MeanIU:  0.0110, Best_mIoU:  0.0641
2025-01-17 11:35:38,059 [0.         0.01719222 0.00961861 0.01277871 0.         0.03383273
 0.01462448 0.        ]
2025-01-17 11:35:39,049 Epoch: [9/20] Iter:[0/192], Time: 0.80, lr: [0.0005838837929199803], Loss: 3.508696, Acc:0.128838, Semantic loss: 0.874758, BCE loss: 1.722139, SB loss: 0.911799
2025-01-17 11:35:50,847 Epoch: [9/20] Iter:[10/192], Time: 1.15, lr: [0.0005813950616831948], Loss: 3.350275, Acc:0.080468, Semantic loss: 0.900410, BCE loss: 1.539553, SB loss: 0.910313
2025-01-17 11:36:02,448 Epoch: [9/20] Iter:[20/192], Time: 1.15, lr: [0.0005789051461775304], Loss: 3.351117, Acc:0.083746, Semantic loss: 0.904157, BCE loss: 1.534519, SB loss: 0.912441
2025-01-17 11:36:13,569 Epoch: [9/20] Iter:[30/192], Time: 1.14, lr: [0.0005764140401744157], Loss: 3.336524, Acc:0.090072, Semantic loss: 0.903753, BCE loss: 1.524451, SB loss: 0.908320
2025-01-17 11:36:24,725 Epoch: [9/20] Iter:[40/192], Time: 1.13, lr: [0.0005739217373824396], Loss: 3.326828, Acc:0.087684, Semantic loss: 0.904825, BCE loss: 1.513336, SB loss: 0.908666
2025-01-17 11:36:36,256 Epoch: [9/20] Iter:[50/192], Time: 1.14, lr: [0.0005714282314464109], Loss: 3.356297, Acc:0.086431, Semantic loss: 0.905039, BCE loss: 1.548429, SB loss: 0.902828
2025-01-17 11:36:47,445 Epoch: [9/20] Iter:[60/192], Time: 1.13, lr: [0.0005689335159463984], Loss: 3.351280, Acc:0.087097, Semantic loss: 0.904186, BCE loss: 1.546195, SB loss: 0.900899
2025-01-17 11:36:58,783 Epoch: [9/20] Iter:[70/192], Time: 1.13, lr: [0.000566437584396753], Loss: 3.339441, Acc:0.088541, Semantic loss: 0.904562, BCE loss: 1.533981, SB loss: 0.900898
2025-01-17 11:37:10,970 Epoch: [9/20] Iter:[80/192], Time: 1.14, lr: [0.0005639404302451105], Loss: 3.326520, Acc:0.090950, Semantic loss: 0.905726, BCE loss: 1.520132, SB loss: 0.900663
2025-01-17 11:37:22,161 Epoch: [9/20] Iter:[90/192], Time: 1.14, lr: [0.0005614420468713721], Loss: 3.325941, Acc:0.089976, Semantic loss: 0.905332, BCE loss: 1.522065, SB loss: 0.898544
2025-01-17 11:37:34,059 Epoch: [9/20] Iter:[100/192], Time: 1.15, lr: [0.0005589424275866668], Loss: 3.321046, Acc:0.089908, Semantic loss: 0.905779, BCE loss: 1.516394, SB loss: 0.898872
2025-01-17 11:37:44,921 Epoch: [9/20] Iter:[110/192], Time: 1.14, lr: [0.0005564415656322913], Loss: 3.335906, Acc:0.088274, Semantic loss: 0.905087, BCE loss: 1.532497, SB loss: 0.898322
2025-01-17 11:37:56,118 Epoch: [9/20] Iter:[120/192], Time: 1.14, lr: [0.000553939454178628], Loss: 3.331536, Acc:0.086770, Semantic loss: 0.905075, BCE loss: 1.527654, SB loss: 0.898807
2025-01-17 11:38:07,560 Epoch: [9/20] Iter:[130/192], Time: 1.14, lr: [0.0005514360863240413], Loss: 3.321227, Acc:0.090385, Semantic loss: 0.905312, BCE loss: 1.516952, SB loss: 0.898963
2025-01-17 11:38:18,913 Epoch: [9/20] Iter:[140/192], Time: 1.14, lr: [0.0005489314550937511], Loss: 3.320571, Acc:0.090001, Semantic loss: 0.905230, BCE loss: 1.515745, SB loss: 0.899596
2025-01-17 11:38:30,323 Epoch: [9/20] Iter:[150/192], Time: 1.14, lr: [0.0005464255534386825], Loss: 3.316177, Acc:0.088667, Semantic loss: 0.905315, BCE loss: 1.511675, SB loss: 0.899187
2025-01-17 11:38:41,847 Epoch: [9/20] Iter:[160/192], Time: 1.14, lr: [0.0005439183742342913], Loss: 3.306964, Acc:0.089056, Semantic loss: 0.905600, BCE loss: 1.503007, SB loss: 0.898356
2025-01-17 11:38:52,707 Epoch: [9/20] Iter:[170/192], Time: 1.14, lr: [0.0005414099102793661], Loss: 3.312620, Acc:0.092759, Semantic loss: 0.905559, BCE loss: 1.508494, SB loss: 0.898566
2025-01-17 11:39:04,462 Epoch: [9/20] Iter:[180/192], Time: 1.14, lr: [0.0005389001542948026], Loss: 3.304808, Acc:0.096432, Semantic loss: 0.906133, BCE loss: 1.499521, SB loss: 0.899154
2025-01-17 11:39:15,951 Epoch: [9/20] Iter:[190/192], Time: 1.14, lr: [0.0005363890989223548], Loss: 3.305881, Acc:0.095442, Semantic loss: 0.906347, BCE loss: 1.500810, SB loss: 0.898725
2025-01-17 11:43:07,205 0 [0.         0.32226639 0.31400062 0.24420757 0.5339937  0.24829622
 0.38216798 0.        ] 0.25561655920912163
2025-01-17 11:43:07,205 1 [0.00000000e+00 5.79157679e-02 1.33701740e-02 3.15974191e-02
 1.68746100e-06 4.24957877e-02 6.29258433e-02 0.00000000e+00] 0.026038334938347184
2025-01-17 11:43:07,228 => saving checkpoint to output/loveDa/pidnet_small_loveda_adam_dicecheckpoint.pth.tar
2025-01-17 11:43:07,517 Loss: 3.190, MeanIU:  0.0260, Best_mIoU:  0.0641
2025-01-17 11:43:07,518 [0.00000000e+00 5.79157679e-02 1.33701740e-02 3.15974191e-02
 1.68746100e-06 4.24957877e-02 6.29258433e-02 0.00000000e+00]
2025-01-17 11:43:08,647 Epoch: [10/20] Iter:[0/192], Time: 0.93, lr: [0.0005358867312681466], Loss: 3.949889, Acc:0.027812, Semantic loss: 0.910362, BCE loss: 2.152184, SB loss: 0.887342
2025-01-17 11:43:20,564 Epoch: [10/20] Iter:[10/192], Time: 1.17, lr: [0.0005333741068040314], Loss: 3.352781, Acc:0.075712, Semantic loss: 0.912587, BCE loss: 1.540794, SB loss: 0.899400
2025-01-17 11:43:31,925 Epoch: [10/20] Iter:[20/192], Time: 1.15, lr: [0.0005308601664789772], Loss: 3.201515, Acc:0.082416, Semantic loss: 0.912998, BCE loss: 1.392111, SB loss: 0.896405
2025-01-17 11:43:43,035 Epoch: [10/20] Iter:[30/192], Time: 1.14, lr: [0.0005283449026727662], Loss: 3.247087, Acc:0.084477, Semantic loss: 0.910302, BCE loss: 1.444649, SB loss: 0.892136
2025-01-17 11:43:53,479 Epoch: [10/20] Iter:[40/192], Time: 1.12, lr: [0.0005258283076804885], Loss: 3.275779, Acc:0.091595, Semantic loss: 0.909262, BCE loss: 1.473639, SB loss: 0.892878
2025-01-17 11:44:04,377 Epoch: [10/20] Iter:[50/192], Time: 1.11, lr: [0.000523310373711144], Loss: 3.273919, Acc:0.096080, Semantic loss: 0.907783, BCE loss: 1.470835, SB loss: 0.895301
2025-01-17 11:44:15,517 Epoch: [10/20] Iter:[60/192], Time: 1.11, lr: [0.0005207910928862158], Loss: 3.283769, Acc:0.091678, Semantic loss: 0.906256, BCE loss: 1.484758, SB loss: 0.892754
2025-01-17 11:44:27,332 Epoch: [10/20] Iter:[70/192], Time: 1.12, lr: [0.000518270457238211], Loss: 3.280562, Acc:0.095373, Semantic loss: 0.906516, BCE loss: 1.482426, SB loss: 0.891621
2025-01-17 11:44:38,509 Epoch: [10/20] Iter:[80/192], Time: 1.12, lr: [0.0005157484587091684], Loss: 3.263760, Acc:0.095269, Semantic loss: 0.905470, BCE loss: 1.466171, SB loss: 0.892120
2025-01-17 11:44:49,771 Epoch: [10/20] Iter:[90/192], Time: 1.12, lr: [0.0005132250891491356], Loss: 3.268754, Acc:0.092878, Semantic loss: 0.905024, BCE loss: 1.472304, SB loss: 0.891426
2025-01-17 11:45:00,755 Epoch: [10/20] Iter:[100/192], Time: 1.12, lr: [0.0005107003403146087], Loss: 3.262750, Acc:0.094948, Semantic loss: 0.905829, BCE loss: 1.465602, SB loss: 0.891319
2025-01-17 11:45:12,477 Epoch: [10/20] Iter:[110/192], Time: 1.12, lr: [0.0005081742038669388], Loss: 3.259186, Acc:0.097762, Semantic loss: 0.906364, BCE loss: 1.461159, SB loss: 0.891664
2025-01-17 11:45:23,591 Epoch: [10/20] Iter:[120/192], Time: 1.12, lr: [0.0005056466713707024], Loss: 3.273751, Acc:0.096844, Semantic loss: 0.906304, BCE loss: 1.473294, SB loss: 0.894153
2025-01-17 11:45:35,007 Epoch: [10/20] Iter:[130/192], Time: 1.12, lr: [0.0005031177342920336], Loss: 3.289590, Acc:0.097102, Semantic loss: 0.905824, BCE loss: 1.488584, SB loss: 0.895182
2025-01-17 11:45:47,065 Epoch: [10/20] Iter:[140/192], Time: 1.13, lr: [0.0005005873839969193], Loss: 3.293603, Acc:0.096463, Semantic loss: 0.906360, BCE loss: 1.491611, SB loss: 0.895631
2025-01-17 11:45:58,317 Epoch: [10/20] Iter:[150/192], Time: 1.13, lr: [0.000498055611749454], Loss: 3.297185, Acc:0.096013, Semantic loss: 0.906614, BCE loss: 1.494839, SB loss: 0.895733
2025-01-17 11:46:09,534 Epoch: [10/20] Iter:[160/192], Time: 1.13, lr: [0.0004955224087100553], Loss: 3.310616, Acc:0.093683, Semantic loss: 0.906628, BCE loss: 1.508066, SB loss: 0.895922
2025-01-17 11:46:21,524 Epoch: [10/20] Iter:[170/192], Time: 1.13, lr: [0.0004929877659336361], Loss: 3.308015, Acc:0.091566, Semantic loss: 0.906821, BCE loss: 1.505222, SB loss: 0.895971
2025-01-17 11:46:33,429 Epoch: [10/20] Iter:[180/192], Time: 1.14, lr: [0.000490451674367737], Loss: 3.297661, Acc:0.091468, Semantic loss: 0.907258, BCE loss: 1.494268, SB loss: 0.896135
2025-01-17 11:46:44,734 Epoch: [10/20] Iter:[190/192], Time: 1.14, lr: [0.00048791412485061096], Loss: 3.293054, Acc:0.094509, Semantic loss: 0.907385, BCE loss: 1.489676, SB loss: 0.895994
2025-01-17 11:50:38,487 0 [0.         0.2169484  0.3510788  0.23074817 0.45412701 0.16245131
 0.3346479  0.        ] 0.21875020017533903
2025-01-17 11:50:38,488 1 [0.00000000e+00 6.19544275e-02 6.51715741e-02 8.74007259e-02
 1.24078078e-08 6.01168275e-02 1.18318534e-01 0.00000000e+00] 0.049120262667432135
2025-01-17 11:50:38,512 => saving checkpoint to output/loveDa/pidnet_small_loveda_adam_dicecheckpoint.pth.tar
2025-01-17 11:50:38,807 Loss: 3.213, MeanIU:  0.0491, Best_mIoU:  0.0641
2025-01-17 11:50:38,807 [0.00000000e+00 6.19544275e-02 6.51715741e-02 8.74007259e-02
 1.24078078e-08 6.01168275e-02 1.18318534e-01 0.00000000e+00]
2025-01-17 11:50:39,963 Epoch: [11/20] Iter:[0/192], Time: 0.94, lr: [0.00048740643917899543], Loss: 2.683149, Acc:0.055254, Semantic loss: 0.906826, BCE loss: 0.851538, SB loss: 0.924784
2025-01-17 11:50:52,222 Epoch: [11/20] Iter:[10/192], Time: 1.20, lr: [0.0004848671278701159], Loss: 3.352770, Acc:0.107635, Semantic loss: 0.908369, BCE loss: 1.531408, SB loss: 0.912993
2025-01-17 11:51:03,842 Epoch: [11/20] Iter:[20/192], Time: 1.18, lr: [0.000482326338059753], Loss: 3.378845, Acc:0.114354, Semantic loss: 0.904562, BCE loss: 1.556404, SB loss: 0.917879
2025-01-17 11:51:15,437 Epoch: [11/20] Iter:[30/192], Time: 1.18, lr: [0.000479784060223045], Loss: 3.446846, Acc:0.106886, Semantic loss: 0.902451, BCE loss: 1.631952, SB loss: 0.912444
2025-01-17 11:51:27,556 Epoch: [11/20] Iter:[40/192], Time: 1.18, lr: [0.00047724028471729513], Loss: 3.411729, Acc:0.104035, Semantic loss: 0.905331, BCE loss: 1.598846, SB loss: 0.907552
2025-01-17 11:51:37,808 Epoch: [11/20] Iter:[50/192], Time: 1.15, lr: [0.0004746950017798064], Loss: 3.342436, Acc:0.111743, Semantic loss: 0.904723, BCE loss: 1.536357, SB loss: 0.901356
2025-01-17 11:51:49,466 Epoch: [11/20] Iter:[60/192], Time: 1.16, lr: [0.0004721482015256639], Loss: 3.307807, Acc:0.119174, Semantic loss: 0.905471, BCE loss: 1.503599, SB loss: 0.898738
2025-01-17 11:52:01,075 Epoch: [11/20] Iter:[70/192], Time: 1.16, lr: [0.00046959987394546327], Loss: 3.265484, Acc:0.132020, Semantic loss: 0.907624, BCE loss: 1.458728, SB loss: 0.899132
2025-01-17 11:52:12,997 Epoch: [11/20] Iter:[80/192], Time: 1.16, lr: [0.00046705000890298165], Loss: 3.259376, Acc:0.130274, Semantic loss: 0.907503, BCE loss: 1.451162, SB loss: 0.900711
2025-01-17 11:52:24,635 Epoch: [11/20] Iter:[90/192], Time: 1.16, lr: [0.0004644985961327915], Loss: 3.276175, Acc:0.122231, Semantic loss: 0.906775, BCE loss: 1.467177, SB loss: 0.902223
2025-01-17 11:52:35,850 Epoch: [11/20] Iter:[100/192], Time: 1.16, lr: [0.0004619456252378151], Loss: 3.287336, Acc:0.124065, Semantic loss: 0.907064, BCE loss: 1.478659, SB loss: 0.901613
2025-01-17 11:52:46,772 Epoch: [11/20] Iter:[110/192], Time: 1.15, lr: [0.00045939108568681595], Loss: 3.288389, Acc:0.124562, Semantic loss: 0.907177, BCE loss: 1.478889, SB loss: 0.902324
2025-01-17 11:52:58,051 Epoch: [11/20] Iter:[120/192], Time: 1.15, lr: [0.00045683496681182817], Loss: 3.280672, Acc:0.122906, Semantic loss: 0.906615, BCE loss: 1.473267, SB loss: 0.900791
2025-01-17 11:53:09,649 Epoch: [11/20] Iter:[130/192], Time: 1.15, lr: [0.00045427725780551966], Loss: 3.287538, Acc:0.123380, Semantic loss: 0.907284, BCE loss: 1.480176, SB loss: 0.900078
2025-01-17 11:53:20,778 Epoch: [11/20] Iter:[140/192], Time: 1.15, lr: [0.00045171794771848705], Loss: 3.278834, Acc:0.122008, Semantic loss: 0.907298, BCE loss: 1.472014, SB loss: 0.899522
2025-01-17 11:53:32,264 Epoch: [11/20] Iter:[150/192], Time: 1.15, lr: [0.00044915702545648175], Loss: 3.277205, Acc:0.120844, Semantic loss: 0.907278, BCE loss: 1.470452, SB loss: 0.899475
2025-01-17 11:53:43,294 Epoch: [11/20] Iter:[160/192], Time: 1.14, lr: [0.00044659447977756357], Loss: 3.280958, Acc:0.117186, Semantic loss: 0.907165, BCE loss: 1.474866, SB loss: 0.898927
2025-01-17 11:53:54,205 Epoch: [11/20] Iter:[170/192], Time: 1.14, lr: [0.00044403029928917953], Loss: 3.279996, Acc:0.115321, Semantic loss: 0.907587, BCE loss: 1.473579, SB loss: 0.898830
2025-01-17 11:54:06,340 Epoch: [11/20] Iter:[180/192], Time: 1.15, lr: [0.00044146447244516586], Loss: 3.278665, Acc:0.116112, Semantic loss: 0.907319, BCE loss: 1.473274, SB loss: 0.898071
2025-01-17 11:54:17,596 Epoch: [11/20] Iter:[190/192], Time: 1.14, lr: [0.0004388969875426714], Loss: 3.286316, Acc:0.113440, Semantic loss: 0.907062, BCE loss: 1.482038, SB loss: 0.897216
2025-01-17 11:58:10,189 0 [0.         0.27384446 0.37413557 0.2089012  0.54713035 0.22350247
 0.41265412 0.        ] 0.2550210219608051
2025-01-17 11:58:10,189 1 [0.         0.0728307  0.03092068 0.04710111 0.         0.03879678
 0.0615554  0.        ] 0.031400582982499176
2025-01-17 11:58:10,213 => saving checkpoint to output/loveDa/pidnet_small_loveda_adam_dicecheckpoint.pth.tar
2025-01-17 11:58:10,487 Loss: 3.149, MeanIU:  0.0314, Best_mIoU:  0.0641
2025-01-17 11:58:10,487 [0.         0.0728307  0.03092068 0.04710111 0.         0.03879678
 0.0615554  0.        ]
2025-01-17 11:58:11,680 Epoch: [12/20] Iter:[0/192], Time: 0.98, lr: [0.00043838329055408696], Loss: 3.038183, Acc:0.064470, Semantic loss: 0.902922, BCE loss: 1.264566, SB loss: 0.870695
2025-01-17 11:58:23,214 Epoch: [12/20] Iter:[10/192], Time: 1.14, lr: [0.00043581380030835936], Loss: 3.211546, Acc:0.109429, Semantic loss: 0.904260, BCE loss: 1.428169, SB loss: 0.879117
2025-01-17 11:58:34,507 Epoch: [12/20] Iter:[20/192], Time: 1.14, lr: [0.0004332426256906424], Loss: 3.269370, Acc:0.100361, Semantic loss: 0.903910, BCE loss: 1.488162, SB loss: 0.877298
2025-01-17 11:58:45,965 Epoch: [12/20] Iter:[30/192], Time: 1.14, lr: [0.00043066975447503063], Loss: 3.265618, Acc:0.111907, Semantic loss: 0.903056, BCE loss: 1.485210, SB loss: 0.877352
2025-01-17 11:58:56,787 Epoch: [12/20] Iter:[40/192], Time: 1.13, lr: [0.000428095174265078], Loss: 3.346021, Acc:0.114609, Semantic loss: 0.903070, BCE loss: 1.557685, SB loss: 0.885266
2025-01-17 11:59:07,969 Epoch: [12/20] Iter:[50/192], Time: 1.12, lr: [0.0004255188724902623], Loss: 3.376435, Acc:0.116744, Semantic loss: 0.903104, BCE loss: 1.582089, SB loss: 0.891242
2025-01-17 11:59:19,514 Epoch: [12/20] Iter:[60/192], Time: 1.13, lr: [0.0004229408364023519], Loss: 3.337758, Acc:0.119832, Semantic loss: 0.904075, BCE loss: 1.540938, SB loss: 0.892746
2025-01-17 11:59:31,037 Epoch: [12/20] Iter:[70/192], Time: 1.13, lr: [0.0004203610530716726], Loss: 3.317170, Acc:0.115971, Semantic loss: 0.904890, BCE loss: 1.520188, SB loss: 0.892091
2025-01-17 11:59:42,838 Epoch: [12/20] Iter:[80/192], Time: 1.14, lr: [0.0004177795093832693], Loss: 3.313147, Acc:0.117489, Semantic loss: 0.904785, BCE loss: 1.518402, SB loss: 0.889959
2025-01-17 11:59:54,327 Epoch: [12/20] Iter:[90/192], Time: 1.14, lr: [0.0004151961920329593], Loss: 3.312156, Acc:0.117101, Semantic loss: 0.904140, BCE loss: 1.517526, SB loss: 0.890490
2025-01-17 12:00:05,177 Epoch: [12/20] Iter:[100/192], Time: 1.13, lr: [0.00041261108752327434], Loss: 3.309941, Acc:0.116122, Semantic loss: 0.904535, BCE loss: 1.515486, SB loss: 0.889920
2025-01-17 12:00:16,751 Epoch: [12/20] Iter:[110/192], Time: 1.14, lr: [0.0004100241821592866], Loss: 3.286669, Acc:0.116742, Semantic loss: 0.905373, BCE loss: 1.491764, SB loss: 0.889533
2025-01-17 12:00:28,383 Epoch: [12/20] Iter:[120/192], Time: 1.14, lr: [0.000407435462044314], Loss: 3.279103, Acc:0.117001, Semantic loss: 0.905188, BCE loss: 1.485122, SB loss: 0.888793
2025-01-17 12:00:39,752 Epoch: [12/20] Iter:[130/192], Time: 1.14, lr: [0.00040484491307550156], Loss: 3.284703, Acc:0.114038, Semantic loss: 0.905268, BCE loss: 1.491941, SB loss: 0.887495
2025-01-17 12:00:51,049 Epoch: [12/20] Iter:[140/192], Time: 1.14, lr: [0.0004022525209392748], Loss: 3.277970, Acc:0.115659, Semantic loss: 0.905070, BCE loss: 1.485676, SB loss: 0.887224
2025-01-17 12:01:01,762 Epoch: [12/20] Iter:[150/192], Time: 1.13, lr: [0.0003996582711066572], Loss: 3.279233, Acc:0.114527, Semantic loss: 0.904182, BCE loss: 1.489675, SB loss: 0.885376
2025-01-17 12:01:12,827 Epoch: [12/20] Iter:[160/192], Time: 1.13, lr: [0.0003970621488284514], Loss: 3.273971, Acc:0.115612, Semantic loss: 0.904426, BCE loss: 1.484112, SB loss: 0.885433
2025-01-17 12:01:24,341 Epoch: [12/20] Iter:[170/192], Time: 1.13, lr: [0.0003944641391302759], Loss: 3.267961, Acc:0.113332, Semantic loss: 0.904488, BCE loss: 1.478436, SB loss: 0.885037
2025-01-17 12:01:35,619 Epoch: [12/20] Iter:[180/192], Time: 1.13, lr: [0.0003918642268074522], Loss: 3.275689, Acc:0.117170, Semantic loss: 0.904847, BCE loss: 1.485166, SB loss: 0.885676
2025-01-17 12:01:46,999 Epoch: [12/20] Iter:[190/192], Time: 1.13, lr: [0.00038926239641973783], Loss: 3.280443, Acc:0.117243, Semantic loss: 0.904522, BCE loss: 1.489911, SB loss: 0.886010
2025-01-17 12:05:41,572 0 [0.         0.29191615 0.37355966 0.3080314  0.56451693 0.22501593
 0.35177773 0.        ] 0.2643522253003575
2025-01-17 12:05:41,573 1 [0.         0.04282167 0.03159627 0.06865428 0.         0.05192975
 0.05123044 0.        ] 0.030779051121867004
2025-01-17 12:05:41,595 => saving checkpoint to output/loveDa/pidnet_small_loveda_adam_dicecheckpoint.pth.tar
2025-01-17 12:05:41,885 Loss: 3.171, MeanIU:  0.0308, Best_mIoU:  0.0641
2025-01-17 12:05:41,885 [0.         0.04282167 0.03159627 0.06865428 0.         0.05192975
 0.05123044 0.        ]
2025-01-17 12:05:43,088 Epoch: [13/20] Iter:[0/192], Time: 1.00, lr: [0.0003887417987987635], Loss: 3.374421, Acc:0.245162, Semantic loss: 0.907832, BCE loss: 1.590403, SB loss: 0.876185
2025-01-17 12:05:54,801 Epoch: [13/20] Iter:[10/192], Time: 1.16, lr: [0.0003861376460123532], Loss: 3.312561, Acc:0.156761, Semantic loss: 0.899017, BCE loss: 1.536529, SB loss: 0.877016
2025-01-17 12:06:06,142 Epoch: [13/20] Iter:[20/192], Time: 1.15, lr: [0.0003835315403363414], Loss: 3.232163, Acc:0.145405, Semantic loss: 0.907125, BCE loss: 1.445383, SB loss: 0.879656
2025-01-17 12:06:17,349 Epoch: [13/20] Iter:[30/192], Time: 1.14, lr: [0.000380923465539378], Loss: 3.252068, Acc:0.137313, Semantic loss: 0.906223, BCE loss: 1.465441, SB loss: 0.880404
2025-01-17 12:06:27,924 Epoch: [13/20] Iter:[40/192], Time: 1.12, lr: [0.00037831340513060205], Loss: 3.208414, Acc:0.132222, Semantic loss: 0.905927, BCE loss: 1.420301, SB loss: 0.882186
2025-01-17 12:06:39,590 Epoch: [13/20] Iter:[50/192], Time: 1.13, lr: [0.0003757013423534689], Loss: 3.240132, Acc:0.128758, Semantic loss: 0.904707, BCE loss: 1.454102, SB loss: 0.881323
2025-01-17 12:06:51,712 Epoch: [13/20] Iter:[60/192], Time: 1.14, lr: [0.0003730872601793835], Loss: 3.215657, Acc:0.131778, Semantic loss: 0.907196, BCE loss: 1.425288, SB loss: 0.883173
2025-01-17 12:07:03,395 Epoch: [13/20] Iter:[70/192], Time: 1.15, lr: [0.000370471141301129], Loss: 3.214530, Acc:0.127272, Semantic loss: 0.907374, BCE loss: 1.425291, SB loss: 0.881865
2025-01-17 12:07:14,526 Epoch: [13/20] Iter:[80/192], Time: 1.14, lr: [0.000367852968126084], Loss: 3.212521, Acc:0.125914, Semantic loss: 0.906493, BCE loss: 1.425635, SB loss: 0.880394
2025-01-17 12:07:25,740 Epoch: [13/20] Iter:[90/192], Time: 1.14, lr: [0.0003652327227692201], Loss: 3.215537, Acc:0.129919, Semantic loss: 0.905396, BCE loss: 1.428879, SB loss: 0.881262
2025-01-17 12:07:36,575 Epoch: [13/20] Iter:[100/192], Time: 1.13, lr: [0.00036261038704587037], Loss: 3.230947, Acc:0.126183, Semantic loss: 0.905109, BCE loss: 1.442058, SB loss: 0.883780
2025-01-17 12:07:48,488 Epoch: [13/20] Iter:[110/192], Time: 1.14, lr: [0.00035998594246425844], Loss: 3.236389, Acc:0.125208, Semantic loss: 0.904322, BCE loss: 1.446320, SB loss: 0.885748
2025-01-17 12:07:59,836 Epoch: [13/20] Iter:[120/192], Time: 1.14, lr: [0.00035735937021778066], Loss: 3.240002, Acc:0.124024, Semantic loss: 0.904112, BCE loss: 1.449653, SB loss: 0.886237
2025-01-17 12:08:11,516 Epoch: [13/20] Iter:[130/192], Time: 1.14, lr: [0.00035473065117702884], Loss: 3.239893, Acc:0.122333, Semantic loss: 0.903785, BCE loss: 1.450293, SB loss: 0.885816
2025-01-17 12:08:23,343 Epoch: [13/20] Iter:[140/192], Time: 1.14, lr: [0.0003520997658815433], Loss: 3.221209, Acc:0.126458, Semantic loss: 0.904848, BCE loss: 1.431227, SB loss: 0.885134
2025-01-17 12:08:34,529 Epoch: [13/20] Iter:[150/192], Time: 1.14, lr: [0.0003494666945312851], Loss: 3.216911, Acc:0.128869, Semantic loss: 0.904680, BCE loss: 1.427826, SB loss: 0.884405
2025-01-17 12:08:45,468 Epoch: [13/20] Iter:[160/192], Time: 1.14, lr: [0.000346831416977816], Loss: 3.225596, Acc:0.129266, Semantic loss: 0.904654, BCE loss: 1.434970, SB loss: 0.885972
2025-01-17 12:08:57,192 Epoch: [13/20] Iter:[170/192], Time: 1.14, lr: [0.0003441939127151716], Loss: 3.226041, Acc:0.128552, Semantic loss: 0.904312, BCE loss: 1.434860, SB loss: 0.886869
2025-01-17 12:09:08,977 Epoch: [13/20] Iter:[180/192], Time: 1.14, lr: [0.0003415541608704165], Loss: 3.228315, Acc:0.127739, Semantic loss: 0.903948, BCE loss: 1.437148, SB loss: 0.887218
2025-01-17 12:09:19,981 Epoch: [13/20] Iter:[190/192], Time: 1.14, lr: [0.0003389121401938665], Loss: 3.232960, Acc:0.124702, Semantic loss: 0.903840, BCE loss: 1.442259, SB loss: 0.886861
2025-01-17 12:13:13,286 0 [0.         0.31783045 0.29473089 0.28551107 0.5494636  0.17562388
 0.38026952 0.        ] 0.25042867640794697
2025-01-17 12:13:13,286 1 [0.         0.04087047 0.02378295 0.02493171 0.         0.05763261
 0.0460509  0.        ] 0.024158580771885436
2025-01-17 12:13:13,310 => saving checkpoint to output/loveDa/pidnet_small_loveda_adam_dicecheckpoint.pth.tar
2025-01-17 12:13:13,587 Loss: 3.155, MeanIU:  0.0242, Best_mIoU:  0.0641
2025-01-17 12:13:13,587 [0.         0.04087047 0.02378295 0.02493171 0.         0.05763261
 0.0460509  0.        ]
2025-01-17 12:13:14,832 Epoch: [14/20] Iter:[0/192], Time: 1.04, lr: [0.0003383834619016499], Loss: 2.691369, Acc:0.088526, Semantic loss: 0.907790, BCE loss: 0.896148, SB loss: 0.887431
2025-01-17 12:13:26,369 Epoch: [14/20] Iter:[10/192], Time: 1.15, lr: [0.00033573869003190925], Loss: 3.053476, Acc:0.148582, Semantic loss: 0.904729, BCE loss: 1.260082, SB loss: 0.888664
2025-01-17 12:13:37,771 Epoch: [14/20] Iter:[20/192], Time: 1.14, lr: [0.00033309160120447595], Loss: 3.149595, Acc:0.123930, Semantic loss: 0.907779, BCE loss: 1.353394, SB loss: 0.888422
2025-01-17 12:13:48,726 Epoch: [14/20] Iter:[30/192], Time: 1.13, lr: [0.0003304421728942121], Loss: 3.188238, Acc:0.116683, Semantic loss: 0.905964, BCE loss: 1.397267, SB loss: 0.885007
2025-01-17 12:13:59,474 Epoch: [14/20] Iter:[40/192], Time: 1.11, lr: [0.00032779038215418195], Loss: 3.190700, Acc:0.118451, Semantic loss: 0.905623, BCE loss: 1.400424, SB loss: 0.884653
2025-01-17 12:14:10,477 Epoch: [14/20] Iter:[50/192], Time: 1.11, lr: [0.00032513620560388793], Loss: 3.217059, Acc:0.118346, Semantic loss: 0.903676, BCE loss: 1.433253, SB loss: 0.880130
2025-01-17 12:14:22,051 Epoch: [14/20] Iter:[60/192], Time: 1.12, lr: [0.0003224796194170671], Loss: 3.235886, Acc:0.107796, Semantic loss: 0.904321, BCE loss: 1.452902, SB loss: 0.878663
2025-01-17 12:14:33,534 Epoch: [14/20] Iter:[70/192], Time: 1.12, lr: [0.0003198205993090303], Loss: 3.239031, Acc:0.109612, Semantic loss: 0.904313, BCE loss: 1.454849, SB loss: 0.879868
2025-01-17 12:14:45,222 Epoch: [14/20] Iter:[80/192], Time: 1.13, lr: [0.000317159120523522], Loss: 3.240562, Acc:0.108092, Semantic loss: 0.904714, BCE loss: 1.455073, SB loss: 0.880774
2025-01-17 12:14:56,662 Epoch: [14/20] Iter:[90/192], Time: 1.13, lr: [0.00031449515781907555], Loss: 3.246778, Acc:0.105562, Semantic loss: 0.903801, BCE loss: 1.462679, SB loss: 0.880297
2025-01-17 12:15:07,655 Epoch: [14/20] Iter:[100/192], Time: 1.13, lr: [0.0003118286854548424], Loss: 3.255687, Acc:0.101123, Semantic loss: 0.903683, BCE loss: 1.472993, SB loss: 0.879011
2025-01-17 12:15:19,562 Epoch: [14/20] Iter:[110/192], Time: 1.13, lr: [0.0003091596771758693], Loss: 3.253187, Acc:0.105251, Semantic loss: 0.904096, BCE loss: 1.470109, SB loss: 0.878982
2025-01-17 12:15:31,190 Epoch: [14/20] Iter:[120/192], Time: 1.14, lr: [0.0003064881061977943], Loss: 3.264237, Acc:0.103086, Semantic loss: 0.903056, BCE loss: 1.483355, SB loss: 0.877827
2025-01-17 12:15:43,090 Epoch: [14/20] Iter:[130/192], Time: 1.14, lr: [0.00030381394519093604], Loss: 3.259856, Acc:0.100268, Semantic loss: 0.903663, BCE loss: 1.478034, SB loss: 0.878159
2025-01-17 12:15:54,246 Epoch: [14/20] Iter:[140/192], Time: 1.14, lr: [0.00030113716626374316], Loss: 3.247914, Acc:0.101376, Semantic loss: 0.903552, BCE loss: 1.467240, SB loss: 0.877122
2025-01-17 12:16:05,886 Epoch: [14/20] Iter:[150/192], Time: 1.14, lr: [0.0002984577409455734], Loss: 3.249215, Acc:0.104479, Semantic loss: 0.903700, BCE loss: 1.468504, SB loss: 0.877010
2025-01-17 12:16:17,369 Epoch: [14/20] Iter:[160/192], Time: 1.14, lr: [0.0002957756401687678], Loss: 3.230219, Acc:0.103032, Semantic loss: 0.904778, BCE loss: 1.448014, SB loss: 0.877427
2025-01-17 12:16:29,002 Epoch: [14/20] Iter:[170/192], Time: 1.14, lr: [0.00029309083424998287], Loss: 3.228817, Acc:0.103305, Semantic loss: 0.904622, BCE loss: 1.446920, SB loss: 0.877275
2025-01-17 12:16:40,587 Epoch: [14/20] Iter:[180/192], Time: 1.14, lr: [0.00029040329287074367], Loss: 3.239680, Acc:0.105048, Semantic loss: 0.903897, BCE loss: 1.459239, SB loss: 0.876544
2025-01-17 12:16:51,752 Epoch: [14/20] Iter:[190/192], Time: 1.14, lr: [0.0002877129850571755], Loss: 3.243809, Acc:0.105617, Semantic loss: 0.903588, BCE loss: 1.464081, SB loss: 0.876139
2025-01-17 12:20:45,276 0 [0.         0.31023375 0.34607538 0.23820826 0.39654601 0.21212635
 0.35985088 0.        ] 0.2328800796915997
2025-01-17 12:20:45,276 1 [0.         0.04889022 0.01981578 0.05414627 0.         0.05709325
 0.06253403 0.        ] 0.030309944505735126
2025-01-17 12:20:45,299 => saving checkpoint to output/loveDa/pidnet_small_loveda_adam_dicecheckpoint.pth.tar
2025-01-17 12:20:45,602 Loss: 3.154, MeanIU:  0.0303, Best_mIoU:  0.0641
2025-01-17 12:20:45,603 [0.         0.04889022 0.01981578 0.05414627 0.         0.05709325
 0.06253403 0.        ]
2025-01-17 12:20:46,710 Epoch: [15/20] Iter:[0/192], Time: 0.90, lr: [0.0002871745887492587], Loss: 3.717110, Acc:0.142738, Semantic loss: 0.904529, BCE loss: 1.935355, SB loss: 0.877226
2025-01-17 12:20:58,046 Epoch: [15/20] Iter:[10/192], Time: 1.12, lr: [0.00028448091937488323], Loss: 3.258293, Acc:0.112460, Semantic loss: 0.902029, BCE loss: 1.479725, SB loss: 0.876540
2025-01-17 12:21:09,600 Epoch: [15/20] Iter:[20/192], Time: 1.13, lr: [0.0002817844130111582], Loss: 3.253454, Acc:0.116689, Semantic loss: 0.902380, BCE loss: 1.478189, SB loss: 0.872884
2025-01-17 12:21:20,779 Epoch: [15/20] Iter:[30/192], Time: 1.13, lr: [0.00027908503644035994], Loss: 3.233526, Acc:0.115930, Semantic loss: 0.901161, BCE loss: 1.461567, SB loss: 0.870798
2025-01-17 12:21:30,990 Epoch: [15/20] Iter:[40/192], Time: 1.10, lr: [0.000276382755694241], Loss: 3.224165, Acc:0.131377, Semantic loss: 0.900710, BCE loss: 1.448078, SB loss: 0.875377
2025-01-17 12:21:41,981 Epoch: [15/20] Iter:[50/192], Time: 1.10, lr: [0.0002736775360287257], Loss: 3.240911, Acc:0.129428, Semantic loss: 0.900677, BCE loss: 1.461732, SB loss: 0.878502
2025-01-17 12:21:53,452 Epoch: [15/20] Iter:[60/192], Time: 1.11, lr: [0.0002709693418974644], Loss: 3.259868, Acc:0.121790, Semantic loss: 0.901600, BCE loss: 1.478506, SB loss: 0.879762
2025-01-17 12:22:04,900 Epoch: [15/20] Iter:[70/192], Time: 1.11, lr: [0.0002682581369241816], Loss: 3.267032, Acc:0.112730, Semantic loss: 0.901906, BCE loss: 1.483300, SB loss: 0.881826
2025-01-17 12:22:16,660 Epoch: [15/20] Iter:[80/192], Time: 1.12, lr: [0.00026554388387375], Loss: 3.238526, Acc:0.115660, Semantic loss: 0.902658, BCE loss: 1.450699, SB loss: 0.885169
2025-01-17 12:22:27,509 Epoch: [15/20] Iter:[90/192], Time: 1.12, lr: [0.00026282654462191605], Loss: 3.255636, Acc:0.112843, Semantic loss: 0.901085, BCE loss: 1.470792, SB loss: 0.883759
2025-01-17 12:22:38,596 Epoch: [15/20] Iter:[100/192], Time: 1.12, lr: [0.00026010608012359723], Loss: 3.245336, Acc:0.107697, Semantic loss: 0.900930, BCE loss: 1.461896, SB loss: 0.882510
2025-01-17 12:22:49,983 Epoch: [15/20] Iter:[110/192], Time: 1.12, lr: [0.0002573824503796671], Loss: 3.242680, Acc:0.108022, Semantic loss: 0.900956, BCE loss: 1.460893, SB loss: 0.880830
2025-01-17 12:23:01,945 Epoch: [15/20] Iter:[120/192], Time: 1.13, lr: [0.000254655614402138], Loss: 3.234982, Acc:0.108453, Semantic loss: 0.901214, BCE loss: 1.452277, SB loss: 0.881491
2025-01-17 12:23:13,438 Epoch: [15/20] Iter:[130/192], Time: 1.13, lr: [0.00025192553017764117], Loss: 3.228306, Acc:0.110068, Semantic loss: 0.901465, BCE loss: 1.444614, SB loss: 0.882227
2025-01-17 12:23:24,975 Epoch: [15/20] Iter:[140/192], Time: 1.13, lr: [0.00024919215462910344], Loss: 3.222475, Acc:0.107364, Semantic loss: 0.901799, BCE loss: 1.437711, SB loss: 0.882966
2025-01-17 12:23:35,897 Epoch: [15/20] Iter:[150/192], Time: 1.13, lr: [0.0002464554435755058], Loss: 3.227231, Acc:0.106840, Semantic loss: 0.901896, BCE loss: 1.442319, SB loss: 0.883016
2025-01-17 12:23:46,581 Epoch: [15/20] Iter:[160/192], Time: 1.12, lr: [0.00024371535168960282], Loss: 3.227876, Acc:0.107491, Semantic loss: 0.901244, BCE loss: 1.444772, SB loss: 0.881861
2025-01-17 12:23:57,959 Epoch: [15/20] Iter:[170/192], Time: 1.12, lr: [0.00024097183245347465], Loss: 3.232904, Acc:0.104645, Semantic loss: 0.901628, BCE loss: 1.450397, SB loss: 0.880879
2025-01-17 12:24:09,453 Epoch: [15/20] Iter:[180/192], Time: 1.13, lr: [0.00023822483811177], Loss: 3.241251, Acc:0.102705, Semantic loss: 0.901170, BCE loss: 1.460473, SB loss: 0.879608
2025-01-17 12:24:20,706 Epoch: [15/20] Iter:[190/192], Time: 1.13, lr: [0.00023547431962248907], Loss: 3.229578, Acc:0.103679, Semantic loss: 0.901696, BCE loss: 1.448380, SB loss: 0.879502
2025-01-17 12:28:09,564 0 [0.         0.3150208  0.38952221 0.33321654 0.54848731 0.23220191
 0.37023221 0.        ] 0.2735851229391501
2025-01-17 12:28:09,564 1 [0.         0.08399439 0.04919096 0.0730586  0.         0.05844038
 0.06460941 0.        ] 0.041161717701592784
2025-01-17 12:28:09,606 => saving checkpoint to output/loveDa/pidnet_small_loveda_adam_dicecheckpoint.pth.tar
2025-01-17 12:28:09,982 Loss: 3.100, MeanIU:  0.0412, Best_mIoU:  0.0641
2025-01-17 12:28:09,982 [0.         0.08399439 0.04919096 0.0730586  0.         0.05844038
 0.06460941 0.        ]
2025-01-17 12:28:11,182 Epoch: [16/20] Iter:[0/192], Time: 1.01, lr: [0.00023492378861760376], Loss: 3.688768, Acc:0.039458, Semantic loss: 0.898042, BCE loss: 1.943204, SB loss: 0.847522
2025-01-17 12:28:22,213 Epoch: [16/20] Iter:[10/192], Time: 1.10, lr: [0.00023216897452738746], Loss: 3.223057, Acc:0.117799, Semantic loss: 0.892458, BCE loss: 1.480516, SB loss: 0.850082
2025-01-17 12:28:33,308 Epoch: [16/20] Iter:[20/192], Time: 1.10, lr: [0.00022941052360858028], Loss: 3.204521, Acc:0.113193, Semantic loss: 0.899903, BCE loss: 1.447192, SB loss: 0.857426
2025-01-17 12:28:44,731 Epoch: [16/20] Iter:[30/192], Time: 1.12, lr: [0.00022664838233947226], Loss: 3.287837, Acc:0.105207, Semantic loss: 0.899385, BCE loss: 1.527493, SB loss: 0.860958
2025-01-17 12:28:56,616 Epoch: [16/20] Iter:[40/192], Time: 1.13, lr: [0.00022388249567421018], Loss: 3.313209, Acc:0.100948, Semantic loss: 0.899243, BCE loss: 1.554252, SB loss: 0.859714
2025-01-17 12:29:08,176 Epoch: [16/20] Iter:[50/192], Time: 1.14, lr: [0.00022111280697784268], Loss: 3.288717, Acc:0.097475, Semantic loss: 0.900253, BCE loss: 1.525514, SB loss: 0.862951
2025-01-17 12:29:19,378 Epoch: [16/20] Iter:[60/192], Time: 1.13, lr: [0.00021833925795765435], Loss: 3.282889, Acc:0.099937, Semantic loss: 0.900809, BCE loss: 1.517552, SB loss: 0.864528
2025-01-17 12:29:30,168 Epoch: [16/20] Iter:[70/192], Time: 1.13, lr: [0.00021556178859051967], Loss: 3.275032, Acc:0.100741, Semantic loss: 0.899311, BCE loss: 1.510425, SB loss: 0.865296
2025-01-17 12:29:41,514 Epoch: [16/20] Iter:[80/192], Time: 1.13, lr: [0.0002127803370459852], Loss: 3.262645, Acc:0.103032, Semantic loss: 0.900193, BCE loss: 1.495519, SB loss: 0.866933
2025-01-17 12:29:52,513 Epoch: [16/20] Iter:[90/192], Time: 1.12, lr: [0.0002099948396047651], Loss: 3.264026, Acc:0.100888, Semantic loss: 0.899649, BCE loss: 1.497758, SB loss: 0.866620
2025-01-17 12:30:03,997 Epoch: [16/20] Iter:[100/192], Time: 1.13, lr: [0.00020720523057230294], Loss: 3.241138, Acc:0.106176, Semantic loss: 0.899921, BCE loss: 1.474131, SB loss: 0.867086
2025-01-17 12:30:15,457 Epoch: [16/20] Iter:[110/192], Time: 1.13, lr: [0.0002044114421870228], Loss: 3.239883, Acc:0.105994, Semantic loss: 0.899313, BCE loss: 1.473596, SB loss: 0.866974
2025-01-17 12:30:26,987 Epoch: [16/20] Iter:[120/192], Time: 1.13, lr: [0.00020161340452285866], Loss: 3.231860, Acc:0.105198, Semantic loss: 0.899466, BCE loss: 1.465732, SB loss: 0.866661
2025-01-17 12:30:37,826 Epoch: [16/20] Iter:[130/192], Time: 1.13, lr: [0.00019881104538561117], Loss: 3.224359, Acc:0.102961, Semantic loss: 0.900445, BCE loss: 1.456641, SB loss: 0.867273
2025-01-17 12:30:48,993 Epoch: [16/20] Iter:[140/192], Time: 1.13, lr: [0.00019600429020263607], Loss: 3.214710, Acc:0.101692, Semantic loss: 0.901143, BCE loss: 1.445714, SB loss: 0.867853
2025-01-17 12:31:00,634 Epoch: [16/20] Iter:[150/192], Time: 1.13, lr: [0.00019319306190532476], Loss: 3.216566, Acc:0.102519, Semantic loss: 0.901074, BCE loss: 1.447627, SB loss: 0.867865
2025-01-17 12:31:12,315 Epoch: [16/20] Iter:[160/192], Time: 1.13, lr: [0.0001903772808037804], Loss: 3.206601, Acc:0.103903, Semantic loss: 0.901330, BCE loss: 1.437069, SB loss: 0.868202
2025-01-17 12:31:23,724 Epoch: [16/20] Iter:[170/192], Time: 1.13, lr: [0.00018755686445303313], Loss: 3.219138, Acc:0.103503, Semantic loss: 0.900769, BCE loss: 1.451322, SB loss: 0.867047
2025-01-17 12:31:35,016 Epoch: [16/20] Iter:[180/192], Time: 1.13, lr: [0.0001847317275100738], Loss: 3.205834, Acc:0.107506, Semantic loss: 0.901230, BCE loss: 1.437078, SB loss: 0.867526
2025-01-17 12:31:45,472 Epoch: [16/20] Iter:[190/192], Time: 1.13, lr: [0.00018190178158090874], Loss: 3.206990, Acc:0.106371, Semantic loss: 0.900900, BCE loss: 1.438429, SB loss: 0.867661
2025-01-17 12:35:39,912 0 [0.         0.3111977  0.34962706 0.30227416 0.55496027 0.22518454
 0.36939545 0.        ] 0.26407989908308266
2025-01-17 12:35:39,913 1 [0.         0.05099625 0.02493274 0.05210381 0.         0.05745832
 0.07975941 0.        ] 0.033156317232499774
2025-01-17 12:35:39,952 => saving checkpoint to output/loveDa/pidnet_small_loveda_adam_dicecheckpoint.pth.tar
2025-01-17 12:35:40,398 Loss: 3.122, MeanIU:  0.0332, Best_mIoU:  0.0641
2025-01-17 12:35:40,398 [0.         0.05099625 0.02493274 0.05210381 0.         0.05745832
 0.07975941 0.        ]
2025-01-17 12:35:41,567 Epoch: [17/20] Iter:[0/192], Time: 0.98, lr: [0.00018133520731367455], Loss: 3.682786, Acc:0.054794, Semantic loss: 0.877355, BCE loss: 1.955670, SB loss: 0.849761
2025-01-17 12:35:52,617 Epoch: [17/20] Iter:[10/192], Time: 1.10, lr: [0.0001784993693823396], Loss: 3.259877, Acc:0.100182, Semantic loss: 0.905036, BCE loss: 1.474413, SB loss: 0.880428
2025-01-17 12:36:03,656 Epoch: [17/20] Iter:[20/192], Time: 1.10, lr: [0.00017565851643374118], Loss: 3.180339, Acc:0.090064, Semantic loss: 0.907770, BCE loss: 1.396958, SB loss: 0.875611
2025-01-17 12:36:15,364 Epoch: [17/20] Iter:[30/192], Time: 1.12, lr: [0.00017281254915000802], Loss: 3.223088, Acc:0.085805, Semantic loss: 0.902624, BCE loss: 1.450958, SB loss: 0.869506
2025-01-17 12:36:26,956 Epoch: [17/20] Iter:[40/192], Time: 1.13, lr: [0.00016996136438923032], Loss: 3.166701, Acc:0.084367, Semantic loss: 0.903840, BCE loss: 1.392302, SB loss: 0.870558
2025-01-17 12:36:38,297 Epoch: [17/20] Iter:[50/192], Time: 1.13, lr: [0.0001671048549640385], Loss: 3.192288, Acc:0.089253, Semantic loss: 0.901771, BCE loss: 1.422324, SB loss: 0.868194
2025-01-17 12:36:49,843 Epoch: [17/20] Iter:[60/192], Time: 1.14, lr: [0.0001642429094029006], Loss: 3.222942, Acc:0.087967, Semantic loss: 0.901236, BCE loss: 1.453038, SB loss: 0.868668
2025-01-17 12:37:00,202 Epoch: [17/20] Iter:[70/192], Time: 1.12, lr: [0.0001613754116924296], Loss: 3.232138, Acc:0.098912, Semantic loss: 0.899196, BCE loss: 1.465643, SB loss: 0.867299
2025-01-17 12:37:11,609 Epoch: [17/20] Iter:[80/192], Time: 1.12, lr: [0.00015850224099878447], Loss: 3.222382, Acc:0.109008, Semantic loss: 0.899510, BCE loss: 1.455720, SB loss: 0.867152
2025-01-17 12:37:22,831 Epoch: [17/20] Iter:[90/192], Time: 1.12, lr: [0.0001556232713660091], Loss: 3.212879, Acc:0.106818, Semantic loss: 0.898748, BCE loss: 1.448175, SB loss: 0.865956
2025-01-17 12:37:34,625 Epoch: [17/20] Iter:[100/192], Time: 1.13, lr: [0.00015273837138888994], Loss: 3.233235, Acc:0.109130, Semantic loss: 0.899168, BCE loss: 1.467940, SB loss: 0.866127
2025-01-17 12:37:46,194 Epoch: [17/20] Iter:[110/192], Time: 1.13, lr: [0.00014984740385759552], Loss: 3.211690, Acc:0.109450, Semantic loss: 0.899726, BCE loss: 1.444899, SB loss: 0.867065
2025-01-17 12:37:57,300 Epoch: [17/20] Iter:[120/192], Time: 1.13, lr: [0.00014695022537100476], Loss: 3.212758, Acc:0.107618, Semantic loss: 0.899669, BCE loss: 1.446823, SB loss: 0.866266
2025-01-17 12:38:08,049 Epoch: [17/20] Iter:[130/192], Time: 1.13, lr: [0.00014404668591521847], Loss: 3.220895, Acc:0.106798, Semantic loss: 0.899818, BCE loss: 1.454376, SB loss: 0.866701
2025-01-17 12:38:19,528 Epoch: [17/20] Iter:[140/192], Time: 1.13, lr: [0.00014113662840326588], Loss: 3.229468, Acc:0.108463, Semantic loss: 0.899281, BCE loss: 1.463798, SB loss: 0.866390
2025-01-17 12:38:30,914 Epoch: [17/20] Iter:[150/192], Time: 1.13, lr: [0.00013821988817145787], Loss: 3.225651, Acc:0.110411, Semantic loss: 0.899321, BCE loss: 1.459461, SB loss: 0.866869
2025-01-17 12:38:42,778 Epoch: [17/20] Iter:[160/192], Time: 1.13, lr: [0.00013529629242719094], Loss: 3.221039, Acc:0.111805, Semantic loss: 0.899307, BCE loss: 1.455371, SB loss: 0.866361
2025-01-17 12:38:54,194 Epoch: [17/20] Iter:[170/192], Time: 1.13, lr: [0.000132365659642238], Loss: 3.215651, Acc:0.110923, Semantic loss: 0.899195, BCE loss: 1.450812, SB loss: 0.865644
2025-01-17 12:39:05,201 Epoch: [17/20] Iter:[180/192], Time: 1.13, lr: [0.0001294277988846652], Loss: 3.226337, Acc:0.110412, Semantic loss: 0.899324, BCE loss: 1.461628, SB loss: 0.865386
2025-01-17 12:39:15,594 Epoch: [17/20] Iter:[190/192], Time: 1.13, lr: [0.00012648250908145803], Loss: 3.218246, Acc:0.109021, Semantic loss: 0.899245, BCE loss: 1.453337, SB loss: 0.865664
2025-01-17 12:43:12,217 0 [0.         0.29765933 0.41001402 0.34287694 0.58250177 0.22582228
 0.38070106 0.        ] 0.27994692463547
2025-01-17 12:43:12,217 1 [0.         0.06186714 0.02651882 0.04915718 0.         0.05766387
 0.10605779 0.        ] 0.03765809982008597
2025-01-17 12:43:12,260 => saving checkpoint to output/loveDa/pidnet_small_loveda_adam_dicecheckpoint.pth.tar
2025-01-17 12:43:12,682 Loss: 3.100, MeanIU:  0.0377, Best_mIoU:  0.0641
2025-01-17 12:43:12,682 [0.         0.06186714 0.02651882 0.04915718 0.         0.05766387
 0.10605779 0.        ]
2025-01-17 12:43:13,832 Epoch: [18/20] Iter:[0/192], Time: 0.94, lr: [0.00012589254117941672], Loss: 3.139686, Acc:0.045896, Semantic loss: 0.896672, BCE loss: 1.416855, SB loss: 0.826159
2025-01-17 12:43:24,754 Epoch: [18/20] Iter:[10/192], Time: 1.08, lr: [0.00012293805561511606], Loss: 3.100736, Acc:0.079570, Semantic loss: 0.902734, BCE loss: 1.327055, SB loss: 0.870947
2025-01-17 12:43:35,952 Epoch: [18/20] Iter:[20/192], Time: 1.10, lr: [0.00011997565879500752], Loss: 3.136572, Acc:0.112198, Semantic loss: 0.901137, BCE loss: 1.364097, SB loss: 0.871338
2025-01-17 12:43:47,359 Epoch: [18/20] Iter:[30/192], Time: 1.11, lr: [0.00011700511125444005], Loss: 3.151366, Acc:0.108695, Semantic loss: 0.901308, BCE loss: 1.383316, SB loss: 0.866743
2025-01-17 12:43:58,672 Epoch: [18/20] Iter:[40/192], Time: 1.12, lr: [0.00011402615929770753], Loss: 3.207478, Acc:0.103613, Semantic loss: 0.897867, BCE loss: 1.446486, SB loss: 0.863126
2025-01-17 12:44:09,693 Epoch: [18/20] Iter:[50/192], Time: 1.11, lr: [0.00011103853371305413], Loss: 3.189729, Acc:0.106170, Semantic loss: 0.898070, BCE loss: 1.429100, SB loss: 0.862558
2025-01-17 12:44:20,856 Epoch: [18/20] Iter:[60/192], Time: 1.11, lr: [0.00010804194832959728], Loss: 3.158794, Acc:0.116006, Semantic loss: 0.899508, BCE loss: 1.394140, SB loss: 0.865147
2025-01-17 12:44:31,654 Epoch: [18/20] Iter:[70/192], Time: 1.11, lr: [0.00010503609839122385], Loss: 3.171893, Acc:0.116726, Semantic loss: 0.899831, BCE loss: 1.407004, SB loss: 0.865057
2025-01-17 12:44:42,851 Epoch: [18/20] Iter:[80/192], Time: 1.11, lr: [0.00010202065871765603], Loss: 3.176255, Acc:0.119406, Semantic loss: 0.899082, BCE loss: 1.412122, SB loss: 0.865052
2025-01-17 12:44:54,836 Epoch: [18/20] Iter:[90/192], Time: 1.12, lr: [9.899528161689141e-05], Loss: 3.175307, Acc:0.117556, Semantic loss: 0.899136, BCE loss: 1.412071, SB loss: 0.864099
2025-01-17 12:45:06,126 Epoch: [18/20] Iter:[100/192], Time: 1.12, lr: [9.595959450576827e-05], Loss: 3.180941, Acc:0.119719, Semantic loss: 0.898167, BCE loss: 1.418808, SB loss: 0.863966
2025-01-17 12:45:17,890 Epoch: [18/20] Iter:[110/192], Time: 1.13, lr: [9.29131971860904e-05], Loss: 3.157438, Acc:0.119574, Semantic loss: 0.899760, BCE loss: 1.392781, SB loss: 0.864897
2025-01-17 12:45:29,570 Epoch: [18/20] Iter:[120/192], Time: 1.13, lr: [8.985565871200919e-05], Loss: 3.157883, Acc:0.120304, Semantic loss: 0.900932, BCE loss: 1.391142, SB loss: 0.865810
2025-01-17 12:45:39,805 Epoch: [18/20] Iter:[130/192], Time: 1.12, lr: [8.678651376944954e-05], Loss: 3.161868, Acc:0.120987, Semantic loss: 0.900066, BCE loss: 1.397283, SB loss: 0.864518
2025-01-17 12:45:51,399 Epoch: [18/20] Iter:[140/192], Time: 1.12, lr: [8.370525846927471e-05], Loss: 3.169503, Acc:0.120463, Semantic loss: 0.899642, BCE loss: 1.405469, SB loss: 0.864391
2025-01-17 12:46:03,000 Epoch: [18/20] Iter:[150/192], Time: 1.13, lr: [8.06113454312208e-05], Loss: 3.173153, Acc:0.123026, Semantic loss: 0.899462, BCE loss: 1.409042, SB loss: 0.864650
2025-01-17 12:46:14,498 Epoch: [18/20] Iter:[160/192], Time: 1.13, lr: [7.750417800344363e-05], Loss: 3.188491, Acc:0.120909, Semantic loss: 0.899581, BCE loss: 1.423528, SB loss: 0.865382
2025-01-17 12:46:26,102 Epoch: [18/20] Iter:[170/192], Time: 1.13, lr: [7.438310342008949e-05], Loss: 3.184333, Acc:0.119500, Semantic loss: 0.899687, BCE loss: 1.418389, SB loss: 0.866257
2025-01-17 12:46:37,675 Epoch: [18/20] Iter:[180/192], Time: 1.13, lr: [7.124740464272778e-05], Loss: 3.194200, Acc:0.117901, Semantic loss: 0.899797, BCE loss: 1.428026, SB loss: 0.866378
2025-01-17 12:46:48,212 Epoch: [18/20] Iter:[190/192], Time: 1.13, lr: [6.809629055511224e-05], Loss: 3.196526, Acc:0.115974, Semantic loss: 0.899859, BCE loss: 1.430949, SB loss: 0.865718
2025-01-17 12:50:43,943 0 [0.         0.29787778 0.41932834 0.32782969 0.56288841 0.24417459
 0.41076357 0.        ] 0.2828577983306151
2025-01-17 12:50:43,943 1 [0.         0.05580844 0.03650477 0.05286136 0.         0.05708322
 0.04783892 0.        ] 0.031262087753977506
2025-01-17 12:50:43,987 => saving checkpoint to output/loveDa/pidnet_small_loveda_adam_dicecheckpoint.pth.tar
2025-01-17 12:50:44,363 Loss: 3.078, MeanIU:  0.0313, Best_mIoU:  0.0641
2025-01-17 12:50:44,363 [0.         0.05580844 0.03650477 0.05286136 0.         0.05708322
 0.04783892 0.        ]
2025-01-17 12:50:45,529 Epoch: [19/20] Iter:[0/192], Time: 0.98, lr: [6.746414238367822e-05], Loss: 2.618871, Acc:0.069007, Semantic loss: 0.910970, BCE loss: 0.831986, SB loss: 0.875915
2025-01-17 12:50:56,770 Epoch: [19/20] Iter:[10/192], Time: 1.11, lr: [6.429336362339899e-05], Loss: 3.001496, Acc:0.125971, Semantic loss: 0.910975, BCE loss: 1.218151, SB loss: 0.872369
2025-01-17 12:51:07,531 Epoch: [19/20] Iter:[20/192], Time: 1.09, lr: [6.110510578510948e-05], Loss: 3.021888, Acc:0.132996, Semantic loss: 0.905742, BCE loss: 1.246595, SB loss: 0.869551
2025-01-17 12:51:19,055 Epoch: [19/20] Iter:[30/192], Time: 1.11, lr: [5.7898246530189946e-05], Loss: 3.130935, Acc:0.122802, Semantic loss: 0.899454, BCE loss: 1.365690, SB loss: 0.865791
2025-01-17 12:51:30,892 Epoch: [19/20] Iter:[40/192], Time: 1.13, lr: [5.4671517322027764e-05], Loss: 3.160501, Acc:0.134774, Semantic loss: 0.900705, BCE loss: 1.389918, SB loss: 0.869878
2025-01-17 12:51:42,396 Epoch: [19/20] Iter:[50/192], Time: 1.13, lr: [5.142347343351296e-05], Loss: 3.150151, Acc:0.124720, Semantic loss: 0.900848, BCE loss: 1.379117, SB loss: 0.870186
2025-01-17 12:51:54,098 Epoch: [19/20] Iter:[60/192], Time: 1.14, lr: [4.815245523312483e-05], Loss: 3.166740, Acc:0.117947, Semantic loss: 0.900026, BCE loss: 1.395433, SB loss: 0.871281
2025-01-17 12:52:05,235 Epoch: [19/20] Iter:[70/192], Time: 1.14, lr: [4.485653735105489e-05], Loss: 3.173021, Acc:0.116301, Semantic loss: 0.899448, BCE loss: 1.404697, SB loss: 0.868876
2025-01-17 12:52:16,009 Epoch: [19/20] Iter:[80/192], Time: 1.13, lr: [4.1533460609889996e-05], Loss: 3.187538, Acc:0.117642, Semantic loss: 0.897981, BCE loss: 1.424568, SB loss: 0.864989
2025-01-17 12:52:27,336 Epoch: [19/20] Iter:[90/192], Time: 1.13, lr: [3.8180538785330435e-05], Loss: 3.169085, Acc:0.116894, Semantic loss: 0.897756, BCE loss: 1.406760, SB loss: 0.864569
2025-01-17 12:52:38,863 Epoch: [19/20] Iter:[100/192], Time: 1.13, lr: [3.4794527452517866e-05], Loss: 3.160893, Acc:0.117079, Semantic loss: 0.898430, BCE loss: 1.397197, SB loss: 0.865266
2025-01-17 12:52:50,326 Epoch: [19/20] Iter:[110/192], Time: 1.13, lr: [3.1371433588232e-05], Loss: 3.167463, Acc:0.116543, Semantic loss: 0.898006, BCE loss: 1.405551, SB loss: 0.863907
2025-01-17 12:53:01,724 Epoch: [19/20] Iter:[120/192], Time: 1.13, lr: [2.7906228428371633e-05], Loss: 3.166284, Acc:0.119748, Semantic loss: 0.898200, BCE loss: 1.404624, SB loss: 0.863459
2025-01-17 12:53:12,119 Epoch: [19/20] Iter:[130/192], Time: 1.13, lr: [2.439239356353784e-05], Loss: 3.174386, Acc:0.119430, Semantic loss: 0.898123, BCE loss: 1.413549, SB loss: 0.862714
2025-01-17 12:53:23,975 Epoch: [19/20] Iter:[140/192], Time: 1.13, lr: [2.0821159321002046e-05], Loss: 3.185968, Acc:0.115839, Semantic loss: 0.898204, BCE loss: 1.425456, SB loss: 0.862308
2025-01-17 12:53:35,818 Epoch: [19/20] Iter:[150/192], Time: 1.13, lr: [1.7180122628828944e-05], Loss: 3.194250, Acc:0.113802, Semantic loss: 0.898534, BCE loss: 1.433519, SB loss: 0.862198
2025-01-17 12:53:47,443 Epoch: [19/20] Iter:[160/192], Time: 1.14, lr: [1.3450451987183819e-05], Loss: 3.198828, Acc:0.112898, Semantic loss: 0.898338, BCE loss: 1.438581, SB loss: 0.861908
2025-01-17 12:53:58,951 Epoch: [19/20] Iter:[170/192], Time: 1.14, lr: [9.600244875192536e-06], Loss: 3.192650, Acc:0.112267, Semantic loss: 0.898560, BCE loss: 1.432008, SB loss: 0.862081
2025-01-17 12:54:11,022 Epoch: [19/20] Iter:[180/192], Time: 1.14, lr: [5.563716848048336e-06], Loss: 3.198133, Acc:0.111498, Semantic loss: 0.898582, BCE loss: 1.437594, SB loss: 0.861957
2025-01-17 12:54:22,086 Epoch: [19/20] Iter:[190/192], Time: 1.14, lr: [1.1092486125349496e-06], Loss: 3.206621, Acc:0.109592, Semantic loss: 0.898508, BCE loss: 1.445835, SB loss: 0.862278
2025-01-17 12:58:13,831 0 [0.         0.30067405 0.41130449 0.32774723 0.59010277 0.2440736
 0.37189449 0.        ] 0.280724579285512
2025-01-17 12:58:13,831 1 [0.         0.05134859 0.03263693 0.06302787 0.         0.05718691
 0.0644969  0.        ] 0.033587151274868846
2025-01-17 12:58:13,873 => saving checkpoint to output/loveDa/pidnet_small_loveda_adam_dicecheckpoint.pth.tar
2025-01-17 12:58:14,277 Loss: 3.096, MeanIU:  0.0336, Best_mIoU:  0.0641
2025-01-17 12:58:14,277 [0.         0.05134859 0.03263693 0.06302787 0.         0.05718691
 0.0644969  0.        ]
2025-01-17 12:58:14,369 Hours: 2
2025-01-17 12:58:14,369 Done
