2025-01-08 00:24:43,640 Namespace(cfg='configs/loveDa/pidnet_small_loveda_adam_oce_scheduler.yaml', seed=304, opts=['GPUS', '[0]', 'TRAIN.BATCH_SIZE_PER_GPU', '6'])
2025-01-08 00:24:43,640 AUTO_RESUME: False
CUDNN:
  BENCHMARK: True
  DETERMINISTIC: False
  ENABLED: True
DATASET:
  DATASET: loveDa
  EXTRA_TRAIN_SET: 
  NUM_CLASSES: 8
  ROOT: data/
  TEST_SET: list/loveDa/val.lst
  TRAIN_SET: list/loveDa/train.lst
GPUS: (0,)
LOG_DIR: log
LOSS:
  BALANCE_WEIGHTS: [0.4, 1.0]
  CLASS_BALANCE: False
  OHEMKEEP: 131072
  OHEMTHRES: 0.7
  SB_WEIGHTS: 0.5
  USE_OHEM: True
MODEL:
  ALIGN_CORNERS: True
  NAME: pidnet_small
  NUM_OUTPUTS: 2
  PRETRAINED: pretrained_models/imagenet/PIDNet_S_ImageNet.pth.tar
OUTPUT_DIR: output
PIN_MEMORY: True
PRINT_FREQ: 10
TEST:
  BASE_SIZE: 2048
  BATCH_SIZE_PER_GPU: 20
  FLIP_TEST: False
  IMAGE_SIZE: [1024, 1024]
  MODEL_FILE: 
  MULTI_SCALE: False
  OUTPUT_INDEX: 1
TRAIN:
  ADVERSARIAL: False
  AUG: False
  BASE_SIZE: 1440
  BATCH_SIZE_PER_GPU: 6
  BEGIN_EPOCH: 1
  END_EPOCH: 20
  EXTRA_EPOCH: 0
  EXTRA_LR: 0.001
  FLIP: True
  GAN: Vanilla
  IGNORE_LABEL: 0
  IMAGE_SIZE: [720, 720]
  LAMBDA_ADVT1: 0.001
  LAMBDA_ADVT2: 0.001
  LR: 0.001
  LR_D1: 0.001
  LR_D2: 0.001
  MOMENTUM: 0.9
  MULTI_SCALE: True
  NESTEROV: False
  OPTIMIZER: adam
  RESUME: False
  SCALE_FACTOR: 16
  SCHEDULER: True
  SHUFFLE: True
  WD: 0.0005
WORKERS: 0
2025-01-08 00:24:43,795 Attention!!!
2025-01-08 00:24:43,795 Loaded 302 parameters!
2025-01-08 00:24:43,795 Over!!!
2025-01-08 00:24:48,165 Epoch: [0/20] Iter:[0/192], Time: 2.89, lr: [0.0002], Loss: 5.424452, Acc:0.171777, Semantic loss: 0.573962, BCE loss: 4.626632, SB loss: 0.223858
2025-01-08 00:24:54,290 Epoch: [0/20] Iter:[10/192], Time: 0.81, lr: [0.00019953118890648385], Loss: 3.984542, Acc:0.272064, Semantic loss: 0.517475, BCE loss: 3.284298, SB loss: 0.182769
2025-01-08 00:25:00,404 Epoch: [0/20] Iter:[20/192], Time: 0.72, lr: [0.00019906225539185522], Loss: 3.569501, Acc:0.292065, Semantic loss: 0.484919, BCE loss: 2.920024, SB loss: 0.164557
2025-01-08 00:25:06,450 Epoch: [0/20] Iter:[30/192], Time: 0.68, lr: [0.00019859319910354564], Loss: 3.345218, Acc:0.312087, Semantic loss: 0.443388, BCE loss: 2.753967, SB loss: 0.147863
2025-01-08 00:25:12,604 Epoch: [0/20] Iter:[40/192], Time: 0.66, lr: [0.00019812401968704308], Loss: 3.155830, Acc:0.337199, Semantic loss: 0.418148, BCE loss: 2.600171, SB loss: 0.137512
2025-01-08 00:25:18,849 Epoch: [0/20] Iter:[50/192], Time: 0.66, lr: [0.00019765471678587608], Loss: 3.009179, Acc:0.347893, Semantic loss: 0.395379, BCE loss: 2.485955, SB loss: 0.127845
2025-01-08 00:25:24,932 Epoch: [0/20] Iter:[60/192], Time: 0.65, lr: [0.0001971852900415978], Loss: 2.863691, Acc:0.356564, Semantic loss: 0.378535, BCE loss: 2.364298, SB loss: 0.120857
2025-01-08 00:25:31,025 Epoch: [0/20] Iter:[70/192], Time: 0.64, lr: [0.0001967157390937697], Loss: 2.794810, Acc:0.366515, Semantic loss: 0.362910, BCE loss: 2.317966, SB loss: 0.113934
2025-01-08 00:25:37,079 Epoch: [0/20] Iter:[80/192], Time: 0.64, lr: [0.0001962460635799452], Loss: 2.699382, Acc:0.370793, Semantic loss: 0.348452, BCE loss: 2.241254, SB loss: 0.109676
2025-01-08 00:25:43,232 Epoch: [0/20] Iter:[90/192], Time: 0.64, lr: [0.00019577626313565326], Loss: 2.649221, Acc:0.381912, Semantic loss: 0.335310, BCE loss: 2.208976, SB loss: 0.104935
2025-01-08 00:25:49,440 Epoch: [0/20] Iter:[100/192], Time: 0.63, lr: [0.00019530633739438136], Loss: 2.600580, Acc:0.388637, Semantic loss: 0.325008, BCE loss: 2.173794, SB loss: 0.101777
2025-01-08 00:25:55,563 Epoch: [0/20] Iter:[110/192], Time: 0.63, lr: [0.00019483628598755885], Loss: 2.547799, Acc:0.397514, Semantic loss: 0.313496, BCE loss: 2.136195, SB loss: 0.098108
2025-01-08 00:26:01,662 Epoch: [0/20] Iter:[120/192], Time: 0.63, lr: [0.00019436610854453975], Loss: 2.493262, Acc:0.405030, Semantic loss: 0.304182, BCE loss: 2.093890, SB loss: 0.095190
2025-01-08 00:26:07,657 Epoch: [0/20] Iter:[130/192], Time: 0.63, lr: [0.00019389580469258532], Loss: 2.459477, Acc:0.407079, Semantic loss: 0.297384, BCE loss: 2.068768, SB loss: 0.093325
2025-01-08 00:26:13,771 Epoch: [0/20] Iter:[140/192], Time: 0.63, lr: [0.00019342537405684678], Loss: 2.412003, Acc:0.416717, Semantic loss: 0.289010, BCE loss: 2.032182, SB loss: 0.090811
2025-01-08 00:26:19,938 Epoch: [0/20] Iter:[150/192], Time: 0.63, lr: [0.00019295481626034752], Loss: 2.367802, Acc:0.420591, Semantic loss: 0.283212, BCE loss: 1.995431, SB loss: 0.089159
2025-01-08 00:26:25,935 Epoch: [0/20] Iter:[160/192], Time: 0.62, lr: [0.00019248413092396525], Loss: 2.330538, Acc:0.424505, Semantic loss: 0.277483, BCE loss: 1.965421, SB loss: 0.087634
2025-01-08 00:26:32,015 Epoch: [0/20] Iter:[170/192], Time: 0.62, lr: [0.00019201331766641378], Loss: 2.304646, Acc:0.429626, Semantic loss: 0.271992, BCE loss: 1.946841, SB loss: 0.085814
2025-01-08 00:26:38,185 Epoch: [0/20] Iter:[180/192], Time: 0.62, lr: [0.0001915423761042251], Loss: 2.269882, Acc:0.435220, Semantic loss: 0.266732, BCE loss: 1.919137, SB loss: 0.084013
2025-01-08 00:26:44,271 Epoch: [0/20] Iter:[190/192], Time: 0.62, lr: [0.00019107130585173049], Loss: 2.243372, Acc:0.437665, Semantic loss: 0.263383, BCE loss: 1.897259, SB loss: 0.082730
2025-01-08 00:29:14,338 0 [0.         0.28417492 0.25519858 0.15666954 0.47538981 0.12080509
 0.34807958 0.00596213] 0.20578495516952555
2025-01-08 00:29:14,338 1 [0.         0.29833092 0.25956838 0.25799678 0.13495615 0.09148411
 0.23193856 0.00941964] 0.16046181792183473
2025-01-08 00:29:14,340 => saving checkpoint to output\loveDa\pidnet_small_loveda_adam_oce_schedulercheckpoint.pth.tar
2025-01-08 00:29:14,601 Loss: 1.914, MeanIU:  0.1605, Best_mIoU:  0.1605
2025-01-08 00:29:14,601 [0.         0.29833092 0.25956838 0.25799678 0.13495615 0.09148411
 0.23193856 0.00941964]
2025-01-08 00:29:15,330 Epoch: [1/20] Iter:[0/192], Time: 0.61, lr: [0.0003819541526485999], Loss: 1.861220, Acc:0.458213, Semantic loss: 0.192730, BCE loss: 1.623150, SB loss: 0.045339
2025-01-08 00:29:21,434 Epoch: [1/20] Iter:[10/192], Time: 0.61, lr: [0.0003810117022624591], Loss: 1.749151, Acc:0.486142, Semantic loss: 0.191638, BCE loss: 1.496031, SB loss: 0.061482
2025-01-08 00:29:27,592 Epoch: [1/20] Iter:[20/192], Time: 0.61, lr: [0.0003800689927830876], Loss: 1.730044, Acc:0.492720, Semantic loss: 0.184869, BCE loss: 1.485697, SB loss: 0.059477
2025-01-08 00:29:33,723 Epoch: [1/20] Iter:[30/192], Time: 0.61, lr: [0.00037912602342481144], Loss: 1.710895, Acc:0.501407, Semantic loss: 0.181174, BCE loss: 1.470335, SB loss: 0.059386
2025-01-08 00:29:39,897 Epoch: [1/20] Iter:[40/192], Time: 0.61, lr: [0.00037818279339739544], Loss: 1.697814, Acc:0.497668, Semantic loss: 0.179529, BCE loss: 1.459080, SB loss: 0.059206
2025-01-08 00:29:45,977 Epoch: [1/20] Iter:[50/192], Time: 0.61, lr: [0.00037723930190600456], Loss: 1.721512, Acc:0.503638, Semantic loss: 0.181089, BCE loss: 1.481742, SB loss: 0.058681
2025-01-08 00:29:52,021 Epoch: [1/20] Iter:[60/192], Time: 0.61, lr: [0.0003762955481511637], Loss: 1.722174, Acc:0.499591, Semantic loss: 0.182740, BCE loss: 1.480013, SB loss: 0.059421
2025-01-08 00:29:58,045 Epoch: [1/20] Iter:[70/192], Time: 0.61, lr: [0.0003753515313287182], Loss: 1.696237, Acc:0.504997, Semantic loss: 0.181522, BCE loss: 1.455360, SB loss: 0.059354
2025-01-08 00:30:04,160 Epoch: [1/20] Iter:[80/192], Time: 0.61, lr: [0.00037440725062979285], Loss: 1.700260, Acc:0.504811, Semantic loss: 0.182171, BCE loss: 1.458744, SB loss: 0.059344
2025-01-08 00:30:10,259 Epoch: [1/20] Iter:[90/192], Time: 0.61, lr: [0.0003734627052407508], Loss: 1.703482, Acc:0.506106, Semantic loss: 0.182632, BCE loss: 1.461218, SB loss: 0.059633
2025-01-08 00:30:16,494 Epoch: [1/20] Iter:[100/192], Time: 0.61, lr: [0.0003725178943431526], Loss: 1.718298, Acc:0.512448, Semantic loss: 0.181292, BCE loss: 1.477749, SB loss: 0.059257
2025-01-08 00:30:22,611 Epoch: [1/20] Iter:[110/192], Time: 0.61, lr: [0.00037157281711371363], Loss: 1.725529, Acc:0.513644, Semantic loss: 0.180715, BCE loss: 1.485690, SB loss: 0.059124
2025-01-08 00:30:28,738 Epoch: [1/20] Iter:[120/192], Time: 0.61, lr: [0.0003706274727242621], Loss: 1.728343, Acc:0.520074, Semantic loss: 0.178737, BCE loss: 1.490932, SB loss: 0.058674
2025-01-08 00:30:34,742 Epoch: [1/20] Iter:[130/192], Time: 0.61, lr: [0.00036968186034169574], Loss: 1.730605, Acc:0.521003, Semantic loss: 0.178694, BCE loss: 1.492656, SB loss: 0.059255
2025-01-08 00:30:40,676 Epoch: [1/20] Iter:[140/192], Time: 0.61, lr: [0.00036873597912793864], Loss: 1.722452, Acc:0.524103, Semantic loss: 0.177838, BCE loss: 1.485737, SB loss: 0.058877
2025-01-08 00:30:46,858 Epoch: [1/20] Iter:[150/192], Time: 0.61, lr: [0.0003677898282398971], Loss: 1.720163, Acc:0.525612, Semantic loss: 0.177493, BCE loss: 1.483999, SB loss: 0.058671
2025-01-08 00:30:53,039 Epoch: [1/20] Iter:[160/192], Time: 0.61, lr: [0.0003668434068294152], Loss: 1.730561, Acc:0.529255, Semantic loss: 0.176666, BCE loss: 1.495184, SB loss: 0.058710
2025-01-08 00:30:59,109 Epoch: [1/20] Iter:[170/192], Time: 0.61, lr: [0.00036589671404323003], Loss: 1.739631, Acc:0.528368, Semantic loss: 0.176906, BCE loss: 1.503571, SB loss: 0.059154
2025-01-08 00:31:05,201 Epoch: [1/20] Iter:[180/192], Time: 0.61, lr: [0.0003649497490229256], Loss: 1.744359, Acc:0.529935, Semantic loss: 0.175913, BCE loss: 1.509589, SB loss: 0.058857
2025-01-08 00:31:11,374 Epoch: [1/20] Iter:[190/192], Time: 0.61, lr: [0.0003640025109048874], Loss: 1.739768, Acc:0.532548, Semantic loss: 0.174608, BCE loss: 1.506847, SB loss: 0.058313
2025-01-08 00:34:08,313 0 [0.         0.24997562 0.35664601 0.27973783 0.42038141 0.05320663
 0.34334358 0.00047924] 0.2129712901883635
2025-01-08 00:34:08,313 1 [0.         0.28783556 0.38726317 0.39579561 0.31913599 0.00516291
 0.34313881 0.00200334] 0.21754192273665401
2025-01-08 00:34:08,314 => saving checkpoint to output\loveDa\pidnet_small_loveda_adam_oce_schedulercheckpoint.pth.tar
2025-01-08 00:34:08,579 Loss: 1.763, MeanIU:  0.2175, Best_mIoU:  0.2175
2025-01-08 00:34:08,579 [0.         0.28783556 0.38726317 0.39579561 0.31913599 0.00516291
 0.34313881 0.00200334]
2025-01-08 00:34:09,321 Epoch: [2/20] Iter:[0/192], Time: 0.62, lr: [0.0005457195456497774], Loss: 1.935475, Acc:0.497401, Semantic loss: 0.161305, BCE loss: 1.705012, SB loss: 0.069159
2025-01-08 00:34:15,965 Epoch: [2/20] Iter:[10/192], Time: 0.66, lr: [0.0005442981951757592], Loss: 1.672116, Acc:0.543374, Semantic loss: 0.168964, BCE loss: 1.449287, SB loss: 0.053866
2025-01-08 00:34:22,805 Epoch: [2/20] Iter:[20/192], Time: 0.67, lr: [0.0005428764321774168], Loss: 1.622877, Acc:0.511687, Semantic loss: 0.175163, BCE loss: 1.393146, SB loss: 0.054568
2025-01-08 00:34:29,490 Epoch: [2/20] Iter:[30/192], Time: 0.67, lr: [0.0005414542553339002], Loss: 1.634554, Acc:0.523071, Semantic loss: 0.173040, BCE loss: 1.405806, SB loss: 0.055708
2025-01-08 00:34:36,076 Epoch: [2/20] Iter:[40/192], Time: 0.67, lr: [0.0005400316633162618], Loss: 1.663372, Acc:0.524895, Semantic loss: 0.173079, BCE loss: 1.435413, SB loss: 0.054880
2025-01-08 00:34:42,693 Epoch: [2/20] Iter:[50/192], Time: 0.67, lr: [0.0005386086547873832], Loss: 1.666740, Acc:0.535668, Semantic loss: 0.171662, BCE loss: 1.440837, SB loss: 0.054242
2025-01-08 00:34:49,338 Epoch: [2/20] Iter:[60/192], Time: 0.67, lr: [0.0005371852284019002], Loss: 1.660186, Acc:0.533156, Semantic loss: 0.170510, BCE loss: 1.435183, SB loss: 0.054493
2025-01-08 00:34:55,848 Epoch: [2/20] Iter:[70/192], Time: 0.66, lr: [0.0005357613828061286], Loss: 1.668346, Acc:0.537864, Semantic loss: 0.168580, BCE loss: 1.445751, SB loss: 0.054015
2025-01-08 00:35:02,681 Epoch: [2/20] Iter:[80/192], Time: 0.67, lr: [0.0005343371166379868], Loss: 1.685695, Acc:0.545308, Semantic loss: 0.166685, BCE loss: 1.465246, SB loss: 0.053765
2025-01-08 00:35:09,448 Epoch: [2/20] Iter:[90/192], Time: 0.67, lr: [0.0005329124285269195], Loss: 1.690245, Acc:0.550357, Semantic loss: 0.166686, BCE loss: 1.470284, SB loss: 0.053275
2025-01-08 00:35:16,308 Epoch: [2/20] Iter:[100/192], Time: 0.67, lr: [0.0005314873170938195], Loss: 1.691832, Acc:0.552526, Semantic loss: 0.165825, BCE loss: 1.473039, SB loss: 0.052968
2025-01-08 00:35:23,026 Epoch: [2/20] Iter:[110/192], Time: 0.67, lr: [0.0005300617809509482], Loss: 1.700855, Acc:0.551818, Semantic loss: 0.166691, BCE loss: 1.480551, SB loss: 0.053613
2025-01-08 00:35:29,754 Epoch: [2/20] Iter:[120/192], Time: 0.67, lr: [0.0005286358187018565], Loss: 1.712692, Acc:0.552253, Semantic loss: 0.165844, BCE loss: 1.493094, SB loss: 0.053754
2025-01-08 00:35:36,462 Epoch: [2/20] Iter:[130/192], Time: 0.67, lr: [0.0005272094289413028], Loss: 1.710967, Acc:0.550579, Semantic loss: 0.166882, BCE loss: 1.489797, SB loss: 0.054289
2025-01-08 00:35:42,974 Epoch: [2/20] Iter:[140/192], Time: 0.67, lr: [0.0005257826102551719], Loss: 1.694987, Acc:0.547171, Semantic loss: 0.167233, BCE loss: 1.473202, SB loss: 0.054552
2025-01-08 00:35:49,789 Epoch: [2/20] Iter:[150/192], Time: 0.67, lr: [0.000524355361220392], Loss: 1.702062, Acc:0.547575, Semantic loss: 0.167237, BCE loss: 1.480296, SB loss: 0.054529
2025-01-08 00:35:56,475 Epoch: [2/20] Iter:[160/192], Time: 0.67, lr: [0.0005229276804048498], Loss: 1.703740, Acc:0.548272, Semantic loss: 0.166611, BCE loss: 1.482707, SB loss: 0.054423
2025-01-08 00:36:03,280 Epoch: [2/20] Iter:[170/192], Time: 0.67, lr: [0.0005214995663673065], Loss: 1.691135, Acc:0.548615, Semantic loss: 0.165521, BCE loss: 1.471221, SB loss: 0.054393
2025-01-08 00:36:10,209 Epoch: [2/20] Iter:[180/192], Time: 0.67, lr: [0.000520071017657311], Loss: 1.681162, Acc:0.549237, Semantic loss: 0.165530, BCE loss: 1.461347, SB loss: 0.054285
2025-01-08 00:36:16,999 Epoch: [2/20] Iter:[190/192], Time: 0.67, lr: [0.0005186420328151133], Loss: 1.685605, Acc:0.549938, Semantic loss: 0.165117, BCE loss: 1.466515, SB loss: 0.053973
2025-01-08 00:39:14,342 0 [0.         0.29868397 0.34129607 0.16213462 0.49915939 0.21001054
 0.3261359  0.0046106 ] 0.23025388622231152
2025-01-08 00:39:14,343 1 [0.         0.28777461 0.40363379 0.32142137 0.50347185 0.18678446
 0.3594197  0.0350835 ] 0.26219866085953136
2025-01-08 00:39:14,343 => saving checkpoint to output\loveDa\pidnet_small_loveda_adam_oce_schedulercheckpoint.pth.tar
2025-01-08 00:39:14,590 Loss: 1.699, MeanIU:  0.2622, Best_mIoU:  0.2622
2025-01-08 00:39:14,590 [0.         0.28777461 0.40363379 0.32142137 0.50347185 0.18678446
 0.3594197  0.0350835 ]
2025-01-08 00:39:15,316 Epoch: [3/20] Iter:[0/192], Time: 0.58, lr: [0.0006911415778422553], Loss: 2.062141, Acc:0.614221, Semantic loss: 0.135809, BCE loss: 1.867569, SB loss: 0.058763
2025-01-08 00:39:22,058 Epoch: [3/20] Iter:[10/192], Time: 0.66, lr: [0.0006892355643210091], Loss: 1.737656, Acc:0.593731, Semantic loss: 0.153392, BCE loss: 1.531021, SB loss: 0.053242
2025-01-08 00:39:28,687 Epoch: [3/20] Iter:[20/192], Time: 0.67, lr: [0.0006873289649639992], Loss: 1.749377, Acc:0.597007, Semantic loss: 0.151688, BCE loss: 1.547427, SB loss: 0.050262
2025-01-08 00:39:35,342 Epoch: [3/20] Iter:[30/192], Time: 0.66, lr: [0.0006854217777844171], Loss: 1.702972, Acc:0.587857, Semantic loss: 0.156475, BCE loss: 1.496545, SB loss: 0.049951
2025-01-08 00:39:42,158 Epoch: [3/20] Iter:[40/192], Time: 0.67, lr: [0.000683514000782551], Loss: 1.676624, Acc:0.577340, Semantic loss: 0.156818, BCE loss: 1.469452, SB loss: 0.050354
2025-01-08 00:39:48,811 Epoch: [3/20] Iter:[50/192], Time: 0.67, lr: [0.0006816056319456608], Loss: 1.729969, Acc:0.571473, Semantic loss: 0.159718, BCE loss: 1.519652, SB loss: 0.050599
2025-01-08 00:39:55,541 Epoch: [3/20] Iter:[60/192], Time: 0.67, lr: [0.0006796966692478543], Loss: 1.675115, Acc:0.570626, Semantic loss: 0.159324, BCE loss: 1.465013, SB loss: 0.050778
2025-01-08 00:40:02,145 Epoch: [3/20] Iter:[70/192], Time: 0.67, lr: [0.0006777871106499582], Loss: 1.678281, Acc:0.565339, Semantic loss: 0.160598, BCE loss: 1.466665, SB loss: 0.051019
2025-01-08 00:40:08,639 Epoch: [3/20] Iter:[80/192], Time: 0.67, lr: [0.0006758769540993899], Loss: 1.704744, Acc:0.566092, Semantic loss: 0.160687, BCE loss: 1.492961, SB loss: 0.051096
2025-01-08 00:40:15,452 Epoch: [3/20] Iter:[90/192], Time: 0.67, lr: [0.000673966197530027], Loss: 1.704872, Acc:0.565687, Semantic loss: 0.161230, BCE loss: 1.492049, SB loss: 0.051593
2025-01-08 00:40:22,257 Epoch: [3/20] Iter:[100/192], Time: 0.67, lr: [0.0006720548388620748], Loss: 1.714743, Acc:0.567598, Semantic loss: 0.160153, BCE loss: 1.502923, SB loss: 0.051667
2025-01-08 00:40:28,848 Epoch: [3/20] Iter:[110/192], Time: 0.67, lr: [0.0006701428760019323], Loss: 1.738372, Acc:0.570685, Semantic loss: 0.159548, BCE loss: 1.526554, SB loss: 0.052270
2025-01-08 00:40:35,503 Epoch: [3/20] Iter:[120/192], Time: 0.67, lr: [0.0006682303068420569], Loss: 1.736211, Acc:0.569979, Semantic loss: 0.160092, BCE loss: 1.523416, SB loss: 0.052703
2025-01-08 00:40:42,214 Epoch: [3/20] Iter:[130/192], Time: 0.67, lr: [0.000666317129260826], Loss: 1.734308, Acc:0.569539, Semantic loss: 0.159372, BCE loss: 1.522613, SB loss: 0.052322
2025-01-08 00:40:48,673 Epoch: [3/20] Iter:[140/192], Time: 0.67, lr: [0.0006644033411223989], Loss: 1.735435, Acc:0.570365, Semantic loss: 0.159220, BCE loss: 1.523813, SB loss: 0.052401
2025-01-08 00:40:55,776 Epoch: [3/20] Iter:[150/192], Time: 0.67, lr: [0.0006624889402765751], Loss: 1.725894, Acc:0.567791, Semantic loss: 0.160503, BCE loss: 1.512774, SB loss: 0.052616
2025-01-08 00:41:02,473 Epoch: [3/20] Iter:[160/192], Time: 0.67, lr: [0.0006605739245586506], Loss: 1.721314, Acc:0.563102, Semantic loss: 0.161633, BCE loss: 1.506762, SB loss: 0.052919
2025-01-08 00:41:09,136 Epoch: [3/20] Iter:[170/192], Time: 0.67, lr: [0.0006586582917892745], Loss: 1.720470, Acc:0.560904, Semantic loss: 0.161200, BCE loss: 1.506536, SB loss: 0.052734
2025-01-08 00:41:15,757 Epoch: [3/20] Iter:[180/192], Time: 0.67, lr: [0.0006567420397743011], Loss: 1.712997, Acc:0.557162, Semantic loss: 0.161705, BCE loss: 1.498483, SB loss: 0.052808
2025-01-08 00:41:22,682 Epoch: [3/20] Iter:[190/192], Time: 0.67, lr: [0.0006548251663046417], Loss: 1.706101, Acc:0.558787, Semantic loss: 0.161438, BCE loss: 1.491771, SB loss: 0.052892
2025-01-08 00:44:20,494 0 [0.         0.31027071 0.38245678 0.29563517 0.59693382 0.05235066
 0.33083741 0.01266433] 0.24764360975384359
2025-01-08 00:44:20,495 1 [0.         0.28959954 0.44163404 0.4000373  0.61380957 0.0203428
 0.37892966 0.04067246] 0.27312817049853755
2025-01-08 00:44:20,495 => saving checkpoint to output\loveDa\pidnet_small_loveda_adam_oce_schedulercheckpoint.pth.tar
2025-01-08 00:44:20,745 Loss: 1.710, MeanIU:  0.2731, Best_mIoU:  0.2731
2025-01-08 00:44:20,746 [0.         0.28959954 0.44163404 0.4000373  0.61380957 0.0203428
 0.37892966 0.04067246]
2025-01-08 00:44:21,465 Epoch: [4/20] Iter:[0/192], Time: 0.60, lr: [0.0008180521460508585], Loss: 1.767662, Acc:0.586692, Semantic loss: 0.152832, BCE loss: 1.564416, SB loss: 0.050414
2025-01-08 00:44:28,119 Epoch: [4/20] Iter:[10/192], Time: 0.66, lr: [0.0008156551183601796], Loss: 1.533159, Acc:0.554124, Semantic loss: 0.148535, BCE loss: 1.334696, SB loss: 0.049929
2025-01-08 00:44:34,801 Epoch: [4/20] Iter:[20/192], Time: 0.66, lr: [0.0008132573077094668], Loss: 1.639737, Acc:0.559290, Semantic loss: 0.154305, BCE loss: 1.433785, SB loss: 0.051646
2025-01-08 00:44:41,356 Epoch: [4/20] Iter:[30/192], Time: 0.66, lr: [0.0008108587112763078], Loss: 1.656019, Acc:0.558365, Semantic loss: 0.157941, BCE loss: 1.444912, SB loss: 0.053165
2025-01-08 00:44:47,914 Epoch: [4/20] Iter:[40/192], Time: 0.66, lr: [0.0008084593262188027], Loss: 1.647168, Acc:0.558502, Semantic loss: 0.157505, BCE loss: 1.437148, SB loss: 0.052515
2025-01-08 00:44:54,653 Epoch: [4/20] Iter:[50/192], Time: 0.66, lr: [0.0008060591496753653], Loss: 1.657892, Acc:0.559003, Semantic loss: 0.158894, BCE loss: 1.445361, SB loss: 0.053638
2025-01-08 00:45:01,605 Epoch: [4/20] Iter:[60/192], Time: 0.67, lr: [0.0008036581787645204], Loss: 1.675170, Acc:0.559561, Semantic loss: 0.158430, BCE loss: 1.463826, SB loss: 0.052914
2025-01-08 00:45:08,392 Epoch: [4/20] Iter:[70/192], Time: 0.67, lr: [0.0008012564105846995], Loss: 1.690611, Acc:0.548839, Semantic loss: 0.162288, BCE loss: 1.474943, SB loss: 0.053380
2025-01-08 00:45:15,122 Epoch: [4/20] Iter:[80/192], Time: 0.67, lr: [0.0007988538422140333], Loss: 1.671921, Acc:0.549939, Semantic loss: 0.161706, BCE loss: 1.456949, SB loss: 0.053266
2025-01-08 00:45:21,738 Epoch: [4/20] Iter:[90/192], Time: 0.67, lr: [0.0007964504707101411], Loss: 1.671034, Acc:0.554061, Semantic loss: 0.160189, BCE loss: 1.457843, SB loss: 0.053002
2025-01-08 00:45:28,430 Epoch: [4/20] Iter:[100/192], Time: 0.67, lr: [0.0007940462931099175], Loss: 1.662093, Acc:0.554077, Semantic loss: 0.161157, BCE loss: 1.448069, SB loss: 0.052868
2025-01-08 00:45:35,202 Epoch: [4/20] Iter:[110/192], Time: 0.67, lr: [0.0007916413064293164], Loss: 1.681326, Acc:0.556778, Semantic loss: 0.160533, BCE loss: 1.468213, SB loss: 0.052581
2025-01-08 00:45:41,801 Epoch: [4/20] Iter:[120/192], Time: 0.67, lr: [0.0007892355076631318], Loss: 1.685729, Acc:0.552472, Semantic loss: 0.162435, BCE loss: 1.470451, SB loss: 0.052843
2025-01-08 00:45:48,783 Epoch: [4/20] Iter:[130/192], Time: 0.67, lr: [0.0007868288937847752], Loss: 1.692681, Acc:0.553932, Semantic loss: 0.162097, BCE loss: 1.477495, SB loss: 0.053089
2025-01-08 00:45:55,536 Epoch: [4/20] Iter:[140/192], Time: 0.67, lr: [0.0007844214617460509], Loss: 1.700732, Acc:0.556111, Semantic loss: 0.161845, BCE loss: 1.485823, SB loss: 0.053064
2025-01-08 00:46:02,206 Epoch: [4/20] Iter:[150/192], Time: 0.67, lr: [0.0007820132084769268], Loss: 1.702411, Acc:0.555022, Semantic loss: 0.161543, BCE loss: 1.488038, SB loss: 0.052830
2025-01-08 00:46:08,850 Epoch: [4/20] Iter:[160/192], Time: 0.67, lr: [0.0007796041308853031], Loss: 1.696755, Acc:0.553614, Semantic loss: 0.161253, BCE loss: 1.482509, SB loss: 0.052993
2025-01-08 00:46:15,446 Epoch: [4/20] Iter:[170/192], Time: 0.67, lr: [0.0007771942258567772], Loss: 1.691282, Acc:0.554840, Semantic loss: 0.160688, BCE loss: 1.477867, SB loss: 0.052727
2025-01-08 00:46:22,069 Epoch: [4/20] Iter:[180/192], Time: 0.67, lr: [0.0007747834902544057], Loss: 1.702447, Acc:0.555469, Semantic loss: 0.160430, BCE loss: 1.489191, SB loss: 0.052827
2025-01-08 00:46:29,198 Epoch: [4/20] Iter:[190/192], Time: 0.67, lr: [0.0007723719209184621], Loss: 1.706699, Acc:0.557260, Semantic loss: 0.159753, BCE loss: 1.494379, SB loss: 0.052568
2025-01-08 00:49:24,385 0 [0.         0.32017741 0.26686601 0.3177248  0.55153035 0.05310893
 0.40952295 0.00126274] 0.24002414782406675
2025-01-08 00:49:24,387 1 [0.00000000e+00 3.17841979e-01 2.38881110e-01 3.05600806e-01
 5.53570092e-01 2.79216168e-02 3.82126427e-01 2.97048536e-04] 0.22827988503173025
2025-01-08 00:49:24,387 => saving checkpoint to output\loveDa\pidnet_small_loveda_adam_oce_schedulercheckpoint.pth.tar
2025-01-08 00:49:24,573 Loss: 1.746, MeanIU:  0.2283, Best_mIoU:  0.2731
2025-01-08 00:49:24,574 [0.00000000e+00 3.17841979e-01 2.38881110e-01 3.05600806e-01
 5.53570092e-01 2.79216168e-02 3.82126427e-01 2.97048536e-04]
2025-01-08 00:49:25,222 Epoch: [5/20] Iter:[0/192], Time: 0.54, lr: [0.0005894960222670765], Loss: 1.892279, Acc:0.622290, Semantic loss: 0.149146, BCE loss: 1.700119, SB loss: 0.043014
2025-01-08 00:49:31,880 Epoch: [5/20] Iter:[10/192], Time: 0.65, lr: [0.0005876535269675065], Loss: 1.811931, Acc:0.614904, Semantic loss: 0.148460, BCE loss: 1.611016, SB loss: 0.052455
2025-01-08 00:49:38,479 Epoch: [5/20] Iter:[20/192], Time: 0.66, lr: [0.0005858103895702902], Loss: 1.762305, Acc:0.606262, Semantic loss: 0.149655, BCE loss: 1.559320, SB loss: 0.053330
2025-01-08 00:49:45,157 Epoch: [5/20] Iter:[30/192], Time: 0.66, lr: [0.0005839666076053792], Loss: 1.714651, Acc:0.603227, Semantic loss: 0.148618, BCE loss: 1.512794, SB loss: 0.053240
2025-01-08 00:49:51,596 Epoch: [5/20] Iter:[40/192], Time: 0.66, lr: [0.0005821221785845219], Loss: 1.659766, Acc:0.588691, Semantic loss: 0.153643, BCE loss: 1.451623, SB loss: 0.054501
2025-01-08 00:49:58,413 Epoch: [5/20] Iter:[50/192], Time: 0.66, lr: [0.0005802771000010641], Loss: 1.676945, Acc:0.592189, Semantic loss: 0.153701, BCE loss: 1.469962, SB loss: 0.053282
2025-01-08 00:50:05,176 Epoch: [5/20] Iter:[60/192], Time: 0.66, lr: [0.0005784313693297474], Loss: 1.675227, Acc:0.591603, Semantic loss: 0.154701, BCE loss: 1.466641, SB loss: 0.053886
2025-01-08 00:50:11,905 Epoch: [5/20] Iter:[70/192], Time: 0.67, lr: [0.000576584984026505], Loss: 1.665191, Acc:0.590197, Semantic loss: 0.154250, BCE loss: 1.457231, SB loss: 0.053710
2025-01-08 00:50:18,537 Epoch: [5/20] Iter:[80/192], Time: 0.66, lr: [0.0005747379415282542], Loss: 1.686157, Acc:0.584368, Semantic loss: 0.155683, BCE loss: 1.476887, SB loss: 0.053587
2025-01-08 00:50:25,133 Epoch: [5/20] Iter:[90/192], Time: 0.66, lr: [0.000572890239252685], Loss: 1.672483, Acc:0.586436, Semantic loss: 0.154558, BCE loss: 1.464937, SB loss: 0.052988
2025-01-08 00:50:31,994 Epoch: [5/20] Iter:[100/192], Time: 0.67, lr: [0.0005710418745980477], Loss: 1.673064, Acc:0.583482, Semantic loss: 0.155742, BCE loss: 1.463594, SB loss: 0.053727
2025-01-08 00:50:38,639 Epoch: [5/20] Iter:[110/192], Time: 0.67, lr: [0.0005691928449429353], Loss: 1.660954, Acc:0.581037, Semantic loss: 0.155483, BCE loss: 1.452426, SB loss: 0.053045
2025-01-08 00:50:45,417 Epoch: [5/20] Iter:[120/192], Time: 0.67, lr: [0.0005673431476460633], Loss: 1.667429, Acc:0.578847, Semantic loss: 0.155636, BCE loss: 1.458023, SB loss: 0.053771
2025-01-08 00:50:52,402 Epoch: [5/20] Iter:[130/192], Time: 0.67, lr: [0.000565492780046047], Loss: 1.672790, Acc:0.573842, Semantic loss: 0.156550, BCE loss: 1.462769, SB loss: 0.053471
2025-01-08 00:50:59,176 Epoch: [5/20] Iter:[140/192], Time: 0.67, lr: [0.0005636417394611745], Loss: 1.676134, Acc:0.572920, Semantic loss: 0.156821, BCE loss: 1.466117, SB loss: 0.053196
2025-01-08 00:51:05,842 Epoch: [5/20] Iter:[150/192], Time: 0.67, lr: [0.0005617900231891765], Loss: 1.675615, Acc:0.574122, Semantic loss: 0.156115, BCE loss: 1.466348, SB loss: 0.053152
2025-01-08 00:51:12,746 Epoch: [5/20] Iter:[160/192], Time: 0.67, lr: [0.0005599376285069936], Loss: 1.671699, Acc:0.574439, Semantic loss: 0.156069, BCE loss: 1.462607, SB loss: 0.053022
2025-01-08 00:51:19,543 Epoch: [5/20] Iter:[170/192], Time: 0.67, lr: [0.0005580845526705384], Loss: 1.661242, Acc:0.574223, Semantic loss: 0.156597, BCE loss: 1.451505, SB loss: 0.053140
2025-01-08 00:51:26,468 Epoch: [5/20] Iter:[180/192], Time: 0.67, lr: [0.000556230792914455], Loss: 1.649537, Acc:0.570966, Semantic loss: 0.157254, BCE loss: 1.439253, SB loss: 0.053030
2025-01-08 00:51:33,376 Epoch: [5/20] Iter:[190/192], Time: 0.67, lr: [0.0005543763464518758], Loss: 1.658185, Acc:0.569876, Semantic loss: 0.157525, BCE loss: 1.447705, SB loss: 0.052955
2025-01-08 00:54:29,966 0 [0.         0.325489   0.38239831 0.31031354 0.50806257 0.02743349
 0.37768712 0.00125125] 0.2415794096337702
2025-01-08 00:54:29,966 1 [0.         0.32793087 0.32746738 0.40510104 0.50195944 0.03601191
 0.40162724 0.10780895] 0.26348835320215186
2025-01-08 00:54:29,966 => saving checkpoint to output\loveDa\pidnet_small_loveda_adam_oce_schedulercheckpoint.pth.tar
2025-01-08 00:54:30,162 Loss: 1.663, MeanIU:  0.2635, Best_mIoU:  0.2731
2025-01-08 00:54:30,162 [0.         0.32793087 0.32746738 0.40510104 0.50195944 0.03601191
 0.40162724 0.10780895]
2025-01-08 00:54:30,829 Epoch: [6/20] Iter:[0/192], Time: 0.56, lr: [0.0003889145075182205], Loss: 1.397266, Acc:0.355034, Semantic loss: 0.267354, BCE loss: 1.035928, SB loss: 0.093984
2025-01-08 00:54:37,669 Epoch: [6/20] Iter:[10/192], Time: 0.67, lr: [0.00038761209585821537], Loss: 1.585903, Acc:0.578499, Semantic loss: 0.160632, BCE loss: 1.370075, SB loss: 0.055196
2025-01-08 00:54:44,375 Epoch: [6/20] Iter:[20/192], Time: 0.67, lr: [0.0003863091977687711], Loss: 1.666501, Acc:0.579790, Semantic loss: 0.158887, BCE loss: 1.453158, SB loss: 0.054456
2025-01-08 00:54:51,241 Epoch: [6/20] Iter:[30/192], Time: 0.68, lr: [0.00038500581124398345], Loss: 1.655801, Acc:0.587353, Semantic loss: 0.153272, BCE loss: 1.450269, SB loss: 0.052260
2025-01-08 00:54:58,000 Epoch: [6/20] Iter:[40/192], Time: 0.68, lr: [0.0003837019342620977], Loss: 1.658402, Acc:0.585298, Semantic loss: 0.153418, BCE loss: 1.453041, SB loss: 0.051942
2025-01-08 00:55:04,738 Epoch: [6/20] Iter:[50/192], Time: 0.67, lr: [0.00038239756478532195], Loss: 1.621843, Acc:0.574369, Semantic loss: 0.153841, BCE loss: 1.415530, SB loss: 0.052473
2025-01-08 00:55:11,512 Epoch: [6/20] Iter:[60/192], Time: 0.68, lr: [0.00038109270075963926], Loss: 1.615886, Acc:0.575494, Semantic loss: 0.153929, BCE loss: 1.410098, SB loss: 0.051859
2025-01-08 00:55:18,428 Epoch: [6/20] Iter:[70/192], Time: 0.68, lr: [0.00037978734011461624], Loss: 1.627719, Acc:0.580570, Semantic loss: 0.152487, BCE loss: 1.423705, SB loss: 0.051528
2025-01-08 00:55:25,090 Epoch: [6/20] Iter:[80/192], Time: 0.68, lr: [0.00037848148076320817], Loss: 1.636962, Acc:0.578434, Semantic loss: 0.152558, BCE loss: 1.433023, SB loss: 0.051381
2025-01-08 00:55:31,777 Epoch: [6/20] Iter:[90/192], Time: 0.68, lr: [0.00037717512060156193], Loss: 1.641947, Acc:0.581343, Semantic loss: 0.151894, BCE loss: 1.438990, SB loss: 0.051062
2025-01-08 00:55:38,536 Epoch: [6/20] Iter:[100/192], Time: 0.68, lr: [0.00037586825750881534], Loss: 1.644484, Acc:0.581234, Semantic loss: 0.152005, BCE loss: 1.441616, SB loss: 0.050864
2025-01-08 00:55:45,177 Epoch: [6/20] Iter:[110/192], Time: 0.67, lr: [0.00037456088934689324], Loss: 1.645660, Acc:0.583233, Semantic loss: 0.151102, BCE loss: 1.443780, SB loss: 0.050778
2025-01-08 00:55:51,801 Epoch: [6/20] Iter:[120/192], Time: 0.67, lr: [0.00037325301396030035], Loss: 1.642217, Acc:0.582742, Semantic loss: 0.151502, BCE loss: 1.440225, SB loss: 0.050489
2025-01-08 00:55:58,507 Epoch: [6/20] Iter:[130/192], Time: 0.67, lr: [0.0003719446291759115], Loss: 1.649180, Acc:0.583532, Semantic loss: 0.151358, BCE loss: 1.447085, SB loss: 0.050737
2025-01-08 00:56:05,302 Epoch: [6/20] Iter:[140/192], Time: 0.67, lr: [0.0003706357328027572], Loss: 1.643660, Acc:0.582780, Semantic loss: 0.151306, BCE loss: 1.441491, SB loss: 0.050863
2025-01-08 00:56:11,935 Epoch: [6/20] Iter:[150/192], Time: 0.67, lr: [0.0003693263226318068], Loss: 1.635211, Acc:0.584726, Semantic loss: 0.151123, BCE loss: 1.433216, SB loss: 0.050872
2025-01-08 00:56:18,443 Epoch: [6/20] Iter:[160/192], Time: 0.67, lr: [0.00036801639643574825], Loss: 1.619853, Acc:0.587152, Semantic loss: 0.150728, BCE loss: 1.418121, SB loss: 0.051003
2025-01-08 00:56:25,042 Epoch: [6/20] Iter:[170/192], Time: 0.67, lr: [0.00036670595196876325], Loss: 1.618695, Acc:0.587569, Semantic loss: 0.150525, BCE loss: 1.417289, SB loss: 0.050881
2025-01-08 00:56:31,679 Epoch: [6/20] Iter:[180/192], Time: 0.67, lr: [0.00036539498696629955], Loss: 1.627651, Acc:0.590230, Semantic loss: 0.149888, BCE loss: 1.426949, SB loss: 0.050815
2025-01-08 00:56:38,440 Epoch: [6/20] Iter:[190/192], Time: 0.67, lr: [0.00036408349914483963], Loss: 1.636802, Acc:0.590163, Semantic loss: 0.149670, BCE loss: 1.436223, SB loss: 0.050908
2025-01-08 00:59:35,027 0 [0.         0.33741993 0.32773181 0.33332777 0.61809087 0.22454487
 0.35576372 0.03307072] 0.27874371225208394
2025-01-08 00:59:35,028 1 [0.         0.3417007  0.31882656 0.43259241 0.54922648 0.19633256
 0.34595139 0.00503838] 0.2737085611893939
2025-01-08 00:59:35,029 => saving checkpoint to output\loveDa\pidnet_small_loveda_adam_oce_schedulercheckpoint.pth.tar
2025-01-08 00:59:35,284 Loss: 1.706, MeanIU:  0.2737, Best_mIoU:  0.2737
2025-01-08 00:59:35,284 [0.         0.3417007  0.31882656 0.43259241 0.54922648 0.19633256
 0.34595139 0.00503838]
2025-01-08 00:59:35,960 Epoch: [7/20] Iter:[0/192], Time: 0.57, lr: [0.0002335281947669314], Loss: 1.720634, Acc:0.677324, Semantic loss: 0.116543, BCE loss: 1.562352, SB loss: 0.041739
2025-01-08 00:59:42,600 Epoch: [7/20] Iter:[10/192], Time: 0.66, lr: [0.00023268597705976464], Loss: 1.757057, Acc:0.620742, Semantic loss: 0.142611, BCE loss: 1.563641, SB loss: 0.050805
2025-01-08 00:59:49,251 Epoch: [7/20] Iter:[20/192], Time: 0.66, lr: [0.00023184342049921582], Loss: 1.652741, Acc:0.645961, Semantic loss: 0.136091, BCE loss: 1.467491, SB loss: 0.049158
2025-01-08 00:59:55,876 Epoch: [7/20] Iter:[30/192], Time: 0.66, lr: [0.00023100052357956594], Loss: 1.633982, Acc:0.626098, Semantic loss: 0.143444, BCE loss: 1.438171, SB loss: 0.052367
2025-01-08 01:00:02,598 Epoch: [7/20] Iter:[40/192], Time: 0.66, lr: [0.00023015728478227086], Loss: 1.624547, Acc:0.621903, Semantic loss: 0.145519, BCE loss: 1.426700, SB loss: 0.052328
2025-01-08 01:00:09,324 Epoch: [7/20] Iter:[50/192], Time: 0.66, lr: [0.00022931370257579938], Loss: 1.659711, Acc:0.626886, Semantic loss: 0.144529, BCE loss: 1.464212, SB loss: 0.050969
2025-01-08 01:00:16,273 Epoch: [7/20] Iter:[60/192], Time: 0.67, lr: [0.00022846977541546873], Loss: 1.671279, Acc:0.626963, Semantic loss: 0.146453, BCE loss: 1.473174, SB loss: 0.051651
2025-01-08 01:00:22,856 Epoch: [7/20] Iter:[70/192], Time: 0.67, lr: [0.00022762550174327693], Loss: 1.674701, Acc:0.621404, Semantic loss: 0.147744, BCE loss: 1.475383, SB loss: 0.051575
2025-01-08 01:00:29,493 Epoch: [7/20] Iter:[80/192], Time: 0.67, lr: [0.00022678087998773274], Loss: 1.666203, Acc:0.614628, Semantic loss: 0.148577, BCE loss: 1.465674, SB loss: 0.051952
2025-01-08 01:00:36,270 Epoch: [7/20] Iter:[90/192], Time: 0.67, lr: [0.00022593590856368257], Loss: 1.659562, Acc:0.614506, Semantic loss: 0.147959, BCE loss: 1.459919, SB loss: 0.051684
2025-01-08 01:00:43,052 Epoch: [7/20] Iter:[100/192], Time: 0.67, lr: [0.0002250905858721342], Loss: 1.662944, Acc:0.613927, Semantic loss: 0.147956, BCE loss: 1.463592, SB loss: 0.051396
2025-01-08 01:00:49,972 Epoch: [7/20] Iter:[110/192], Time: 0.67, lr: [0.00022424491030007795], Loss: 1.646214, Acc:0.614372, Semantic loss: 0.147212, BCE loss: 1.447740, SB loss: 0.051263
2025-01-08 01:00:56,463 Epoch: [7/20] Iter:[120/192], Time: 0.67, lr: [0.00022339888022030436], Loss: 1.639548, Acc:0.613778, Semantic loss: 0.147450, BCE loss: 1.440972, SB loss: 0.051126
2025-01-08 01:01:03,502 Epoch: [7/20] Iter:[130/192], Time: 0.67, lr: [0.0002225524939912188], Loss: 1.644600, Acc:0.617205, Semantic loss: 0.146045, BCE loss: 1.447975, SB loss: 0.050580
2025-01-08 01:01:10,052 Epoch: [7/20] Iter:[140/192], Time: 0.67, lr: [0.00022170574995665325], Loss: 1.635913, Acc:0.617188, Semantic loss: 0.145964, BCE loss: 1.439426, SB loss: 0.050523
2025-01-08 01:01:16,672 Epoch: [7/20] Iter:[150/192], Time: 0.67, lr: [0.0002208586464456742], Loss: 1.632662, Acc:0.612983, Semantic loss: 0.146499, BCE loss: 1.435584, SB loss: 0.050579
2025-01-08 01:01:23,262 Epoch: [7/20] Iter:[160/192], Time: 0.67, lr: [0.00022001118177238763], Loss: 1.623152, Acc:0.612126, Semantic loss: 0.145742, BCE loss: 1.426851, SB loss: 0.050558
2025-01-08 01:01:29,994 Epoch: [7/20] Iter:[170/192], Time: 0.67, lr: [0.00021916335423574043], Loss: 1.617157, Acc:0.612259, Semantic loss: 0.145794, BCE loss: 1.420893, SB loss: 0.050470
2025-01-08 01:01:36,778 Epoch: [7/20] Iter:[180/192], Time: 0.67, lr: [0.00021831516211931836], Loss: 1.623200, Acc:0.613274, Semantic loss: 0.145112, BCE loss: 1.428004, SB loss: 0.050084
2025-01-08 01:01:43,671 Epoch: [7/20] Iter:[190/192], Time: 0.67, lr: [0.00021746660369114022], Loss: 1.616015, Acc:0.612266, Semantic loss: 0.146293, BCE loss: 1.419310, SB loss: 0.050411
2025-01-08 01:04:40,671 0 [0.         0.31361773 0.42124376 0.26086129 0.63771689 0.12306415
 0.31594563 0.01130857] 0.2604697501900368
2025-01-08 01:04:40,672 1 [0.         0.27262432 0.46587721 0.45027614 0.63395963 0.11441412
 0.25309742 0.0368292 ] 0.27838475408589597
2025-01-08 01:04:40,672 => saving checkpoint to output\loveDa\pidnet_small_loveda_adam_oce_schedulercheckpoint.pth.tar
2025-01-08 01:04:41,053 Loss: 1.739, MeanIU:  0.2784, Best_mIoU:  0.2784
2025-01-08 01:04:41,053 [0.         0.27262432 0.46587721 0.45027614 0.63395963 0.11441412
 0.25309742 0.0368292 ]
2025-01-08 01:04:41,705 Epoch: [8/20] Iter:[0/192], Time: 0.54, lr: [0.0001266993066056896], Loss: 1.923006, Acc:0.688794, Semantic loss: 0.130746, BCE loss: 1.746268, SB loss: 0.045991
2025-01-08 01:04:48,345 Epoch: [8/20] Iter:[10/192], Time: 0.65, lr: [0.00012620427986361054], Loss: 1.696024, Acc:0.634595, Semantic loss: 0.134265, BCE loss: 1.513272, SB loss: 0.048487
2025-01-08 01:04:55,221 Epoch: [8/20] Iter:[20/192], Time: 0.67, lr: [0.0001257090372818189], Loss: 1.627409, Acc:0.631425, Semantic loss: 0.136682, BCE loss: 1.441019, SB loss: 0.049708
2025-01-08 01:05:01,886 Epoch: [8/20] Iter:[30/192], Time: 0.67, lr: [0.00012521357782057226], Loss: 1.619854, Acc:0.630348, Semantic loss: 0.136469, BCE loss: 1.434089, SB loss: 0.049296
2025-01-08 01:05:08,642 Epoch: [8/20] Iter:[40/192], Time: 0.67, lr: [0.00012471790043052403], Loss: 1.625384, Acc:0.626405, Semantic loss: 0.139883, BCE loss: 1.435091, SB loss: 0.050410
2025-01-08 01:05:15,472 Epoch: [8/20] Iter:[50/192], Time: 0.67, lr: [0.0001242220040525921], Loss: 1.604678, Acc:0.632283, Semantic loss: 0.136966, BCE loss: 1.418283, SB loss: 0.049429
2025-01-08 01:05:22,229 Epoch: [8/20] Iter:[60/192], Time: 0.67, lr: [0.0001237258876178249], Loss: 1.643649, Acc:0.634783, Semantic loss: 0.136549, BCE loss: 1.457545, SB loss: 0.049555
2025-01-08 01:05:28,973 Epoch: [8/20] Iter:[70/192], Time: 0.67, lr: [0.0001232295500472649], Loss: 1.625311, Acc:0.635404, Semantic loss: 0.137235, BCE loss: 1.438936, SB loss: 0.049139
2025-01-08 01:05:35,899 Epoch: [8/20] Iter:[80/192], Time: 0.68, lr: [0.00012273299025180985], Loss: 1.654361, Acc:0.631092, Semantic loss: 0.138489, BCE loss: 1.466954, SB loss: 0.048918
2025-01-08 01:05:42,614 Epoch: [8/20] Iter:[90/192], Time: 0.68, lr: [0.00012223620713207133], Loss: 1.641053, Acc:0.629751, Semantic loss: 0.139136, BCE loss: 1.452748, SB loss: 0.049170
2025-01-08 01:05:49,229 Epoch: [8/20] Iter:[100/192], Time: 0.67, lr: [0.00012173919957823059], Loss: 1.636204, Acc:0.626934, Semantic loss: 0.139997, BCE loss: 1.446628, SB loss: 0.049580
2025-01-08 01:05:56,025 Epoch: [8/20] Iter:[110/192], Time: 0.67, lr: [0.00012124196646989187], Loss: 1.601744, Acc:0.627115, Semantic loss: 0.139088, BCE loss: 1.413394, SB loss: 0.049262
2025-01-08 01:06:02,747 Epoch: [8/20] Iter:[120/192], Time: 0.67, lr: [0.00012074450667593296], Loss: 1.609408, Acc:0.629659, Semantic loss: 0.138865, BCE loss: 1.421779, SB loss: 0.048765
2025-01-08 01:06:09,584 Epoch: [8/20] Iter:[130/192], Time: 0.67, lr: [0.00012024681905435292], Loss: 1.605688, Acc:0.628614, Semantic loss: 0.139794, BCE loss: 1.416862, SB loss: 0.049032
2025-01-08 01:06:16,319 Epoch: [8/20] Iter:[140/192], Time: 0.67, lr: [0.00011974890245211674], Loss: 1.605005, Acc:0.627228, Semantic loss: 0.139553, BCE loss: 1.416515, SB loss: 0.048937
2025-01-08 01:06:23,128 Epoch: [8/20] Iter:[150/192], Time: 0.67, lr: [0.00011925075570499752], Loss: 1.607995, Acc:0.630686, Semantic loss: 0.138508, BCE loss: 1.420903, SB loss: 0.048585
2025-01-08 01:06:29,906 Epoch: [8/20] Iter:[160/192], Time: 0.68, lr: [0.00011875237763741508], Loss: 1.612298, Acc:0.631163, Semantic loss: 0.138491, BCE loss: 1.425208, SB loss: 0.048599
2025-01-08 01:06:36,682 Epoch: [8/20] Iter:[170/192], Time: 0.68, lr: [0.00011825376706227193], Loss: 1.605101, Acc:0.630894, Semantic loss: 0.138451, BCE loss: 1.418103, SB loss: 0.048547
2025-01-08 01:06:43,446 Epoch: [8/20] Iter:[180/192], Time: 0.68, lr: [0.00011775492278078589], Loss: 1.603498, Acc:0.631466, Semantic loss: 0.138003, BCE loss: 1.416979, SB loss: 0.048516
2025-01-08 01:06:50,243 Epoch: [8/20] Iter:[190/192], Time: 0.68, lr: [0.00011725584358231952], Loss: 1.602898, Acc:0.630793, Semantic loss: 0.138316, BCE loss: 1.416089, SB loss: 0.048494
2025-01-08 01:09:45,679 0 [0.         0.32739947 0.41569654 0.31006607 0.63729429 0.13189002
 0.35663154 0.01033745] 0.2736644228850974
2025-01-08 01:09:45,680 1 [0.         0.32881962 0.46063801 0.42857117 0.6465071  0.08426758
 0.38970859 0.13534212] 0.30923177525186013
2025-01-08 01:09:45,680 => saving checkpoint to output\loveDa\pidnet_small_loveda_adam_oce_schedulercheckpoint.pth.tar
2025-01-08 01:09:45,921 Loss: 1.653, MeanIU:  0.3092, Best_mIoU:  0.3092
2025-01-08 01:09:45,921 [0.         0.32881962 0.46063801 0.42857117 0.6465071  0.08426758
 0.38970859 0.13534212]
2025-01-08 01:09:46,592 Epoch: [9/20] Iter:[0/192], Time: 0.56, lr: [6.15594191804515e-05], Loss: 1.995582, Acc:0.643709, Semantic loss: 0.130751, BCE loss: 1.821474, SB loss: 0.043357
2025-01-08 01:09:53,127 Epoch: [9/20] Iter:[10/192], Time: 0.64, lr: [6.12970298980455e-05], Loss: 1.609689, Acc:0.628962, Semantic loss: 0.136743, BCE loss: 1.428688, SB loss: 0.044258
2025-01-08 01:09:59,892 Epoch: [9/20] Iter:[20/192], Time: 0.66, lr: [6.1034515757054244e-05], Loss: 1.660752, Acc:0.666216, Semantic loss: 0.129670, BCE loss: 1.485485, SB loss: 0.045597
2025-01-08 01:10:06,828 Epoch: [9/20] Iter:[30/192], Time: 0.67, lr: [6.077187610079359e-05], Loss: 1.682578, Acc:0.656000, Semantic loss: 0.133909, BCE loss: 1.503027, SB loss: 0.045643
2025-01-08 01:10:13,656 Epoch: [9/20] Iter:[40/192], Time: 0.67, lr: [6.050911026595411e-05], Loss: 1.661815, Acc:0.654095, Semantic loss: 0.134948, BCE loss: 1.480763, SB loss: 0.046103
2025-01-08 01:10:20,418 Epoch: [9/20] Iter:[50/192], Time: 0.67, lr: [6.0246217582501975e-05], Loss: 1.659220, Acc:0.654642, Semantic loss: 0.133790, BCE loss: 1.479486, SB loss: 0.045944
2025-01-08 01:10:27,285 Epoch: [9/20] Iter:[60/192], Time: 0.68, lr: [5.998319737357783e-05], Loss: 1.676529, Acc:0.649685, Semantic loss: 0.138103, BCE loss: 1.490726, SB loss: 0.047700
2025-01-08 01:10:34,000 Epoch: [9/20] Iter:[70/192], Time: 0.68, lr: [5.972004895539355e-05], Loss: 1.650723, Acc:0.645786, Semantic loss: 0.137163, BCE loss: 1.466550, SB loss: 0.047011
2025-01-08 01:10:40,724 Epoch: [9/20] Iter:[80/192], Time: 0.68, lr: [5.945677163712717e-05], Loss: 1.639279, Acc:0.647438, Semantic loss: 0.135925, BCE loss: 1.456898, SB loss: 0.046455
2025-01-08 01:10:47,441 Epoch: [9/20] Iter:[90/192], Time: 0.67, lr: [5.919336472081547e-05], Loss: 1.622617, Acc:0.644693, Semantic loss: 0.137354, BCE loss: 1.438750, SB loss: 0.046513
2025-01-08 01:10:54,222 Epoch: [9/20] Iter:[100/192], Time: 0.67, lr: [5.892982750124445e-05], Loss: 1.606014, Acc:0.643563, Semantic loss: 0.137955, BCE loss: 1.420978, SB loss: 0.047080
2025-01-08 01:11:01,378 Epoch: [9/20] Iter:[110/192], Time: 0.68, lr: [5.8666159265837644e-05], Loss: 1.620524, Acc:0.647015, Semantic loss: 0.136935, BCE loss: 1.436876, SB loss: 0.046713
2025-01-08 01:11:07,902 Epoch: [9/20] Iter:[120/192], Time: 0.68, lr: [5.840235929454203e-05], Loss: 1.622937, Acc:0.647576, Semantic loss: 0.136335, BCE loss: 1.440120, SB loss: 0.046481
2025-01-08 01:11:14,615 Epoch: [9/20] Iter:[130/192], Time: 0.68, lr: [5.813842685971164e-05], Loss: 1.633339, Acc:0.647126, Semantic loss: 0.136690, BCE loss: 1.449760, SB loss: 0.046889
2025-01-08 01:11:21,201 Epoch: [9/20] Iter:[140/192], Time: 0.67, lr: [5.787436122598885e-05], Loss: 1.620100, Acc:0.648608, Semantic loss: 0.136582, BCE loss: 1.436819, SB loss: 0.046699
2025-01-08 01:11:27,877 Epoch: [9/20] Iter:[150/192], Time: 0.67, lr: [5.761016165018302e-05], Loss: 1.609899, Acc:0.647218, Semantic loss: 0.136874, BCE loss: 1.426275, SB loss: 0.046749
2025-01-08 01:11:34,791 Epoch: [9/20] Iter:[160/192], Time: 0.68, lr: [5.734582738114676e-05], Loss: 1.605054, Acc:0.644613, Semantic loss: 0.137256, BCE loss: 1.420630, SB loss: 0.047169
2025-01-08 01:11:41,361 Epoch: [9/20] Iter:[170/192], Time: 0.67, lr: [5.7081357659649514e-05], Loss: 1.603190, Acc:0.644991, Semantic loss: 0.137112, BCE loss: 1.419079, SB loss: 0.046999
2025-01-08 01:11:48,006 Epoch: [9/20] Iter:[180/192], Time: 0.67, lr: [5.681675171824849e-05], Loss: 1.597737, Acc:0.645888, Semantic loss: 0.136452, BCE loss: 1.414402, SB loss: 0.046882
2025-01-08 01:11:54,772 Epoch: [9/20] Iter:[190/192], Time: 0.67, lr: [5.6552008781156856e-05], Loss: 1.592655, Acc:0.648298, Semantic loss: 0.135866, BCE loss: 1.410047, SB loss: 0.046742
2025-01-08 01:14:51,405 0 [0.         0.33739014 0.44534445 0.34880267 0.63231348 0.24871136
 0.35198358 0.02646171] 0.2988759239068926
2025-01-08 01:14:51,406 1 [0.         0.33197358 0.52160716 0.46840747 0.64823344 0.21206317
 0.34143021 0.13725792] 0.33262161817221014
2025-01-08 01:14:51,406 => saving checkpoint to output\loveDa\pidnet_small_loveda_adam_oce_schedulercheckpoint.pth.tar
2025-01-08 01:14:51,658 Loss: 1.648, MeanIU:  0.3326, Best_mIoU:  0.3326
2025-01-08 01:14:51,658 [0.         0.33197358 0.52160716 0.46840747 0.64823344 0.21206317
 0.34143021 0.13725792]
2025-01-08 01:14:52,342 Epoch: [10/20] Iter:[0/192], Time: 0.58, lr: [2.6502763580764673e-05], Loss: 0.553712, Acc:0.743539, Semantic loss: 0.102041, BCE loss: 0.416641, SB loss: 0.035031
2025-01-08 01:14:59,137 Epoch: [10/20] Iter:[10/192], Time: 0.66, lr: [2.6378499462520686e-05], Loss: 1.561685, Acc:0.703185, Semantic loss: 0.122365, BCE loss: 1.394227, SB loss: 0.045094
2025-01-08 01:15:05,910 Epoch: [10/20] Iter:[20/192], Time: 0.67, lr: [2.625417026718234e-05], Loss: 1.545597, Acc:0.692727, Semantic loss: 0.129086, BCE loss: 1.369485, SB loss: 0.047025
2025-01-08 01:15:12,887 Epoch: [10/20] Iter:[30/192], Time: 0.68, lr: [2.6129775617884884e-05], Loss: 1.541436, Acc:0.681253, Semantic loss: 0.131350, BCE loss: 1.363396, SB loss: 0.046690
2025-01-08 01:15:19,430 Epoch: [10/20] Iter:[40/192], Time: 0.67, lr: [2.6005315133575e-05], Loss: 1.551710, Acc:0.681124, Semantic loss: 0.129799, BCE loss: 1.375234, SB loss: 0.046677
2025-01-08 01:15:26,343 Epoch: [10/20] Iter:[50/192], Time: 0.68, lr: [2.5880788428941735e-05], Loss: 1.578846, Acc:0.678020, Semantic loss: 0.129289, BCE loss: 1.403165, SB loss: 0.046392
2025-01-08 01:15:33,066 Epoch: [10/20] Iter:[60/192], Time: 0.68, lr: [2.5756195114345903e-05], Loss: 1.554467, Acc:0.670678, Semantic loss: 0.131796, BCE loss: 1.375948, SB loss: 0.046724
2025-01-08 01:15:39,729 Epoch: [10/20] Iter:[70/192], Time: 0.68, lr: [2.5631534795747918e-05], Loss: 1.554762, Acc:0.664232, Semantic loss: 0.131796, BCE loss: 1.376472, SB loss: 0.046494
2025-01-08 01:15:46,465 Epoch: [10/20] Iter:[80/192], Time: 0.68, lr: [2.550680707463402e-05], Loss: 1.550717, Acc:0.664216, Semantic loss: 0.131904, BCE loss: 1.372601, SB loss: 0.046212
2025-01-08 01:15:53,228 Epoch: [10/20] Iter:[90/192], Time: 0.68, lr: [2.5382011547940933e-05], Loss: 1.564056, Acc:0.663567, Semantic loss: 0.132332, BCE loss: 1.385554, SB loss: 0.046170
2025-01-08 01:16:00,142 Epoch: [10/20] Iter:[100/192], Time: 0.68, lr: [2.52571478079787e-05], Loss: 1.568941, Acc:0.661312, Semantic loss: 0.133158, BCE loss: 1.389495, SB loss: 0.046288
2025-01-08 01:16:06,793 Epoch: [10/20] Iter:[110/192], Time: 0.68, lr: [2.5132215442351885e-05], Loss: 1.553247, Acc:0.659013, Semantic loss: 0.133456, BCE loss: 1.373420, SB loss: 0.046370
2025-01-08 01:16:13,320 Epoch: [10/20] Iter:[120/192], Time: 0.67, lr: [2.5007214033878992e-05], Loss: 1.556333, Acc:0.659611, Semantic loss: 0.133165, BCE loss: 1.376767, SB loss: 0.046401
2025-01-08 01:16:20,158 Epoch: [10/20] Iter:[130/192], Time: 0.67, lr: [2.4882143160509953e-05], Loss: 1.571236, Acc:0.659162, Semantic loss: 0.133429, BCE loss: 1.391246, SB loss: 0.046562
2025-01-08 01:16:26,896 Epoch: [10/20] Iter:[140/192], Time: 0.67, lr: [2.475700239524182e-05], Loss: 1.576012, Acc:0.660592, Semantic loss: 0.133531, BCE loss: 1.395778, SB loss: 0.046703
2025-01-08 01:16:33,577 Epoch: [10/20] Iter:[150/192], Time: 0.67, lr: [2.4631791306032484e-05], Loss: 1.584837, Acc:0.661529, Semantic loss: 0.133409, BCE loss: 1.404541, SB loss: 0.046888
2025-01-08 01:16:40,381 Epoch: [10/20] Iter:[160/192], Time: 0.67, lr: [2.450650945571239e-05], Loss: 1.566826, Acc:0.662276, Semantic loss: 0.132823, BCE loss: 1.387280, SB loss: 0.046723
2025-01-08 01:16:46,929 Epoch: [10/20] Iter:[170/192], Time: 0.67, lr: [2.4381156401894168e-05], Loss: 1.562906, Acc:0.661560, Semantic loss: 0.132453, BCE loss: 1.383683, SB loss: 0.046769
2025-01-08 01:16:53,732 Epoch: [10/20] Iter:[180/192], Time: 0.67, lr: [2.4255731696880223e-05], Loss: 1.560082, Acc:0.660783, Semantic loss: 0.132766, BCE loss: 1.380547, SB loss: 0.046769
2025-01-08 01:17:00,370 Epoch: [10/20] Iter:[190/192], Time: 0.67, lr: [2.4130234887568062e-05], Loss: 1.563730, Acc:0.661455, Semantic loss: 0.132518, BCE loss: 1.384573, SB loss: 0.046638
2025-01-08 01:19:56,830 0 [0.         0.34045368 0.43388491 0.3380809  0.63616005 0.24725932
 0.33678912 0.03218148] 0.2956011810636786
2025-01-08 01:19:56,831 1 [0.         0.32471634 0.50361504 0.48945475 0.64667893 0.19632673
 0.31520875 0.05963282] 0.31695417129342907
2025-01-08 01:19:56,832 => saving checkpoint to output\loveDa\pidnet_small_loveda_adam_oce_schedulercheckpoint.pth.tar
2025-01-08 01:19:57,019 Loss: 1.678, MeanIU:  0.3170, Best_mIoU:  0.3326
2025-01-08 01:19:57,020 [0.         0.32471634 0.50361504 0.48945475 0.64667893 0.19632673
 0.31520875 0.05963282]
2025-01-08 01:19:57,761 Epoch: [11/20] Iter:[0/192], Time: 0.59, lr: [9.994924527298298e-06], Loss: 1.056645, Acc:0.507761, Semantic loss: 0.146504, BCE loss: 0.853952, SB loss: 0.056189
2025-01-08 01:20:04,352 Epoch: [11/20] Iter:[10/192], Time: 0.66, lr: [9.942852533899284e-06], Loss: 1.468716, Acc:0.614092, Semantic loss: 0.144025, BCE loss: 1.274466, SB loss: 0.050224
2025-01-08 01:20:11,312 Epoch: [11/20] Iter:[20/192], Time: 0.67, lr: [9.89075022183898e-06], Loss: 1.511503, Acc:0.641557, Semantic loss: 0.140220, BCE loss: 1.324491, SB loss: 0.046792
2025-01-08 01:20:17,937 Epoch: [11/20] Iter:[30/192], Time: 0.67, lr: [9.838617395797287e-06], Loss: 1.509698, Acc:0.639584, Semantic loss: 0.143697, BCE loss: 1.316233, SB loss: 0.049767
2025-01-08 01:20:24,552 Epoch: [11/20] Iter:[40/192], Time: 0.67, lr: [9.78645385803774e-06], Loss: 1.520046, Acc:0.643014, Semantic loss: 0.142065, BCE loss: 1.328487, SB loss: 0.049493
2025-01-08 01:20:31,570 Epoch: [11/20] Iter:[50/192], Time: 0.68, lr: [9.734259408363107e-06], Loss: 1.537505, Acc:0.642999, Semantic loss: 0.140686, BCE loss: 1.347612, SB loss: 0.049206
2025-01-08 01:20:38,262 Epoch: [11/20] Iter:[60/192], Time: 0.67, lr: [9.682033844069916e-06], Loss: 1.569466, Acc:0.644790, Semantic loss: 0.137932, BCE loss: 1.383011, SB loss: 0.048523
2025-01-08 01:20:45,118 Epoch: [11/20] Iter:[70/192], Time: 0.68, lr: [9.629776959901866e-06], Loss: 1.580162, Acc:0.646866, Semantic loss: 0.136327, BCE loss: 1.395966, SB loss: 0.047870
2025-01-08 01:20:51,708 Epoch: [11/20] Iter:[80/192], Time: 0.67, lr: [9.577488548002078e-06], Loss: 1.571161, Acc:0.651546, Semantic loss: 0.135443, BCE loss: 1.388245, SB loss: 0.047473
2025-01-08 01:20:58,519 Epoch: [11/20] Iter:[90/192], Time: 0.67, lr: [9.525168397864156e-06], Loss: 1.573725, Acc:0.657105, Semantic loss: 0.133510, BCE loss: 1.393400, SB loss: 0.046815
2025-01-08 01:21:05,415 Epoch: [11/20] Iter:[100/192], Time: 0.68, lr: [9.472816296282034e-06], Loss: 1.568862, Acc:0.650743, Semantic loss: 0.135498, BCE loss: 1.386339, SB loss: 0.047026
2025-01-08 01:21:12,069 Epoch: [11/20] Iter:[110/192], Time: 0.68, lr: [9.42043202729855e-06], Loss: 1.576047, Acc:0.650176, Semantic loss: 0.135370, BCE loss: 1.393686, SB loss: 0.046991
2025-01-08 01:21:18,807 Epoch: [11/20] Iter:[120/192], Time: 0.67, lr: [9.368015372152714e-06], Loss: 1.571353, Acc:0.650949, Semantic loss: 0.135812, BCE loss: 1.388639, SB loss: 0.046902
2025-01-08 01:21:25,711 Epoch: [11/20] Iter:[130/192], Time: 0.68, lr: [9.315566109225647e-06], Loss: 1.555632, Acc:0.653241, Semantic loss: 0.134788, BCE loss: 1.374407, SB loss: 0.046437
2025-01-08 01:21:32,517 Epoch: [11/20] Iter:[140/192], Time: 0.68, lr: [9.263084013985108e-06], Loss: 1.561337, Acc:0.654976, Semantic loss: 0.134304, BCE loss: 1.380628, SB loss: 0.046404
2025-01-08 01:21:39,211 Epoch: [11/20] Iter:[150/192], Time: 0.68, lr: [9.210568858928609e-06], Loss: 1.559307, Acc:0.655870, Semantic loss: 0.133660, BCE loss: 1.379216, SB loss: 0.046431
2025-01-08 01:21:45,874 Epoch: [11/20] Iter:[160/192], Time: 0.68, lr: [9.158020413525047e-06], Loss: 1.568699, Acc:0.654968, Semantic loss: 0.133922, BCE loss: 1.388263, SB loss: 0.046514
2025-01-08 01:21:52,458 Epoch: [11/20] Iter:[170/192], Time: 0.67, lr: [9.105438444154804e-06], Loss: 1.559766, Acc:0.658698, Semantic loss: 0.132938, BCE loss: 1.380536, SB loss: 0.046292
2025-01-08 01:21:59,247 Epoch: [11/20] Iter:[180/192], Time: 0.67, lr: [9.052822714048262e-06], Loss: 1.567553, Acc:0.657497, Semantic loss: 0.133601, BCE loss: 1.387365, SB loss: 0.046587
2025-01-08 01:22:05,956 Epoch: [11/20] Iter:[190/192], Time: 0.67, lr: [9.00017298322272e-06], Loss: 1.557504, Acc:0.655979, Semantic loss: 0.133845, BCE loss: 1.377067, SB loss: 0.046592
2025-01-08 01:25:02,819 0 [0.         0.33818351 0.42902561 0.31356949 0.63482881 0.21463749
 0.33408671 0.0300367 ] 0.2867960416136507
2025-01-08 01:25:02,821 1 [0.         0.31978987 0.49149221 0.46702176 0.65721477 0.2240833
 0.31787211 0.06412331] 0.31769966613142886
2025-01-08 01:25:02,821 => saving checkpoint to output\loveDa\pidnet_small_loveda_adam_oce_schedulercheckpoint.pth.tar
2025-01-08 01:25:03,004 Loss: 1.686, MeanIU:  0.3177, Best_mIoU:  0.3326
2025-01-08 01:25:03,004 [0.         0.31978987 0.49149221 0.46702176 0.65721477 0.2240833
 0.31787211 0.06412331]
2025-01-08 01:25:03,666 Epoch: [12/20] Iter:[0/192], Time: 0.56, lr: [3.2798477953238624e-06], Loss: 1.260230, Acc:0.712115, Semantic loss: 0.109374, BCE loss: 1.110164, SB loss: 0.040692
2025-01-08 01:25:10,350 Epoch: [12/20] Iter:[10/192], Time: 0.66, lr: [3.2606236663500963e-06], Loss: 1.508000, Acc:0.648791, Semantic loss: 0.125719, BCE loss: 1.338684, SB loss: 0.043597
2025-01-08 01:25:17,022 Epoch: [12/20] Iter:[20/192], Time: 0.66, lr: [3.2413869354275904e-06], Loss: 1.587783, Acc:0.649278, Semantic loss: 0.131204, BCE loss: 1.411700, SB loss: 0.044879
2025-01-08 01:25:23,705 Epoch: [12/20] Iter:[30/192], Time: 0.66, lr: [3.222137511085913e-06], Loss: 1.600318, Acc:0.659537, Semantic loss: 0.131924, BCE loss: 1.422749, SB loss: 0.045645
2025-01-08 01:25:30,457 Epoch: [12/20] Iter:[40/192], Time: 0.67, lr: [3.2028753005787e-06], Loss: 1.631947, Acc:0.666128, Semantic loss: 0.130266, BCE loss: 1.455739, SB loss: 0.045942
2025-01-08 01:25:37,327 Epoch: [12/20] Iter:[50/192], Time: 0.67, lr: [3.1836002098572034e-06], Loss: 1.592047, Acc:0.659825, Semantic loss: 0.131119, BCE loss: 1.414445, SB loss: 0.046483
2025-01-08 01:25:44,045 Epoch: [12/20] Iter:[60/192], Time: 0.67, lr: [3.164312143543109e-06], Loss: 1.573388, Acc:0.655003, Semantic loss: 0.130793, BCE loss: 1.396305, SB loss: 0.046291
2025-01-08 01:25:50,612 Epoch: [12/20] Iter:[70/192], Time: 0.67, lr: [3.1450110049006045e-06], Loss: 1.566605, Acc:0.654400, Semantic loss: 0.132043, BCE loss: 1.387583, SB loss: 0.046978
2025-01-08 01:25:57,358 Epoch: [12/20] Iter:[80/192], Time: 0.67, lr: [3.125696695807664e-06], Loss: 1.555801, Acc:0.655105, Semantic loss: 0.131899, BCE loss: 1.377332, SB loss: 0.046569
2025-01-08 01:26:04,012 Epoch: [12/20] Iter:[90/192], Time: 0.67, lr: [3.1063691167265207e-06], Loss: 1.552982, Acc:0.659743, Semantic loss: 0.130651, BCE loss: 1.376173, SB loss: 0.046158
2025-01-08 01:26:10,530 Epoch: [12/20] Iter:[100/192], Time: 0.67, lr: [3.0870281666733024e-06], Loss: 1.534510, Acc:0.659180, Semantic loss: 0.131023, BCE loss: 1.357291, SB loss: 0.046196
2025-01-08 01:26:17,067 Epoch: [12/20] Iter:[110/192], Time: 0.67, lr: [3.067673743186808e-06], Loss: 1.538651, Acc:0.662418, Semantic loss: 0.131195, BCE loss: 1.361683, SB loss: 0.045773
2025-01-08 01:26:23,654 Epoch: [12/20] Iter:[120/192], Time: 0.67, lr: [3.0483057422963726e-06], Loss: 1.544686, Acc:0.662595, Semantic loss: 0.131430, BCE loss: 1.367587, SB loss: 0.045668
2025-01-08 01:26:30,228 Epoch: [12/20] Iter:[130/192], Time: 0.66, lr: [3.028924058488811e-06], Loss: 1.555662, Acc:0.660263, Semantic loss: 0.132190, BCE loss: 1.377436, SB loss: 0.046037
2025-01-08 01:26:36,930 Epoch: [12/20] Iter:[140/192], Time: 0.67, lr: [3.0095285846743975e-06], Loss: 1.548020, Acc:0.659943, Semantic loss: 0.132254, BCE loss: 1.369711, SB loss: 0.046055
2025-01-08 01:26:43,633 Epoch: [12/20] Iter:[150/192], Time: 0.67, lr: [2.9901192121518368e-06], Loss: 1.549953, Acc:0.661464, Semantic loss: 0.132152, BCE loss: 1.371656, SB loss: 0.046146
2025-01-08 01:26:50,460 Epoch: [12/20] Iter:[160/192], Time: 0.67, lr: [2.9706958305722103e-06], Loss: 1.552983, Acc:0.659958, Semantic loss: 0.133301, BCE loss: 1.373029, SB loss: 0.046653
2025-01-08 01:26:57,123 Epoch: [12/20] Iter:[170/192], Time: 0.67, lr: [2.951258327901839e-06], Loss: 1.551409, Acc:0.661625, Semantic loss: 0.132919, BCE loss: 1.372000, SB loss: 0.046490
2025-01-08 01:27:03,774 Epoch: [12/20] Iter:[180/192], Time: 0.67, lr: [2.9318065903840363e-06], Loss: 1.541631, Acc:0.659022, Semantic loss: 0.132568, BCE loss: 1.362632, SB loss: 0.046430
2025-01-08 01:27:10,478 Epoch: [12/20] Iter:[190/192], Time: 0.67, lr: [2.9123405024996976e-06], Loss: 1.543751, Acc:0.657534, Semantic loss: 0.132603, BCE loss: 1.364695, SB loss: 0.046452
2025-01-08 01:30:07,073 0 [0.         0.34042565 0.43384752 0.33197169 0.63415022 0.20601455
 0.34332835 0.04148623] 0.2914030266844305
2025-01-08 01:30:07,074 1 [0.         0.33099369 0.51421034 0.48307953 0.66396473 0.18230906
 0.33657482 0.11957064] 0.32883785200318455
2025-01-08 01:30:07,075 => saving checkpoint to output\loveDa\pidnet_small_loveda_adam_oce_schedulercheckpoint.pth.tar
2025-01-08 01:30:07,271 Loss: 1.664, MeanIU:  0.3288, Best_mIoU:  0.3326
2025-01-08 01:30:07,271 [0.         0.33099369 0.51421034 0.48307953 0.66396473 0.18230906
 0.33657482 0.11957064]
2025-01-08 01:30:07,898 Epoch: [13/20] Iter:[0/192], Time: 0.52, lr: [9.618010935850693e-07], Loss: 1.107435, Acc:0.694843, Semantic loss: 0.129935, BCE loss: 0.928678, SB loss: 0.048823
2025-01-08 01:30:14,366 Epoch: [13/20] Iter:[10/192], Time: 0.63, lr: [9.553580586308357e-07], Loss: 1.390225, Acc:0.650999, Semantic loss: 0.141712, BCE loss: 1.200865, SB loss: 0.047648
2025-01-08 01:30:20,958 Epoch: [13/20] Iter:[20/192], Time: 0.65, lr: [9.489101919570389e-07], Loss: 1.441367, Acc:0.651694, Semantic loss: 0.137138, BCE loss: 1.257420, SB loss: 0.046809
2025-01-08 01:30:27,675 Epoch: [13/20] Iter:[30/192], Time: 0.65, lr: [9.424574534050686e-07], Loss: 1.489830, Acc:0.661398, Semantic loss: 0.136495, BCE loss: 1.306198, SB loss: 0.047136
2025-01-08 01:30:34,465 Epoch: [13/20] Iter:[40/192], Time: 0.66, lr: [9.359998021742491e-07], Loss: 1.495832, Acc:0.659316, Semantic loss: 0.137552, BCE loss: 1.311509, SB loss: 0.046771
2025-01-08 01:30:41,139 Epoch: [13/20] Iter:[50/192], Time: 0.66, lr: [9.295371968065665e-07], Loss: 1.497806, Acc:0.651881, Semantic loss: 0.138763, BCE loss: 1.311329, SB loss: 0.047714
2025-01-08 01:30:48,007 Epoch: [13/20] Iter:[60/192], Time: 0.66, lr: [9.23069595170916e-07], Loss: 1.535897, Acc:0.654468, Semantic loss: 0.137568, BCE loss: 1.350923, SB loss: 0.047405
2025-01-08 01:30:54,710 Epoch: [13/20] Iter:[70/192], Time: 0.67, lr: [9.165969544468443e-07], Loss: 1.562162, Acc:0.661886, Semantic loss: 0.136480, BCE loss: 1.378365, SB loss: 0.047318
2025-01-08 01:31:01,256 Epoch: [13/20] Iter:[80/192], Time: 0.67, lr: [9.10119231107768e-07], Loss: 1.556168, Acc:0.660933, Semantic loss: 0.136609, BCE loss: 1.372400, SB loss: 0.047158
2025-01-08 01:31:07,823 Epoch: [13/20] Iter:[90/192], Time: 0.66, lr: [9.036363809036469e-07], Loss: 1.544283, Acc:0.658795, Semantic loss: 0.136196, BCE loss: 1.361083, SB loss: 0.047005
2025-01-08 01:31:14,524 Epoch: [13/20] Iter:[100/192], Time: 0.66, lr: [8.97148358843095e-07], Loss: 1.534637, Acc:0.656989, Semantic loss: 0.136294, BCE loss: 1.351146, SB loss: 0.047197
2025-01-08 01:31:21,525 Epoch: [13/20] Iter:[110/192], Time: 0.67, lr: [8.906551191748946e-07], Loss: 1.532827, Acc:0.657336, Semantic loss: 0.136778, BCE loss: 1.348569, SB loss: 0.047479
2025-01-08 01:31:27,965 Epoch: [13/20] Iter:[120/192], Time: 0.67, lr: [8.841566153689011e-07], Loss: 1.542357, Acc:0.658461, Semantic loss: 0.135803, BCE loss: 1.359306, SB loss: 0.047248
2025-01-08 01:31:34,539 Epoch: [13/20] Iter:[130/192], Time: 0.67, lr: [8.776528000963073e-07], Loss: 1.535981, Acc:0.656962, Semantic loss: 0.136054, BCE loss: 1.352775, SB loss: 0.047153
2025-01-08 01:31:41,148 Epoch: [13/20] Iter:[140/192], Time: 0.67, lr: [8.711436252092384e-07], Loss: 1.543964, Acc:0.656695, Semantic loss: 0.135679, BCE loss: 1.361144, SB loss: 0.047141
2025-01-08 01:31:47,800 Epoch: [13/20] Iter:[150/192], Time: 0.67, lr: [8.646290417196539e-07], Loss: 1.553959, Acc:0.656278, Semantic loss: 0.135656, BCE loss: 1.371407, SB loss: 0.046896
2025-01-08 01:31:54,342 Epoch: [13/20] Iter:[160/192], Time: 0.66, lr: [8.581089997775244e-07], Loss: 1.549842, Acc:0.654111, Semantic loss: 0.135462, BCE loss: 1.367572, SB loss: 0.046807
2025-01-08 01:32:01,148 Epoch: [13/20] Iter:[170/192], Time: 0.66, lr: [8.515834486482519e-07], Loss: 1.562739, Acc:0.653755, Semantic loss: 0.135561, BCE loss: 1.380408, SB loss: 0.046770
2025-01-08 01:32:07,687 Epoch: [13/20] Iter:[180/192], Time: 0.66, lr: [8.450523366893011e-07], Loss: 1.557019, Acc:0.654985, Semantic loss: 0.134956, BCE loss: 1.375422, SB loss: 0.046640
2025-01-08 01:32:14,484 Epoch: [13/20] Iter:[190/192], Time: 0.67, lr: [8.385156113260078e-07], Loss: 1.558684, Acc:0.654265, Semantic loss: 0.135488, BCE loss: 1.376357, SB loss: 0.046839
2025-01-08 01:35:09,970 0 [0.         0.34274523 0.43417398 0.34701325 0.63318532 0.24229778
 0.32982426 0.03200213] 0.2951552431493674
2025-01-08 01:35:09,971 1 [0.         0.33730545 0.53346279 0.4918229  0.66012407 0.26855886
 0.32376587 0.12567178] 0.34258896475464234
2025-01-08 01:35:09,972 => saving checkpoint to output\loveDa\pidnet_small_loveda_adam_oce_schedulercheckpoint.pth.tar
2025-01-08 01:35:10,223 Loss: 1.656, MeanIU:  0.3426, Best_mIoU:  0.3426
2025-01-08 01:35:10,224 [0.         0.33730545 0.53346279 0.4918229  0.66012407 0.26855886
 0.32376587 0.12567178]
2025-01-08 01:35:10,879 Epoch: [14/20] Iter:[0/192], Time: 0.55, lr: [2.986828157367968e-07], Loss: 1.305444, Acc:0.751233, Semantic loss: 0.094959, BCE loss: 1.175773, SB loss: 0.034712
2025-01-08 01:35:17,553 Epoch: [14/20] Iter:[10/192], Time: 0.66, lr: [2.9634834021427503e-07], Loss: 1.406481, Acc:0.643107, Semantic loss: 0.132666, BCE loss: 1.228009, SB loss: 0.045807
2025-01-08 01:35:24,490 Epoch: [14/20] Iter:[20/192], Time: 0.67, lr: [2.9401181956979684e-07], Loss: 1.517046, Acc:0.632871, Semantic loss: 0.136567, BCE loss: 1.333180, SB loss: 0.047299
2025-01-08 01:35:31,264 Epoch: [14/20] Iter:[30/192], Time: 0.68, lr: [2.9167323392097336e-07], Loss: 1.505897, Acc:0.643674, Semantic loss: 0.136574, BCE loss: 1.321774, SB loss: 0.047550
2025-01-08 01:35:37,809 Epoch: [14/20] Iter:[40/192], Time: 0.67, lr: [2.89332563013105e-07], Loss: 1.446863, Acc:0.649702, Semantic loss: 0.133823, BCE loss: 1.265461, SB loss: 0.047579
2025-01-08 01:35:44,383 Epoch: [14/20] Iter:[50/192], Time: 0.67, lr: [2.8698978620879777e-07], Loss: 1.444648, Acc:0.646073, Semantic loss: 0.134460, BCE loss: 1.263342, SB loss: 0.046845
2025-01-08 01:35:51,185 Epoch: [14/20] Iter:[60/192], Time: 0.67, lr: [2.8464488247719117e-07], Loss: 1.481315, Acc:0.652042, Semantic loss: 0.131373, BCE loss: 1.303766, SB loss: 0.046176
2025-01-08 01:35:57,898 Epoch: [14/20] Iter:[70/192], Time: 0.67, lr: [2.8229783038278345e-07], Loss: 1.484328, Acc:0.652209, Semantic loss: 0.131579, BCE loss: 1.306205, SB loss: 0.046544
2025-01-08 01:36:04,680 Epoch: [14/20] Iter:[80/192], Time: 0.67, lr: [2.799486080738327e-07], Loss: 1.484989, Acc:0.655048, Semantic loss: 0.131813, BCE loss: 1.306934, SB loss: 0.046241
2025-01-08 01:36:11,675 Epoch: [14/20] Iter:[90/192], Time: 0.67, lr: [2.7759719327031265e-07], Loss: 1.486113, Acc:0.651796, Semantic loss: 0.132157, BCE loss: 1.307741, SB loss: 0.046216
2025-01-08 01:36:18,526 Epoch: [14/20] Iter:[100/192], Time: 0.67, lr: [2.752435632514053e-07], Loss: 1.507668, Acc:0.652819, Semantic loss: 0.132785, BCE loss: 1.328292, SB loss: 0.046591
2025-01-08 01:36:25,335 Epoch: [14/20] Iter:[110/192], Time: 0.68, lr: [2.7288769484250477e-07], Loss: 1.517093, Acc:0.653061, Semantic loss: 0.132839, BCE loss: 1.337518, SB loss: 0.046735
2025-01-08 01:36:32,037 Epoch: [14/20] Iter:[120/192], Time: 0.68, lr: [2.7052956440170896e-07], Loss: 1.526111, Acc:0.653613, Semantic loss: 0.132973, BCE loss: 1.346402, SB loss: 0.046736
2025-01-08 01:36:38,739 Epoch: [14/20] Iter:[130/192], Time: 0.67, lr: [2.6816914780577575e-07], Loss: 1.523806, Acc:0.655085, Semantic loss: 0.132831, BCE loss: 1.344391, SB loss: 0.046584
2025-01-08 01:36:45,296 Epoch: [14/20] Iter:[140/192], Time: 0.67, lr: [2.6580642043551417e-07], Loss: 1.522450, Acc:0.653569, Semantic loss: 0.132655, BCE loss: 1.343257, SB loss: 0.046538
2025-01-08 01:36:51,933 Epoch: [14/20] Iter:[150/192], Time: 0.67, lr: [2.634413571605838e-07], Loss: 1.526259, Acc:0.652283, Semantic loss: 0.132705, BCE loss: 1.347198, SB loss: 0.046356
2025-01-08 01:36:58,471 Epoch: [14/20] Iter:[160/192], Time: 0.67, lr: [2.61073932323672e-07], Loss: 1.524289, Acc:0.653076, Semantic loss: 0.132568, BCE loss: 1.345309, SB loss: 0.046412
2025-01-08 01:37:05,180 Epoch: [14/20] Iter:[170/192], Time: 0.67, lr: [2.587041197240168e-07], Loss: 1.523627, Acc:0.652128, Semantic loss: 0.132576, BCE loss: 1.344643, SB loss: 0.046408
2025-01-08 01:37:11,896 Epoch: [14/20] Iter:[180/192], Time: 0.67, lr: [2.563318926002408e-07], Loss: 1.527930, Acc:0.652166, Semantic loss: 0.133023, BCE loss: 1.348393, SB loss: 0.046514
2025-01-08 01:37:18,720 Epoch: [14/20] Iter:[190/192], Time: 0.67, lr: [2.539572236124615e-07], Loss: 1.537675, Acc:0.652658, Semantic loss: 0.132771, BCE loss: 1.358362, SB loss: 0.046542
2025-01-08 01:40:15,391 0 [0.         0.34398409 0.43105072 0.33826003 0.63535806 0.24535656
 0.32665976 0.02837634] 0.2936306962979079
2025-01-08 01:40:15,391 1 [0.         0.33293136 0.51410288 0.4886623  0.61572126 0.2671455
 0.30671714 0.05175873] 0.3221298950443556
2025-01-08 01:40:15,392 => saving checkpoint to output\loveDa\pidnet_small_loveda_adam_oce_schedulercheckpoint.pth.tar
2025-01-08 01:40:15,581 Loss: 1.694, MeanIU:  0.3221, Best_mIoU:  0.3426
2025-01-08 01:40:15,582 [0.         0.33293136 0.51410288 0.4886623  0.61572126 0.2671455
 0.30671714 0.05175873]
2025-01-08 01:40:16,240 Epoch: [15/20] Iter:[0/192], Time: 0.55, lr: [1.453555222964591e-07], Loss: 1.204579, Acc:0.740955, Semantic loss: 0.101737, BCE loss: 1.062318, SB loss: 0.040525
2025-01-08 01:40:22,854 Epoch: [15/20] Iter:[10/192], Time: 0.65, lr: [1.439921018054205e-07], Loss: 1.552687, Acc:0.698178, Semantic loss: 0.125715, BCE loss: 1.384820, SB loss: 0.042152
2025-01-08 01:40:29,414 Epoch: [15/20] Iter:[20/192], Time: 0.65, lr: [1.4262724535143528e-07], Loss: 1.610847, Acc:0.685573, Semantic loss: 0.126292, BCE loss: 1.442079, SB loss: 0.042476
2025-01-08 01:40:35,897 Epoch: [15/20] Iter:[30/192], Time: 0.65, lr: [1.412609361211092e-07], Loss: 1.603772, Acc:0.685175, Semantic loss: 0.126939, BCE loss: 1.433912, SB loss: 0.042920
2025-01-08 01:40:42,588 Epoch: [15/20] Iter:[40/192], Time: 0.66, lr: [1.3989315692116493e-07], Loss: 1.640587, Acc:0.668337, Semantic loss: 0.131515, BCE loss: 1.464459, SB loss: 0.044613
2025-01-08 01:40:49,295 Epoch: [15/20] Iter:[50/192], Time: 0.66, lr: [1.38523890165634e-07], Loss: 1.606195, Acc:0.657225, Semantic loss: 0.135177, BCE loss: 1.425326, SB loss: 0.045693
2025-01-08 01:40:55,946 Epoch: [15/20] Iter:[60/192], Time: 0.66, lr: [1.371531178624711e-07], Loss: 1.606665, Acc:0.669975, Semantic loss: 0.134075, BCE loss: 1.427147, SB loss: 0.045444
2025-01-08 01:41:02,517 Epoch: [15/20] Iter:[70/192], Time: 0.66, lr: [1.3578082159955774e-07], Loss: 1.592118, Acc:0.668785, Semantic loss: 0.134811, BCE loss: 1.411465, SB loss: 0.045842
2025-01-08 01:41:09,102 Epoch: [15/20] Iter:[80/192], Time: 0.66, lr: [1.3440698253006153e-07], Loss: 1.564525, Acc:0.665032, Semantic loss: 0.135244, BCE loss: 1.383172, SB loss: 0.046108
2025-01-08 01:41:15,598 Epoch: [15/20] Iter:[90/192], Time: 0.66, lr: [1.3303158135711212e-07], Loss: 1.550800, Acc:0.662317, Semantic loss: 0.135493, BCE loss: 1.368879, SB loss: 0.046428
2025-01-08 01:41:22,159 Epoch: [15/20] Iter:[100/192], Time: 0.66, lr: [1.316545983177549e-07], Loss: 1.555668, Acc:0.664120, Semantic loss: 0.135471, BCE loss: 1.374043, SB loss: 0.046154
2025-01-08 01:41:28,919 Epoch: [15/20] Iter:[110/192], Time: 0.66, lr: [1.3027601316613902e-07], Loss: 1.567250, Acc:0.667545, Semantic loss: 0.134581, BCE loss: 1.386733, SB loss: 0.045936
2025-01-08 01:41:35,530 Epoch: [15/20] Iter:[120/192], Time: 0.66, lr: [1.2889580515589408e-07], Loss: 1.567681, Acc:0.666983, Semantic loss: 0.133896, BCE loss: 1.388064, SB loss: 0.045721
2025-01-08 01:41:42,260 Epoch: [15/20] Iter:[130/192], Time: 0.66, lr: [1.2751395302164572e-07], Loss: 1.565855, Acc:0.663610, Semantic loss: 0.133580, BCE loss: 1.386664, SB loss: 0.045610
2025-01-08 01:41:48,843 Epoch: [15/20] Iter:[140/192], Time: 0.66, lr: [1.2613043495961767e-07], Loss: 1.562894, Acc:0.664496, Semantic loss: 0.133540, BCE loss: 1.383512, SB loss: 0.045843
2025-01-08 01:41:55,472 Epoch: [15/20] Iter:[150/192], Time: 0.66, lr: [1.2474522860726347e-07], Loss: 1.564127, Acc:0.661569, Semantic loss: 0.134361, BCE loss: 1.383495, SB loss: 0.046272
2025-01-08 01:42:01,863 Epoch: [15/20] Iter:[160/192], Time: 0.66, lr: [1.233583110218657e-07], Loss: 1.556610, Acc:0.661728, Semantic loss: 0.133632, BCE loss: 1.376796, SB loss: 0.046183
2025-01-08 01:42:08,480 Epoch: [15/20] Iter:[170/192], Time: 0.66, lr: [1.219696586580384e-07], Loss: 1.550111, Acc:0.661576, Semantic loss: 0.133498, BCE loss: 1.370345, SB loss: 0.046267
2025-01-08 01:42:15,111 Epoch: [15/20] Iter:[180/192], Time: 0.66, lr: [1.205792473440606e-07], Loss: 1.553901, Acc:0.660945, Semantic loss: 0.133338, BCE loss: 1.374315, SB loss: 0.046248
2025-01-08 01:42:21,662 Epoch: [15/20] Iter:[190/192], Time: 0.66, lr: [1.1918705225696471e-07], Loss: 1.551080, Acc:0.663412, Semantic loss: 0.133228, BCE loss: 1.371425, SB loss: 0.046427
2025-01-08 01:45:16,317 0 [0.         0.34376993 0.43827487 0.34515059 0.63722517 0.22226191
 0.35393625 0.03589443] 0.297064144128679
2025-01-08 01:45:16,318 1 [0.         0.34291689 0.52242786 0.49357071 0.66487554 0.19941674
 0.36719835 0.13022332] 0.34007867559151683
2025-01-08 01:45:16,319 => saving checkpoint to output\loveDa\pidnet_small_loveda_adam_oce_schedulercheckpoint.pth.tar
2025-01-08 01:45:16,502 Loss: 1.650, MeanIU:  0.3401, Best_mIoU:  0.3426
2025-01-08 01:45:16,503 [0.         0.34291689 0.52242786 0.49357071 0.66487554 0.19941674
 0.36719835 0.13022332]
2025-01-08 01:45:17,303 Epoch: [16/20] Iter:[0/192], Time: 0.63, lr: [1.1546516638005728e-07], Loss: 0.918463, Acc:0.536773, Semantic loss: 0.137082, BCE loss: 0.715938, SB loss: 0.065444
2025-01-08 01:45:23,912 Epoch: [16/20] Iter:[10/192], Time: 0.66, lr: [1.1411117379742142e-07], Loss: 1.412178, Acc:0.660008, Semantic loss: 0.136139, BCE loss: 1.227206, SB loss: 0.048833
2025-01-08 01:45:30,566 Epoch: [16/20] Iter:[20/192], Time: 0.66, lr: [1.1275539371160926e-07], Loss: 1.497102, Acc:0.648749, Semantic loss: 0.136034, BCE loss: 1.313117, SB loss: 0.047950
2025-01-08 01:45:37,143 Epoch: [16/20] Iter:[30/192], Time: 0.66, lr: [1.1139779981667205e-07], Loss: 1.534763, Acc:0.655191, Semantic loss: 0.135386, BCE loss: 1.351952, SB loss: 0.047425
2025-01-08 01:45:43,663 Epoch: [16/20] Iter:[40/192], Time: 0.66, lr: [1.1003836505754379e-07], Loss: 1.533527, Acc:0.655414, Semantic loss: 0.133900, BCE loss: 1.352261, SB loss: 0.047366
2025-01-08 01:45:50,295 Epoch: [16/20] Iter:[50/192], Time: 0.66, lr: [1.0867706159811597e-07], Loss: 1.551351, Acc:0.658510, Semantic loss: 0.134006, BCE loss: 1.370433, SB loss: 0.046912
2025-01-08 01:45:56,891 Epoch: [16/20] Iter:[60/192], Time: 0.66, lr: [1.0731386078748808e-07], Loss: 1.546051, Acc:0.655631, Semantic loss: 0.135072, BCE loss: 1.363820, SB loss: 0.047158
2025-01-08 01:46:03,386 Epoch: [16/20] Iter:[70/192], Time: 0.66, lr: [1.059487331242622e-07], Loss: 1.532184, Acc:0.657933, Semantic loss: 0.133774, BCE loss: 1.351499, SB loss: 0.046912
2025-01-08 01:46:09,852 Epoch: [16/20] Iter:[80/192], Time: 0.66, lr: [1.0458164821873777e-07], Loss: 1.531185, Acc:0.658681, Semantic loss: 0.133641, BCE loss: 1.350602, SB loss: 0.046941
2025-01-08 01:46:16,669 Epoch: [16/20] Iter:[90/192], Time: 0.66, lr: [1.0321257475285206e-07], Loss: 1.528272, Acc:0.660506, Semantic loss: 0.132710, BCE loss: 1.348831, SB loss: 0.046731
2025-01-08 01:46:23,169 Epoch: [16/20] Iter:[100/192], Time: 0.66, lr: [1.0184148043769587e-07], Loss: 1.530605, Acc:0.662236, Semantic loss: 0.132582, BCE loss: 1.351119, SB loss: 0.046903
2025-01-08 01:46:29,927 Epoch: [16/20] Iter:[110/192], Time: 0.66, lr: [1.0046833196841874e-07], Loss: 1.536754, Acc:0.663235, Semantic loss: 0.131949, BCE loss: 1.358310, SB loss: 0.046495
2025-01-08 01:46:36,382 Epoch: [16/20] Iter:[120/192], Time: 0.66, lr: [9.909309497632229e-08], Loss: 1.539316, Acc:0.658458, Semantic loss: 0.133304, BCE loss: 1.359065, SB loss: 0.046948
2025-01-08 01:46:42,989 Epoch: [16/20] Iter:[130/192], Time: 0.66, lr: [9.77157339779193e-08], Loss: 1.521132, Acc:0.657242, Semantic loss: 0.133620, BCE loss: 1.340584, SB loss: 0.046928
2025-01-08 01:46:49,640 Epoch: [16/20] Iter:[140/192], Time: 0.66, lr: [9.633621232071568e-08], Loss: 1.526530, Acc:0.656666, Semantic loss: 0.133426, BCE loss: 1.346222, SB loss: 0.046883
2025-01-08 01:46:56,174 Epoch: [16/20] Iter:[150/192], Time: 0.66, lr: [9.495449212544955e-08], Loss: 1.535870, Acc:0.655207, Semantic loss: 0.134062, BCE loss: 1.354791, SB loss: 0.047017
2025-01-08 01:47:02,722 Epoch: [16/20] Iter:[160/192], Time: 0.66, lr: [9.357053422449445e-08], Loss: 1.529242, Acc:0.654885, Semantic loss: 0.133863, BCE loss: 1.348581, SB loss: 0.046798
2025-01-08 01:47:09,223 Epoch: [16/20] Iter:[170/192], Time: 0.66, lr: [9.218429809610405e-08], Loss: 1.542148, Acc:0.654734, Semantic loss: 0.133954, BCE loss: 1.361293, SB loss: 0.046901
2025-01-08 01:47:15,858 Epoch: [16/20] Iter:[180/192], Time: 0.66, lr: [9.079574179414426e-08], Loss: 1.532070, Acc:0.653825, Semantic loss: 0.133567, BCE loss: 1.351764, SB loss: 0.046739
2025-01-08 01:47:22,611 Epoch: [16/20] Iter:[190/192], Time: 0.66, lr: [8.940482187292039e-08], Loss: 1.533986, Acc:0.652850, Semantic loss: 0.133229, BCE loss: 1.354129, SB loss: 0.046627
2025-01-08 01:50:19,074 0 [0.         0.34214218 0.44157113 0.34900346 0.6367543  0.22998879
 0.34755281 0.04195036] 0.29862037795823015
2025-01-08 01:50:19,075 1 [0.         0.33154568 0.52739315 0.4979094  0.6562615  0.22231535
 0.33222188 0.16661513] 0.34178276265170254
2025-01-08 01:50:19,076 => saving checkpoint to output\loveDa\pidnet_small_loveda_adam_oce_schedulercheckpoint.pth.tar
2025-01-08 01:50:19,265 Loss: 1.652, MeanIU:  0.3418, Best_mIoU:  0.3426
2025-01-08 01:50:19,265 [0.         0.33154568 0.52739315 0.4979094  0.6562615  0.22231535
 0.33222188 0.16661513]
2025-01-08 01:50:19,914 Epoch: [17/20] Iter:[0/192], Time: 0.54, lr: [1.0657560760343178e-07], Loss: 1.464459, Acc:0.688048, Semantic loss: 0.106527, BCE loss: 1.316547, SB loss: 0.041385
2025-01-08 01:50:26,586 Epoch: [17/20] Iter:[10/192], Time: 0.65, lr: [1.049089089238197e-07], Loss: 1.430786, Acc:0.714566, Semantic loss: 0.118306, BCE loss: 1.271054, SB loss: 0.041426
2025-01-08 01:50:33,585 Epoch: [17/20] Iter:[20/192], Time: 0.67, lr: [1.0323926278287393e-07], Loss: 1.396668, Acc:0.691127, Semantic loss: 0.128086, BCE loss: 1.225020, SB loss: 0.043562
2025-01-08 01:50:40,164 Epoch: [17/20] Iter:[30/192], Time: 0.67, lr: [1.0156661080879435e-07], Loss: 1.383145, Acc:0.678810, Semantic loss: 0.130542, BCE loss: 1.207413, SB loss: 0.045190
2025-01-08 01:50:46,810 Epoch: [17/20] Iter:[40/192], Time: 0.67, lr: [9.98908923822899e-08], Loss: 1.423734, Acc:0.659094, Semantic loss: 0.134245, BCE loss: 1.243165, SB loss: 0.046323
2025-01-08 01:50:53,262 Epoch: [17/20] Iter:[50/192], Time: 0.66, lr: [9.82120445064434e-08], Loss: 1.416819, Acc:0.652676, Semantic loss: 0.134700, BCE loss: 1.235482, SB loss: 0.046637
2025-01-08 01:50:59,769 Epoch: [17/20] Iter:[60/192], Time: 0.66, lr: [9.653000166641949e-08], Loss: 1.465581, Acc:0.654225, Semantic loss: 0.134895, BCE loss: 1.283742, SB loss: 0.046943
2025-01-08 01:51:06,393 Epoch: [17/20] Iter:[70/192], Time: 0.66, lr: [9.484469567801176e-08], Loss: 1.472340, Acc:0.658074, Semantic loss: 0.133702, BCE loss: 1.291934, SB loss: 0.046705
2025-01-08 01:51:13,180 Epoch: [17/20] Iter:[80/192], Time: 0.66, lr: [9.315605552390246e-08], Loss: 1.492206, Acc:0.662768, Semantic loss: 0.132048, BCE loss: 1.313702, SB loss: 0.046456
2025-01-08 01:51:19,807 Epoch: [17/20] Iter:[90/192], Time: 0.66, lr: [9.146400717636832e-08], Loss: 1.525509, Acc:0.663818, Semantic loss: 0.131802, BCE loss: 1.347559, SB loss: 0.046148
2025-01-08 01:51:26,432 Epoch: [17/20] Iter:[100/192], Time: 0.66, lr: [8.976847340500998e-08], Loss: 1.533653, Acc:0.663450, Semantic loss: 0.132596, BCE loss: 1.354720, SB loss: 0.046337
2025-01-08 01:51:33,049 Epoch: [17/20] Iter:[110/192], Time: 0.66, lr: [8.806937356789709e-08], Loss: 1.527218, Acc:0.665730, Semantic loss: 0.130968, BCE loss: 1.350168, SB loss: 0.046082
2025-01-08 01:51:39,548 Epoch: [17/20] Iter:[120/192], Time: 0.66, lr: [8.636662338431088e-08], Loss: 1.531388, Acc:0.667931, Semantic loss: 0.131445, BCE loss: 1.353548, SB loss: 0.046395
2025-01-08 01:51:46,058 Epoch: [17/20] Iter:[130/192], Time: 0.66, lr: [8.466013468702399e-08], Loss: 1.528262, Acc:0.665037, Semantic loss: 0.132667, BCE loss: 1.348492, SB loss: 0.047104
2025-01-08 01:51:52,762 Epoch: [17/20] Iter:[140/192], Time: 0.66, lr: [8.294981515177348e-08], Loss: 1.541170, Acc:0.665599, Semantic loss: 0.132174, BCE loss: 1.362210, SB loss: 0.046786
2025-01-08 01:51:59,290 Epoch: [17/20] Iter:[150/192], Time: 0.66, lr: [8.123556800125407e-08], Loss: 1.539495, Acc:0.665068, Semantic loss: 0.132532, BCE loss: 1.360246, SB loss: 0.046717
2025-01-08 01:52:05,953 Epoch: [17/20] Iter:[160/192], Time: 0.66, lr: [7.951729168057755e-08], Loss: 1.540972, Acc:0.663021, Semantic loss: 0.133527, BCE loss: 1.360508, SB loss: 0.046938
2025-01-08 01:52:12,523 Epoch: [17/20] Iter:[170/192], Time: 0.66, lr: [7.779487950069338e-08], Loss: 1.545559, Acc:0.662792, Semantic loss: 0.133332, BCE loss: 1.365266, SB loss: 0.046962
2025-01-08 01:52:19,097 Epoch: [17/20] Iter:[180/192], Time: 0.66, lr: [7.606821924573807e-08], Loss: 1.542300, Acc:0.659992, Semantic loss: 0.132956, BCE loss: 1.362394, SB loss: 0.046950
2025-01-08 01:52:25,700 Epoch: [17/20] Iter:[190/192], Time: 0.66, lr: [7.433719273966076e-08], Loss: 1.538939, Acc:0.660543, Semantic loss: 0.132800, BCE loss: 1.359215, SB loss: 0.046924
2025-01-08 01:55:31,065 0 [0.         0.33641901 0.44169997 0.33445965 0.63146623 0.20387977
 0.34917933 0.03107472] 0.2910223334902552
2025-01-08 01:55:31,066 1 [0.         0.32356233 0.50282582 0.49133196 0.65439272 0.21193339
 0.33948349 0.06644499] 0.3237468382246012
2025-01-08 01:55:31,067 => saving checkpoint to output\loveDa\pidnet_small_loveda_adam_oce_schedulercheckpoint.pth.tar
2025-01-08 01:55:31,252 Loss: 1.675, MeanIU:  0.3237, Best_mIoU:  0.3426
2025-01-08 01:55:31,252 [0.         0.32356233 0.50282582 0.49133196 0.65439272 0.21193339
 0.33948349 0.06644499]
2025-01-08 01:55:31,948 Epoch: [18/20] Iter:[0/192], Time: 0.56, lr: [9.643167936113045e-08], Loss: 1.551083, Acc:0.679790, Semantic loss: 0.155652, BCE loss: 1.341845, SB loss: 0.053586
2025-01-08 01:55:38,676 Epoch: [18/20] Iter:[10/192], Time: 0.67, lr: [9.416859052405874e-08], Loss: 1.511096, Acc:0.666287, Semantic loss: 0.133684, BCE loss: 1.331864, SB loss: 0.045548
2025-01-08 01:55:45,289 Epoch: [18/20] Iter:[20/192], Time: 0.66, lr: [9.18994417911722e-08], Loss: 1.454245, Acc:0.640384, Semantic loss: 0.139044, BCE loss: 1.269349, SB loss: 0.045853
2025-01-08 01:55:52,114 Epoch: [18/20] Iter:[30/192], Time: 0.67, lr: [8.962404973636608e-08], Loss: 1.485994, Acc:0.647049, Semantic loss: 0.138324, BCE loss: 1.300585, SB loss: 0.047086
2025-01-08 01:55:58,827 Epoch: [18/20] Iter:[40/192], Time: 0.67, lr: [8.734222003277432e-08], Loss: 1.516919, Acc:0.652487, Semantic loss: 0.135698, BCE loss: 1.334835, SB loss: 0.046386
2025-01-08 01:56:05,384 Epoch: [18/20] Iter:[50/192], Time: 0.67, lr: [8.505374646848415e-08], Loss: 1.550596, Acc:0.643046, Semantic loss: 0.137192, BCE loss: 1.366459, SB loss: 0.046946
2025-01-08 01:56:11,985 Epoch: [18/20] Iter:[60/192], Time: 0.67, lr: [8.275840984116213e-08], Loss: 1.570556, Acc:0.639377, Semantic loss: 0.139830, BCE loss: 1.382981, SB loss: 0.047744
2025-01-08 01:56:18,699 Epoch: [18/20] Iter:[70/192], Time: 0.67, lr: [8.045597671248451e-08], Loss: 1.555980, Acc:0.639997, Semantic loss: 0.138363, BCE loss: 1.370253, SB loss: 0.047364
2025-01-08 01:56:25,285 Epoch: [18/20] Iter:[80/192], Time: 0.67, lr: [7.814619799954303e-08], Loss: 1.565130, Acc:0.644866, Semantic loss: 0.137398, BCE loss: 1.380557, SB loss: 0.047174
2025-01-08 01:56:31,932 Epoch: [18/20] Iter:[90/192], Time: 0.67, lr: [7.582880737580734e-08], Loss: 1.574785, Acc:0.643585, Semantic loss: 0.137549, BCE loss: 1.389861, SB loss: 0.047376
2025-01-08 01:56:38,544 Epoch: [18/20] Iter:[100/192], Time: 0.67, lr: [7.350351944851587e-08], Loss: 1.575682, Acc:0.647716, Semantic loss: 0.137135, BCE loss: 1.391000, SB loss: 0.047547
2025-01-08 01:56:45,013 Epoch: [18/20] Iter:[110/192], Time: 0.66, lr: [7.117002767223092e-08], Loss: 1.594666, Acc:0.649153, Semantic loss: 0.136239, BCE loss: 1.411192, SB loss: 0.047235
2025-01-08 01:56:51,519 Epoch: [18/20] Iter:[120/192], Time: 0.66, lr: [6.882800194930328e-08], Loss: 1.572759, Acc:0.651488, Semantic loss: 0.135375, BCE loss: 1.390151, SB loss: 0.047233
2025-01-08 01:56:58,096 Epoch: [18/20] Iter:[130/192], Time: 0.66, lr: [6.647708585657026e-08], Loss: 1.570950, Acc:0.651277, Semantic loss: 0.136062, BCE loss: 1.387614, SB loss: 0.047275
2025-01-08 01:57:04,648 Epoch: [18/20] Iter:[140/192], Time: 0.66, lr: [6.411689342298688e-08], Loss: 1.570633, Acc:0.651970, Semantic loss: 0.137013, BCE loss: 1.385945, SB loss: 0.047674
2025-01-08 01:57:11,518 Epoch: [18/20] Iter:[150/192], Time: 0.66, lr: [6.174700536399823e-08], Loss: 1.565857, Acc:0.651807, Semantic loss: 0.137415, BCE loss: 1.380671, SB loss: 0.047770
2025-01-08 01:57:18,555 Epoch: [18/20] Iter:[160/192], Time: 0.67, lr: [5.936696465380447e-08], Loss: 1.561704, Acc:0.652847, Semantic loss: 0.137040, BCE loss: 1.377034, SB loss: 0.047630
2025-01-08 01:57:25,015 Epoch: [18/20] Iter:[170/192], Time: 0.66, lr: [5.697627128416909e-08], Loss: 1.557718, Acc:0.650800, Semantic loss: 0.137666, BCE loss: 1.372364, SB loss: 0.047687
2025-01-08 01:57:31,783 Epoch: [18/20] Iter:[180/192], Time: 0.67, lr: [5.457437601508645e-08], Loss: 1.562430, Acc:0.653368, Semantic loss: 0.136708, BCE loss: 1.378188, SB loss: 0.047534
2025-01-08 01:57:38,219 Epoch: [18/20] Iter:[190/192], Time: 0.66, lr: [5.2160672864125153e-08], Loss: 1.558917, Acc:0.654434, Semantic loss: 0.136115, BCE loss: 1.375352, SB loss: 0.047450
2025-01-08 02:00:34,019 0 [0.         0.33867349 0.43498331 0.3504327  0.64040049 0.22437744
 0.33545332 0.0352957 ] 0.294952055811309
2025-01-08 02:00:34,020 1 [0.         0.33098625 0.51762586 0.49909644 0.66151251 0.20902713
 0.33174374 0.11428784] 0.3330349712145662
2025-01-08 02:00:34,020 => saving checkpoint to output\loveDa\pidnet_small_loveda_adam_oce_schedulercheckpoint.pth.tar
2025-01-08 02:00:34,216 Loss: 1.660, MeanIU:  0.3330, Best_mIoU:  0.3426
2025-01-08 02:00:34,216 [0.         0.33098625 0.51762586 0.49909644 0.66151251 0.20902713
 0.33174374 0.11428784]
2025-01-08 02:00:34,893 Epoch: [19/20] Iter:[0/192], Time: 0.57, lr: [6.746414238367821e-08], Loss: 2.233140, Acc:0.692324, Semantic loss: 0.135905, BCE loss: 2.047110, SB loss: 0.050125
2025-01-08 02:00:41,325 Epoch: [19/20] Iter:[10/192], Time: 0.64, lr: [6.429336362339898e-08], Loss: 1.603080, Acc:0.660287, Semantic loss: 0.127310, BCE loss: 1.430988, SB loss: 0.044782
2025-01-08 02:00:47,948 Epoch: [19/20] Iter:[20/192], Time: 0.65, lr: [6.110510578510947e-08], Loss: 1.666257, Acc:0.663428, Semantic loss: 0.129803, BCE loss: 1.491993, SB loss: 0.044461
2025-01-08 02:00:54,504 Epoch: [19/20] Iter:[30/192], Time: 0.65, lr: [5.789824653018994e-08], Loss: 1.557555, Acc:0.650661, Semantic loss: 0.134060, BCE loss: 1.376813, SB loss: 0.046682
2025-01-08 02:01:01,186 Epoch: [19/20] Iter:[40/192], Time: 0.66, lr: [5.467151732202776e-08], Loss: 1.557033, Acc:0.651528, Semantic loss: 0.132753, BCE loss: 1.377630, SB loss: 0.046650
2025-01-08 02:01:07,817 Epoch: [19/20] Iter:[50/192], Time: 0.66, lr: [5.1423473433512956e-08], Loss: 1.577996, Acc:0.648487, Semantic loss: 0.134045, BCE loss: 1.396645, SB loss: 0.047306
2025-01-08 02:01:14,626 Epoch: [19/20] Iter:[60/192], Time: 0.66, lr: [4.8152455233124824e-08], Loss: 1.596330, Acc:0.648205, Semantic loss: 0.135617, BCE loss: 1.413118, SB loss: 0.047594
2025-01-08 02:01:21,439 Epoch: [19/20] Iter:[70/192], Time: 0.66, lr: [4.4856537351054893e-08], Loss: 1.604124, Acc:0.649825, Semantic loss: 0.134293, BCE loss: 1.422676, SB loss: 0.047155
2025-01-08 02:01:28,007 Epoch: [19/20] Iter:[80/192], Time: 0.66, lr: [4.153346060988999e-08], Loss: 1.594382, Acc:0.646020, Semantic loss: 0.135269, BCE loss: 1.411952, SB loss: 0.047162
2025-01-08 02:01:34,756 Epoch: [19/20] Iter:[90/192], Time: 0.66, lr: [3.818053878533043e-08], Loss: 1.589389, Acc:0.649211, Semantic loss: 0.134586, BCE loss: 1.407873, SB loss: 0.046930
2025-01-08 02:01:41,367 Epoch: [19/20] Iter:[100/192], Time: 0.66, lr: [3.479452745251786e-08], Loss: 1.599462, Acc:0.651165, Semantic loss: 0.134749, BCE loss: 1.417602, SB loss: 0.047111
2025-01-08 02:01:47,943 Epoch: [19/20] Iter:[110/192], Time: 0.66, lr: [3.1371433588231995e-08], Loss: 1.594031, Acc:0.653645, Semantic loss: 0.133361, BCE loss: 1.414043, SB loss: 0.046627
2025-01-08 02:01:54,630 Epoch: [19/20] Iter:[120/192], Time: 0.66, lr: [2.7906228428371632e-08], Loss: 1.595983, Acc:0.653176, Semantic loss: 0.134460, BCE loss: 1.414508, SB loss: 0.047015
2025-01-08 02:02:01,269 Epoch: [19/20] Iter:[130/192], Time: 0.66, lr: [2.439239356353784e-08], Loss: 1.582758, Acc:0.657091, Semantic loss: 0.133706, BCE loss: 1.402441, SB loss: 0.046611
2025-01-08 02:02:08,011 Epoch: [19/20] Iter:[140/192], Time: 0.66, lr: [2.0821159321002044e-08], Loss: 1.576480, Acc:0.659014, Semantic loss: 0.133287, BCE loss: 1.396692, SB loss: 0.046501
2025-01-08 02:02:14,524 Epoch: [19/20] Iter:[150/192], Time: 0.66, lr: [1.7180122628828943e-08], Loss: 1.561875, Acc:0.657668, Semantic loss: 0.133763, BCE loss: 1.381590, SB loss: 0.046522
2025-01-08 02:02:21,092 Epoch: [19/20] Iter:[160/192], Time: 0.66, lr: [1.3450451987183817e-08], Loss: 1.551659, Acc:0.657746, Semantic loss: 0.133898, BCE loss: 1.371156, SB loss: 0.046606
2025-01-08 02:02:27,690 Epoch: [19/20] Iter:[170/192], Time: 0.66, lr: [9.600244875192534e-09], Loss: 1.543248, Acc:0.657363, Semantic loss: 0.133453, BCE loss: 1.363300, SB loss: 0.046496
2025-01-08 02:02:34,278 Epoch: [19/20] Iter:[180/192], Time: 0.66, lr: [5.563716848048335e-09], Loss: 1.547454, Acc:0.658903, Semantic loss: 0.133279, BCE loss: 1.367731, SB loss: 0.046444
2025-01-08 02:02:40,962 Epoch: [19/20] Iter:[190/192], Time: 0.66, lr: [1.1092486125349495e-09], Loss: 1.550506, Acc:0.656745, Semantic loss: 0.133562, BCE loss: 1.370442, SB loss: 0.046502
2025-01-08 02:05:38,392 0 [0.         0.33863198 0.44018296 0.340096   0.63679966 0.22079373
 0.3334706  0.03449395] 0.29305860977738296
2025-01-08 02:05:38,393 1 [0.         0.33095295 0.51467958 0.50354874 0.66202623 0.20976846
 0.32982981 0.1540704 ] 0.33810952109008396
2025-01-08 02:05:38,393 => saving checkpoint to output\loveDa\pidnet_small_loveda_adam_oce_schedulercheckpoint.pth.tar
2025-01-08 02:05:38,586 Loss: 1.657, MeanIU:  0.3381, Best_mIoU:  0.3426
2025-01-08 02:05:38,586 [0.         0.33095295 0.51467958 0.50354874 0.66202623 0.20976846
 0.32982981 0.1540704 ]
2025-01-08 02:05:38,653 Hours: 1
2025-01-08 02:05:38,654 Done
