2025-01-21 20:47:41,358 Namespace(cfg='configs/loveDa/pidnet_small_loveda_3b_AUG1+AUG2+AUG3.yaml', seed=304, opts=['GPUS', '[0]', 'TRAIN.BATCH_SIZE_PER_GPU', '6'])
2025-01-21 20:47:41,358 AUTO_RESUME: False
CUDNN:
  BENCHMARK: True
  DETERMINISTIC: False
  ENABLED: True
DATASET:
  DATASET: loveDa
  EXTRA_TRAIN_SET: 
  NUM_CLASSES: 8
  ROOT: data/
  SOURCE_DATASET: loveDA-Urban
  SOURCE_TEST_SET: list/loveDA-Urban/val.lst
  SOURCE_TRAIN_SET: list/loveDA-Urban/train.lst
  TARGET_DATASET: loveDA-Rural
  TARGET_SET: list/cityscapes/val.lst
  TARGET_TEST_SET: list/loveDA-Rural/val.lst
  TARGET_TRAIN_SET: list/loveDA-Rural/train.lst
  TEST_SET: list/loveDa-Rural/val.lst
  TRAIN_SET: list/loveDA-Urban/train.lst
GPUS: (0,)
LOG_DIR: log
LOSS:
  BALANCE_WEIGHTS: [0.4, 1.0]
  CLASS_BALANCE: False
  OHEMKEEP: 131072
  OHEMTHRES: 0.7
  SB_WEIGHTS: 0.5
  USE_DICE: False
  USE_FOCAL: False
  USE_OHEM: True
MODEL:
  ALIGN_CORNERS: True
  NAME: pidnet_small
  NUM_OUTPUTS: 2
  PRETRAINED: pretrained_models/imagenet/PIDNet_S_ImageNet.pth.tar
OUTPUT_DIR: output
PIN_MEMORY: True
PRINT_FREQ: 10
TEST:
  BASE_SIZE: 1024
  BATCH_SIZE_PER_GPU: 6
  FLIP_TEST: False
  IMAGE_SIZE: [1024, 1024]
  MODEL_FILE: 
  MULTI_SCALE: False
  OUTPUT_INDEX: 1
TRAIN:
  ADVERSARIAL: False
  AUG: True
  AUG1: True
  AUG2: True
  AUG3: True
  AUG4: False
  AUG_CHANCE: True
  BASE_SIZE: 720
  BATCH_SIZE_PER_GPU: 6
  BEGIN_EPOCH: 1
  END_EPOCH: 20
  EVAL_INTERVAL: 1
  EXTRA_EPOCH: 0
  EXTRA_LR: 0.001
  FLIP: True
  GAN: Vanilla
  IGNORE_LABEL: 0
  IMAGE_SIZE: [720, 720]
  LAMBDA_ADV1: 0.001
  LAMBDA_ADV2: 0.001
  LR: 0.001
  LR_D1: 0.001
  LR_D2: 0.001
  MOMENTUM: 0.9
  MULTI_SCALE: True
  NESTEROV: False
  OPTIMIZER: adam
  RESUME: True
  SCALE_FACTOR: 16
  SCHEDULER: True
  SHUFFLE: True
  WD: 0.0005
WORKERS: 0
2025-01-21 20:47:41,570 Attention!!!
2025-01-21 20:47:41,570 Loaded 302 parameters!
2025-01-21 20:47:41,570 Over!!!
2025-01-21 20:47:41,947 => loaded checkpoint (epoch 15)
2025-01-21 20:47:50,640 Epoch: [15/20] Iter:[0/292], Time: 8.69, lr: [7.510764571337584e-08], Loss: 1.606192, Acc:0.494286, Semantic loss: 0.114196, BCE loss: 1.448823, SB loss: 0.043173
2025-01-21 20:48:00,534 Epoch: [15/20] Iter:[10/292], Time: 1.68, lr: [7.464449441812158e-08], Loss: 1.308058, Acc:0.559066, Semantic loss: 0.120065, BCE loss: 1.143311, SB loss: 0.044682
2025-01-21 20:48:10,858 Epoch: [15/20] Iter:[20/292], Time: 1.37, lr: [7.418102359535206e-08], Loss: 1.195982, Acc:0.553101, Semantic loss: 0.122168, BCE loss: 1.027897, SB loss: 0.045917
2025-01-21 20:48:21,051 Epoch: [15/20] Iter:[30/292], Time: 1.26, lr: [7.371723080334534e-08], Loss: 1.147702, Acc:0.557175, Semantic loss: 0.119959, BCE loss: 0.982922, SB loss: 0.044820
2025-01-21 20:48:31,525 Epoch: [15/20] Iter:[40/292], Time: 1.21, lr: [7.325311356450847e-08], Loss: 1.147597, Acc:0.556413, Semantic loss: 0.119010, BCE loss: 0.984508, SB loss: 0.044079
2025-01-21 20:48:41,574 Epoch: [15/20] Iter:[50/292], Time: 1.17, lr: [7.27886693645944e-08], Loss: 1.136028, Acc:0.551930, Semantic loss: 0.119278, BCE loss: 0.972471, SB loss: 0.044279
2025-01-21 20:48:51,096 Epoch: [15/20] Iter:[60/292], Time: 1.13, lr: [7.232389565189548e-08], Loss: 1.139566, Acc:0.556083, Semantic loss: 0.118368, BCE loss: 0.976889, SB loss: 0.044310
2025-01-21 20:49:01,344 Epoch: [15/20] Iter:[70/292], Time: 1.12, lr: [7.185878983641397e-08], Loss: 1.151285, Acc:0.563373, Semantic loss: 0.118065, BCE loss: 0.988879, SB loss: 0.044340
2025-01-21 20:49:11,618 Epoch: [15/20] Iter:[80/292], Time: 1.11, lr: [7.139334928900749e-08], Loss: 1.175952, Acc:0.567567, Semantic loss: 0.118464, BCE loss: 1.013017, SB loss: 0.044471
2025-01-21 20:49:21,952 Epoch: [15/20] Iter:[90/292], Time: 1.10, lr: [7.092757134050954e-08], Loss: 1.165791, Acc:0.563902, Semantic loss: 0.119685, BCE loss: 1.001290, SB loss: 0.044816
2025-01-21 20:49:31,678 Epoch: [15/20] Iter:[100/292], Time: 1.09, lr: [7.04614532808233e-08], Loss: 1.173391, Acc:0.565496, Semantic loss: 0.119884, BCE loss: 1.008590, SB loss: 0.044918
2025-01-21 20:49:42,043 Epoch: [15/20] Iter:[110/292], Time: 1.08, lr: [6.999499235798841e-08], Loss: 1.208494, Acc:0.573096, Semantic loss: 0.119915, BCE loss: 1.043667, SB loss: 0.044912
2025-01-21 20:49:52,304 Epoch: [15/20] Iter:[120/292], Time: 1.08, lr: [6.952818577721926e-08], Loss: 1.226226, Acc:0.574312, Semantic loss: 0.119702, BCE loss: 1.061799, SB loss: 0.044725
2025-01-21 20:50:02,870 Epoch: [15/20] Iter:[130/292], Time: 1.07, lr: [6.906103069991374e-08], Loss: 1.235619, Acc:0.573824, Semantic loss: 0.119816, BCE loss: 1.071034, SB loss: 0.044769
2025-01-21 20:50:13,138 Epoch: [15/20] Iter:[140/292], Time: 1.07, lr: [6.859352424263173e-08], Loss: 1.239812, Acc:0.575910, Semantic loss: 0.119842, BCE loss: 1.075214, SB loss: 0.044756
2025-01-21 20:50:22,741 Epoch: [15/20] Iter:[150/292], Time: 1.06, lr: [6.812566347604144e-08], Loss: 1.248365, Acc:0.578352, Semantic loss: 0.119869, BCE loss: 1.083791, SB loss: 0.044705
2025-01-21 20:50:33,105 Epoch: [15/20] Iter:[160/292], Time: 1.06, lr: [6.765744542383314e-08], Loss: 1.231795, Acc:0.575242, Semantic loss: 0.119786, BCE loss: 1.067121, SB loss: 0.044888
2025-01-21 20:50:43,382 Epoch: [15/20] Iter:[170/292], Time: 1.06, lr: [6.718886706159828e-08], Loss: 1.234841, Acc:0.575382, Semantic loss: 0.119950, BCE loss: 1.069921, SB loss: 0.044970
2025-01-21 20:50:54,655 Epoch: [15/20] Iter:[180/292], Time: 1.06, lr: [6.671992531567323e-08], Loss: 1.240155, Acc:0.577726, Semantic loss: 0.120232, BCE loss: 1.074952, SB loss: 0.044971
2025-01-21 20:51:04,865 Epoch: [15/20] Iter:[190/292], Time: 1.06, lr: [6.625061706194596e-08], Loss: 1.243424, Acc:0.581055, Semantic loss: 0.119870, BCE loss: 1.078715, SB loss: 0.044839
2025-01-21 20:51:14,463 Epoch: [15/20] Iter:[200/292], Time: 1.06, lr: [6.578093912462384e-08], Loss: 1.237993, Acc:0.580483, Semantic loss: 0.119778, BCE loss: 1.073320, SB loss: 0.044895
2025-01-21 20:51:24,621 Epoch: [15/20] Iter:[210/292], Time: 1.05, lr: [6.531088827496188e-08], Loss: 1.240745, Acc:0.579278, Semantic loss: 0.119687, BCE loss: 1.076208, SB loss: 0.044851
2025-01-21 20:51:34,746 Epoch: [15/20] Iter:[220/292], Time: 1.05, lr: [6.484046122994862e-08], Loss: 1.231949, Acc:0.578053, Semantic loss: 0.119416, BCE loss: 1.067763, SB loss: 0.044770
2025-01-21 20:51:45,139 Epoch: [15/20] Iter:[230/292], Time: 1.05, lr: [6.436965465094919e-08], Loss: 1.232020, Acc:0.578109, Semantic loss: 0.119683, BCE loss: 1.067502, SB loss: 0.044835
2025-01-21 20:51:54,972 Epoch: [15/20] Iter:[240/292], Time: 1.05, lr: [6.389846514230244e-08], Loss: 1.231018, Acc:0.578722, Semantic loss: 0.119456, BCE loss: 1.066865, SB loss: 0.044698
2025-01-21 20:52:05,219 Epoch: [15/20] Iter:[250/292], Time: 1.05, lr: [6.34268892498716e-08], Loss: 1.221410, Acc:0.576547, Semantic loss: 0.119358, BCE loss: 1.057407, SB loss: 0.044646
2025-01-21 20:52:15,588 Epoch: [15/20] Iter:[260/292], Time: 1.05, lr: [6.29549234595452e-08], Loss: 1.221556, Acc:0.577397, Semantic loss: 0.119454, BCE loss: 1.057492, SB loss: 0.044611
2025-01-21 20:52:25,733 Epoch: [15/20] Iter:[270/292], Time: 1.05, lr: [6.248256419568708e-08], Loss: 1.225524, Acc:0.579580, Semantic loss: 0.119361, BCE loss: 1.061597, SB loss: 0.044566
2025-01-21 20:52:36,195 Epoch: [15/20] Iter:[280/292], Time: 1.05, lr: [6.200980781953304e-08], Loss: 1.227906, Acc:0.580240, Semantic loss: 0.119294, BCE loss: 1.064034, SB loss: 0.044578
2025-01-21 20:52:46,037 Epoch: [15/20] Iter:[290/292], Time: 1.04, lr: [6.153665062753136e-08], Loss: 1.229896, Acc:0.580525, Semantic loss: 0.119753, BCE loss: 1.065451, SB loss: 0.044693
2025-01-21 21:02:33,016 0 [0.         0.45977725 0.3176835  0.14313456 0.32035151 0.16660717
 0.08820004 0.07662033] 0.2246249090659791
2025-01-21 21:02:33,016 1 [0.         0.48771178 0.38679415 0.30078064 0.36996471 0.05864405
 0.15893073 0.34721481] 0.30143441129030285
2025-01-21 21:02:33,034 => saving checkpoint to output/loveDa/pidnet_small_loveda_3b_AUG1+AUG2+AUG3checkpoint.pth.tar
2025-01-21 21:02:33,618 Loss: 1.227, MeanIU:  0.3014, Best_mIoU:  0.3014
2025-01-21 21:02:33,618 [0.         0.48771178 0.38679415 0.30078064 0.36996471 0.05864405
 0.15893073 0.34721481]
2025-01-21 21:02:34,944 Epoch: [16/20] Iter:[0/292], Time: 1.19, lr: [2.1645666278337776e-08], Loss: 0.931324, Acc:0.464907, Semantic loss: 0.108739, BCE loss: 0.780054, SB loss: 0.042531
2025-01-21 21:02:44,729 Epoch: [16/20] Iter:[10/292], Time: 1.00, lr: [2.1478804416517414e-08], Loss: 1.150788, Acc:0.574181, Semantic loss: 0.117037, BCE loss: 0.986979, SB loss: 0.046773
2025-01-21 21:02:55,242 Epoch: [16/20] Iter:[20/292], Time: 1.02, lr: [2.1311798395707807e-08], Loss: 1.185619, Acc:0.577579, Semantic loss: 0.117575, BCE loss: 1.022947, SB loss: 0.045097
2025-01-21 21:03:05,736 Epoch: [16/20] Iter:[30/292], Time: 1.03, lr: [2.1144646833957973e-08], Loss: 1.200630, Acc:0.570885, Semantic loss: 0.118098, BCE loss: 1.037412, SB loss: 0.045119
2025-01-21 21:03:16,044 Epoch: [16/20] Iter:[40/292], Time: 1.03, lr: [2.0977348323803062e-08], Loss: 1.196057, Acc:0.566874, Semantic loss: 0.117684, BCE loss: 1.033616, SB loss: 0.044757
2025-01-21 21:03:26,556 Epoch: [16/20] Iter:[50/292], Time: 1.04, lr: [2.0809901431562768e-08], Loss: 1.218381, Acc:0.571591, Semantic loss: 0.119571, BCE loss: 1.053813, SB loss: 0.044997
2025-01-21 21:03:36,550 Epoch: [16/20] Iter:[60/292], Time: 1.03, lr: [2.0642304696614118e-08], Loss: 1.194722, Acc:0.566574, Semantic loss: 0.119583, BCE loss: 1.029948, SB loss: 0.045190
2025-01-21 21:03:46,931 Epoch: [16/20] Iter:[70/292], Time: 1.03, lr: [2.0474556630637222e-08], Loss: 1.204436, Acc:0.568478, Semantic loss: 0.118710, BCE loss: 1.040858, SB loss: 0.044868
2025-01-21 21:03:57,580 Epoch: [16/20] Iter:[80/292], Time: 1.03, lr: [2.0306655716832982e-08], Loss: 1.208803, Acc:0.572364, Semantic loss: 0.118885, BCE loss: 1.045211, SB loss: 0.044707
2025-01-21 21:04:08,333 Epoch: [16/20] Iter:[90/292], Time: 1.04, lr: [2.013860040911113e-08], Loss: 1.199619, Acc:0.571257, Semantic loss: 0.119174, BCE loss: 1.035667, SB loss: 0.044778
2025-01-21 21:04:18,668 Epoch: [16/20] Iter:[100/292], Time: 1.04, lr: [1.9970389131247574e-08], Loss: 1.205991, Acc:0.571506, Semantic loss: 0.119079, BCE loss: 1.042132, SB loss: 0.044780
2025-01-21 21:04:29,201 Epoch: [16/20] Iter:[110/292], Time: 1.04, lr: [1.9802020276009174e-08], Loss: 1.211301, Acc:0.571890, Semantic loss: 0.119371, BCE loss: 1.047009, SB loss: 0.044921
2025-01-21 21:04:39,727 Epoch: [16/20] Iter:[120/292], Time: 1.04, lr: [1.963349220424471e-08], Loss: 1.220335, Acc:0.571343, Semantic loss: 0.120013, BCE loss: 1.055321, SB loss: 0.045001
2025-01-21 21:04:50,243 Epoch: [16/20] Iter:[130/292], Time: 1.04, lr: [1.946480324394028e-08], Loss: 1.220453, Acc:0.574017, Semantic loss: 0.120302, BCE loss: 1.055101, SB loss: 0.045050
2025-01-21 21:05:01,017 Epoch: [16/20] Iter:[140/292], Time: 1.04, lr: [1.9295951689237248e-08], Loss: 1.230718, Acc:0.574021, Semantic loss: 0.120305, BCE loss: 1.065377, SB loss: 0.045036
2025-01-21 21:05:11,654 Epoch: [16/20] Iter:[150/292], Time: 1.05, lr: [1.9126935799411126e-08], Loss: 1.233974, Acc:0.573592, Semantic loss: 0.120113, BCE loss: 1.068984, SB loss: 0.044877
2025-01-21 21:05:21,491 Epoch: [16/20] Iter:[160/292], Time: 1.04, lr: [1.895775379780922e-08], Loss: 1.235804, Acc:0.577071, Semantic loss: 0.119727, BCE loss: 1.071285, SB loss: 0.044792
2025-01-21 21:05:32,006 Epoch: [16/20] Iter:[170/292], Time: 1.04, lr: [1.878840387074513e-08], Loss: 1.229631, Acc:0.575911, Semantic loss: 0.119969, BCE loss: 1.064854, SB loss: 0.044808
2025-01-21 21:05:42,395 Epoch: [16/20] Iter:[180/292], Time: 1.04, lr: [1.861888416634769e-08], Loss: 1.229646, Acc:0.575070, Semantic loss: 0.120084, BCE loss: 1.064750, SB loss: 0.044812
2025-01-21 21:05:52,938 Epoch: [16/20] Iter:[190/292], Time: 1.04, lr: [1.844919279336221e-08], Loss: 1.236540, Acc:0.574222, Semantic loss: 0.120810, BCE loss: 1.070766, SB loss: 0.044963
2025-01-21 21:06:03,382 Epoch: [16/20] Iter:[200/292], Time: 1.04, lr: [1.8279327819901426e-08], Loss: 1.235533, Acc:0.574706, Semantic loss: 0.120646, BCE loss: 1.070068, SB loss: 0.044819
2025-01-21 21:06:13,221 Epoch: [16/20] Iter:[210/292], Time: 1.04, lr: [1.8109287272143423e-08], Loss: 1.240221, Acc:0.576193, Semantic loss: 0.120355, BCE loss: 1.075136, SB loss: 0.044730
2025-01-21 21:06:23,607 Epoch: [16/20] Iter:[220/292], Time: 1.04, lr: [1.793906913297394e-08], Loss: 1.243461, Acc:0.577707, Semantic loss: 0.120583, BCE loss: 1.078116, SB loss: 0.044761
2025-01-21 21:06:34,230 Epoch: [16/20] Iter:[230/292], Time: 1.04, lr: [1.7768671340569786e-08], Loss: 1.243962, Acc:0.577572, Semantic loss: 0.120937, BCE loss: 1.078102, SB loss: 0.044922
2025-01-21 21:06:44,886 Epoch: [16/20] Iter:[240/292], Time: 1.04, lr: [1.759809178692039e-08], Loss: 1.242681, Acc:0.577770, Semantic loss: 0.120971, BCE loss: 1.076814, SB loss: 0.044896
2025-01-21 21:06:55,246 Epoch: [16/20] Iter:[250/292], Time: 1.04, lr: [1.7427328316283932e-08], Loss: 1.243317, Acc:0.579176, Semantic loss: 0.121022, BCE loss: 1.077390, SB loss: 0.044905
2025-01-21 21:07:05,006 Epoch: [16/20] Iter:[260/292], Time: 1.04, lr: [1.7256378723574547e-08], Loss: 1.238670, Acc:0.579454, Semantic loss: 0.120996, BCE loss: 1.072707, SB loss: 0.044967
2025-01-21 21:07:15,439 Epoch: [16/20] Iter:[270/292], Time: 1.04, lr: [1.7085240752676555e-08], Loss: 1.238806, Acc:0.579128, Semantic loss: 0.120891, BCE loss: 1.072949, SB loss: 0.044965
2025-01-21 21:07:26,160 Epoch: [16/20] Iter:[280/292], Time: 1.04, lr: [1.691391209468175e-08], Loss: 1.238557, Acc:0.580334, Semantic loss: 0.121169, BCE loss: 1.072459, SB loss: 0.044929
2025-01-21 21:07:36,428 Epoch: [16/20] Iter:[290/292], Time: 1.04, lr: [1.6742390386045285e-08], Loss: 1.236754, Acc:0.580038, Semantic loss: 0.120882, BCE loss: 1.070973, SB loss: 0.044899
2025-01-21 21:17:16,401 0 [0.         0.46907903 0.28805996 0.13887315 0.31296369 0.17595019
 0.07147948 0.09523279] 0.22166261178854052
2025-01-21 21:17:16,401 1 [0.         0.47924219 0.3364983  0.29449511 0.34877082 0.03722545
 0.14328695 0.39594527] 0.29078058474879825
2025-01-21 21:17:16,411 => saving checkpoint to output/loveDa/pidnet_small_loveda_3b_AUG1+AUG2+AUG3checkpoint.pth.tar
2025-01-21 21:17:16,716 Loss: 1.247, MeanIU:  0.2908, Best_mIoU:  0.3014
2025-01-21 21:17:16,716 [0.         0.47924219 0.3364983  0.29449511 0.34877082 0.03722545
 0.14328695 0.39594527]
2025-01-21 21:17:17,931 Epoch: [17/20] Iter:[0/292], Time: 1.07, lr: [1.2772734783402394e-08], Loss: 0.910471, Acc:0.371145, Semantic loss: 0.105328, BCE loss: 0.760242, SB loss: 0.044901
2025-01-21 21:17:28,608 Epoch: [17/20] Iter:[10/292], Time: 1.07, lr: [1.2641432839670328e-08], Loss: 1.277485, Acc:0.613629, Semantic loss: 0.115093, BCE loss: 1.120064, SB loss: 0.042328
2025-01-21 21:17:39,442 Epoch: [17/20] Iter:[20/292], Time: 1.08, lr: [1.2509979185949863e-08], Loss: 1.230654, Acc:0.584381, Semantic loss: 0.117578, BCE loss: 1.068849, SB loss: 0.044226
2025-01-21 21:17:51,071 Epoch: [17/20] Iter:[30/292], Time: 1.10, lr: [1.237837187146926e-08], Loss: 1.208909, Acc:0.573937, Semantic loss: 0.118679, BCE loss: 1.045600, SB loss: 0.044631
2025-01-21 21:18:01,226 Epoch: [17/20] Iter:[40/292], Time: 1.08, lr: [1.224660889700147e-08], Loss: 1.238540, Acc:0.566422, Semantic loss: 0.117891, BCE loss: 1.076485, SB loss: 0.044164
2025-01-21 21:18:10,985 Epoch: [17/20] Iter:[50/292], Time: 1.06, lr: [1.2114688213066062e-08], Loss: 1.252628, Acc:0.576291, Semantic loss: 0.118407, BCE loss: 1.089911, SB loss: 0.044311
2025-01-21 21:18:21,348 Epoch: [17/20] Iter:[60/292], Time: 1.06, lr: [1.19826077180419e-08], Loss: 1.271046, Acc:0.581544, Semantic loss: 0.118492, BCE loss: 1.108453, SB loss: 0.044101
2025-01-21 21:18:31,753 Epoch: [17/20] Iter:[70/292], Time: 1.05, lr: [1.1850365256184929e-08], Loss: 1.248212, Acc:0.576687, Semantic loss: 0.118018, BCE loss: 1.085904, SB loss: 0.044290
2025-01-21 21:18:42,433 Epoch: [17/20] Iter:[80/292], Time: 1.06, lr: [1.171795861554497e-08], Loss: 1.232020, Acc:0.571045, Semantic loss: 0.119267, BCE loss: 1.068339, SB loss: 0.044413
2025-01-21 21:18:52,672 Epoch: [17/20] Iter:[90/292], Time: 1.05, lr: [1.1585385525775259e-08], Loss: 1.238088, Acc:0.573752, Semantic loss: 0.119657, BCE loss: 1.073596, SB loss: 0.044835
2025-01-21 21:19:02,746 Epoch: [17/20] Iter:[100/292], Time: 1.05, lr: [1.1452643655827499e-08], Loss: 1.234766, Acc:0.575001, Semantic loss: 0.119589, BCE loss: 1.070333, SB loss: 0.044844
2025-01-21 21:19:13,349 Epoch: [17/20] Iter:[110/292], Time: 1.05, lr: [1.131973061152518e-08], Loss: 1.210179, Acc:0.569777, Semantic loss: 0.118563, BCE loss: 1.046926, SB loss: 0.044691
2025-01-21 21:19:23,981 Epoch: [17/20] Iter:[120/292], Time: 1.05, lr: [1.1186643933006778e-08], Loss: 1.206054, Acc:0.571823, Semantic loss: 0.118124, BCE loss: 1.043491, SB loss: 0.044439
2025-01-21 21:19:34,355 Epoch: [17/20] Iter:[130/292], Time: 1.05, lr: [1.105338109203025e-08], Loss: 1.208315, Acc:0.571309, Semantic loss: 0.117608, BCE loss: 1.046460, SB loss: 0.044247
2025-01-21 21:19:44,275 Epoch: [17/20] Iter:[140/292], Time: 1.05, lr: [1.0919939489129297e-08], Loss: 1.194621, Acc:0.570145, Semantic loss: 0.117276, BCE loss: 1.033182, SB loss: 0.044163
2025-01-21 21:19:54,306 Epoch: [17/20] Iter:[150/292], Time: 1.04, lr: [1.0786316450610966e-08], Loss: 1.193120, Acc:0.567418, Semantic loss: 0.117514, BCE loss: 1.031434, SB loss: 0.044172
2025-01-21 21:20:04,635 Epoch: [17/20] Iter:[160/292], Time: 1.04, lr: [1.0652509225383695e-08], Loss: 1.196859, Acc:0.568105, Semantic loss: 0.117574, BCE loss: 1.035030, SB loss: 0.044255
2025-01-21 21:20:15,146 Epoch: [17/20] Iter:[170/292], Time: 1.04, lr: [1.0518514981603433e-08], Loss: 1.195498, Acc:0.567455, Semantic loss: 0.118304, BCE loss: 1.032584, SB loss: 0.044610
2025-01-21 21:20:25,477 Epoch: [17/20] Iter:[180/292], Time: 1.04, lr: [1.038433080312495e-08], Loss: 1.190097, Acc:0.567744, Semantic loss: 0.118203, BCE loss: 1.027347, SB loss: 0.044547
2025-01-21 21:20:35,140 Epoch: [17/20] Iter:[190/292], Time: 1.04, lr: [1.024995368574378e-08], Loss: 1.188115, Acc:0.568174, Semantic loss: 0.118130, BCE loss: 1.025429, SB loss: 0.044556
2025-01-21 21:20:45,526 Epoch: [17/20] Iter:[200/292], Time: 1.04, lr: [1.0115380533213502e-08], Loss: 1.196686, Acc:0.567483, Semantic loss: 0.118758, BCE loss: 1.033118, SB loss: 0.044809
2025-01-21 21:20:55,895 Epoch: [17/20] Iter:[210/292], Time: 1.04, lr: [9.980608153021105e-09], Loss: 1.201861, Acc:0.570628, Semantic loss: 0.118751, BCE loss: 1.038317, SB loss: 0.044793
2025-01-21 21:21:07,173 Epoch: [17/20] Iter:[220/292], Time: 1.04, lr: [9.845633251902124e-09], Loss: 1.199573, Acc:0.570086, Semantic loss: 0.118864, BCE loss: 1.035745, SB loss: 0.044964
2025-01-21 21:21:17,518 Epoch: [17/20] Iter:[230/292], Time: 1.04, lr: [9.710452431075213e-09], Loss: 1.204063, Acc:0.570885, Semantic loss: 0.118919, BCE loss: 1.040139, SB loss: 0.045005
2025-01-21 21:21:27,179 Epoch: [17/20] Iter:[240/292], Time: 1.04, lr: [9.575062181173893e-09], Loss: 1.207061, Acc:0.571763, Semantic loss: 0.118866, BCE loss: 1.043256, SB loss: 0.044939
2025-01-21 21:21:37,538 Epoch: [17/20] Iter:[250/292], Time: 1.04, lr: [9.439458876851369e-09], Loss: 1.208868, Acc:0.573664, Semantic loss: 0.118903, BCE loss: 1.045034, SB loss: 0.044931
2025-01-21 21:21:47,938 Epoch: [17/20] Iter:[260/292], Time: 1.04, lr: [9.30363877103151e-09], Loss: 1.206403, Acc:0.574041, Semantic loss: 0.118931, BCE loss: 1.042551, SB loss: 0.044922
2025-01-21 21:21:58,333 Epoch: [17/20] Iter:[270/292], Time: 1.04, lr: [9.167597988776923e-09], Loss: 1.204540, Acc:0.572999, Semantic loss: 0.118656, BCE loss: 1.041013, SB loss: 0.044870
2025-01-21 21:22:08,387 Epoch: [17/20] Iter:[280/292], Time: 1.04, lr: [9.031332520741605e-09], Loss: 1.204359, Acc:0.573381, Semantic loss: 0.118826, BCE loss: 1.040614, SB loss: 0.044918
2025-01-21 21:22:18,380 Epoch: [17/20] Iter:[290/292], Time: 1.04, lr: [8.894838216172796e-09], Loss: 1.206500, Acc:0.574499, Semantic loss: 0.118864, BCE loss: 1.042693, SB loss: 0.044943
2025-01-21 21:31:57,770 0 [0.         0.45909794 0.31950866 0.13396381 0.28281707 0.16057111
 0.07567315 0.08191969] 0.21622163297191568
2025-01-21 21:31:57,770 1 [0.         0.4776975  0.38108372 0.29078087 0.34873241 0.03829378
 0.14293527 0.38177969] 0.29447189241137767
2025-01-21 21:31:57,778 => saving checkpoint to output/loveDa/pidnet_small_loveda_3b_AUG1+AUG2+AUG3checkpoint.pth.tar
2025-01-21 21:31:58,079 Loss: 1.226, MeanIU:  0.2945, Best_mIoU:  0.3014
2025-01-21 21:31:58,080 [0.         0.4776975  0.38108372 0.29078087 0.34873241 0.03829378
 0.14293527 0.38177969]
2025-01-21 21:31:59,155 Epoch: [18/20] Iter:[0/292], Time: 0.92, lr: [1.0766545674842331e-08], Loss: 1.208477, Acc:0.658566, Semantic loss: 0.119250, BCE loss: 1.039356, SB loss: 0.049872
2025-01-21 21:32:09,787 Epoch: [18/20] Iter:[10/292], Time: 1.05, lr: [1.0600479924706664e-08], Loss: 1.236643, Acc:0.606420, Semantic loss: 0.116229, BCE loss: 1.077003, SB loss: 0.043410
2025-01-21 21:32:19,964 Epoch: [18/20] Iter:[20/292], Time: 1.04, lr: [1.0434124593860579e-08], Loss: 1.233872, Acc:0.598989, Semantic loss: 0.118225, BCE loss: 1.072031, SB loss: 0.043616
2025-01-21 21:32:30,066 Epoch: [18/20] Iter:[30/292], Time: 1.03, lr: [1.0267474028855586e-08], Loss: 1.215083, Acc:0.577392, Semantic loss: 0.121872, BCE loss: 1.048126, SB loss: 0.045085
2025-01-21 21:32:40,635 Epoch: [18/20] Iter:[40/292], Time: 1.03, lr: [1.0100522361715428e-08], Loss: 1.222254, Acc:0.579605, Semantic loss: 0.121594, BCE loss: 1.055782, SB loss: 0.044878
2025-01-21 21:32:51,021 Epoch: [18/20] Iter:[50/292], Time: 1.04, lr: [9.933263497697386e-09], Loss: 1.258400, Acc:0.588422, Semantic loss: 0.120548, BCE loss: 1.093105, SB loss: 0.044747
2025-01-21 21:33:01,560 Epoch: [18/20] Iter:[60/292], Time: 1.04, lr: [9.765691102112583e-09], Loss: 1.248883, Acc:0.583882, Semantic loss: 0.119653, BCE loss: 1.084710, SB loss: 0.044520
2025-01-21 21:33:11,388 Epoch: [18/20] Iter:[70/292], Time: 1.03, lr: [9.59779858611391e-09], Loss: 1.223268, Acc:0.581532, Semantic loss: 0.119149, BCE loss: 1.059403, SB loss: 0.044716
2025-01-21 21:33:21,568 Epoch: [18/20] Iter:[80/292], Time: 1.03, lr: [9.42957909134885e-09], Loss: 1.222640, Acc:0.578917, Semantic loss: 0.119901, BCE loss: 1.057859, SB loss: 0.044879
2025-01-21 21:33:31,973 Epoch: [18/20] Iter:[90/292], Time: 1.03, lr: [9.261025473362092e-09], Loss: 1.226661, Acc:0.581868, Semantic loss: 0.119791, BCE loss: 1.062005, SB loss: 0.044865
2025-01-21 21:33:43,231 Epoch: [18/20] Iter:[100/292], Time: 1.04, lr: [9.092130283618968e-09], Loss: 1.227325, Acc:0.580771, Semantic loss: 0.119307, BCE loss: 1.063135, SB loss: 0.044883
2025-01-21 21:33:53,629 Epoch: [18/20] Iter:[110/292], Time: 1.04, lr: [8.922885750003806e-09], Loss: 1.239296, Acc:0.584803, Semantic loss: 0.118808, BCE loss: 1.075791, SB loss: 0.044697
2025-01-21 21:34:03,347 Epoch: [18/20] Iter:[120/292], Time: 1.03, lr: [8.753283755629258e-09], Loss: 1.219698, Acc:0.583448, Semantic loss: 0.118682, BCE loss: 1.056253, SB loss: 0.044764
2025-01-21 21:34:13,562 Epoch: [18/20] Iter:[130/292], Time: 1.03, lr: [8.583315815770319e-09], Loss: 1.226972, Acc:0.582975, Semantic loss: 0.119195, BCE loss: 1.062945, SB loss: 0.044831
2025-01-21 21:34:23,881 Epoch: [18/20] Iter:[140/292], Time: 1.03, lr: [8.412973052712305e-09], Loss: 1.229502, Acc:0.582984, Semantic loss: 0.119284, BCE loss: 1.065448, SB loss: 0.044770
2025-01-21 21:34:34,340 Epoch: [18/20] Iter:[150/292], Time: 1.03, lr: [8.24224616827273e-09], Loss: 1.238949, Acc:0.586063, Semantic loss: 0.119366, BCE loss: 1.074768, SB loss: 0.044815
2025-01-21 21:34:44,927 Epoch: [18/20] Iter:[160/292], Time: 1.04, lr: [8.07112541372311e-09], Loss: 1.240400, Acc:0.587840, Semantic loss: 0.119317, BCE loss: 1.076281, SB loss: 0.044801
2025-01-21 21:34:54,696 Epoch: [18/20] Iter:[170/292], Time: 1.03, lr: [7.899600556797797e-09], Loss: 1.248663, Acc:0.588660, Semantic loss: 0.119016, BCE loss: 1.084882, SB loss: 0.044765
2025-01-21 21:35:05,051 Epoch: [18/20] Iter:[180/292], Time: 1.03, lr: [7.727660845429915e-09], Loss: 1.250677, Acc:0.588697, Semantic loss: 0.118948, BCE loss: 1.086910, SB loss: 0.044820
2025-01-21 21:35:15,287 Epoch: [18/20] Iter:[190/292], Time: 1.03, lr: [7.555294967800946e-09], Loss: 1.245556, Acc:0.587578, Semantic loss: 0.118832, BCE loss: 1.081941, SB loss: 0.044784
2025-01-21 21:35:25,770 Epoch: [18/20] Iter:[200/292], Time: 1.03, lr: [7.382491008225484e-09], Loss: 1.237648, Acc:0.585375, Semantic loss: 0.118701, BCE loss: 1.074195, SB loss: 0.044751
2025-01-21 21:35:35,900 Epoch: [18/20] Iter:[210/292], Time: 1.03, lr: [7.209236398317369e-09], Loss: 1.237321, Acc:0.584138, Semantic loss: 0.119177, BCE loss: 1.073301, SB loss: 0.044843
2025-01-21 21:35:45,677 Epoch: [18/20] Iter:[220/292], Time: 1.03, lr: [7.03551786279207e-09], Loss: 1.232461, Acc:0.583119, Semantic loss: 0.118987, BCE loss: 1.068626, SB loss: 0.044849
2025-01-21 21:35:56,051 Epoch: [18/20] Iter:[230/292], Time: 1.03, lr: [6.8613213591525716e-09], Loss: 1.231259, Acc:0.584003, Semantic loss: 0.119126, BCE loss: 1.067347, SB loss: 0.044785
2025-01-21 21:36:06,584 Epoch: [18/20] Iter:[240/292], Time: 1.03, lr: [6.686632010375578e-09], Loss: 1.235449, Acc:0.586037, Semantic loss: 0.119114, BCE loss: 1.071647, SB loss: 0.044688
2025-01-21 21:36:17,016 Epoch: [18/20] Iter:[250/292], Time: 1.03, lr: [6.511434029557827e-09], Loss: 1.236110, Acc:0.587413, Semantic loss: 0.118904, BCE loss: 1.072577, SB loss: 0.044629
2025-01-21 21:36:26,705 Epoch: [18/20] Iter:[260/292], Time: 1.03, lr: [6.335710635292387e-09], Loss: 1.233517, Acc:0.585947, Semantic loss: 0.118727, BCE loss: 1.070227, SB loss: 0.044563
2025-01-21 21:36:36,813 Epoch: [18/20] Iter:[270/292], Time: 1.03, lr: [6.1594439563118356e-09], Loss: 1.231936, Acc:0.584719, Semantic loss: 0.119353, BCE loss: 1.067783, SB loss: 0.044799
2025-01-21 21:36:47,171 Epoch: [18/20] Iter:[280/292], Time: 1.03, lr: [5.982614923651081e-09], Loss: 1.234069, Acc:0.586021, Semantic loss: 0.119111, BCE loss: 1.070195, SB loss: 0.044763
2025-01-21 21:36:58,226 Epoch: [18/20] Iter:[290/292], Time: 1.03, lr: [5.805203148230202e-09], Loss: 1.234079, Acc:0.586743, Semantic loss: 0.119147, BCE loss: 1.070189, SB loss: 0.044744
2025-01-21 21:46:31,836 0 [0.         0.46584842 0.30658584 0.13277282 0.32799102 0.16693402
 0.07980314 0.07857691] 0.2226445974950607
2025-01-21 21:46:31,836 1 [0.         0.49293092 0.38151791 0.2885752  0.34613447 0.03583392
 0.15778739 0.38088477] 0.2976663678419471
2025-01-21 21:46:31,844 => saving checkpoint to output/loveDa/pidnet_small_loveda_3b_AUG1+AUG2+AUG3checkpoint.pth.tar
2025-01-21 21:46:32,147 Loss: 1.244, MeanIU:  0.2977, Best_mIoU:  0.3014
2025-01-21 21:46:32,147 [0.         0.49293092 0.38151791 0.2885752  0.34613447 0.03583392
 0.15778739 0.38088477]
2025-01-21 21:46:33,259 Epoch: [19/20] Iter:[0/292], Time: 0.95, lr: [7.1869254410595585e-09], Loss: 1.635222, Acc:0.637741, Semantic loss: 0.119680, BCE loss: 1.474114, SB loss: 0.041428
2025-01-21 21:46:43,617 Epoch: [19/20] Iter:[10/292], Time: 1.03, lr: [6.96502645913866e-09], Loss: 1.256555, Acc:0.577164, Semantic loss: 0.114943, BCE loss: 1.098697, SB loss: 0.042915
2025-01-21 21:46:53,206 Epoch: [19/20] Iter:[20/292], Time: 1.00, lr: [6.742339030709277e-09], Loss: 1.299831, Acc:0.604282, Semantic loss: 0.118079, BCE loss: 1.137098, SB loss: 0.044654
2025-01-21 21:47:03,448 Epoch: [19/20] Iter:[30/292], Time: 1.01, lr: [6.5188311972056485e-09], Loss: 1.276085, Acc:0.595551, Semantic loss: 0.118246, BCE loss: 1.113769, SB loss: 0.044070
2025-01-21 21:47:13,986 Epoch: [19/20] Iter:[40/292], Time: 1.02, lr: [6.294468431825111e-09], Loss: 1.254495, Acc:0.587574, Semantic loss: 0.116980, BCE loss: 1.093649, SB loss: 0.043866
2025-01-21 21:47:24,188 Epoch: [19/20] Iter:[50/292], Time: 1.02, lr: [6.069213322658941e-09], Loss: 1.244638, Acc:0.589521, Semantic loss: 0.118535, BCE loss: 1.081906, SB loss: 0.044197
2025-01-21 21:47:34,340 Epoch: [19/20] Iter:[60/292], Time: 1.02, lr: [5.843025201958888e-09], Loss: 1.239996, Acc:0.592866, Semantic loss: 0.118845, BCE loss: 1.076830, SB loss: 0.044321
2025-01-21 21:47:44,081 Epoch: [19/20] Iter:[70/292], Time: 1.01, lr: [5.615859709653072e-09], Loss: 1.242124, Acc:0.593523, Semantic loss: 0.117970, BCE loss: 1.079721, SB loss: 0.044433
2025-01-21 21:47:54,282 Epoch: [19/20] Iter:[80/292], Time: 1.01, lr: [5.387668275945746e-09], Loss: 1.241787, Acc:0.592346, Semantic loss: 0.118320, BCE loss: 1.078938, SB loss: 0.044529
2025-01-21 21:48:04,721 Epoch: [19/20] Iter:[90/292], Time: 1.02, lr: [5.158397503451209e-09], Loss: 1.261359, Acc:0.593037, Semantic loss: 0.118474, BCE loss: 1.098583, SB loss: 0.044302
2025-01-21 21:48:15,266 Epoch: [19/20] Iter:[100/292], Time: 1.02, lr: [4.927988423379451e-09], Loss: 1.261796, Acc:0.595081, Semantic loss: 0.118425, BCE loss: 1.099305, SB loss: 0.044066
2025-01-21 21:48:25,235 Epoch: [19/20] Iter:[110/292], Time: 1.02, lr: [4.696375592152932e-09], Loss: 1.263511, Acc:0.589423, Semantic loss: 0.119067, BCE loss: 1.100101, SB loss: 0.044343
2025-01-21 21:48:35,523 Epoch: [19/20] Iter:[120/292], Time: 1.02, lr: [4.4634859835000036e-09], Loss: 1.254813, Acc:0.591225, Semantic loss: 0.118699, BCE loss: 1.091731, SB loss: 0.044384
2025-01-21 21:48:46,360 Epoch: [19/20] Iter:[130/292], Time: 1.02, lr: [4.229237615029321e-09], Loss: 1.249080, Acc:0.591294, Semantic loss: 0.118763, BCE loss: 1.085762, SB loss: 0.044554
2025-01-21 21:48:57,257 Epoch: [19/20] Iter:[140/292], Time: 1.03, lr: [3.993537825165086e-09], Loss: 1.252309, Acc:0.590194, Semantic loss: 0.119003, BCE loss: 1.088756, SB loss: 0.044549
2025-01-21 21:49:09,431 Epoch: [19/20] Iter:[150/292], Time: 1.04, lr: [3.756281082313471e-09], Loss: 1.261921, Acc:0.593269, Semantic loss: 0.119040, BCE loss: 1.098320, SB loss: 0.044561
2025-01-21 21:49:19,745 Epoch: [19/20] Iter:[160/292], Time: 1.04, lr: [3.5173461569645076e-09], Loss: 1.257113, Acc:0.593565, Semantic loss: 0.118856, BCE loss: 1.093759, SB loss: 0.044498
2025-01-21 21:49:30,485 Epoch: [19/20] Iter:[170/292], Time: 1.04, lr: [3.27659240847871e-09], Loss: 1.253078, Acc:0.592243, Semantic loss: 0.118832, BCE loss: 1.089732, SB loss: 0.044515
2025-01-21 21:49:41,298 Epoch: [19/20] Iter:[180/292], Time: 1.04, lr: [3.033854812893061e-09], Loss: 1.246201, Acc:0.590460, Semantic loss: 0.118789, BCE loss: 1.083009, SB loss: 0.044403
2025-01-21 21:49:51,944 Epoch: [19/20] Iter:[190/292], Time: 1.05, lr: [2.7889371521606806e-09], Loss: 1.244732, Acc:0.588440, Semantic loss: 0.118684, BCE loss: 1.081584, SB loss: 0.044464
2025-01-21 21:50:02,795 Epoch: [19/20] Iter:[200/292], Time: 1.05, lr: [2.5416024338945812e-09], Loss: 1.243887, Acc:0.589054, Semantic loss: 0.118442, BCE loss: 1.081063, SB loss: 0.044382
2025-01-21 21:50:13,033 Epoch: [19/20] Iter:[210/292], Time: 1.05, lr: [2.2915589835620088e-09], Loss: 1.240592, Acc:0.587567, Semantic loss: 0.118311, BCE loss: 1.077949, SB loss: 0.044332
2025-01-21 21:50:23,772 Epoch: [19/20] Iter:[220/292], Time: 1.05, lr: [2.0384394698607902e-09], Loss: 1.239339, Acc:0.586256, Semantic loss: 0.118729, BCE loss: 1.076077, SB loss: 0.044534
2025-01-21 21:50:34,706 Epoch: [19/20] Iter:[230/292], Time: 1.05, lr: [1.781767748799138e-09], Loss: 1.244999, Acc:0.584959, Semantic loss: 0.119107, BCE loss: 1.081254, SB loss: 0.044638
2025-01-21 21:50:45,497 Epoch: [19/20] Iter:[240/292], Time: 1.05, lr: [1.5209032305146607e-09], Loss: 1.240330, Acc:0.583700, Semantic loss: 0.119114, BCE loss: 1.076629, SB loss: 0.044587
2025-01-21 21:50:56,350 Epoch: [19/20] Iter:[250/292], Time: 1.05, lr: [1.2549399197223246e-09], Loss: 1.235419, Acc:0.581894, Semantic loss: 0.119427, BCE loss: 1.071217, SB loss: 0.044774
2025-01-21 21:51:06,727 Epoch: [19/20] Iter:[260/292], Time: 1.05, lr: [9.82502249937431e-10], Loss: 1.239339, Acc:0.580842, Semantic loss: 0.119548, BCE loss: 1.075020, SB loss: 0.044771
2025-01-21 21:51:17,319 Epoch: [19/20] Iter:[270/292], Time: 1.05, lr: [7.012598683534564e-10], Loss: 1.237217, Acc:0.580662, Semantic loss: 0.119512, BCE loss: 1.072965, SB loss: 0.044739
2025-01-21 21:51:28,099 Epoch: [19/20] Iter:[280/292], Time: 1.05, lr: [4.064074818028956e-10], Loss: 1.238606, Acc:0.580101, Semantic loss: 0.119511, BCE loss: 1.074300, SB loss: 0.044794
2025-01-21 21:51:39,124 Epoch: [19/20] Iter:[290/292], Time: 1.05, lr: [8.102621819654094e-11], Loss: 1.240346, Acc:0.579947, Semantic loss: 0.119465, BCE loss: 1.076078, SB loss: 0.044803
2025-01-21 22:01:24,567 0 [0.         0.46690739 0.30783954 0.13947802 0.32620106 0.16961218
 0.07121741 0.08834379] 0.22422848319720873
2025-01-21 22:01:24,568 1 [0.         0.4913551  0.36039494 0.29501745 0.33999738 0.03271289
 0.14179895 0.38659534] 0.2925531491170718
2025-01-21 22:01:24,582 => saving checkpoint to output/loveDa/pidnet_small_loveda_3b_AUG1+AUG2+AUG3checkpoint.pth.tar
2025-01-21 22:01:25,035 Loss: 1.233, MeanIU:  0.2926, Best_mIoU:  0.3014
2025-01-21 22:01:25,035 [0.         0.4913551  0.36039494 0.29501745 0.33999738 0.03271289
 0.14179895 0.38659534]
2025-01-21 22:01:25,188 Hours: 1
2025-01-21 22:01:25,189 Done
