2025-01-03 20:15:16,945 Namespace(cfg='configs/loveDa/pidnet_small_loveda.yaml', seed=304, opts=['GPUS', '[0]', 'TRAIN.BATCH_SIZE_PER_GPU', '6'])
2025-01-03 20:15:16,945 AUTO_RESUME: False
CUDNN:
  BENCHMARK: True
  DETERMINISTIC: False
  ENABLED: True
DATASET:
  DATASET: loveDa
  EXTRA_TRAIN_SET: 
  NUM_CLASSES: 8
  ROOT: data/
  TEST_SET: list/loveDa/val.lst
  TRAIN_SET: list/loveDa/train.lst
GPUS: (0,)
LOG_DIR: log
LOSS:
  BALANCE_WEIGHTS: [0.4, 1.0]
  CLASS_BALANCE: False
  OHEMKEEP: 131072
  OHEMTHRES: 0.7
  SB_WEIGHTS: 0.5
  USE_OHEM: True
MODEL:
  ALIGN_CORNERS: True
  NAME: pidnet_small
  NUM_OUTPUTS: 2
  PRETRAINED: pretrained_models/imagenet/PIDNet_S_ImageNet.pth.tar
OUTPUT_DIR: output
PIN_MEMORY: True
PRINT_FREQ: 10
TEST:
  BASE_SIZE: 1024
  BATCH_SIZE_PER_GPU: 6
  FLIP_TEST: False
  IMAGE_SIZE: [1024, 1024]
  MODEL_FILE: 
  MULTI_SCALE: False
  OUTPUT_INDEX: 1
TRAIN:
  BASE_SIZE: 1024
  BATCH_SIZE_PER_GPU: 6
  BEGIN_EPOCH: 0
  END_EPOCH: 20
  EXTRA_EPOCH: 0
  EXTRA_LR: 0.001
  FLIP: True
  IGNORE_LABEL: 0
  IMAGE_SIZE: [1024, 1024]
  LR: 0.001
  MOMENTUM: 0.9
  MULTI_SCALE: True
  NESTEROV: False
  OPTIMIZER: sgd
  RESUME: False
  SCALE_FACTOR: 16
  SHUFFLE: True
  WD: 0.0005
WORKERS: 6
2025-01-03 20:15:17,092 Attention!!!
2025-01-03 20:15:17,092 Loaded 302 parameters!
2025-01-03 20:15:17,093 Over!!!
2025-01-03 20:15:36,967 Epoch: [0/20] Iter:[0/192], Time: 18.56, lr: [0.001], Loss: 2.769941, Acc:0.174587, Semantic loss: 0.000000, BCE loss: 2.769940, SB loss: 0.000001
2025-01-03 20:15:43,386 Epoch: [0/20] Iter:[10/192], Time: 2.25, lr: [0.0009976559445324194], Loss: 1.932073, Acc:0.154325, Semantic loss: 0.000000, BCE loss: 1.932073, SB loss: 0.000000
2025-01-03 20:15:49,684 Epoch: [0/20] Iter:[20/192], Time: 1.48, lr: [0.000995311276959276], Loss: 1.630267, Acc:0.147064, Semantic loss: 0.000000, BCE loss: 1.630267, SB loss: 0.000000
2025-01-03 20:15:56,057 Epoch: [0/20] Iter:[30/192], Time: 1.21, lr: [0.000992965995517728], Loss: 1.581060, Acc:0.150845, Semantic loss: 0.000000, BCE loss: 1.581060, SB loss: 0.000000
2025-01-03 20:16:02,354 Epoch: [0/20] Iter:[40/192], Time: 1.06, lr: [0.0009906200984352155], Loss: 1.548210, Acc:0.155468, Semantic loss: 0.000000, BCE loss: 1.548210, SB loss: 0.000000
2025-01-03 20:16:08,681 Epoch: [0/20] Iter:[50/192], Time: 0.98, lr: [0.0009882735839293803], Loss: 1.509024, Acc:0.157956, Semantic loss: 0.000000, BCE loss: 1.509024, SB loss: 0.000000
2025-01-03 20:16:14,912 Epoch: [0/20] Iter:[60/192], Time: 0.92, lr: [0.000985926450207989], Loss: 1.474683, Acc:0.155175, Semantic loss: 0.000000, BCE loss: 1.474683, SB loss: 0.000000
2025-01-03 20:16:21,209 Epoch: [0/20] Iter:[70/192], Time: 0.88, lr: [0.0009835786954688485], Loss: 1.470937, Acc:0.154228, Semantic loss: 0.000000, BCE loss: 1.470937, SB loss: 0.000000
2025-01-03 20:16:27,620 Epoch: [0/20] Iter:[80/192], Time: 0.85, lr: [0.000981230317899726], Loss: 1.470890, Acc:0.156625, Semantic loss: 0.000000, BCE loss: 1.470890, SB loss: 0.000000
2025-01-03 20:16:33,850 Epoch: [0/20] Iter:[90/192], Time: 0.83, lr: [0.0009788813156782663], Loss: 1.492991, Acc:0.157961, Semantic loss: 0.000000, BCE loss: 1.492991, SB loss: 0.000000
2025-01-03 20:16:40,056 Epoch: [0/20] Iter:[100/192], Time: 0.81, lr: [0.0009765316869719068], Loss: 1.497921, Acc:0.156790, Semantic loss: 0.000000, BCE loss: 1.497921, SB loss: 0.000000
2025-01-03 20:16:46,337 Epoch: [0/20] Iter:[110/192], Time: 0.79, lr: [0.0009741814299377942], Loss: 1.485324, Acc:0.154774, Semantic loss: 0.000000, BCE loss: 1.485324, SB loss: 0.000000
2025-01-03 20:16:52,730 Epoch: [0/20] Iter:[120/192], Time: 0.78, lr: [0.0009718305427226986], Loss: 1.477809, Acc:0.155537, Semantic loss: 0.000000, BCE loss: 1.477809, SB loss: 0.000000
2025-01-03 20:16:59,009 Epoch: [0/20] Iter:[130/192], Time: 0.77, lr: [0.0009694790234629266], Loss: 1.483398, Acc:0.155426, Semantic loss: 0.000000, BCE loss: 1.483397, SB loss: 0.000000
2025-01-03 20:17:05,220 Epoch: [0/20] Iter:[140/192], Time: 0.76, lr: [0.0009671268702842339], Loss: 1.472198, Acc:0.154820, Semantic loss: 0.000000, BCE loss: 1.472198, SB loss: 0.000000
2025-01-03 20:17:11,442 Epoch: [0/20] Iter:[150/192], Time: 0.75, lr: [0.0009647740813017376], Loss: 1.466556, Acc:0.154294, Semantic loss: 0.000000, BCE loss: 1.466556, SB loss: 0.000000
2025-01-03 20:17:17,802 Epoch: [0/20] Iter:[160/192], Time: 0.74, lr: [0.0009624206546198262], Loss: 1.465720, Acc:0.154632, Semantic loss: 0.000000, BCE loss: 1.465720, SB loss: 0.000000
2025-01-03 20:17:24,063 Epoch: [0/20] Iter:[170/192], Time: 0.73, lr: [0.0009600665883320689], Loss: 1.469071, Acc:0.155192, Semantic loss: 0.000000, BCE loss: 1.469071, SB loss: 0.000000
2025-01-03 20:17:30,400 Epoch: [0/20] Iter:[180/192], Time: 0.73, lr: [0.0009577118805211255], Loss: 1.465265, Acc:0.154978, Semantic loss: 0.000000, BCE loss: 1.465265, SB loss: 0.000000
2025-01-03 20:17:36,528 Epoch: [0/20] Iter:[190/192], Time: 0.72, lr: [0.0009553565292586524], Loss: 1.461769, Acc:0.155469, Semantic loss: 0.000000, BCE loss: 1.461769, SB loss: 0.000000
2025-01-03 20:19:30,591 0 [0.         0.25509026 0.         0.00645726 0.         0.01740685
 0.01328219 0.00186774] 0.03676303890425316
2025-01-03 20:19:30,591 1 [0.00000000e+00 1.67865574e-04 4.90264724e-05 9.76431200e-03
 1.16985476e-01 1.03574956e-02 2.92711388e-03 0.00000000e+00] 0.017531411148704275
2025-01-03 20:19:30,606 => saving checkpoint to output\loveDa\pidnet_small_lovedacheckpoint.pth.tar
2025-01-03 20:19:30,808 Loss: 1.738, MeanIU:  0.0175, Best_mIoU:  0.0175
2025-01-03 20:19:30,809 [0.00000000e+00 1.67865574e-04 4.90264724e-05 9.76431200e-03
 1.16985476e-01 1.03574956e-02 2.92711388e-03 0.00000000e+00]
2025-01-03 20:19:46,748 Epoch: [1/20] Iter:[0/192], Time: 15.37, lr: [0.0009548853816214997], Loss: 1.723735, Acc:0.150546, Semantic loss: 0.000000, BCE loss: 1.723735, SB loss: 0.000000
2025-01-03 20:19:55,675 Epoch: [1/20] Iter:[10/192], Time: 2.23, lr: [0.0009525292556561478], Loss: 1.452227, Acc:0.143005, Semantic loss: 0.000000, BCE loss: 1.452227, SB loss: -0.000000
2025-01-03 20:20:07,391 Epoch: [1/20] Iter:[20/192], Time: 1.71, lr: [0.0009501724819577191], Loss: 1.373961, Acc:0.146592, Semantic loss: 0.000000, BCE loss: 1.373961, SB loss: -0.000000
2025-01-03 20:20:16,739 Epoch: [1/20] Iter:[30/192], Time: 1.47, lr: [0.0009478150585620286], Loss: 1.344533, Acc:0.146827, Semantic loss: 0.000000, BCE loss: 1.344533, SB loss: -0.000000
2025-01-03 20:20:26,180 Epoch: [1/20] Iter:[40/192], Time: 1.33, lr: [0.0009454569834934885], Loss: 1.365818, Acc:0.150752, Semantic loss: 0.000000, BCE loss: 1.365818, SB loss: -0.000000
2025-01-03 20:20:36,818 Epoch: [1/20] Iter:[50/192], Time: 1.29, lr: [0.0009430982547650113], Loss: 1.375014, Acc:0.153014, Semantic loss: 0.000000, BCE loss: 1.375014, SB loss: 0.000000
2025-01-03 20:20:49,030 Epoch: [1/20] Iter:[60/192], Time: 1.27, lr: [0.0009407388703779092], Loss: 1.387522, Acc:0.153327, Semantic loss: 0.000000, BCE loss: 1.387522, SB loss: 0.000000
2025-01-03 20:20:58,954 Epoch: [1/20] Iter:[70/192], Time: 1.24, lr: [0.0009383788283217955], Loss: 1.355949, Acc:0.153481, Semantic loss: 0.000000, BCE loss: 1.355949, SB loss: 0.000000
2025-01-03 20:21:09,104 Epoch: [1/20] Iter:[80/192], Time: 1.21, lr: [0.0009360181265744821], Loss: 1.361406, Acc:0.153463, Semantic loss: 0.000000, BCE loss: 1.361406, SB loss: 0.000000
2025-01-03 20:21:19,197 Epoch: [1/20] Iter:[90/192], Time: 1.19, lr: [0.000933656763101877], Loss: 1.367938, Acc:0.154573, Semantic loss: 0.000000, BCE loss: 1.367938, SB loss: 0.000000
2025-01-03 20:21:30,271 Epoch: [1/20] Iter:[100/192], Time: 1.18, lr: [0.0009312947358578815], Loss: 1.385335, Acc:0.156190, Semantic loss: 0.000000, BCE loss: 1.385335, SB loss: 0.000000
2025-01-03 20:21:40,805 Epoch: [1/20] Iter:[110/192], Time: 1.17, lr: [0.0009289320427842841], Loss: 1.390202, Acc:0.157207, Semantic loss: 0.000000, BCE loss: 1.390201, SB loss: 0.000000
2025-01-03 20:21:52,122 Epoch: [1/20] Iter:[120/192], Time: 1.16, lr: [0.0009265686818106553], Loss: 1.389420, Acc:0.156882, Semantic loss: 0.000000, BCE loss: 1.389420, SB loss: 0.000000
2025-01-03 20:22:01,151 Epoch: [1/20] Iter:[130/192], Time: 1.14, lr: [0.0009242046508542393], Loss: 1.389809, Acc:0.157800, Semantic loss: 0.000000, BCE loss: 1.389809, SB loss: 0.000000
2025-01-03 20:22:11,349 Epoch: [1/20] Iter:[140/192], Time: 1.14, lr: [0.0009218399478198466], Loss: 1.390614, Acc:0.158741, Semantic loss: 0.000000, BCE loss: 1.390614, SB loss: 0.000000
2025-01-03 20:22:22,452 Epoch: [1/20] Iter:[150/192], Time: 1.13, lr: [0.0009194745705997427], Loss: 1.401754, Acc:0.159161, Semantic loss: 0.000000, BCE loss: 1.401754, SB loss: 0.000000
2025-01-03 20:22:33,355 Epoch: [1/20] Iter:[160/192], Time: 1.13, lr: [0.000917108517073538], Loss: 1.413004, Acc:0.159947, Semantic loss: 0.000000, BCE loss: 1.413004, SB loss: 0.000000
2025-01-03 20:22:44,912 Epoch: [1/20] Iter:[170/192], Time: 1.13, lr: [0.0009147417851080751], Loss: 1.412799, Acc:0.160666, Semantic loss: 0.000000, BCE loss: 1.412799, SB loss: 0.000000
2025-01-03 20:22:54,167 Epoch: [1/20] Iter:[180/192], Time: 1.12, lr: [0.000912374372557314], Loss: 1.411942, Acc:0.161560, Semantic loss: 0.000000, BCE loss: 1.411942, SB loss: 0.000000
2025-01-03 20:23:03,564 Epoch: [1/20] Iter:[190/192], Time: 1.11, lr: [0.0009100062772622185], Loss: 1.413589, Acc:0.162014, Semantic loss: 0.000000, BCE loss: 1.413589, SB loss: 0.000000
2025-01-03 20:25:16,006 0 [0.00000000e+00 2.55090249e-01 0.00000000e+00 2.93857569e-03
 8.80948496e-07 1.74062737e-02 1.32886504e-02 5.54558221e-03] 0.03678377649924115
2025-01-03 20:25:16,008 1 [0.         0.01335019 0.05467305 0.01281977 0.11441484 0.0352782
 0.00110531 0.00019168] 0.028979130995227247
2025-01-03 20:25:16,020 => saving checkpoint to output\loveDa\pidnet_small_lovedacheckpoint.pth.tar
2025-01-03 20:25:16,208 Loss: 1.685, MeanIU:  0.0290, Best_mIoU:  0.0290
2025-01-03 20:25:16,208 [0.         0.01335019 0.05467305 0.01281977 0.11441484 0.0352782
 0.00110531 0.00019168]
2025-01-03 20:25:31,673 Epoch: [2/20] Iter:[0/192], Time: 14.99, lr: [0.0009095325760829623], Loss: 1.465965, Acc:0.138119, Semantic loss: 0.000000, BCE loss: 1.465965, SB loss: 0.000000
2025-01-03 20:25:41,829 Epoch: [2/20] Iter:[10/192], Time: 2.26, lr: [0.0009071636586262653], Loss: 1.410640, Acc:0.159373, Semantic loss: 0.000000, BCE loss: 1.410640, SB loss: -0.000000
2025-01-03 20:25:51,674 Epoch: [2/20] Iter:[20/192], Time: 1.67, lr: [0.0009047940536290279], Loss: 1.353570, Acc:0.151666, Semantic loss: 0.000000, BCE loss: 1.353570, SB loss: -0.000000
2025-01-03 20:26:02,097 Epoch: [2/20] Iter:[30/192], Time: 1.47, lr: [0.0009024237588898335], Loss: 1.390975, Acc:0.157708, Semantic loss: 0.000000, BCE loss: 1.390975, SB loss: -0.000000
2025-01-03 20:26:12,811 Epoch: [2/20] Iter:[40/192], Time: 1.37, lr: [0.0009000527721937696], Loss: 1.397676, Acc:0.162440, Semantic loss: 0.000000, BCE loss: 1.397676, SB loss: -0.000000
2025-01-03 20:26:24,273 Epoch: [2/20] Iter:[50/192], Time: 1.32, lr: [0.0008976810913123052], Loss: 1.373969, Acc:0.165315, Semantic loss: 0.000000, BCE loss: 1.373969, SB loss: -0.000000
2025-01-03 20:26:34,639 Epoch: [2/20] Iter:[60/192], Time: 1.28, lr: [0.000895308714003167], Loss: 1.378771, Acc:0.164653, Semantic loss: 0.000000, BCE loss: 1.378772, SB loss: -0.000000
2025-01-03 20:26:45,202 Epoch: [2/20] Iter:[70/192], Time: 1.25, lr: [0.0008929356380102143], Loss: 1.373873, Acc:0.164337, Semantic loss: 0.000000, BCE loss: 1.373873, SB loss: -0.000000
2025-01-03 20:26:56,626 Epoch: [2/20] Iter:[80/192], Time: 1.24, lr: [0.0008905618610633113], Loss: 1.389001, Acc:0.163930, Semantic loss: 0.000000, BCE loss: 1.389001, SB loss: -0.000000
2025-01-03 20:27:06,706 Epoch: [2/20] Iter:[90/192], Time: 1.21, lr: [0.0008881873808781991], Loss: 1.401711, Acc:0.165044, Semantic loss: 0.000000, BCE loss: 1.401711, SB loss: 0.000000
2025-01-03 20:27:17,066 Epoch: [2/20] Iter:[100/192], Time: 1.19, lr: [0.0008858121951563658], Loss: 1.395805, Acc:0.164221, Semantic loss: 0.000000, BCE loss: 1.395805, SB loss: 0.000000
2025-01-03 20:27:28,197 Epoch: [2/20] Iter:[110/192], Time: 1.19, lr: [0.0008834363015849136], Loss: 1.404012, Acc:0.163771, Semantic loss: 0.000000, BCE loss: 1.404012, SB loss: 0.000000
2025-01-03 20:27:38,972 Epoch: [2/20] Iter:[120/192], Time: 1.18, lr: [0.0008810596978364273], Loss: 1.419881, Acc:0.163692, Semantic loss: 0.000000, BCE loss: 1.419881, SB loss: 0.000000
2025-01-03 20:27:50,900 Epoch: [2/20] Iter:[130/192], Time: 1.18, lr: [0.0008786823815688379], Loss: 1.414681, Acc:0.163169, Semantic loss: 0.000000, BCE loss: 1.414681, SB loss: 0.000000
2025-01-03 20:28:01,067 Epoch: [2/20] Iter:[140/192], Time: 1.17, lr: [0.0008763043504252865], Loss: 1.405893, Acc:0.162654, Semantic loss: 0.000000, BCE loss: 1.405893, SB loss: 0.000000
2025-01-03 20:28:09,746 Epoch: [2/20] Iter:[150/192], Time: 1.15, lr: [0.0008739256020339866], Loss: 1.403502, Acc:0.162597, Semantic loss: 0.000000, BCE loss: 1.403501, SB loss: 0.000000
2025-01-03 20:28:21,349 Epoch: [2/20] Iter:[160/192], Time: 1.15, lr: [0.000871546134008083], Loss: 1.406000, Acc:0.162787, Semantic loss: 0.000000, BCE loss: 1.406000, SB loss: 0.000000
2025-01-03 20:28:32,799 Epoch: [2/20] Iter:[170/192], Time: 1.15, lr: [0.0008691659439455107], Loss: 1.402755, Acc:0.162527, Semantic loss: 0.000000, BCE loss: 1.402755, SB loss: 0.000000
2025-01-03 20:28:44,506 Epoch: [2/20] Iter:[180/192], Time: 1.15, lr: [0.0008667850294288516], Loss: 1.398071, Acc:0.162233, Semantic loss: 0.000000, BCE loss: 1.398071, SB loss: 0.000000
2025-01-03 20:28:55,682 Epoch: [2/20] Iter:[190/192], Time: 1.15, lr: [0.0008644033880251887], Loss: 1.404843, Acc:0.162543, Semantic loss: 0.000000, BCE loss: 1.404843, SB loss: 0.000000
2025-01-03 20:31:07,676 0 [0.         0.2550114  0.         0.00645251 0.00084203 0.01741
 0.01328407 0.00186957] 0.03685869758209386
2025-01-03 20:31:07,676 1 [0.         0.01962808 0.00042318 0.02549453 0.04061232 0.04596272
 0.05675477 0.00514268] 0.024252283249372134
2025-01-03 20:31:07,689 => saving checkpoint to output\loveDa\pidnet_small_lovedacheckpoint.pth.tar
2025-01-03 20:31:07,806 Loss: 1.671, MeanIU:  0.0243, Best_mIoU:  0.0290
2025-01-03 20:31:07,806 [0.         0.01962808 0.00042318 0.02549453 0.04061232 0.04596272
 0.05675477 0.00514268]
2025-01-03 20:31:23,455 Epoch: [3/20] Iter:[0/192], Time: 15.16, lr: [0.0008639269723028191], Loss: 1.742359, Acc:0.198600, Semantic loss: 0.000000, BCE loss: 1.742358, SB loss: 0.000000
2025-01-03 20:31:31,851 Epoch: [3/20] Iter:[10/192], Time: 2.15, lr: [0.0008615444554012614], Loss: 1.447045, Acc:0.164346, Semantic loss: 0.000000, BCE loss: 1.447045, SB loss: 0.000000
2025-01-03 20:31:41,426 Epoch: [3/20] Iter:[20/192], Time: 1.58, lr: [0.0008591612062049989], Loss: 1.386777, Acc:0.160051, Semantic loss: 0.000000, BCE loss: 1.386777, SB loss: 0.000000
2025-01-03 20:31:52,485 Epoch: [3/20] Iter:[30/192], Time: 1.42, lr: [0.0008567772222305215], Loss: 1.363632, Acc:0.157242, Semantic loss: 0.000000, BCE loss: 1.363632, SB loss: 0.000000
2025-01-03 20:32:03,739 Epoch: [3/20] Iter:[40/192], Time: 1.35, lr: [0.0008543925009781887], Loss: 1.341644, Acc:0.156157, Semantic loss: 0.000000, BCE loss: 1.341644, SB loss: 0.000000
2025-01-03 20:32:11,802 Epoch: [3/20] Iter:[50/192], Time: 1.25, lr: [0.000852007039932076], Loss: 1.407021, Acc:0.159408, Semantic loss: 0.000000, BCE loss: 1.407021, SB loss: 0.000000
2025-01-03 20:32:23,038 Epoch: [3/20] Iter:[60/192], Time: 1.23, lr: [0.0008496208365598179], Loss: 1.374140, Acc:0.158488, Semantic loss: 0.000000, BCE loss: 1.374140, SB loss: 0.000000
2025-01-03 20:32:33,993 Epoch: [3/20] Iter:[70/192], Time: 1.20, lr: [0.0008472338883124478], Loss: 1.388332, Acc:0.159787, Semantic loss: 0.000000, BCE loss: 1.388332, SB loss: 0.000000
2025-01-03 20:32:46,135 Epoch: [3/20] Iter:[80/192], Time: 1.21, lr: [0.0008448461926242373], Loss: 1.395797, Acc:0.159224, Semantic loss: 0.000000, BCE loss: 1.395797, SB loss: 0.000000
2025-01-03 20:32:56,046 Epoch: [3/20] Iter:[90/192], Time: 1.19, lr: [0.0008424577469125338], Loss: 1.401472, Acc:0.159004, Semantic loss: 0.000000, BCE loss: 1.401472, SB loss: 0.000000
2025-01-03 20:33:07,778 Epoch: [3/20] Iter:[100/192], Time: 1.18, lr: [0.0008400685485775935], Loss: 1.408572, Acc:0.158362, Semantic loss: 0.000000, BCE loss: 1.408572, SB loss: 0.000000
2025-01-03 20:33:18,684 Epoch: [3/20] Iter:[110/192], Time: 1.17, lr: [0.0008376785950024154], Loss: 1.436962, Acc:0.160384, Semantic loss: 0.000000, BCE loss: 1.436962, SB loss: 0.000000
2025-01-03 20:33:30,388 Epoch: [3/20] Iter:[120/192], Time: 1.17, lr: [0.000835287883552571], Loss: 1.435455, Acc:0.161191, Semantic loss: 0.000000, BCE loss: 1.435455, SB loss: 0.000000
2025-01-03 20:33:41,081 Epoch: [3/20] Iter:[130/192], Time: 1.17, lr: [0.0008328964115760324], Loss: 1.443101, Acc:0.162242, Semantic loss: 0.000000, BCE loss: 1.443101, SB loss: 0.000000
2025-01-03 20:33:51,837 Epoch: [3/20] Iter:[140/192], Time: 1.16, lr: [0.0008305041764029987], Loss: 1.443013, Acc:0.162929, Semantic loss: 0.000000, BCE loss: 1.443013, SB loss: 0.000000
2025-01-03 20:34:01,912 Epoch: [3/20] Iter:[150/192], Time: 1.15, lr: [0.0008281111753457188], Loss: 1.435133, Acc:0.163230, Semantic loss: 0.000000, BCE loss: 1.435133, SB loss: 0.000000
2025-01-03 20:34:13,456 Epoch: [3/20] Iter:[160/192], Time: 1.15, lr: [0.0008257174056983132], Loss: 1.433285, Acc:0.163832, Semantic loss: 0.000000, BCE loss: 1.433284, SB loss: 0.000000
2025-01-03 20:34:24,807 Epoch: [3/20] Iter:[170/192], Time: 1.15, lr: [0.0008233228647365931], Loss: 1.431036, Acc:0.164104, Semantic loss: 0.000000, BCE loss: 1.431036, SB loss: 0.000000
2025-01-03 20:34:36,455 Epoch: [3/20] Iter:[180/192], Time: 1.15, lr: [0.0008209275497178764], Loss: 1.423049, Acc:0.164447, Semantic loss: 0.000000, BCE loss: 1.423049, SB loss: 0.000000
2025-01-03 20:34:46,974 Epoch: [3/20] Iter:[190/192], Time: 1.15, lr: [0.0008185314578808021], Loss: 1.414273, Acc:0.164076, Semantic loss: 0.000000, BCE loss: 1.414273, SB loss: 0.000000
2025-01-03 20:37:04,435 0 [0.00000000e+00 2.54714270e-01 0.00000000e+00 7.28672196e-03
 8.80948496e-07 1.99415776e-02 1.32757618e-02 2.79596709e-03] 0.037251897371358596
2025-01-03 20:37:04,435 1 [0.         0.00125976 0.00268093 0.00211924 0.1179071  0.0115741
 0.00026913 0.0012269 ] 0.01712964611539707
2025-01-03 20:37:04,449 => saving checkpoint to output\loveDa\pidnet_small_lovedacheckpoint.pth.tar
2025-01-03 20:37:04,570 Loss: 1.684, MeanIU:  0.0171, Best_mIoU:  0.0290
2025-01-03 20:37:04,570 [0.         0.00125976 0.00268093 0.00211924 0.1179071  0.0115741
 0.00026913 0.0012269 ]
2025-01-03 20:37:20,711 Epoch: [4/20] Iter:[0/192], Time: 15.33, lr: [0.0008180521460508585], Loss: 1.647087, Acc:0.174662, Semantic loss: 0.000000, BCE loss: 1.647087, SB loss: 0.000000
2025-01-03 20:37:31,171 Epoch: [4/20] Iter:[10/192], Time: 2.35, lr: [0.0008156551183601796], Loss: 1.374405, Acc:0.177085, Semantic loss: 0.000000, BCE loss: 1.374405, SB loss: 0.000000
2025-01-03 20:37:40,512 Epoch: [4/20] Iter:[20/192], Time: 1.67, lr: [0.0008132573077094668], Loss: 1.347524, Acc:0.168632, Semantic loss: 0.000000, BCE loss: 1.347524, SB loss: 0.000000
2025-01-03 20:37:50,311 Epoch: [4/20] Iter:[30/192], Time: 1.46, lr: [0.0008108587112763078], Loss: 1.369986, Acc:0.164721, Semantic loss: 0.000000, BCE loss: 1.369986, SB loss: 0.000000
2025-01-03 20:37:59,590 Epoch: [4/20] Iter:[40/192], Time: 1.33, lr: [0.0008084593262188027], Loss: 1.379679, Acc:0.164885, Semantic loss: 0.000000, BCE loss: 1.379679, SB loss: 0.000000
2025-01-03 20:38:09,388 Epoch: [4/20] Iter:[50/192], Time: 1.26, lr: [0.0008060591496753653], Loss: 1.385632, Acc:0.165820, Semantic loss: 0.000000, BCE loss: 1.385632, SB loss: 0.000000
2025-01-03 20:38:19,678 Epoch: [4/20] Iter:[60/192], Time: 1.23, lr: [0.0008036581787645204], Loss: 1.397195, Acc:0.166583, Semantic loss: 0.000000, BCE loss: 1.397195, SB loss: 0.000000
2025-01-03 20:38:31,671 Epoch: [4/20] Iter:[70/192], Time: 1.22, lr: [0.0008012564105846995], Loss: 1.394641, Acc:0.165849, Semantic loss: 0.000000, BCE loss: 1.394641, SB loss: 0.000000
2025-01-03 20:38:40,855 Epoch: [4/20] Iter:[80/192], Time: 1.18, lr: [0.0007988538422140333], Loss: 1.387913, Acc:0.167909, Semantic loss: 0.000000, BCE loss: 1.387912, SB loss: 0.000000
2025-01-03 20:38:52,074 Epoch: [4/20] Iter:[90/192], Time: 1.17, lr: [0.0007964504707101411], Loss: 1.391310, Acc:0.168156, Semantic loss: 0.000000, BCE loss: 1.391310, SB loss: 0.000000
2025-01-03 20:39:03,204 Epoch: [4/20] Iter:[100/192], Time: 1.17, lr: [0.0007940462931099175], Loss: 1.389260, Acc:0.168101, Semantic loss: 0.000000, BCE loss: 1.389260, SB loss: 0.000000
2025-01-03 20:39:14,816 Epoch: [4/20] Iter:[110/192], Time: 1.17, lr: [0.0007916413064293164], Loss: 1.399828, Acc:0.167964, Semantic loss: 0.000000, BCE loss: 1.399828, SB loss: 0.000000
2025-01-03 20:39:25,901 Epoch: [4/20] Iter:[120/192], Time: 1.16, lr: [0.0007892355076631318], Loss: 1.405273, Acc:0.167996, Semantic loss: 0.000000, BCE loss: 1.405273, SB loss: 0.000000
2025-01-03 20:39:37,003 Epoch: [4/20] Iter:[130/192], Time: 1.16, lr: [0.0007868288937847752], Loss: 1.404972, Acc:0.166878, Semantic loss: 0.000000, BCE loss: 1.404972, SB loss: 0.000000
