2025-01-03 17:04:37,488 Namespace(cfg='configs/loveDa/pidnet_small_loveda.yaml', seed=304, opts=['GPUS', '[0]', 'TRAIN.BATCH_SIZE_PER_GPU', '6'])
2025-01-03 17:04:37,489 AUTO_RESUME: False
CUDNN:
  BENCHMARK: True
  DETERMINISTIC: False
  ENABLED: True
DATASET:
  DATASET: loveDa
  EXTRA_TRAIN_SET: 
  NUM_CLASSES: 8
  ROOT: data/
  TEST_SET: list/loveDa/val.lst
  TRAIN_SET: list/loveDa/train.lst
GPUS: (0,)
LOG_DIR: log
LOSS:
  BALANCE_WEIGHTS: [0.4, 1.0]
  CLASS_BALANCE: False
  OHEMKEEP: 131072
  OHEMTHRES: 0.9
  SB_WEIGHTS: 1.0
  USE_OHEM: True
MODEL:
  ALIGN_CORNERS: True
  NAME: pidnet_small
  NUM_OUTPUTS: 2
  PRETRAINED: pretrained_models/imagenet/PIDNet_S_ImageNet.pth.tar
OUTPUT_DIR: output
PIN_MEMORY: True
PRINT_FREQ: 10
TEST:
  BASE_SIZE: 2048
  BATCH_SIZE_PER_GPU: 6
  FLIP_TEST: False
  IMAGE_SIZE: [1024, 1024]
  MODEL_FILE: 
  MULTI_SCALE: False
  OUTPUT_INDEX: 1
TRAIN:
  BASE_SIZE: 2048
  BATCH_SIZE_PER_GPU: 6
  BEGIN_EPOCH: 0
  END_EPOCH: 20
  EXTRA_EPOCH: 0
  EXTRA_LR: 0.001
  FLIP: True
  IGNORE_LABEL: 255
  IMAGE_SIZE: [1024, 1024]
  LR: 0.01
  MOMENTUM: 0.9
  MULTI_SCALE: True
  NESTEROV: False
  OPTIMIZER: sgd
  RESUME: False
  SCALE_FACTOR: 16
  SHUFFLE: True
  WD: 0.0005
WORKERS: 6
2025-01-03 17:04:37,638 Attention!!!
2025-01-03 17:04:37,638 Loaded 302 parameters!
2025-01-03 17:04:37,639 Over!!!
2025-01-03 17:04:58,703 Epoch: [0/20] Iter:[0/227], Time: 19.70, lr: [0.01], Loss: 1.907756, Acc:0.155085, Semantic loss: 0.000000, BCE loss: 1.907756, SB loss: 0.000001
2025-01-03 17:05:05,607 Epoch: [0/20] Iter:[10/227], Time: 2.39, lr: [0.009980174026451818], Loss: 1.863924, Acc:0.089665, Semantic loss: 0.000000, BCE loss: 1.863923, SB loss: 0.000000
2025-01-03 17:05:12,295 Epoch: [0/20] Iter:[20/227], Time: 1.57, lr: [0.009960343675822199], Loss: 1.501717, Acc:0.086193, Semantic loss: 0.000000, BCE loss: 1.501717, SB loss: 0.000000
2025-01-03 17:05:19,056 Epoch: [0/20] Iter:[30/227], Time: 1.28, lr: [0.009940508937457754], Loss: 1.377400, Acc:0.085350, Semantic loss: 0.000000, BCE loss: 1.377400, SB loss: 0.000000
2025-01-03 17:05:25,899 Epoch: [0/20] Iter:[40/227], Time: 1.14, lr: [0.009920669800655492], Loss: 1.331873, Acc:0.085091, Semantic loss: 0.000000, BCE loss: 1.331873, SB loss: 0.000000
2025-01-03 17:05:32,770 Epoch: [0/20] Iter:[50/227], Time: 1.05, lr: [0.009900826254662456], Loss: 1.294355, Acc:0.087179, Semantic loss: 0.000000, BCE loss: 1.294355, SB loss: -0.000000
2025-01-03 17:05:39,654 Epoch: [0/20] Iter:[60/227], Time: 0.99, lr: [0.009880978288675405], Loss: 1.275966, Acc:0.085984, Semantic loss: 0.000000, BCE loss: 1.275966, SB loss: 0.000000
2025-01-03 17:05:46,476 Epoch: [0/20] Iter:[70/227], Time: 0.95, lr: [0.009861125891840445], Loss: 1.261203, Acc:0.088409, Semantic loss: 0.000000, BCE loss: 1.261203, SB loss: 0.000000
2025-01-03 17:05:53,532 Epoch: [0/20] Iter:[80/227], Time: 0.92, lr: [0.009841269053252683], Loss: 1.268073, Acc:0.088144, Semantic loss: 0.000000, BCE loss: 1.268073, SB loss: 0.000000
2025-01-03 17:06:00,388 Epoch: [0/20] Iter:[90/227], Time: 0.89, lr: [0.00982140776195588], Loss: 1.244757, Acc:0.086597, Semantic loss: 0.000000, BCE loss: 1.244757, SB loss: 0.000000
2025-01-03 17:06:07,096 Epoch: [0/20] Iter:[100/227], Time: 0.87, lr: [0.009801542006942082], Loss: 1.236332, Acc:0.086105, Semantic loss: 0.000000, BCE loss: 1.236332, SB loss: 0.000000
2025-01-03 17:06:13,959 Epoch: [0/20] Iter:[110/227], Time: 0.85, lr: [0.009781671777151266], Loss: 1.228481, Acc:0.084616, Semantic loss: 0.000000, BCE loss: 1.228481, SB loss: 0.000000
2025-01-03 17:06:20,853 Epoch: [0/20] Iter:[120/227], Time: 0.84, lr: [0.009761797061470977], Loss: 1.225622, Acc:0.084991, Semantic loss: 0.000000, BCE loss: 1.225622, SB loss: 0.000000
2025-01-03 17:06:27,650 Epoch: [0/20] Iter:[130/227], Time: 0.83, lr: [0.009741917848735952], Loss: 1.216794, Acc:0.084395, Semantic loss: 0.000000, BCE loss: 1.216794, SB loss: 0.000000
2025-01-03 17:06:34,423 Epoch: [0/20] Iter:[140/227], Time: 0.82, lr: [0.009722034127727758], Loss: 1.209602, Acc:0.083665, Semantic loss: 0.000000, BCE loss: 1.209602, SB loss: 0.000000
2025-01-03 17:06:41,287 Epoch: [0/20] Iter:[150/227], Time: 0.81, lr: [0.009702145887174411], Loss: 1.199037, Acc:0.083965, Semantic loss: 0.000000, BCE loss: 1.199037, SB loss: 0.000000
2025-01-03 17:06:48,201 Epoch: [0/20] Iter:[160/227], Time: 0.80, lr: [0.009682253115750003], Loss: 1.196493, Acc:0.083645, Semantic loss: 0.000000, BCE loss: 1.196493, SB loss: 0.000000
2025-01-03 17:06:55,092 Epoch: [0/20] Iter:[170/227], Time: 0.79, lr: [0.009662355802074312], Loss: 1.195812, Acc:0.083009, Semantic loss: 0.000000, BCE loss: 1.195812, SB loss: 0.000000
2025-01-03 17:07:01,919 Epoch: [0/20] Iter:[180/227], Time: 0.79, lr: [0.00964245393471243], Loss: 1.193204, Acc:0.082997, Semantic loss: 0.000000, BCE loss: 1.193204, SB loss: 0.000000
2025-01-03 17:07:08,749 Epoch: [0/20] Iter:[190/227], Time: 0.78, lr: [0.009622547502174356], Loss: 1.186971, Acc:0.082686, Semantic loss: 0.000000, BCE loss: 1.186971, SB loss: 0.000000
2025-01-03 17:07:15,523 Epoch: [0/20] Iter:[200/227], Time: 0.78, lr: [0.009602636492914622], Loss: 1.182846, Acc:0.082906, Semantic loss: 0.000000, BCE loss: 1.182846, SB loss: 0.000000
2025-01-03 17:07:22,387 Epoch: [0/20] Iter:[210/227], Time: 0.77, lr: [0.009582720895331883], Loss: 1.175705, Acc:0.083296, Semantic loss: 0.000000, BCE loss: 1.175705, SB loss: 0.000000
2025-01-03 17:07:29,173 Epoch: [0/20] Iter:[220/227], Time: 0.77, lr: [0.009562800697768528], Loss: 1.174008, Acc:0.083241, Semantic loss: 0.000000, BCE loss: 1.174008, SB loss: 0.000000
2025-01-03 17:10:12,116 0 [0.00000000e+00 2.46728666e-05 0.00000000e+00 6.57064898e-03
 1.05905282e-06 1.25419101e-02 5.02428105e-02 2.78167454e-03] 0.009020346999904286
2025-01-03 17:10:12,116 1 [0.         0.00898384 0.01769519 0.02563393 0.0951218  0.0287081
 0.00441365 0.00250217] 0.022882334492735534
2025-01-03 17:10:12,121 => saving checkpoint to output\loveDa\pidnet_small_lovedacheckpoint.pth.tar
2025-01-03 17:10:12,372 Loss: 1.051, MeanIU:  0.0229, Best_mIoU:  0.0229
2025-01-03 17:10:12,374 [0.         0.00898384 0.01769519 0.02563393 0.0951218  0.0287081
 0.00441365 0.00250217]
2025-01-03 17:10:28,602 Epoch: [1/20] Iter:[0/227], Time: 15.91, lr: [0.009548853816214998], Loss: 1.407904, Acc:0.089819, Semantic loss: 0.000000, BCE loss: 1.407904, SB loss: 0.000001
2025-01-03 17:10:35,531 Epoch: [1/20] Iter:[10/227], Time: 2.07, lr: [0.009528925771769746], Loss: 1.179234, Acc:0.079676, Semantic loss: 0.000000, BCE loss: 1.179234, SB loss: 0.000000
2025-01-03 17:10:42,442 Epoch: [1/20] Iter:[20/227], Time: 1.42, lr: [0.009508993095584064], Loss: 1.172601, Acc:0.085388, Semantic loss: 0.000000, BCE loss: 1.172601, SB loss: -0.000000
2025-01-03 17:10:49,485 Epoch: [1/20] Iter:[30/227], Time: 1.19, lr: [0.009489055775788591], Loss: 1.193034, Acc:0.089239, Semantic loss: 0.000000, BCE loss: 1.193034, SB loss: 0.000000
2025-01-03 17:10:56,418 Epoch: [1/20] Iter:[40/227], Time: 1.07, lr: [0.009469113800455762], Loss: 1.199072, Acc:0.088398, Semantic loss: 0.000000, BCE loss: 1.199072, SB loss: 0.000000
2025-01-03 17:11:03,356 Epoch: [1/20] Iter:[50/227], Time: 0.99, lr: [0.009449167157599386], Loss: 1.191448, Acc:0.086243, Semantic loss: 0.000000, BCE loss: 1.191448, SB loss: 0.000000
2025-01-03 17:11:10,260 Epoch: [1/20] Iter:[60/227], Time: 0.94, lr: [0.00942921583517422], Loss: 1.182427, Acc:0.086343, Semantic loss: 0.000000, BCE loss: 1.182427, SB loss: 0.000000
2025-01-03 17:11:17,265 Epoch: [1/20] Iter:[70/227], Time: 0.91, lr: [0.009409259821075532], Loss: 1.185879, Acc:0.087685, Semantic loss: 0.000000, BCE loss: 1.185879, SB loss: 0.000000
2025-01-03 17:11:24,294 Epoch: [1/20] Iter:[80/227], Time: 0.88, lr: [0.009389299103138684], Loss: 1.164514, Acc:0.084514, Semantic loss: 0.000000, BCE loss: 1.164514, SB loss: 0.000000
2025-01-03 17:11:31,375 Epoch: [1/20] Iter:[90/227], Time: 0.86, lr: [0.00936933366913867], Loss: 1.155236, Acc:0.083610, Semantic loss: 0.000000, BCE loss: 1.155235, SB loss: 0.000000
2025-01-03 17:11:38,314 Epoch: [1/20] Iter:[100/227], Time: 0.85, lr: [0.009349363506789691], Loss: 1.159407, Acc:0.082974, Semantic loss: 0.000000, BCE loss: 1.159407, SB loss: 0.000000
2025-01-03 17:11:45,306 Epoch: [1/20] Iter:[110/227], Time: 0.83, lr: [0.009329388603744703], Loss: 1.152268, Acc:0.082869, Semantic loss: 0.000000, BCE loss: 1.152268, SB loss: 0.000000
2025-01-03 17:11:52,298 Epoch: [1/20] Iter:[120/227], Time: 0.82, lr: [0.009309408947594957], Loss: 1.153542, Acc:0.082469, Semantic loss: 0.000000, BCE loss: 1.153542, SB loss: 0.000000
2025-01-03 17:11:59,634 Epoch: [1/20] Iter:[130/227], Time: 0.82, lr: [0.009289424525869554], Loss: 1.162256, Acc:0.082657, Semantic loss: 0.000000, BCE loss: 1.162256, SB loss: 0.000000
2025-01-03 17:12:06,610 Epoch: [1/20] Iter:[140/227], Time: 0.81, lr: [0.009269435326034976], Loss: 1.165879, Acc:0.082594, Semantic loss: 0.000000, BCE loss: 1.165879, SB loss: 0.000000
2025-01-03 17:12:13,498 Epoch: [1/20] Iter:[150/227], Time: 0.80, lr: [0.00924944133549463], Loss: 1.161981, Acc:0.082999, Semantic loss: 0.000000, BCE loss: 1.161981, SB loss: 0.000000
2025-01-03 17:12:20,497 Epoch: [1/20] Iter:[160/227], Time: 0.79, lr: [0.009229442541588362], Loss: 1.158694, Acc:0.083239, Semantic loss: 0.000000, BCE loss: 1.158694, SB loss: 0.000000
2025-01-03 17:12:27,462 Epoch: [1/20] Iter:[170/227], Time: 0.79, lr: [0.009209438931592004], Loss: 1.166796, Acc:0.083117, Semantic loss: 0.000000, BCE loss: 1.166796, SB loss: 0.000000
2025-01-03 17:12:34,408 Epoch: [1/20] Iter:[180/227], Time: 0.78, lr: [0.009189430492716878], Loss: 1.154890, Acc:0.082405, Semantic loss: 0.000000, BCE loss: 1.154890, SB loss: 0.000000
2025-01-03 17:12:41,444 Epoch: [1/20] Iter:[190/227], Time: 0.78, lr: [0.009169417212109319], Loss: 1.157279, Acc:0.082807, Semantic loss: 0.000000, BCE loss: 1.157279, SB loss: 0.000000
2025-01-03 17:12:48,411 Epoch: [1/20] Iter:[200/227], Time: 0.77, lr: [0.009149399076850187], Loss: 1.164575, Acc:0.082176, Semantic loss: 0.000000, BCE loss: 1.164574, SB loss: 0.000000
2025-01-03 17:12:55,423 Epoch: [1/20] Iter:[210/227], Time: 0.77, lr: [0.009129376073954367], Loss: 1.162322, Acc:0.081950, Semantic loss: 0.000000, BCE loss: 1.162322, SB loss: 0.000000
2025-01-03 17:13:02,216 Epoch: [1/20] Iter:[220/227], Time: 0.77, lr: [0.009109348190370282], Loss: 1.163407, Acc:0.081497, Semantic loss: 0.000000, BCE loss: 1.163407, SB loss: 0.000000
2025-01-03 17:15:49,128 0 [0.00000000e+00 2.46568893e-05 0.00000000e+00 1.89274124e-03
 0.00000000e+00 1.31790141e-02 1.20934825e-02 3.00143511e-01] 0.040916675695649385
2025-01-03 17:15:49,129 1 [0.         0.00473212 0.02170919 0.02189936 0.10724966 0.02434616
 0.00558264 0.00748269] 0.02412522938023723
2025-01-03 17:15:49,134 => saving checkpoint to output\loveDa\pidnet_small_lovedacheckpoint.pth.tar
2025-01-03 17:15:49,323 Loss: 1.051, MeanIU:  0.0241, Best_mIoU:  0.0241
2025-01-03 17:15:49,324 [0.         0.00473212 0.02170919 0.02189936 0.10724966 0.02434616
 0.00558264 0.00748269]
2025-01-03 17:16:05,363 Epoch: [2/20] Iter:[0/227], Time: 15.71, lr: [0.009095325760829623], Loss: 1.862838, Acc:0.140657, Semantic loss: 0.000000, BCE loss: 1.862838, SB loss: 0.000000
2025-01-03 17:16:12,251 Epoch: [2/20] Iter:[10/227], Time: 2.05, lr: [0.00907528954993229], Loss: 1.181901, Acc:0.075492, Semantic loss: 0.000000, BCE loss: 1.181901, SB loss: 0.000000
2025-01-03 17:16:19,275 Epoch: [2/20] Iter:[20/227], Time: 1.41, lr: [0.009055248422771453], Loss: 1.183753, Acc:0.074546, Semantic loss: 0.000000, BCE loss: 1.183753, SB loss: 0.000000
2025-01-03 17:16:26,337 Epoch: [2/20] Iter:[30/227], Time: 1.18, lr: [0.009035202366045183], Loss: 1.137056, Acc:0.074897, Semantic loss: 0.000000, BCE loss: 1.137056, SB loss: 0.000000
2025-01-03 17:16:33,346 Epoch: [2/20] Iter:[40/227], Time: 1.07, lr: [0.009015151366382665], Loss: 1.186091, Acc:0.077137, Semantic loss: 0.000000, BCE loss: 1.186091, SB loss: 0.000000
2025-01-03 17:16:40,260 Epoch: [2/20] Iter:[50/227], Time: 0.99, lr: [0.00899509541034368], Loss: 1.239932, Acc:0.080136, Semantic loss: 0.000000, BCE loss: 1.239932, SB loss: -0.000000
2025-01-03 17:16:47,221 Epoch: [2/20] Iter:[60/227], Time: 0.94, lr: [0.008975034484418066], Loss: 1.206139, Acc:0.079476, Semantic loss: 0.000000, BCE loss: 1.206139, SB loss: -0.000000
2025-01-03 17:16:54,214 Epoch: [2/20] Iter:[70/227], Time: 0.91, lr: [0.008954968575025186], Loss: 1.179697, Acc:0.080027, Semantic loss: 0.000000, BCE loss: 1.179697, SB loss: -0.000000
2025-01-03 17:17:01,179 Epoch: [2/20] Iter:[80/227], Time: 0.88, lr: [0.008934897668513376], Loss: 1.163824, Acc:0.080142, Semantic loss: 0.000000, BCE loss: 1.163824, SB loss: -0.000000
