2025-01-03 15:54:36,341 Namespace(cfg='configs/loveDa/pidnet_small_loveda.yaml', seed=304, opts=['GPUS', '[0]', 'TRAIN.BATCH_SIZE_PER_GPU', '6'])
2025-01-03 15:54:36,341 AUTO_RESUME: False
CUDNN:
  BENCHMARK: True
  DETERMINISTIC: False
  ENABLED: True
DATASET:
  DATASET: loveDa
  EXTRA_TRAIN_SET: 
  NUM_CLASSES: 8
  ROOT: data/
  TEST_SET: list/loveDa/val.lst
  TRAIN_SET: list/loveDa/train.lst
GPUS: (0,)
LOG_DIR: log
LOSS:
  BALANCE_WEIGHTS: [0.4, 1.0]
  CLASS_BALANCE: False
  OHEMKEEP: 131072
  OHEMTHRES: 0.9
  SB_WEIGHTS: 1.0
  USE_OHEM: True
MODEL:
  ALIGN_CORNERS: True
  NAME: pidnet_small
  NUM_OUTPUTS: 2
  PRETRAINED: pretrained_models/imagenet/PIDNet_S_ImageNet.pth.tar
OUTPUT_DIR: output
PIN_MEMORY: True
PRINT_FREQ: 10
TEST:
  BASE_SIZE: 2048
  BATCH_SIZE_PER_GPU: 6
  FLIP_TEST: False
  IMAGE_SIZE: [1024, 1024]
  MODEL_FILE: 
  MULTI_SCALE: False
  OUTPUT_INDEX: 1
TRAIN:
  BASE_SIZE: 2048
  BATCH_SIZE_PER_GPU: 6
  BEGIN_EPOCH: 0
  END_EPOCH: 20
  EXTRA_EPOCH: 0
  EXTRA_LR: 0.001
  FLIP: True
  IGNORE_LABEL: 255
  IMAGE_SIZE: [1024, 1024]
  LR: 0.01
  MOMENTUM: 0.9
  MULTI_SCALE: True
  NESTEROV: False
  OPTIMIZER: sgd
  RESUME: False
  SCALE_FACTOR: 16
  SHUFFLE: True
  WD: 0.0005
WORKERS: 6
2025-01-03 15:54:36,531 Attention!!!
2025-01-03 15:54:36,531 Loaded 302 parameters!
2025-01-03 15:54:36,532 Over!!!
2025-01-03 15:54:58,308 Epoch: [0/20] Iter:[0/227], Time: 20.27, lr: [0.01], Loss: 0.000000, Acc:0.016364, Semantic loss: 0.000000, BCE loss: 0.000000, SB loss: 0.000000
2025-01-03 15:55:06,205 Epoch: [0/20] Iter:[10/227], Time: 2.53, lr: [0.009980174026451818], Loss: 0.000000, Acc:0.016342, Semantic loss: 0.000000, BCE loss: 0.000000, SB loss: 0.000000
2025-01-03 15:55:14,039 Epoch: [0/20] Iter:[20/227], Time: 1.70, lr: [0.009960343675822199], Loss: 0.000000, Acc:0.016352, Semantic loss: 0.000000, BCE loss: 0.000000, SB loss: 0.000000
2025-01-03 15:55:21,816 Epoch: [0/20] Iter:[30/227], Time: 1.40, lr: [0.009940508937457754], Loss: 0.000000, Acc:0.016408, Semantic loss: 0.000000, BCE loss: 0.000000, SB loss: 0.000000
2025-01-03 15:55:29,663 Epoch: [0/20] Iter:[40/227], Time: 1.25, lr: [0.009920669800655492], Loss: 0.000000, Acc:0.016432, Semantic loss: 0.000000, BCE loss: 0.000000, SB loss: 0.000000
2025-01-03 15:55:37,493 Epoch: [0/20] Iter:[50/227], Time: 1.16, lr: [0.009900826254662456], Loss: 0.000000, Acc:0.016494, Semantic loss: 0.000000, BCE loss: 0.000000, SB loss: 0.000000
2025-01-03 15:55:45,322 Epoch: [0/20] Iter:[60/227], Time: 1.10, lr: [0.009880978288675405], Loss: 0.000000, Acc:0.016538, Semantic loss: 0.000000, BCE loss: 0.000000, SB loss: 0.000000
2025-01-03 15:55:53,157 Epoch: [0/20] Iter:[70/227], Time: 1.05, lr: [0.009861125891840445], Loss: 0.000000, Acc:0.016596, Semantic loss: 0.000000, BCE loss: 0.000000, SB loss: 0.000000
2025-01-03 15:56:01,125 Epoch: [0/20] Iter:[80/227], Time: 1.02, lr: [0.009841269053252683], Loss: 0.000000, Acc:0.016648, Semantic loss: 0.000000, BCE loss: 0.000000, SB loss: 0.000000
2025-01-03 15:56:08,938 Epoch: [0/20] Iter:[90/227], Time: 1.00, lr: [0.00982140776195588], Loss: 0.000000, Acc:0.016703, Semantic loss: 0.000000, BCE loss: 0.000000, SB loss: 0.000000
2025-01-03 15:56:16,712 Epoch: [0/20] Iter:[100/227], Time: 0.97, lr: [0.009801542006942082], Loss: 0.000000, Acc:0.016749, Semantic loss: 0.000000, BCE loss: 0.000000, SB loss: 0.000000
2025-01-03 15:56:24,597 Epoch: [0/20] Iter:[110/227], Time: 0.96, lr: [0.009781671777151266], Loss: 0.000000, Acc:0.016796, Semantic loss: 0.000000, BCE loss: 0.000000, SB loss: 0.000000
2025-01-03 15:56:32,476 Epoch: [0/20] Iter:[120/227], Time: 0.94, lr: [0.009761797061470977], Loss: 0.000000, Acc:0.016843, Semantic loss: 0.000000, BCE loss: 0.000000, SB loss: 0.000000
2025-01-03 15:56:40,330 Epoch: [0/20] Iter:[130/227], Time: 0.93, lr: [0.009741917848735952], Loss: 0.000000, Acc:0.016890, Semantic loss: 0.000000, BCE loss: 0.000000, SB loss: 0.000000
2025-01-03 15:56:48,060 Epoch: [0/20] Iter:[140/227], Time: 0.92, lr: [0.009722034127727758], Loss: 0.000000, Acc:0.016928, Semantic loss: 0.000000, BCE loss: 0.000000, SB loss: 0.000000
2025-01-03 15:56:55,862 Epoch: [0/20] Iter:[150/227], Time: 0.91, lr: [0.009702145887174411], Loss: 0.000000, Acc:0.016966, Semantic loss: 0.000000, BCE loss: 0.000000, SB loss: 0.000000
2025-01-03 15:57:03,765 Epoch: [0/20] Iter:[160/227], Time: 0.90, lr: [0.009682253115750003], Loss: 0.000000, Acc:0.017002, Semantic loss: 0.000000, BCE loss: 0.000000, SB loss: 0.000000
2025-01-03 15:57:11,664 Epoch: [0/20] Iter:[170/227], Time: 0.90, lr: [0.009662355802074312], Loss: 0.000000, Acc:0.017034, Semantic loss: 0.000000, BCE loss: 0.000000, SB loss: 0.000000
2025-01-03 15:57:19,500 Epoch: [0/20] Iter:[180/227], Time: 0.89, lr: [0.00964245393471243], Loss: 0.000000, Acc:0.017069, Semantic loss: 0.000000, BCE loss: 0.000000, SB loss: 0.000000
2025-01-03 15:57:27,262 Epoch: [0/20] Iter:[190/227], Time: 0.88, lr: [0.009622547502174356], Loss: 0.000000, Acc:0.017100, Semantic loss: 0.000000, BCE loss: 0.000000, SB loss: 0.000000
2025-01-03 15:57:35,062 Epoch: [0/20] Iter:[200/227], Time: 0.88, lr: [0.009602636492914622], Loss: 0.000000, Acc:0.017134, Semantic loss: 0.000000, BCE loss: 0.000000, SB loss: 0.000000
2025-01-03 15:57:42,908 Epoch: [0/20] Iter:[210/227], Time: 0.87, lr: [0.009582720895331883], Loss: 0.000000, Acc:0.017164, Semantic loss: 0.000000, BCE loss: 0.000000, SB loss: 0.000000
2025-01-03 15:57:50,576 Epoch: [0/20] Iter:[220/227], Time: 0.87, lr: [0.009562800697768528], Loss: 0.000000, Acc:0.017195, Semantic loss: 0.000000, BCE loss: 0.000000, SB loss: 0.000000
