2025-01-03 17:30:05,975 Namespace(cfg='configs/loveDa/pidnet_small_loveda.yaml', seed=304, opts=['GPUS', '[0]', 'TRAIN.BATCH_SIZE_PER_GPU', '6'])
2025-01-03 17:30:05,975 AUTO_RESUME: False
CUDNN:
  BENCHMARK: True
  DETERMINISTIC: False
  ENABLED: True
DATASET:
  DATASET: loveDa
  EXTRA_TRAIN_SET: 
  NUM_CLASSES: 8
  ROOT: data/
  TEST_SET: list/loveDa/val.lst
  TRAIN_SET: list/loveDa/train.lst
GPUS: (0,)
LOG_DIR: log
LOSS:
  BALANCE_WEIGHTS: [0.4, 1.0]
  CLASS_BALANCE: False
  OHEMKEEP: 131072
  OHEMTHRES: 0.9
  SB_WEIGHTS: 1.0
  USE_OHEM: True
MODEL:
  ALIGN_CORNERS: True
  NAME: pidnet_small
  NUM_OUTPUTS: 2
  PRETRAINED: pretrained_models/imagenet/PIDNet_S_ImageNet.pth.tar
OUTPUT_DIR: output
PIN_MEMORY: True
PRINT_FREQ: 10
TEST:
  BASE_SIZE: 2048
  BATCH_SIZE_PER_GPU: 6
  FLIP_TEST: False
  IMAGE_SIZE: [1024, 1024]
  MODEL_FILE: 
  MULTI_SCALE: False
  OUTPUT_INDEX: 1
TRAIN:
  BASE_SIZE: 2048
  BATCH_SIZE_PER_GPU: 6
  BEGIN_EPOCH: 0
  END_EPOCH: 20
  EXTRA_EPOCH: 0
  EXTRA_LR: 0.001
  FLIP: True
  IGNORE_LABEL: 255
  IMAGE_SIZE: [1024, 1024]
  LR: 0.01
  MOMENTUM: 0.9
  MULTI_SCALE: True
  NESTEROV: False
  OPTIMIZER: sgd
  RESUME: False
  SCALE_FACTOR: 16
  SHUFFLE: True
  WD: 0.0005
WORKERS: 6
2025-01-03 17:30:06,138 Attention!!!
2025-01-03 17:30:06,138 Loaded 302 parameters!
2025-01-03 17:30:06,138 Over!!!
2025-01-03 17:30:27,329 Epoch: [0/20] Iter:[0/227], Time: 19.86, lr: [0.01], Loss: 1.907756, Acc:0.155085, Semantic loss: 0.000000, BCE loss: 1.907756, SB loss: 0.000001
2025-01-03 17:30:34,176 Epoch: [0/20] Iter:[10/227], Time: 2.40, lr: [0.009980174026451818], Loss: 1.885093, Acc:0.084199, Semantic loss: 0.000000, BCE loss: 1.885093, SB loss: -0.000000
2025-01-03 17:30:40,912 Epoch: [0/20] Iter:[20/227], Time: 1.58, lr: [0.009960343675822199], Loss: 1.521784, Acc:0.082620, Semantic loss: 0.000000, BCE loss: 1.521784, SB loss: 0.000000
2025-01-03 17:30:47,726 Epoch: [0/20] Iter:[30/227], Time: 1.29, lr: [0.009940508937457754], Loss: 1.392599, Acc:0.080424, Semantic loss: 0.000000, BCE loss: 1.392599, SB loss: 0.000000
2025-01-03 17:30:54,677 Epoch: [0/20] Iter:[40/227], Time: 1.14, lr: [0.009920669800655492], Loss: 1.343113, Acc:0.078746, Semantic loss: 0.000000, BCE loss: 1.343113, SB loss: 0.000000
2025-01-03 17:31:01,626 Epoch: [0/20] Iter:[50/227], Time: 1.06, lr: [0.009900826254662456], Loss: 1.304116, Acc:0.079969, Semantic loss: 0.000000, BCE loss: 1.304116, SB loss: 0.000000
2025-01-03 17:31:08,389 Epoch: [0/20] Iter:[60/227], Time: 0.99, lr: [0.009880978288675405], Loss: 1.283984, Acc:0.077864, Semantic loss: 0.000000, BCE loss: 1.283984, SB loss: 0.000000
2025-01-03 17:31:15,170 Epoch: [0/20] Iter:[70/227], Time: 0.95, lr: [0.009861125891840445], Loss: 1.268217, Acc:0.078663, Semantic loss: 0.000000, BCE loss: 1.268216, SB loss: 0.000000
2025-01-03 17:31:22,241 Epoch: [0/20] Iter:[80/227], Time: 0.92, lr: [0.009841269053252683], Loss: 1.274167, Acc:0.077576, Semantic loss: 0.000000, BCE loss: 1.274167, SB loss: 0.000000
2025-01-03 17:31:29,031 Epoch: [0/20] Iter:[90/227], Time: 0.89, lr: [0.00982140776195588], Loss: 1.250215, Acc:0.076016, Semantic loss: 0.000000, BCE loss: 1.250215, SB loss: 0.000000
2025-01-03 17:31:35,781 Epoch: [0/20] Iter:[100/227], Time: 0.87, lr: [0.009801542006942082], Loss: 1.241009, Acc:0.074974, Semantic loss: 0.000000, BCE loss: 1.241009, SB loss: 0.000000
2025-01-03 17:31:42,600 Epoch: [0/20] Iter:[110/227], Time: 0.85, lr: [0.009781671777151266], Loss: 1.232547, Acc:0.073864, Semantic loss: 0.000000, BCE loss: 1.232547, SB loss: 0.000000
2025-01-03 17:31:49,401 Epoch: [0/20] Iter:[120/227], Time: 0.84, lr: [0.009761797061470977], Loss: 1.229221, Acc:0.074218, Semantic loss: 0.000000, BCE loss: 1.229221, SB loss: 0.000000
2025-01-03 17:31:56,230 Epoch: [0/20] Iter:[130/227], Time: 0.83, lr: [0.009741917848735952], Loss: 1.220072, Acc:0.073766, Semantic loss: 0.000000, BCE loss: 1.220072, SB loss: 0.000000
2025-01-03 17:32:03,064 Epoch: [0/20] Iter:[140/227], Time: 0.82, lr: [0.009722034127727758], Loss: 1.212558, Acc:0.073142, Semantic loss: 0.000000, BCE loss: 1.212558, SB loss: 0.000000
2025-01-03 17:32:09,808 Epoch: [0/20] Iter:[150/227], Time: 0.81, lr: [0.009702145887174411], Loss: 1.201854, Acc:0.073256, Semantic loss: 0.000000, BCE loss: 1.201854, SB loss: 0.000000
2025-01-03 17:32:16,664 Epoch: [0/20] Iter:[160/227], Time: 0.80, lr: [0.009682253115750003], Loss: 1.199233, Acc:0.072892, Semantic loss: 0.000000, BCE loss: 1.199233, SB loss: 0.000000
2025-01-03 17:32:23,616 Epoch: [0/20] Iter:[170/227], Time: 0.79, lr: [0.009662355802074312], Loss: 1.198812, Acc:0.072801, Semantic loss: 0.000000, BCE loss: 1.198812, SB loss: 0.000000
2025-01-03 17:32:30,535 Epoch: [0/20] Iter:[180/227], Time: 0.79, lr: [0.00964245393471243], Loss: 1.196129, Acc:0.073183, Semantic loss: 0.000000, BCE loss: 1.196129, SB loss: 0.000000
2025-01-03 17:32:37,347 Epoch: [0/20] Iter:[190/227], Time: 0.78, lr: [0.009622547502174356], Loss: 1.189785, Acc:0.072878, Semantic loss: 0.000000, BCE loss: 1.189785, SB loss: 0.000000
2025-01-03 17:32:44,048 Epoch: [0/20] Iter:[200/227], Time: 0.78, lr: [0.009602636492914622], Loss: 1.185635, Acc:0.073108, Semantic loss: 0.000000, BCE loss: 1.185635, SB loss: 0.000000
2025-01-03 17:32:50,910 Epoch: [0/20] Iter:[210/227], Time: 0.77, lr: [0.009582720895331883], Loss: 1.178285, Acc:0.073436, Semantic loss: 0.000000, BCE loss: 1.178285, SB loss: 0.000000
2025-01-03 17:32:57,580 Epoch: [0/20] Iter:[220/227], Time: 0.77, lr: [0.009562800697768528], Loss: 1.176510, Acc:0.073324, Semantic loss: 0.000000, BCE loss: 1.176510, SB loss: 0.000000
