2025-01-03 20:40:09,540 Namespace(cfg='configs/loveDa/pidnet_small_loveda.yaml', seed=304, opts=['GPUS', '[0]', 'TRAIN.BATCH_SIZE_PER_GPU', '6'])
2025-01-03 20:40:09,540 AUTO_RESUME: False
CUDNN:
  BENCHMARK: True
  DETERMINISTIC: False
  ENABLED: True
DATASET:
  DATASET: loveDa
  EXTRA_TRAIN_SET: 
  NUM_CLASSES: 8
  ROOT: data/
  TEST_SET: list/loveDa/val.lst
  TRAIN_SET: list/loveDa/train.lst
GPUS: (0,)
LOG_DIR: log
LOSS:
  BALANCE_WEIGHTS: [0.4, 1.0]
  CLASS_BALANCE: False
  OHEMKEEP: 131072
  OHEMTHRES: 0.7
  SB_WEIGHTS: 0.5
  USE_OHEM: True
MODEL:
  ALIGN_CORNERS: True
  NAME: pidnet_small
  NUM_OUTPUTS: 2
  PRETRAINED: pretrained_models/imagenet/PIDNet_S_ImageNet.pth.tar
OUTPUT_DIR: output
PIN_MEMORY: True
PRINT_FREQ: 10
TEST:
  BASE_SIZE: 1024
  BATCH_SIZE_PER_GPU: 6
  FLIP_TEST: False
  IMAGE_SIZE: [1024, 1024]
  MODEL_FILE: 
  MULTI_SCALE: False
  OUTPUT_INDEX: 1
TRAIN:
  BASE_SIZE: 1024
  BATCH_SIZE_PER_GPU: 6
  BEGIN_EPOCH: 0
  END_EPOCH: 20
  EXTRA_EPOCH: 0
  EXTRA_LR: 0.001
  FLIP: True
  IGNORE_LABEL: 0
  IMAGE_SIZE: [1024, 1024]
  LR: 0.01
  MOMENTUM: 0.9
  MULTI_SCALE: True
  NESTEROV: False
  OPTIMIZER: sgd
  RESUME: False
  SCALE_FACTOR: 16
  SHUFFLE: True
  WD: 0.0005
WORKERS: 6
2025-01-03 20:40:09,735 Attention!!!
2025-01-03 20:40:09,736 Loaded 302 parameters!
2025-01-03 20:40:09,736 Over!!!
2025-01-03 20:40:29,908 Epoch: [0/20] Iter:[0/192], Time: 18.68, lr: [0.01], Loss: 2.769938, Acc:0.174590, Semantic loss: 0.000000, BCE loss: 2.769938, SB loss: -0.000000
2025-01-03 20:40:36,364 Epoch: [0/20] Iter:[10/192], Time: 2.26, lr: [0.009976559445324192], Loss: 2.085005, Acc:0.198121, Semantic loss: 0.000000, BCE loss: 2.085005, SB loss: -0.000000
2025-01-03 20:40:42,582 Epoch: [0/20] Iter:[20/192], Time: 1.48, lr: [0.009953112769592761], Loss: 1.702418, Acc:0.192206, Semantic loss: 0.000000, BCE loss: 1.702418, SB loss: 0.000000
2025-01-03 20:40:49,091 Epoch: [0/20] Iter:[30/192], Time: 1.21, lr: [0.009929659955177281], Loss: 1.626404, Acc:0.196393, Semantic loss: 0.000000, BCE loss: 1.626404, SB loss: -0.000000
2025-01-03 20:40:55,446 Epoch: [0/20] Iter:[40/192], Time: 1.07, lr: [0.009906200984352154], Loss: 1.581368, Acc:0.196000, Semantic loss: 0.000000, BCE loss: 1.581368, SB loss: -0.000000
2025-01-03 20:41:01,782 Epoch: [0/20] Iter:[50/192], Time: 0.99, lr: [0.009882735839293803], Loss: 1.536436, Acc:0.196765, Semantic loss: 0.000000, BCE loss: 1.536436, SB loss: -0.000000
2025-01-03 20:41:08,203 Epoch: [0/20] Iter:[60/192], Time: 0.93, lr: [0.00985926450207989], Loss: 1.497675, Acc:0.193122, Semantic loss: 0.000000, BCE loss: 1.497675, SB loss: -0.000000
2025-01-03 20:41:14,764 Epoch: [0/20] Iter:[70/192], Time: 0.89, lr: [0.009835786954688485], Loss: 1.490214, Acc:0.191933, Semantic loss: 0.000000, BCE loss: 1.490214, SB loss: 0.000000
