2025-01-03 16:50:39,828 Namespace(cfg='configs/loveDa/pidnet_small_loveda.yaml', seed=304, opts=['GPUS', '[0]', 'TRAIN.BATCH_SIZE_PER_GPU', '6'])
2025-01-03 16:50:39,829 AUTO_RESUME: False
CUDNN:
  BENCHMARK: True
  DETERMINISTIC: False
  ENABLED: True
DATASET:
  DATASET: loveDa
  EXTRA_TRAIN_SET: 
  NUM_CLASSES: 8
  ROOT: data/
  TEST_SET: list/loveDa/val.lst
  TRAIN_SET: list/loveDa/train.lst
GPUS: (0,)
LOG_DIR: log
LOSS:
  BALANCE_WEIGHTS: [0.4, 1.0]
  CLASS_BALANCE: False
  OHEMKEEP: 131072
  OHEMTHRES: 0.9
  SB_WEIGHTS: 1.0
  USE_OHEM: True
MODEL:
  ALIGN_CORNERS: True
  NAME: pidnet_small
  NUM_OUTPUTS: 2
  PRETRAINED: pretrained_models/imagenet/PIDNet_S_ImageNet.pth.tar
OUTPUT_DIR: output
PIN_MEMORY: True
PRINT_FREQ: 10
TEST:
  BASE_SIZE: 2048
  BATCH_SIZE_PER_GPU: 6
  FLIP_TEST: False
  IMAGE_SIZE: [1024, 1024]
  MODEL_FILE: 
  MULTI_SCALE: False
  OUTPUT_INDEX: 1
TRAIN:
  BASE_SIZE: 2048
  BATCH_SIZE_PER_GPU: 6
  BEGIN_EPOCH: 0
  END_EPOCH: 20
  EXTRA_EPOCH: 0
  EXTRA_LR: 0.001
  FLIP: True
  IGNORE_LABEL: 255
  IMAGE_SIZE: [1024, 1024]
  LR: 0.01
  MOMENTUM: 0.9
  MULTI_SCALE: True
  NESTEROV: False
  OPTIMIZER: sgd
  RESUME: False
  SCALE_FACTOR: 16
  SHUFFLE: True
  WD: 0.0005
WORKERS: 6
2025-01-03 16:50:40,014 Attention!!!
2025-01-03 16:50:40,014 Loaded 302 parameters!
2025-01-03 16:50:40,014 Over!!!
2025-01-03 16:51:01,708 Epoch: [0/20] Iter:[0/227], Time: 20.19, lr: [0.01], Loss: 1.907734, Acc:0.155093, Semantic loss: 0.000000, BCE loss: 1.907734, SB loss: 0.000000
2025-01-03 16:51:08,707 Epoch: [0/20] Iter:[10/227], Time: 2.44, lr: [0.009980174026451818], Loss: 1.934223, Acc:0.090595, Semantic loss: 0.000000, BCE loss: 1.934223, SB loss: 0.000000
2025-01-03 16:51:15,626 Epoch: [0/20] Iter:[20/227], Time: 1.61, lr: [0.009960343675822199], Loss: 1.552122, Acc:0.083527, Semantic loss: 0.000000, BCE loss: 1.552122, SB loss: 0.000000
2025-01-03 16:51:22,451 Epoch: [0/20] Iter:[30/227], Time: 1.31, lr: [0.009940508937457754], Loss: 1.413282, Acc:0.078442, Semantic loss: 0.000000, BCE loss: 1.413282, SB loss: 0.000000
2025-01-03 16:51:29,312 Epoch: [0/20] Iter:[40/227], Time: 1.16, lr: [0.009920669800655492], Loss: 1.357887, Acc:0.075412, Semantic loss: 0.000000, BCE loss: 1.357887, SB loss: 0.000000
2025-01-03 16:51:36,107 Epoch: [0/20] Iter:[50/227], Time: 1.06, lr: [0.009900826254662456], Loss: 1.314733, Acc:0.076344, Semantic loss: 0.000000, BCE loss: 1.314733, SB loss: 0.000000
2025-01-03 16:51:42,973 Epoch: [0/20] Iter:[60/227], Time: 1.00, lr: [0.009880978288675405], Loss: 1.292128, Acc:0.073623, Semantic loss: 0.000000, BCE loss: 1.292128, SB loss: 0.000000
2025-01-03 16:51:49,853 Epoch: [0/20] Iter:[70/227], Time: 0.96, lr: [0.009861125891840445], Loss: 1.275381, Acc:0.074759, Semantic loss: 0.000000, BCE loss: 1.275381, SB loss: 0.000000
2025-01-03 16:51:56,801 Epoch: [0/20] Iter:[80/227], Time: 0.93, lr: [0.009841269053252683], Loss: 1.280156, Acc:0.073575, Semantic loss: 0.000000, BCE loss: 1.280156, SB loss: 0.000000
2025-01-03 16:52:03,591 Epoch: [0/20] Iter:[90/227], Time: 0.90, lr: [0.00982140776195588], Loss: 1.255320, Acc:0.072078, Semantic loss: 0.000000, BCE loss: 1.255320, SB loss: 0.000000
2025-01-03 16:52:10,422 Epoch: [0/20] Iter:[100/227], Time: 0.88, lr: [0.009801542006942082], Loss: 1.245872, Acc:0.070753, Semantic loss: 0.000000, BCE loss: 1.245872, SB loss: 0.000000
2025-01-03 16:52:17,204 Epoch: [0/20] Iter:[110/227], Time: 0.86, lr: [0.009781671777151266], Loss: 1.237215, Acc:0.069147, Semantic loss: 0.000000, BCE loss: 1.237215, SB loss: 0.000000
2025-01-03 16:52:24,008 Epoch: [0/20] Iter:[120/227], Time: 0.84, lr: [0.009761797061470977], Loss: 1.233808, Acc:0.068729, Semantic loss: 0.000000, BCE loss: 1.233808, SB loss: 0.000000
2025-01-03 16:52:30,808 Epoch: [0/20] Iter:[130/227], Time: 0.83, lr: [0.009741917848735952], Loss: 1.224434, Acc:0.068022, Semantic loss: 0.000000, BCE loss: 1.224434, SB loss: 0.000000
2025-01-03 16:52:37,582 Epoch: [0/20] Iter:[140/227], Time: 0.82, lr: [0.009722034127727758], Loss: 1.216705, Acc:0.067329, Semantic loss: 0.000000, BCE loss: 1.216704, SB loss: 0.000000
2025-01-03 16:52:44,338 Epoch: [0/20] Iter:[150/227], Time: 0.81, lr: [0.009702145887174411], Loss: 1.205518, Acc:0.067028, Semantic loss: 0.000000, BCE loss: 1.205518, SB loss: 0.000000
2025-01-03 16:52:51,273 Epoch: [0/20] Iter:[160/227], Time: 0.80, lr: [0.009682253115750003], Loss: 1.202498, Acc:0.066525, Semantic loss: 0.000000, BCE loss: 1.202498, SB loss: 0.000000
2025-01-03 16:52:58,151 Epoch: [0/20] Iter:[170/227], Time: 0.80, lr: [0.009662355802074312], Loss: 1.201053, Acc:0.066211, Semantic loss: 0.000000, BCE loss: 1.201052, SB loss: 0.000000
2025-01-03 16:53:04,974 Epoch: [0/20] Iter:[180/227], Time: 0.79, lr: [0.00964245393471243], Loss: 1.198184, Acc:0.066031, Semantic loss: 0.000000, BCE loss: 1.198184, SB loss: 0.000000
2025-01-03 16:53:11,747 Epoch: [0/20] Iter:[190/227], Time: 0.78, lr: [0.009622547502174356], Loss: 1.191757, Acc:0.065420, Semantic loss: 0.000000, BCE loss: 1.191757, SB loss: 0.000000
2025-01-03 16:53:18,518 Epoch: [0/20] Iter:[200/227], Time: 0.78, lr: [0.009602636492914622], Loss: 1.187351, Acc:0.065237, Semantic loss: 0.000000, BCE loss: 1.187351, SB loss: 0.000000
2025-01-03 16:53:25,257 Epoch: [0/20] Iter:[210/227], Time: 0.77, lr: [0.009582720895331883], Loss: 1.179800, Acc:0.065654, Semantic loss: 0.000000, BCE loss: 1.179800, SB loss: 0.000000
2025-01-03 16:53:31,968 Epoch: [0/20] Iter:[220/227], Time: 0.77, lr: [0.009562800697768528], Loss: 1.177648, Acc:0.065206, Semantic loss: 0.000000, BCE loss: 1.177648, SB loss: 0.000000
2025-01-03 16:56:14,188 0 [0.00000000e+00 4.16729939e-01 0.00000000e+00 6.58721593e-03
 1.05905282e-06 1.25419777e-02 1.15423910e-02 1.85682097e-03] 0.056157425510548614
2025-01-03 16:56:14,189 1 [0.         0.23930354 0.00921219 0.00486226 0.08672609 0.02807121
 0.01925611 0.00372138] 0.0488940976653217
2025-01-03 16:56:14,194 => saving checkpoint to output\loveDa\pidnet_small_lovedacheckpoint.pth.tar
2025-01-03 16:56:14,449 Loss: 1.051, MeanIU:  0.0489, Best_mIoU:  0.0489
2025-01-03 16:56:14,449 [0.         0.23930354 0.00921219 0.00486226 0.08672609 0.02807121
 0.01925611 0.00372138]
2025-01-03 16:56:30,650 Epoch: [1/20] Iter:[0/227], Time: 15.90, lr: [0.009548853816214998], Loss: 1.411507, Acc:0.070478, Semantic loss: 0.000000, BCE loss: 1.411507, SB loss: -0.000000
