2025-01-03 21:01:21,236 Namespace(cfg='configs/loveDa/pidnet_small_loveda.yaml', seed=304, opts=['GPUS', '[0]', 'TRAIN.BATCH_SIZE_PER_GPU', '6'])
2025-01-03 21:01:21,237 AUTO_RESUME: False
CUDNN:
  BENCHMARK: True
  DETERMINISTIC: False
  ENABLED: True
DATASET:
  DATASET: loveDa
  EXTRA_TRAIN_SET: 
  NUM_CLASSES: 8
  ROOT: data/
  TEST_SET: list/loveDa/val.lst
  TRAIN_SET: list/loveDa/train.lst
GPUS: (0,)
LOG_DIR: log
LOSS:
  BALANCE_WEIGHTS: [0.4, 1.0]
  CLASS_BALANCE: False
  OHEMKEEP: 131072
  OHEMTHRES: 0.7
  SB_WEIGHTS: 0.5
  USE_OHEM: True
MODEL:
  ALIGN_CORNERS: True
  NAME: pidnet_small
  NUM_OUTPUTS: 2
  PRETRAINED: pretrained_models/imagenet/PIDNet_S_ImageNet.pth.tar
OUTPUT_DIR: output
PIN_MEMORY: True
PRINT_FREQ: 10
TEST:
  BASE_SIZE: 1024
  BATCH_SIZE_PER_GPU: 4
  FLIP_TEST: False
  IMAGE_SIZE: [1024, 1024]
  MODEL_FILE: 
  MULTI_SCALE: False
  OUTPUT_INDEX: 1
TRAIN:
  BASE_SIZE: 1024
  BATCH_SIZE_PER_GPU: 6
  BEGIN_EPOCH: 0
  END_EPOCH: 20
  EXTRA_EPOCH: 0
  EXTRA_LR: 0.001
  FLIP: True
  IGNORE_LABEL: 0
  IMAGE_SIZE: [1024, 1024]
  LR: 0.01
  MOMENTUM: 0.9
  MULTI_SCALE: True
  NESTEROV: False
  OPTIMIZER: sgd
  RESUME: False
  SCALE_FACTOR: 16
  SHUFFLE: True
  WD: 0.0005
WORKERS: 6
2025-01-03 21:01:21,418 Attention!!!
2025-01-03 21:01:21,418 Loaded 302 parameters!
2025-01-03 21:01:21,418 Over!!!
2025-01-03 21:01:41,464 Epoch: [0/20] Iter:[0/192], Time: 18.56, lr: [0.01], Loss: 2.769941, Acc:0.174589, Semantic loss: 0.000000, BCE loss: 2.769940, SB loss: 0.000001
2025-01-03 21:01:48,387 Epoch: [0/20] Iter:[10/192], Time: 2.29, lr: [0.009976559445324192], Loss: 2.087795, Acc:0.203114, Semantic loss: 0.000000, BCE loss: 2.087795, SB loss: 0.000000
2025-01-03 21:01:55,152 Epoch: [0/20] Iter:[20/192], Time: 1.52, lr: [0.009953112769592761], Loss: 1.702165, Acc:0.191827, Semantic loss: 0.000000, BCE loss: 1.702165, SB loss: 0.000000
2025-01-03 21:02:01,896 Epoch: [0/20] Iter:[30/192], Time: 1.25, lr: [0.009929659955177281], Loss: 1.631092, Acc:0.188265, Semantic loss: 0.000000, BCE loss: 1.631092, SB loss: 0.000000
2025-01-03 21:02:08,844 Epoch: [0/20] Iter:[40/192], Time: 1.11, lr: [0.009906200984352154], Loss: 1.585388, Acc:0.182867, Semantic loss: 0.000000, BCE loss: 1.585388, SB loss: 0.000000
2025-01-03 21:02:15,724 Epoch: [0/20] Iter:[50/192], Time: 1.03, lr: [0.009882735839293803], Loss: 1.538726, Acc:0.181489, Semantic loss: 0.000000, BCE loss: 1.538726, SB loss: 0.000000
2025-01-03 21:02:22,485 Epoch: [0/20] Iter:[60/192], Time: 0.97, lr: [0.00985926450207989], Loss: 1.499284, Acc:0.177604, Semantic loss: 0.000000, BCE loss: 1.499284, SB loss: 0.000000
2025-01-03 21:02:29,101 Epoch: [0/20] Iter:[70/192], Time: 0.93, lr: [0.009835786954688485], Loss: 1.491574, Acc:0.175960, Semantic loss: 0.000000, BCE loss: 1.491574, SB loss: 0.000000
2025-01-03 21:02:36,158 Epoch: [0/20] Iter:[80/192], Time: 0.90, lr: [0.00981230317899726], Loss: 1.488006, Acc:0.176078, Semantic loss: 0.000000, BCE loss: 1.488005, SB loss: 0.000000
2025-01-03 21:02:43,247 Epoch: [0/20] Iter:[90/192], Time: 0.88, lr: [0.009788813156782662], Loss: 1.507686, Acc:0.176804, Semantic loss: 0.000000, BCE loss: 1.507686, SB loss: 0.000000
2025-01-03 21:02:50,052 Epoch: [0/20] Iter:[100/192], Time: 0.86, lr: [0.009765316869719067], Loss: 1.510700, Acc:0.176386, Semantic loss: 0.000000, BCE loss: 1.510700, SB loss: 0.000000
2025-01-03 21:02:56,758 Epoch: [0/20] Iter:[110/192], Time: 0.84, lr: [0.009741814299377942], Loss: 1.496706, Acc:0.175612, Semantic loss: 0.000000, BCE loss: 1.496705, SB loss: 0.000000
2025-01-03 21:03:03,644 Epoch: [0/20] Iter:[120/192], Time: 0.83, lr: [0.009718305427226986], Loss: 1.488088, Acc:0.175870, Semantic loss: 0.000000, BCE loss: 1.488088, SB loss: 0.000000
2025-01-03 21:03:10,487 Epoch: [0/20] Iter:[130/192], Time: 0.82, lr: [0.009694790234629266], Loss: 1.492637, Acc:0.175837, Semantic loss: 0.000000, BCE loss: 1.492637, SB loss: 0.000000
2025-01-03 21:03:17,227 Epoch: [0/20] Iter:[140/192], Time: 0.81, lr: [0.009671268702842338], Loss: 1.480732, Acc:0.174746, Semantic loss: 0.000000, BCE loss: 1.480732, SB loss: 0.000000
2025-01-03 21:03:24,016 Epoch: [0/20] Iter:[150/192], Time: 0.80, lr: [0.009647740813017376], Loss: 1.474322, Acc:0.173457, Semantic loss: 0.000000, BCE loss: 1.474322, SB loss: 0.000000
2025-01-03 21:03:30,946 Epoch: [0/20] Iter:[160/192], Time: 0.79, lr: [0.009624206546198262], Loss: 1.472835, Acc:0.172795, Semantic loss: 0.000000, BCE loss: 1.472835, SB loss: 0.000000
2025-01-03 21:03:37,788 Epoch: [0/20] Iter:[170/192], Time: 0.79, lr: [0.009600665883320689], Loss: 1.475613, Acc:0.172268, Semantic loss: 0.000000, BCE loss: 1.475613, SB loss: 0.000000
2025-01-03 21:03:44,493 Epoch: [0/20] Iter:[180/192], Time: 0.78, lr: [0.009577118805211254], Loss: 1.471108, Acc:0.171418, Semantic loss: 0.000000, BCE loss: 1.471108, SB loss: 0.000000
2025-01-03 21:03:51,142 Epoch: [0/20] Iter:[190/192], Time: 0.77, lr: [0.009553565292586523], Loss: 1.467138, Acc:0.170880, Semantic loss: 0.000000, BCE loss: 1.467138, SB loss: 0.000000
2025-01-03 21:05:47,717 0 [0.00000000e+00 2.47539461e-05 0.00000000e+00 7.27575567e-03
 3.51131594e-06 5.44997068e-02 1.32811229e-02 2.79488741e-03] 0.009734967253593936
2025-01-03 21:05:47,718 1 [0.00000000e+00 2.95908655e-02 3.32079382e-03 4.84434236e-02
 1.08455444e-01 4.83798200e-02 7.36920574e-04 2.39112352e-05] 0.029868897315868545
2025-01-03 21:05:47,721 => saving checkpoint to output\loveDa\pidnet_small_lovedacheckpoint.pth.tar
2025-01-03 21:05:47,896 Loss: 1.671, MeanIU:  0.0299, Best_mIoU:  0.0299
2025-01-03 21:05:47,896 [0.00000000e+00 2.95908655e-02 3.32079382e-03 4.84434236e-02
 1.08455444e-01 4.83798200e-02 7.36920574e-04 2.39112352e-05]
2025-01-03 21:06:03,468 Epoch: [1/20] Iter:[0/192], Time: 15.28, lr: [0.009548853816214998], Loss: 1.729901, Acc:0.178433, Semantic loss: 0.000000, BCE loss: 1.729902, SB loss: -0.000000
2025-01-03 21:06:09,683 Epoch: [1/20] Iter:[10/192], Time: 1.95, lr: [0.009525292556561479], Loss: 1.453136, Acc:0.168137, Semantic loss: 0.000000, BCE loss: 1.453136, SB loss: 0.000000
2025-01-03 21:06:16,157 Epoch: [1/20] Iter:[20/192], Time: 1.33, lr: [0.00950172481957719], Loss: 1.373847, Acc:0.163747, Semantic loss: 0.000000, BCE loss: 1.373847, SB loss: 0.000000
2025-01-03 21:06:22,568 Epoch: [1/20] Iter:[30/192], Time: 1.11, lr: [0.009478150585620286], Loss: 1.343679, Acc:0.160616, Semantic loss: 0.000000, BCE loss: 1.343679, SB loss: 0.000000
2025-01-03 21:06:29,031 Epoch: [1/20] Iter:[40/192], Time: 1.00, lr: [0.009454569834934885], Loss: 1.364593, Acc:0.161795, Semantic loss: 0.000000, BCE loss: 1.364593, SB loss: 0.000000
2025-01-03 21:06:35,464 Epoch: [1/20] Iter:[50/192], Time: 0.93, lr: [0.009430982547650114], Loss: 1.373894, Acc:0.163047, Semantic loss: 0.000000, BCE loss: 1.373894, SB loss: 0.000000
2025-01-03 21:06:41,924 Epoch: [1/20] Iter:[60/192], Time: 0.88, lr: [0.009407388703779091], Loss: 1.386623, Acc:0.164125, Semantic loss: 0.000000, BCE loss: 1.386623, SB loss: 0.000000
2025-01-03 21:06:48,430 Epoch: [1/20] Iter:[70/192], Time: 0.85, lr: [0.009383788283217955], Loss: 1.355223, Acc:0.161619, Semantic loss: 0.000000, BCE loss: 1.355223, SB loss: 0.000000
2025-01-03 21:06:54,860 Epoch: [1/20] Iter:[80/192], Time: 0.82, lr: [0.00936018126574482], Loss: 1.360766, Acc:0.159890, Semantic loss: 0.000000, BCE loss: 1.360766, SB loss: 0.000000
2025-01-03 21:07:01,276 Epoch: [1/20] Iter:[90/192], Time: 0.80, lr: [0.009336567631018769], Loss: 1.367410, Acc:0.160446, Semantic loss: 0.000000, BCE loss: 1.367410, SB loss: 0.000000
2025-01-03 21:07:07,798 Epoch: [1/20] Iter:[100/192], Time: 0.79, lr: [0.009312947358578814], Loss: 1.384835, Acc:0.162037, Semantic loss: 0.000000, BCE loss: 1.384835, SB loss: 0.000000
2025-01-03 21:07:14,290 Epoch: [1/20] Iter:[110/192], Time: 0.78, lr: [0.009289320427842841], Loss: 1.389889, Acc:0.164031, Semantic loss: 0.000000, BCE loss: 1.389889, SB loss: 0.000000
2025-01-03 21:07:20,745 Epoch: [1/20] Iter:[120/192], Time: 0.76, lr: [0.009265686818106552], Loss: 1.389234, Acc:0.162800, Semantic loss: 0.000000, BCE loss: 1.389234, SB loss: 0.000000
2025-01-03 21:07:27,273 Epoch: [1/20] Iter:[130/192], Time: 0.76, lr: [0.009242046508542393], Loss: 1.389442, Acc:0.163585, Semantic loss: 0.000000, BCE loss: 1.389442, SB loss: 0.000000
2025-01-03 21:07:33,739 Epoch: [1/20] Iter:[140/192], Time: 0.75, lr: [0.009218399478198466], Loss: 1.390192, Acc:0.164550, Semantic loss: 0.000000, BCE loss: 1.390192, SB loss: 0.000000
2025-01-03 21:07:40,288 Epoch: [1/20] Iter:[150/192], Time: 0.74, lr: [0.009194745705997428], Loss: 1.401072, Acc:0.165014, Semantic loss: 0.000000, BCE loss: 1.401072, SB loss: 0.000000
2025-01-03 21:07:54,504 Epoch: [1/20] Iter:[160/192], Time: 0.78, lr: [0.00917108517073538], Loss: 1.412435, Acc:0.166097, Semantic loss: 0.000000, BCE loss: 1.412435, SB loss: 0.000000
2025-01-03 21:08:07,175 Epoch: [1/20] Iter:[170/192], Time: 0.81, lr: [0.00914741785108075], Loss: 1.412342, Acc:0.166762, Semantic loss: 0.000000, BCE loss: 1.412342, SB loss: 0.000000
2025-01-03 21:08:30,074 Epoch: [1/20] Iter:[180/192], Time: 0.89, lr: [0.00912374372557314], Loss: 1.411434, Acc:0.166550, Semantic loss: 0.000000, BCE loss: 1.411434, SB loss: 0.000000
2025-01-03 21:08:47,869 Epoch: [1/20] Iter:[190/192], Time: 0.94, lr: [0.009100062772622186], Loss: 1.413110, Acc:0.166872, Semantic loss: 0.000000, BCE loss: 1.413110, SB loss: 0.000000
2025-01-03 21:10:52,922 0 [0.00000000e+00 2.38394930e-05 0.00000000e+00 8.09757527e-03
 1.76188523e-06 5.45002188e-02 1.32756453e-02 1.86957361e-03] 0.009721076788202191
2025-01-03 21:10:52,922 1 [0.         0.06900655 0.06036437 0.03276164 0.10997305 0.03181534
 0.01768048 0.        ] 0.04020017773349628
2025-01-03 21:10:52,925 => saving checkpoint to output\loveDa\pidnet_small_lovedacheckpoint.pth.tar
2025-01-03 21:10:53,101 Loss: 1.673, MeanIU:  0.0402, Best_mIoU:  0.0402
2025-01-03 21:10:53,101 [0.         0.06900655 0.06036437 0.03276164 0.10997305 0.03181534
 0.01768048 0.        ]
2025-01-03 21:11:09,131 Epoch: [2/20] Iter:[0/192], Time: 15.41, lr: [0.009095325760829623], Loss: 1.456903, Acc:0.147758, Semantic loss: 0.000000, BCE loss: 1.456903, SB loss: -0.000001
2025-01-03 21:11:28,035 Epoch: [2/20] Iter:[10/192], Time: 3.13, lr: [0.009071636586262652], Loss: 1.409466, Acc:0.159780, Semantic loss: 0.000000, BCE loss: 1.409466, SB loss: 0.000000
2025-01-03 21:11:40,609 Epoch: [2/20] Iter:[20/192], Time: 2.23, lr: [0.009047940536290279], Loss: 1.352754, Acc:0.149364, Semantic loss: 0.000000, BCE loss: 1.352754, SB loss: -0.000000
2025-01-03 21:11:59,319 Epoch: [2/20] Iter:[30/192], Time: 2.12, lr: [0.009024237588898336], Loss: 1.389638, Acc:0.156615, Semantic loss: 0.000000, BCE loss: 1.389638, SB loss: 0.000000
2025-01-03 21:12:22,621 Epoch: [2/20] Iter:[40/192], Time: 2.17, lr: [0.009000527721937697], Loss: 1.396279, Acc:0.160899, Semantic loss: 0.000000, BCE loss: 1.396279, SB loss: 0.000000
2025-01-03 21:12:35,354 Epoch: [2/20] Iter:[50/192], Time: 1.99, lr: [0.008976810913123051], Loss: 1.372678, Acc:0.163440, Semantic loss: 0.000000, BCE loss: 1.372678, SB loss: 0.000000
2025-01-03 21:12:48,952 Epoch: [2/20] Iter:[60/192], Time: 1.89, lr: [0.008953087140031669], Loss: 1.377553, Acc:0.163126, Semantic loss: 0.000000, BCE loss: 1.377553, SB loss: 0.000000
2025-01-03 21:13:01,571 Epoch: [2/20] Iter:[70/192], Time: 1.80, lr: [0.008929356380102142], Loss: 1.372598, Acc:0.162927, Semantic loss: 0.000000, BCE loss: 1.372598, SB loss: 0.000000
2025-01-03 21:13:23,677 Epoch: [2/20] Iter:[80/192], Time: 1.85, lr: [0.008905618610633112], Loss: 1.387516, Acc:0.163369, Semantic loss: 0.000000, BCE loss: 1.387516, SB loss: -0.000000
2025-01-03 21:13:39,827 Epoch: [2/20] Iter:[90/192], Time: 1.82, lr: [0.008881873808781991], Loss: 1.400239, Acc:0.166083, Semantic loss: 0.000000, BCE loss: 1.400239, SB loss: -0.000000
2025-01-03 21:13:58,612 Epoch: [2/20] Iter:[100/192], Time: 1.83, lr: [0.008858121951563658], Loss: 1.394341, Acc:0.165850, Semantic loss: 0.000000, BCE loss: 1.394341, SB loss: -0.000000
2025-01-03 21:14:20,032 Epoch: [2/20] Iter:[110/192], Time: 1.86, lr: [0.008834363015849136], Loss: 1.402551, Acc:0.165966, Semantic loss: 0.000000, BCE loss: 1.402551, SB loss: -0.000000
2025-01-03 21:14:38,052 Epoch: [2/20] Iter:[120/192], Time: 1.86, lr: [0.008810596978364274], Loss: 1.418362, Acc:0.165699, Semantic loss: 0.000000, BCE loss: 1.418362, SB loss: 0.000000
2025-01-03 21:14:56,515 Epoch: [2/20] Iter:[130/192], Time: 1.85, lr: [0.008786823815688379], Loss: 1.413036, Acc:0.165353, Semantic loss: 0.000000, BCE loss: 1.413036, SB loss: 0.000000
2025-01-03 21:15:14,813 Epoch: [2/20] Iter:[140/192], Time: 1.85, lr: [0.008763043504252865], Loss: 1.404324, Acc:0.164897, Semantic loss: 0.000000, BCE loss: 1.404324, SB loss: 0.000000
2025-01-03 21:15:30,119 Epoch: [2/20] Iter:[150/192], Time: 1.83, lr: [0.008739256020339866], Loss: 1.401863, Acc:0.165042, Semantic loss: 0.000000, BCE loss: 1.401863, SB loss: 0.000000
2025-01-03 21:15:43,395 Epoch: [2/20] Iter:[160/192], Time: 1.80, lr: [0.00871546134008083], Loss: 1.404342, Acc:0.165747, Semantic loss: 0.000000, BCE loss: 1.404342, SB loss: 0.000000
2025-01-03 21:16:04,674 Epoch: [2/20] Iter:[170/192], Time: 1.79, lr: [0.008691659439455107], Loss: 1.401097, Acc:0.165733, Semantic loss: 0.000000, BCE loss: 1.401097, SB loss: 0.000000
2025-01-03 21:16:17,866 Epoch: [2/20] Iter:[180/192], Time: 1.79, lr: [0.008667850294288517], Loss: 1.396415, Acc:0.166001, Semantic loss: 0.000000, BCE loss: 1.396415, SB loss: 0.000000
2025-01-03 21:16:44,090 Epoch: [2/20] Iter:[190/192], Time: 1.83, lr: [0.008644033880251888], Loss: 1.403206, Acc:0.166127, Semantic loss: 0.000000, BCE loss: 1.403206, SB loss: 0.000000
2025-01-03 21:18:47,091 0 [0.00000000e+00 2.54932956e-01 0.00000000e+00 1.00589050e-04
 1.76188523e-06 1.74052919e-02 1.32768352e-02 1.00392668e-02] 0.036969587587477204
2025-01-03 21:18:47,091 1 [0.00000000e+00 9.21549741e-02 5.88093360e-02 3.22134054e-02
 1.06238533e-01 4.22834433e-02 7.04146624e-03 1.99034327e-05] 0.04234513266581788
2025-01-03 21:18:47,094 => saving checkpoint to output\loveDa\pidnet_small_lovedacheckpoint.pth.tar
2025-01-03 21:18:47,265 Loss: 1.669, MeanIU:  0.0423, Best_mIoU:  0.0423
2025-01-03 21:18:47,265 [0.00000000e+00 9.21549741e-02 5.88093360e-02 3.22134054e-02
 1.06238533e-01 4.22834433e-02 7.04146624e-03 1.99034327e-05]
2025-01-03 21:19:03,334 Epoch: [3/20] Iter:[0/192], Time: 15.38, lr: [0.008639269723028191], Loss: 1.739159, Acc:0.179484, Semantic loss: 0.000000, BCE loss: 1.739159, SB loss: -0.000000
2025-01-03 21:19:32,841 Epoch: [3/20] Iter:[10/192], Time: 4.09, lr: [0.008615444554012613], Loss: 1.444966, Acc:0.167378, Semantic loss: 0.000000, BCE loss: 1.444967, SB loss: -0.000000
2025-01-03 21:19:52,367 Epoch: [3/20] Iter:[20/192], Time: 3.07, lr: [0.008591612062049989], Loss: 1.384946, Acc:0.165291, Semantic loss: 0.000000, BCE loss: 1.384946, SB loss: -0.000000
2025-01-03 21:20:11,118 Epoch: [3/20] Iter:[30/192], Time: 2.68, lr: [0.008567772222305215], Loss: 1.362328, Acc:0.163291, Semantic loss: 0.000000, BCE loss: 1.362328, SB loss: -0.000000
2025-01-03 21:20:24,547 Epoch: [3/20] Iter:[40/192], Time: 2.36, lr: [0.008543925009781886], Loss: 1.340580, Acc:0.163019, Semantic loss: 0.000000, BCE loss: 1.340580, SB loss: -0.000000
2025-01-03 21:20:38,429 Epoch: [3/20] Iter:[50/192], Time: 2.16, lr: [0.00852007039932076], Loss: 1.405452, Acc:0.166452, Semantic loss: 0.000000, BCE loss: 1.405452, SB loss: -0.000000
2025-01-03 21:20:56,203 Epoch: [3/20] Iter:[60/192], Time: 2.10, lr: [0.00849620836559818], Loss: 1.372894, Acc:0.165013, Semantic loss: 0.000000, BCE loss: 1.372894, SB loss: -0.000000
2025-01-03 21:21:11,160 Epoch: [3/20] Iter:[70/192], Time: 2.02, lr: [0.008472338883124477], Loss: 1.387160, Acc:0.165237, Semantic loss: 0.000000, BCE loss: 1.387160, SB loss: -0.000000
2025-01-03 21:21:35,125 Epoch: [3/20] Iter:[80/192], Time: 2.06, lr: [0.008448461926242374], Loss: 1.394679, Acc:0.165211, Semantic loss: 0.000000, BCE loss: 1.394680, SB loss: -0.000000
2025-01-03 21:21:53,240 Epoch: [3/20] Iter:[90/192], Time: 1.98, lr: [0.008424577469125337], Loss: 1.400449, Acc:0.164734, Semantic loss: 0.000000, BCE loss: 1.400449, SB loss: -0.000000
2025-01-03 21:22:12,128 Epoch: [3/20] Iter:[100/192], Time: 2.02, lr: [0.008400685485775935], Loss: 1.407524, Acc:0.164292, Semantic loss: 0.000000, BCE loss: 1.407524, SB loss: -0.000000
2025-01-03 21:22:26,216 Epoch: [3/20] Iter:[110/192], Time: 1.97, lr: [0.008376785950024154], Loss: 1.436040, Acc:0.166136, Semantic loss: 0.000000, BCE loss: 1.436040, SB loss: -0.000000
2025-01-03 21:22:53,979 Epoch: [3/20] Iter:[120/192], Time: 2.00, lr: [0.00835287883552571], Loss: 1.434521, Acc:0.165988, Semantic loss: 0.000000, BCE loss: 1.434521, SB loss: -0.000000
2025-01-03 21:23:12,120 Epoch: [3/20] Iter:[130/192], Time: 2.02, lr: [0.008328964115760324], Loss: 1.442067, Acc:0.167240, Semantic loss: 0.000000, BCE loss: 1.442067, SB loss: -0.000000
2025-01-03 21:23:36,684 Epoch: [3/20] Iter:[140/192], Time: 2.05, lr: [0.008305041764029988], Loss: 1.442001, Acc:0.167205, Semantic loss: 0.000000, BCE loss: 1.442001, SB loss: 0.000000
2025-01-03 21:23:49,046 Epoch: [3/20] Iter:[150/192], Time: 1.99, lr: [0.008281111753457188], Loss: 1.434098, Acc:0.167591, Semantic loss: 0.000000, BCE loss: 1.434098, SB loss: 0.000000
2025-01-03 21:24:10,256 Epoch: [3/20] Iter:[160/192], Time: 1.97, lr: [0.008257174056983133], Loss: 1.432183, Acc:0.167744, Semantic loss: 0.000000, BCE loss: 1.432183, SB loss: 0.000000
2025-01-03 21:24:24,738 Epoch: [3/20] Iter:[170/192], Time: 1.97, lr: [0.00823322864736593], Loss: 1.429893, Acc:0.167880, Semantic loss: 0.000000, BCE loss: 1.429893, SB loss: 0.000000
2025-01-03 21:24:40,308 Epoch: [3/20] Iter:[180/192], Time: 1.95, lr: [0.008209275497178764], Loss: 1.421953, Acc:0.168016, Semantic loss: 0.000000, BCE loss: 1.421953, SB loss: 0.000000
2025-01-03 21:25:09,172 Epoch: [3/20] Iter:[190/192], Time: 2.00, lr: [0.008185314578808021], Loss: 1.413176, Acc:0.167373, Semantic loss: 0.000000, BCE loss: 1.413176, SB loss: 0.000000
2025-01-03 21:27:30,210 0 [0.00000000e+00 2.28177788e-05 0.00000000e+00 7.28300843e-03
 1.76188525e-06 1.74057234e-02 1.08030107e-01 2.79445998e-03] 0.01694223486695736
2025-01-03 21:27:30,211 1 [0.00000000e+00 2.83917797e-02 7.26906640e-03 2.04116719e-02
 1.16626390e-01 3.90432838e-02 1.00976014e-04 8.73324110e-04] 0.026589561546206474
2025-01-03 21:27:30,214 => saving checkpoint to output\loveDa\pidnet_small_lovedacheckpoint.pth.tar
2025-01-03 21:27:30,327 Loss: 1.664, MeanIU:  0.0266, Best_mIoU:  0.0423
2025-01-03 21:27:30,327 [0.00000000e+00 2.83917797e-02 7.26906640e-03 2.04116719e-02
 1.16626390e-01 3.90432838e-02 1.00976014e-04 8.73324110e-04]
2025-01-03 21:27:46,908 Epoch: [4/20] Iter:[0/192], Time: 15.88, lr: [0.008180521460508584], Loss: 1.642983, Acc:0.173309, Semantic loss: 0.000000, BCE loss: 1.642983, SB loss: -0.000000
2025-01-03 21:28:10,527 Epoch: [4/20] Iter:[10/192], Time: 3.60, lr: [0.008156551183601795], Loss: 1.373491, Acc:0.178443, Semantic loss: 0.000000, BCE loss: 1.373491, SB loss: 0.000000
2025-01-03 21:28:29,691 Epoch: [4/20] Iter:[20/192], Time: 2.80, lr: [0.008132573077094668], Loss: 1.346445, Acc:0.170815, Semantic loss: 0.000000, BCE loss: 1.346445, SB loss: 0.000000
2025-01-03 21:28:48,967 Epoch: [4/20] Iter:[30/192], Time: 2.51, lr: [0.008108587112763079], Loss: 1.369194, Acc:0.167544, Semantic loss: 0.000000, BCE loss: 1.369194, SB loss: 0.000000
2025-01-03 21:29:20,008 Epoch: [4/20] Iter:[40/192], Time: 2.66, lr: [0.008084593262188028], Loss: 1.379284, Acc:0.165588, Semantic loss: 0.000000, BCE loss: 1.379284, SB loss: 0.000000
2025-01-03 21:29:43,547 Epoch: [4/20] Iter:[50/192], Time: 2.60, lr: [0.008060591496753653], Loss: 1.385084, Acc:0.166704, Semantic loss: 0.000000, BCE loss: 1.385084, SB loss: 0.000000
2025-01-03 21:29:57,419 Epoch: [4/20] Iter:[60/192], Time: 2.40, lr: [0.008036581787645204], Loss: 1.396720, Acc:0.167327, Semantic loss: 0.000000, BCE loss: 1.396719, SB loss: 0.000000
2025-01-03 21:30:21,145 Epoch: [4/20] Iter:[70/192], Time: 2.40, lr: [0.008012564105846994], Loss: 1.394181, Acc:0.167237, Semantic loss: 0.000000, BCE loss: 1.394181, SB loss: 0.000000
2025-01-03 21:30:42,095 Epoch: [4/20] Iter:[80/192], Time: 2.36, lr: [0.007988538422140333], Loss: 1.387309, Acc:0.169793, Semantic loss: 0.000000, BCE loss: 1.387309, SB loss: 0.000000
2025-01-03 21:31:02,388 Epoch: [4/20] Iter:[90/192], Time: 2.32, lr: [0.007964504707101411], Loss: 1.390770, Acc:0.169923, Semantic loss: 0.000000, BCE loss: 1.390770, SB loss: 0.000000
2025-01-03 21:31:26,071 Epoch: [4/20] Iter:[100/192], Time: 2.33, lr: [0.007940462931099176], Loss: 1.388558, Acc:0.169982, Semantic loss: 0.000000, BCE loss: 1.388558, SB loss: 0.000000
2025-01-03 21:31:53,171 Epoch: [4/20] Iter:[110/192], Time: 2.36, lr: [0.007916413064293163], Loss: 1.399011, Acc:0.169952, Semantic loss: 0.000000, BCE loss: 1.399011, SB loss: 0.000000
2025-01-03 21:32:07,637 Epoch: [4/20] Iter:[120/192], Time: 2.29, lr: [0.007892355076631318], Loss: 1.404411, Acc:0.169699, Semantic loss: 0.000000, BCE loss: 1.404411, SB loss: 0.000000
2025-01-03 21:32:32,276 Epoch: [4/20] Iter:[130/192], Time: 2.26, lr: [0.007868288937847752], Loss: 1.404127, Acc:0.169356, Semantic loss: 0.000000, BCE loss: 1.404127, SB loss: 0.000000
2025-01-03 21:32:46,952 Epoch: [4/20] Iter:[140/192], Time: 2.24, lr: [0.007844214617460508], Loss: 1.412063, Acc:0.169941, Semantic loss: 0.000000, BCE loss: 1.412062, SB loss: 0.000000
2025-01-03 21:33:12,915 Epoch: [4/20] Iter:[150/192], Time: 2.26, lr: [0.007820132084769268], Loss: 1.414325, Acc:0.170103, Semantic loss: 0.000000, BCE loss: 1.414324, SB loss: 0.000000
2025-01-03 21:33:35,267 Epoch: [4/20] Iter:[160/192], Time: 2.26, lr: [0.00779604130885303], Loss: 1.409303, Acc:0.170194, Semantic loss: 0.000000, BCE loss: 1.409303, SB loss: 0.000000
2025-01-03 21:33:57,330 Epoch: [4/20] Iter:[170/192], Time: 2.26, lr: [0.007771942258567773], Loss: 1.398795, Acc:0.169456, Semantic loss: 0.000000, BCE loss: 1.398795, SB loss: 0.000000
2025-01-03 21:34:19,205 Epoch: [4/20] Iter:[180/192], Time: 2.25, lr: [0.007747834902544056], Loss: 1.404947, Acc:0.169334, Semantic loss: 0.000000, BCE loss: 1.404947, SB loss: 0.000000
2025-01-03 21:34:44,027 Epoch: [4/20] Iter:[190/192], Time: 2.27, lr: [0.0077237192091846206], Loss: 1.406165, Acc:0.169845, Semantic loss: 0.000000, BCE loss: 1.406165, SB loss: 0.000000
2025-01-03 21:36:58,663 0 [0.00000000e+00 9.67727363e-04 0.00000000e+00 7.27866518e-03
 1.76188525e-06 1.74067200e-02 1.08018188e-01 2.79578672e-03] 0.017058606189247684
2025-01-03 21:36:58,663 1 [0.00000000e+00 1.23816146e-01 6.19189850e-02 2.61501045e-02
 1.01361436e-01 3.12530671e-02 3.43010020e-02 4.68772270e-06] 0.047350678590156015
2025-01-03 21:36:58,666 => saving checkpoint to output\loveDa\pidnet_small_lovedacheckpoint.pth.tar
2025-01-03 21:36:58,837 Loss: 1.670, MeanIU:  0.0474, Best_mIoU:  0.0474
2025-01-03 21:36:58,837 [0.00000000e+00 1.23816146e-01 6.19189850e-02 2.61501045e-02
 1.01361436e-01 3.12530671e-02 3.43010020e-02 4.68772270e-06]
2025-01-03 21:37:15,166 Epoch: [5/20] Iter:[0/192], Time: 15.64, lr: [0.007718895067235705], Loss: 1.706547, Acc:0.136305, Semantic loss: 0.000000, BCE loss: 1.706548, SB loss: -0.000001
2025-01-03 21:37:36,722 Epoch: [5/20] Iter:[10/192], Time: 3.39, lr: [0.007694769327040611], Loss: 1.442540, Acc:0.177897, Semantic loss: 0.000000, BCE loss: 1.442540, SB loss: 0.000000
2025-01-03 21:38:03,295 Epoch: [5/20] Iter:[20/192], Time: 3.03, lr: [0.00767063517918174], Loss: 1.422865, Acc:0.179355, Semantic loss: 0.000000, BCE loss: 1.422865, SB loss: 0.000000
2025-01-03 21:38:34,011 Epoch: [5/20] Iter:[30/192], Time: 3.05, lr: [0.007646492591316132], Loss: 1.436731, Acc:0.182852, Semantic loss: 0.000000, BCE loss: 1.436731, SB loss: 0.000000
2025-01-03 21:38:54,935 Epoch: [5/20] Iter:[40/192], Time: 2.81, lr: [0.007622341530862476], Loss: 1.376144, Acc:0.178455, Semantic loss: 0.000000, BCE loss: 1.376144, SB loss: 0.000000
2025-01-03 21:39:15,243 Epoch: [5/20] Iter:[50/192], Time: 2.66, lr: [0.0075981819649984985], Loss: 1.364098, Acc:0.174575, Semantic loss: 0.000000, BCE loss: 1.364098, SB loss: 0.000000
2025-01-03 21:39:32,849 Epoch: [5/20] Iter:[60/192], Time: 2.51, lr: [0.007574013860658317], Loss: 1.387283, Acc:0.175861, Semantic loss: 0.000000, BCE loss: 1.387283, SB loss: 0.000000
2025-01-03 21:39:52,548 Epoch: [5/20] Iter:[70/192], Time: 2.44, lr: [0.007549837184529776], Loss: 1.407232, Acc:0.176433, Semantic loss: 0.000000, BCE loss: 1.407232, SB loss: 0.000000
2025-01-03 21:40:18,974 Epoch: [5/20] Iter:[80/192], Time: 2.46, lr: [0.0075256519030517215], Loss: 1.417917, Acc:0.174980, Semantic loss: 0.000000, BCE loss: 1.417917, SB loss: 0.000000
2025-01-03 21:40:40,242 Epoch: [5/20] Iter:[90/192], Time: 2.43, lr: [0.007501457982411236], Loss: 1.398371, Acc:0.173255, Semantic loss: 0.000000, BCE loss: 1.398371, SB loss: 0.000000
2025-01-03 21:41:15,920 Epoch: [5/20] Iter:[100/192], Time: 2.54, lr: [0.0074772553885408604], Loss: 1.404073, Acc:0.171760, Semantic loss: 0.000000, BCE loss: 1.404073, SB loss: 0.000000
2025-01-03 21:41:43,318 Epoch: [5/20] Iter:[110/192], Time: 2.56, lr: [0.007453044087115737], Loss: 1.399343, Acc:0.171506, Semantic loss: 0.000000, BCE loss: 1.399343, SB loss: 0.000000
2025-01-03 21:42:05,932 Epoch: [5/20] Iter:[120/192], Time: 2.53, lr: [0.007428824043550734], Loss: 1.415646, Acc:0.171220, Semantic loss: 0.000000, BCE loss: 1.415646, SB loss: 0.000000
2025-01-03 21:42:30,590 Epoch: [5/20] Iter:[130/192], Time: 2.53, lr: [0.007404595222997526], Loss: 1.416491, Acc:0.171011, Semantic loss: 0.000000, BCE loss: 1.416491, SB loss: 0.000000
2025-01-03 21:43:01,757 Epoch: [5/20] Iter:[140/192], Time: 2.57, lr: [0.007380357590341623], Loss: 1.405331, Acc:0.169775, Semantic loss: 0.000000, BCE loss: 1.405331, SB loss: 0.000000
2025-01-03 21:43:17,644 Epoch: [5/20] Iter:[150/192], Time: 2.50, lr: [0.007356111110199354], Loss: 1.401967, Acc:0.168814, Semantic loss: 0.000000, BCE loss: 1.401967, SB loss: 0.000000
2025-01-03 21:43:38,716 Epoch: [5/20] Iter:[160/192], Time: 2.48, lr: [0.00733185574691482], Loss: 1.405774, Acc:0.167911, Semantic loss: 0.000000, BCE loss: 1.405774, SB loss: 0.000000
2025-01-03 21:43:58,023 Epoch: [5/20] Iter:[170/192], Time: 2.45, lr: [0.007307591464556783], Loss: 1.396712, Acc:0.166957, Semantic loss: 0.000000, BCE loss: 1.396712, SB loss: 0.000000
2025-01-03 21:44:23,805 Epoch: [5/20] Iter:[180/192], Time: 2.46, lr: [0.007283318226915514], Loss: 1.395762, Acc:0.166787, Semantic loss: 0.000000, BCE loss: 1.395762, SB loss: 0.000000
2025-01-03 21:44:45,034 Epoch: [5/20] Iter:[190/192], Time: 2.41, lr: [0.007259035997499604], Loss: 1.398780, Acc:0.166292, Semantic loss: 0.000000, BCE loss: 1.398780, SB loss: 0.000000
2025-01-03 21:47:05,713 0 [0.00000000e+00 2.47313649e-05 0.00000000e+00 8.09812604e-03
 8.80948496e-07 1.78427676e-02 1.08030124e-01 1.86774300e-03] 0.016983046569929834
2025-01-03 21:47:05,713 1 [0.         0.10703024 0.03739398 0.04173944 0.10616093 0.03653084
 0.02185163 0.        ] 0.043838381901529354
2025-01-03 21:47:05,717 => saving checkpoint to output\loveDa\pidnet_small_lovedacheckpoint.pth.tar
2025-01-03 21:47:05,828 Loss: 1.667, MeanIU:  0.0438, Best_mIoU:  0.0474
2025-01-03 21:47:05,829 [0.         0.10703024 0.03739398 0.04173944 0.10616093 0.03653084
 0.02185163 0.        ]
2025-01-03 21:47:22,190 Epoch: [6/20] Iter:[0/192], Time: 15.71, lr: [0.007254178469372199], Loss: 1.251123, Acc:0.108162, Semantic loss: 0.000000, BCE loss: 1.251123, SB loss: -0.000000
2025-01-03 21:47:39,885 Epoch: [6/20] Iter:[10/192], Time: 3.04, lr: [0.007229885401256642], Loss: 1.213934, Acc:0.154394, Semantic loss: 0.000000, BCE loss: 1.213934, SB loss: 0.000000
2025-01-03 21:48:05,725 Epoch: [6/20] Iter:[20/192], Time: 2.83, lr: [0.0072055832600777334], Loss: 1.266460, Acc:0.154327, Semantic loss: 0.000000, BCE loss: 1.266460, SB loss: 0.000000
2025-01-03 21:48:31,327 Epoch: [6/20] Iter:[30/192], Time: 2.58, lr: [0.007181272008420604], Loss: 1.323249, Acc:0.161395, Semantic loss: 0.000000, BCE loss: 1.323249, SB loss: 0.000000
