2025-01-03 17:03:11,303 Namespace(cfg='configs/loveDa/pidnet_small_loveda.yaml', seed=304, opts=['GPUS', '[0]', 'TRAIN.BATCH_SIZE_PER_GPU', '6'])
2025-01-03 17:03:11,303 AUTO_RESUME: False
CUDNN:
  BENCHMARK: True
  DETERMINISTIC: False
  ENABLED: True
DATASET:
  DATASET: loveDa
  EXTRA_TRAIN_SET: 
  NUM_CLASSES: 8
  ROOT: data/
  TEST_SET: list/loveDa/val.lst
  TRAIN_SET: list/loveDa/train.lst
GPUS: (0,)
LOG_DIR: log
LOSS:
  BALANCE_WEIGHTS: [0.4, 1.0]
  CLASS_BALANCE: False
  OHEMKEEP: 131072
  OHEMTHRES: 0.9
  SB_WEIGHTS: 1.0
  USE_OHEM: True
MODEL:
  ALIGN_CORNERS: True
  NAME: pidnet_small
  NUM_OUTPUTS: 2
  PRETRAINED: pretrained_models/imagenet/PIDNet_S_ImageNet.pth.tar
OUTPUT_DIR: output
PIN_MEMORY: True
PRINT_FREQ: 10
TEST:
  BASE_SIZE: 2048
  BATCH_SIZE_PER_GPU: 6
  FLIP_TEST: False
  IMAGE_SIZE: [1024, 1024]
  MODEL_FILE: 
  MULTI_SCALE: False
  OUTPUT_INDEX: 1
TRAIN:
  BASE_SIZE: 2048
  BATCH_SIZE_PER_GPU: 6
  BEGIN_EPOCH: 0
  END_EPOCH: 20
  EXTRA_EPOCH: 0
  EXTRA_LR: 0.001
  FLIP: True
  IGNORE_LABEL: 255
  IMAGE_SIZE: [1024, 1024]
  LR: 0.01
  MOMENTUM: 0.9
  MULTI_SCALE: True
  NESTEROV: False
  OPTIMIZER: sgd
  RESUME: False
  SCALE_FACTOR: 16
  SHUFFLE: True
  WD: 0.0005
WORKERS: 6
2025-01-03 17:03:11,485 Attention!!!
2025-01-03 17:03:11,486 Loaded 302 parameters!
2025-01-03 17:03:11,486 Over!!!
2025-01-03 17:03:32,602 Epoch: [0/20] Iter:[0/227], Time: 19.55, lr: [0.01], Loss: 1.907756, Acc:0.155077, Semantic loss: 0.000000, BCE loss: 1.907756, SB loss: 0.000001
2025-01-03 17:03:40,315 Epoch: [0/20] Iter:[10/227], Time: 2.45, lr: [0.009980174026451818], Loss: 1.884258, Acc:0.086866, Semantic loss: 0.000000, BCE loss: 1.884258, SB loss: 0.000000
2025-01-03 17:03:47,722 Epoch: [0/20] Iter:[20/227], Time: 1.63, lr: [0.009960343675822199], Loss: 1.519796, Acc:0.083959, Semantic loss: 0.000000, BCE loss: 1.519796, SB loss: 0.000000
2025-01-03 17:03:55,452 Epoch: [0/20] Iter:[30/227], Time: 1.36, lr: [0.009940508937457754], Loss: 1.392504, Acc:0.081962, Semantic loss: 0.000000, BCE loss: 1.392504, SB loss: 0.000000
