2025-01-25 20:24:41,932 Namespace(cfg='configs/loveda/tests/3b_test/pidnet_small_loveda_3b_AUG_CHANCE.yaml', seed=304, opts=['GPUS', '[0]', 'TRAIN.BATCH_SIZE_PER_GPU', '6'])
2025-01-25 20:24:41,932 AUTO_RESUME: False
CUDNN:
  BENCHMARK: True
  DETERMINISTIC: False
  ENABLED: True
DATASET:
  DATASET: loveDa
  EXTRA_TRAIN_SET: 
  NUM_CLASSES: 8
  ROOT: data/
  SOURCE_DATASET: loveDA-Urban
  SOURCE_TEST_SET: list/loveDA-Urban/val.lst
  SOURCE_TRAIN_SET: list/loveDA-Urban/train.lst
  TARGET_DATASET: loveDA-Rural
  TARGET_SET: list/loveDa/val.lst
  TARGET_TEST_SET: list/loveDA-Rural/val.lst
  TARGET_TRAIN_SET: list/loveDA-Rural/train.lst
  TEST_SET: list/loveDa-Rural/val.lst
  TRAIN_SET: list/loveDA-Urban/train.lst
GPUS: (0,)
LOG_DIR: log
LOSS:
  BALANCE_WEIGHTS: [0.4, 1.0]
  CLASS_BALANCE: False
  OHEMKEEP: 131072
  OHEMTHRES: 0.7
  SB_WEIGHTS: 0.5
  USE_DICE: False
  USE_FOCAL: False
  USE_OHEM: True
MODEL:
  ALIGN_CORNERS: True
  NAME: pidnet_small
  NUM_OUTPUTS: 2
  PRETRAINED: pretrained_models/imagenet/PIDNet_S_ImageNet.pth.tar
OUTPUT_DIR: output
PIN_MEMORY: True
PRINT_FREQ: 10
TEST:
  BASE_SIZE: 1024
  BATCH_SIZE_PER_GPU: 6
  FLIP_TEST: False
  IMAGE_SIZE: [1024, 1024]
  MODEL_FILE: 
  MULTI_SCALE: False
  OUTPUT_INDEX: 1
TRAIN:
  ADVERSARIAL: False
  AUG: False
  AUG1: False
  AUG2: False
  AUG3: False
  AUG4: False
  AUG_CHANCE: True
  BASE_SIZE: 720
  BATCH_SIZE_PER_GPU: 6
  BEGIN_EPOCH: 1
  D1: False
  END_EPOCH: 20
  EVAL_INTERVAL: 1
  EXTRA_EPOCH: 0
  EXTRA_LR: 0.001
  FLIP: True
  GAN: Vanilla
  IGNORE_LABEL: 0
  IMAGE_SIZE: [720, 720]
  LAMBDA_ADV1: 0.001
  LAMBDA_ADV2: 0.001
  LR: 0.001
  LR_D1: 0.001
  LR_D2: 0.001
  MOMENTUM: 0.9
  MULTI_SCALE: True
  NESTEROV: False
  OPTIMIZER: adam
  RESUME: False
  SCALE_FACTOR: 16
  SCHEDULER: True
  SHUFFLE: True
  WD: 0.0005
WORKERS: 0
2025-01-25 20:24:42,436 Attention!!!
2025-01-25 20:24:42,436 Loaded 302 parameters!
2025-01-25 20:24:42,436 Over!!!
2025-01-25 20:24:48,689 Epoch: [0/20] Iter:[0/290], Time: 5.94, lr: [0.0002], Loss: 4.457403, Acc:0.132563, Semantic loss: 0.645847, BCE loss: 3.564413, SB loss: 0.247143
2025-01-25 20:24:57,690 Epoch: [0/20] Iter:[10/290], Time: 1.35, lr: [0.0001996896284016207], Loss: 3.154219, Acc:0.256298, Semantic loss: 0.495656, BCE loss: 2.473789, SB loss: 0.184774
2025-01-25 20:25:05,945 Epoch: [0/20] Iter:[20/290], Time: 1.10, lr: [0.00019937920319381742], Loss: 2.709149, Acc:0.265066, Semantic loss: 0.443117, BCE loss: 2.101610, SB loss: 0.164421
2025-01-25 20:25:14,808 Epoch: [0/20] Iter:[30/290], Time: 1.03, lr: [0.0001990687242745565], Loss: 2.482636, Acc:0.280476, Semantic loss: 0.396550, BCE loss: 1.940005, SB loss: 0.146081
2025-01-25 20:25:24,974 Epoch: [0/20] Iter:[40/290], Time: 1.03, lr: [0.00019875819154143275], Loss: 2.332396, Acc:0.298764, Semantic loss: 0.357977, BCE loss: 1.844003, SB loss: 0.130417
2025-01-25 20:25:34,167 Epoch: [0/20] Iter:[50/290], Time: 1.01, lr: [0.0001984476048916676], Loss: 2.257479, Acc:0.319181, Semantic loss: 0.334410, BCE loss: 1.802312, SB loss: 0.120756
2025-01-25 20:25:42,834 Epoch: [0/20] Iter:[60/290], Time: 0.98, lr: [0.00019813696422210707], Loss: 2.210240, Acc:0.334353, Semantic loss: 0.323545, BCE loss: 1.773351, SB loss: 0.113344
2025-01-25 20:25:51,890 Epoch: [0/20] Iter:[70/290], Time: 0.97, lr: [0.00019782626942921983], Loss: 2.123795, Acc:0.343688, Semantic loss: 0.308492, BCE loss: 1.708206, SB loss: 0.107097
2025-01-25 20:26:01,096 Epoch: [0/20] Iter:[80/290], Time: 0.97, lr: [0.000197515520409095], Loss: 2.052241, Acc:0.352329, Semantic loss: 0.293704, BCE loss: 1.656506, SB loss: 0.102031
2025-01-25 20:26:09,691 Epoch: [0/20] Iter:[90/290], Time: 0.95, lr: [0.0001972047170574402], Loss: 2.002248, Acc:0.360720, Semantic loss: 0.281968, BCE loss: 1.622754, SB loss: 0.097527
2025-01-25 20:26:19,060 Epoch: [0/20] Iter:[100/290], Time: 0.95, lr: [0.0001968938592695795], Loss: 1.954361, Acc:0.365305, Semantic loss: 0.274183, BCE loss: 1.585073, SB loss: 0.095104
2025-01-25 20:26:28,449 Epoch: [0/20] Iter:[110/290], Time: 0.95, lr: [0.00019658294694045123], Loss: 1.916914, Acc:0.371176, Semantic loss: 0.265579, BCE loss: 1.559220, SB loss: 0.092115
2025-01-25 20:26:37,047 Epoch: [0/20] Iter:[120/290], Time: 0.94, lr: [0.00019627197996460594], Loss: 1.888291, Acc:0.378001, Semantic loss: 0.258393, BCE loss: 1.540589, SB loss: 0.089309
2025-01-25 20:26:45,760 Epoch: [0/20] Iter:[130/290], Time: 0.94, lr: [0.00019596095823620432], Loss: 1.846562, Acc:0.385356, Semantic loss: 0.250797, BCE loss: 1.509072, SB loss: 0.086692
2025-01-25 20:26:54,673 Epoch: [0/20] Iter:[140/290], Time: 0.93, lr: [0.000195649881649015], Loss: 1.830662, Acc:0.391483, Semantic loss: 0.245545, BCE loss: 1.500572, SB loss: 0.084544
2025-01-25 20:27:03,456 Epoch: [0/20] Iter:[150/290], Time: 0.93, lr: [0.00019533875009641242], Loss: 1.807076, Acc:0.393167, Semantic loss: 0.241219, BCE loss: 1.482748, SB loss: 0.083109
2025-01-25 20:27:12,407 Epoch: [0/20] Iter:[160/290], Time: 0.93, lr: [0.00019502756347137466], Loss: 1.785592, Acc:0.397589, Semantic loss: 0.236834, BCE loss: 1.467335, SB loss: 0.081424
2025-01-25 20:27:21,562 Epoch: [0/20] Iter:[170/290], Time: 0.93, lr: [0.0001947163216664814], Loss: 1.763116, Acc:0.402280, Semantic loss: 0.232620, BCE loss: 1.450490, SB loss: 0.080005
2025-01-25 20:27:30,775 Epoch: [0/20] Iter:[180/290], Time: 0.93, lr: [0.00019440502457391143], Loss: 1.739388, Acc:0.407209, Semantic loss: 0.229154, BCE loss: 1.431090, SB loss: 0.079144
2025-01-25 20:27:39,250 Epoch: [0/20] Iter:[190/290], Time: 0.92, lr: [0.00019409367208544069], Loss: 1.721009, Acc:0.412348, Semantic loss: 0.225799, BCE loss: 1.417494, SB loss: 0.077716
2025-01-25 20:27:48,571 Epoch: [0/20] Iter:[200/290], Time: 0.92, lr: [0.00019378226409244], Loss: 1.709657, Acc:0.416244, Semantic loss: 0.223599, BCE loss: 1.409378, SB loss: 0.076680
2025-01-25 20:27:57,823 Epoch: [0/20] Iter:[210/290], Time: 0.92, lr: [0.00019347080048587277], Loss: 1.704854, Acc:0.419394, Semantic loss: 0.220606, BCE loss: 1.408609, SB loss: 0.075640
2025-01-25 20:28:06,230 Epoch: [0/20] Iter:[220/290], Time: 0.92, lr: [0.0001931592811562927], Loss: 1.684851, Acc:0.422654, Semantic loss: 0.217716, BCE loss: 1.392328, SB loss: 0.074808
2025-01-25 20:28:15,328 Epoch: [0/20] Iter:[230/290], Time: 0.92, lr: [0.0001928477059938416], Loss: 1.666491, Acc:0.424855, Semantic loss: 0.214824, BCE loss: 1.377678, SB loss: 0.073990
2025-01-25 20:28:24,468 Epoch: [0/20] Iter:[240/290], Time: 0.92, lr: [0.00019253607488824707], Loss: 1.662011, Acc:0.427831, Semantic loss: 0.212235, BCE loss: 1.376688, SB loss: 0.073088
2025-01-25 20:28:33,158 Epoch: [0/20] Iter:[250/290], Time: 0.92, lr: [0.00019222438772882014], Loss: 1.649972, Acc:0.430061, Semantic loss: 0.209865, BCE loss: 1.367712, SB loss: 0.072396
2025-01-25 20:28:42,261 Epoch: [0/20] Iter:[260/290], Time: 0.92, lr: [0.00019191264440445303], Loss: 1.649736, Acc:0.433228, Semantic loss: 0.208245, BCE loss: 1.369482, SB loss: 0.072009
2025-01-25 20:28:52,450 Epoch: [0/20] Iter:[270/290], Time: 0.92, lr: [0.00019160084480361665], Loss: 1.642483, Acc:0.436882, Semantic loss: 0.206184, BCE loss: 1.364887, SB loss: 0.071413
2025-01-25 20:29:01,370 Epoch: [0/20] Iter:[280/290], Time: 0.92, lr: [0.00019128898881435848], Loss: 1.637630, Acc:0.440195, Semantic loss: 0.204160, BCE loss: 1.362711, SB loss: 0.070759
2025-01-25 20:34:45,714 0 [0.         0.40477432 0.1349427  0.09306224 0.2917968  0.09288493
 0.07073144 0.00393492] 0.15601819266462338
2025-01-25 20:34:45,715 1 [0.         0.42857244 0.23104502 0.22121649 0.3710895  0.02513845
 0.08606473 0.00688595] 0.195716083278153
2025-01-25 20:34:45,716 => saving checkpoint to output/loveDa/pidnet_small_loveda_3b_AUG_CHANCEcheckpoint.pth.tar
2025-01-25 20:34:46,033 Loss: 1.227, MeanIU:  0.1957, Best_mIoU:  0.1957
2025-01-25 20:34:46,033 [0.         0.42857244 0.23104502 0.22121649 0.3710895  0.02513845
 0.08606473 0.00688595]
2025-01-25 20:34:46,880 Epoch: [1/20] Iter:[0/290], Time: 0.71, lr: [0.0003819541526485999], Loss: 1.538558, Acc:0.573120, Semantic loss: 0.123819, BCE loss: 1.373358, SB loss: 0.041381
2025-01-25 20:34:55,907 Epoch: [1/20] Iter:[10/290], Time: 0.89, lr: [0.00038133021444126844], Loss: 1.207290, Acc:0.486877, Semantic loss: 0.147267, BCE loss: 1.003542, SB loss: 0.056481
2025-01-25 20:35:04,954 Epoch: [1/20] Iter:[20/290], Time: 0.89, lr: [0.0003807061627802472], Loss: 1.303224, Acc:0.489775, Semantic loss: 0.151019, BCE loss: 1.094415, SB loss: 0.057789
2025-01-25 20:35:13,396 Epoch: [1/20] Iter:[30/290], Time: 0.88, lr: [0.00038008199743819464], Loss: 1.337938, Acc:0.491006, Semantic loss: 0.154230, BCE loss: 1.127037, SB loss: 0.056670
2025-01-25 20:35:22,620 Epoch: [1/20] Iter:[40/290], Time: 0.89, lr: [0.0003794577181868978], Loss: 1.371284, Acc:0.496088, Semantic loss: 0.154166, BCE loss: 1.160988, SB loss: 0.056131
2025-01-25 20:35:31,767 Epoch: [1/20] Iter:[50/290], Time: 0.89, lr: [0.0003788333247972675], Loss: 1.388630, Acc:0.498015, Semantic loss: 0.153099, BCE loss: 1.180039, SB loss: 0.055493
2025-01-25 20:35:40,198 Epoch: [1/20] Iter:[60/290], Time: 0.89, lr: [0.0003782088170393335], Loss: 1.390916, Acc:0.491512, Semantic loss: 0.153399, BCE loss: 1.181810, SB loss: 0.055707
2025-01-25 20:35:49,494 Epoch: [1/20] Iter:[70/290], Time: 0.89, lr: [0.000377584194682239], Loss: 1.385249, Acc:0.494833, Semantic loss: 0.151712, BCE loss: 1.178528, SB loss: 0.055009
2025-01-25 20:35:58,716 Epoch: [1/20] Iter:[80/290], Time: 0.90, lr: [0.00037695945749423657], Loss: 1.376339, Acc:0.498280, Semantic loss: 0.152117, BCE loss: 1.168916, SB loss: 0.055306
2025-01-25 20:36:07,595 Epoch: [1/20] Iter:[90/290], Time: 0.89, lr: [0.0003763346052426817], Loss: 1.376555, Acc:0.497654, Semantic loss: 0.151959, BCE loss: 1.169410, SB loss: 0.055186
2025-01-25 20:36:17,255 Epoch: [1/20] Iter:[100/290], Time: 0.90, lr: [0.00037570963769402904], Loss: 1.371189, Acc:0.495971, Semantic loss: 0.151990, BCE loss: 1.164227, SB loss: 0.054972
2025-01-25 20:36:26,419 Epoch: [1/20] Iter:[110/290], Time: 0.90, lr: [0.0003750845546138262], Loss: 1.382776, Acc:0.503030, Semantic loss: 0.150269, BCE loss: 1.178064, SB loss: 0.054443
2025-01-25 20:36:35,265 Epoch: [1/20] Iter:[120/290], Time: 0.90, lr: [0.0003744593557667091], Loss: 1.387968, Acc:0.503561, Semantic loss: 0.150768, BCE loss: 1.182792, SB loss: 0.054407
2025-01-25 20:36:43,946 Epoch: [1/20] Iter:[130/290], Time: 0.90, lr: [0.0003738340409163965], Loss: 1.387614, Acc:0.503388, Semantic loss: 0.150070, BCE loss: 1.183339, SB loss: 0.054205
2025-01-25 20:36:53,110 Epoch: [1/20] Iter:[140/290], Time: 0.90, lr: [0.00037320860982568494], Loss: 1.392284, Acc:0.503354, Semantic loss: 0.150453, BCE loss: 1.187581, SB loss: 0.054249
2025-01-25 20:37:02,326 Epoch: [1/20] Iter:[150/290], Time: 0.90, lr: [0.00037258306225644295], Loss: 1.385502, Acc:0.500972, Semantic loss: 0.150670, BCE loss: 1.180553, SB loss: 0.054279
2025-01-25 20:37:10,948 Epoch: [1/20] Iter:[160/290], Time: 0.90, lr: [0.00037195739796960645], Loss: 1.387807, Acc:0.503526, Semantic loss: 0.150596, BCE loss: 1.183102, SB loss: 0.054110
2025-01-25 20:37:19,946 Epoch: [1/20] Iter:[170/290], Time: 0.90, lr: [0.0003713316167251724], Loss: 1.389224, Acc:0.504556, Semantic loss: 0.149849, BCE loss: 1.185282, SB loss: 0.054092
2025-01-25 20:37:29,027 Epoch: [1/20] Iter:[180/290], Time: 0.90, lr: [0.00037070571828219423], Loss: 1.385720, Acc:0.506625, Semantic loss: 0.149546, BCE loss: 1.181963, SB loss: 0.054211
2025-01-25 20:37:37,392 Epoch: [1/20] Iter:[190/290], Time: 0.90, lr: [0.0003700797023987757], Loss: 1.384756, Acc:0.506929, Semantic loss: 0.148823, BCE loss: 1.181854, SB loss: 0.054080
2025-01-25 20:37:46,647 Epoch: [1/20] Iter:[200/290], Time: 0.90, lr: [0.0003694535688320657], Loss: 1.381576, Acc:0.507133, Semantic loss: 0.148164, BCE loss: 1.179425, SB loss: 0.053988
2025-01-25 20:37:55,734 Epoch: [1/20] Iter:[210/290], Time: 0.90, lr: [0.00036882731733825275], Loss: 1.387377, Acc:0.507793, Semantic loss: 0.148559, BCE loss: 1.184932, SB loss: 0.053886
2025-01-25 20:38:04,217 Epoch: [1/20] Iter:[220/290], Time: 0.90, lr: [0.000368200947672559], Loss: 1.385703, Acc:0.509730, Semantic loss: 0.148007, BCE loss: 1.184147, SB loss: 0.053549
2025-01-25 20:38:13,498 Epoch: [1/20] Iter:[230/290], Time: 0.90, lr: [0.00036757445958923496], Loss: 1.379994, Acc:0.509074, Semantic loss: 0.148304, BCE loss: 1.178018, SB loss: 0.053672
2025-01-25 20:38:23,092 Epoch: [1/20] Iter:[240/290], Time: 0.90, lr: [0.00036694785284155346], Loss: 1.374254, Acc:0.508890, Semantic loss: 0.147939, BCE loss: 1.172859, SB loss: 0.053456
2025-01-25 20:38:32,460 Epoch: [1/20] Iter:[250/290], Time: 0.90, lr: [0.0003663211271818044], Loss: 1.374898, Acc:0.509625, Semantic loss: 0.148150, BCE loss: 1.173387, SB loss: 0.053360
2025-01-25 20:38:42,167 Epoch: [1/20] Iter:[260/290], Time: 0.90, lr: [0.00036569428236128817], Loss: 1.367168, Acc:0.508564, Semantic loss: 0.147751, BCE loss: 1.166136, SB loss: 0.053281
2025-01-25 20:38:51,814 Epoch: [1/20] Iter:[270/290], Time: 0.91, lr: [0.0003650673181303107], Loss: 1.366525, Acc:0.507709, Semantic loss: 0.147975, BCE loss: 1.165251, SB loss: 0.053298
2025-01-25 20:39:01,619 Epoch: [1/20] Iter:[280/290], Time: 0.91, lr: [0.0003644402342381768], Loss: 1.365295, Acc:0.508724, Semantic loss: 0.147258, BCE loss: 1.164914, SB loss: 0.053124
2025-01-25 20:45:15,681 0 [0.         0.37361416 0.15716343 0.10159329 0.33905921 0.06038633
 0.0727295  0.0287076 ] 0.16189336074421487
2025-01-25 20:45:15,682 1 [0.00000000e+00 4.91618737e-01 1.96686409e-01 2.14357644e-01
 3.44823643e-01 1.35235053e-04 3.25230366e-02 2.27629769e-01] 0.2153963534807886
2025-01-25 20:45:15,683 => saving checkpoint to output/loveDa/pidnet_small_loveda_3b_AUG_CHANCEcheckpoint.pth.tar
2025-01-25 20:45:16,338 Loss: 1.183, MeanIU:  0.2154, Best_mIoU:  0.2154
2025-01-25 20:45:16,338 [0.00000000e+00 4.91618737e-01 1.96686409e-01 2.14357644e-01
 3.44823643e-01 1.35235053e-04 3.25230366e-02 2.27629769e-01]
2025-01-25 20:45:17,588 Epoch: [2/20] Iter:[0/290], Time: 1.06, lr: [0.0005457195456497774], Loss: 0.807276, Acc:0.313127, Semantic loss: 0.133336, BCE loss: 0.610931, SB loss: 0.063008
2025-01-25 20:45:26,261 Epoch: [2/20] Iter:[10/290], Time: 0.89, lr: [0.0005447785596939306], Loss: 1.211681, Acc:0.479068, Semantic loss: 0.141055, BCE loss: 1.019998, SB loss: 0.050629
2025-01-25 20:45:35,562 Epoch: [2/20] Iter:[20/290], Time: 0.91, lr: [0.0005438373931091254], Loss: 1.249779, Acc:0.495316, Semantic loss: 0.136972, BCE loss: 1.061946, SB loss: 0.050861
2025-01-25 20:45:44,882 Epoch: [2/20] Iter:[30/290], Time: 0.92, lr: [0.0005428960455132244], Loss: 1.300572, Acc:0.505987, Semantic loss: 0.137258, BCE loss: 1.111951, SB loss: 0.051363
2025-01-25 20:45:54,489 Epoch: [2/20] Iter:[40/290], Time: 0.93, lr: [0.0005419545165225449], Loss: 1.320325, Acc:0.506331, Semantic loss: 0.138689, BCE loss: 1.130230, SB loss: 0.051406
2025-01-25 20:46:03,536 Epoch: [2/20] Iter:[50/290], Time: 0.92, lr: [0.0005410128057518475], Loss: 1.324609, Acc:0.504231, Semantic loss: 0.138290, BCE loss: 1.134852, SB loss: 0.051466
2025-01-25 20:46:13,022 Epoch: [2/20] Iter:[60/290], Time: 0.93, lr: [0.0005400709128143285], Loss: 1.323063, Acc:0.504051, Semantic loss: 0.140426, BCE loss: 1.130500, SB loss: 0.052137
2025-01-25 20:46:22,197 Epoch: [2/20] Iter:[70/290], Time: 0.93, lr: [0.0005391288373216097], Loss: 1.349257, Acc:0.504058, Semantic loss: 0.141462, BCE loss: 1.155481, SB loss: 0.052314
2025-01-25 20:46:30,868 Epoch: [2/20] Iter:[80/290], Time: 0.92, lr: [0.0005381865788837288], Loss: 1.343985, Acc:0.509846, Semantic loss: 0.140391, BCE loss: 1.152013, SB loss: 0.051581
2025-01-25 20:46:40,123 Epoch: [2/20] Iter:[90/290], Time: 0.92, lr: [0.0005372441371091307], Loss: 1.342466, Acc:0.507231, Semantic loss: 0.140841, BCE loss: 1.149753, SB loss: 0.051872
2025-01-25 20:46:49,329 Epoch: [2/20] Iter:[100/290], Time: 0.92, lr: [0.0005363015116046565], Loss: 1.335237, Acc:0.507047, Semantic loss: 0.140457, BCE loss: 1.143086, SB loss: 0.051694
2025-01-25 20:46:57,976 Epoch: [2/20] Iter:[110/290], Time: 0.91, lr: [0.0005353587019755353], Loss: 1.332778, Acc:0.508987, Semantic loss: 0.140280, BCE loss: 1.140747, SB loss: 0.051751
2025-01-25 20:47:07,171 Epoch: [2/20] Iter:[120/290], Time: 0.91, lr: [0.0005344157078253733], Loss: 1.335711, Acc:0.509398, Semantic loss: 0.139912, BCE loss: 1.144312, SB loss: 0.051488
2025-01-25 20:47:16,519 Epoch: [2/20] Iter:[130/290], Time: 0.92, lr: [0.0005334725287561445], Loss: 1.328463, Acc:0.509524, Semantic loss: 0.140271, BCE loss: 1.136672, SB loss: 0.051520
2025-01-25 20:47:25,327 Epoch: [2/20] Iter:[140/290], Time: 0.91, lr: [0.0005325291643681802], Loss: 1.319453, Acc:0.509936, Semantic loss: 0.139817, BCE loss: 1.128444, SB loss: 0.051192
2025-01-25 20:47:34,511 Epoch: [2/20] Iter:[150/290], Time: 0.91, lr: [0.00053158561426016], Loss: 1.319116, Acc:0.509221, Semantic loss: 0.139754, BCE loss: 1.128180, SB loss: 0.051182
2025-01-25 20:47:43,901 Epoch: [2/20] Iter:[160/290], Time: 0.92, lr: [0.0005306418780291005], Loss: 1.320138, Acc:0.508874, Semantic loss: 0.141131, BCE loss: 1.127511, SB loss: 0.051497
2025-01-25 20:47:53,414 Epoch: [2/20] Iter:[170/290], Time: 0.92, lr: [0.000529697955270346], Loss: 1.319399, Acc:0.509111, Semantic loss: 0.140949, BCE loss: 1.127098, SB loss: 0.051352
2025-01-25 20:48:02,233 Epoch: [2/20] Iter:[180/290], Time: 0.92, lr: [0.0005287538455775576], Loss: 1.313059, Acc:0.509900, Semantic loss: 0.140653, BCE loss: 1.121027, SB loss: 0.051379
2025-01-25 20:48:11,788 Epoch: [2/20] Iter:[190/290], Time: 0.92, lr: [0.0005278095485427036], Loss: 1.316615, Acc:0.509754, Semantic loss: 0.141051, BCE loss: 1.124207, SB loss: 0.051358
2025-01-25 20:48:22,286 Epoch: [2/20] Iter:[200/290], Time: 0.92, lr: [0.0005268650637560482], Loss: 1.311938, Acc:0.510182, Semantic loss: 0.141030, BCE loss: 1.119653, SB loss: 0.051255
2025-01-25 20:48:31,046 Epoch: [2/20] Iter:[210/290], Time: 0.92, lr: [0.0005259203908061416], Loss: 1.314032, Acc:0.511685, Semantic loss: 0.140975, BCE loss: 1.121793, SB loss: 0.051264
2025-01-25 20:48:40,592 Epoch: [2/20] Iter:[220/290], Time: 0.92, lr: [0.0005249755292798091], Loss: 1.318366, Acc:0.514025, Semantic loss: 0.140572, BCE loss: 1.126692, SB loss: 0.051102
2025-01-25 20:48:50,154 Epoch: [2/20] Iter:[230/290], Time: 0.92, lr: [0.0005240304787621406], Loss: 1.320341, Acc:0.514850, Semantic loss: 0.140594, BCE loss: 1.128628, SB loss: 0.051119
2025-01-25 20:48:59,340 Epoch: [2/20] Iter:[240/290], Time: 0.92, lr: [0.0005230852388364795], Loss: 1.320914, Acc:0.514586, Semantic loss: 0.140164, BCE loss: 1.129726, SB loss: 0.051025
2025-01-25 20:49:08,311 Epoch: [2/20] Iter:[250/290], Time: 0.92, lr: [0.0005221398090844122], Loss: 1.318979, Acc:0.512477, Semantic loss: 0.140391, BCE loss: 1.127391, SB loss: 0.051197
2025-01-25 20:49:17,698 Epoch: [2/20] Iter:[260/290], Time: 0.92, lr: [0.000521194189085757], Loss: 1.320993, Acc:0.513334, Semantic loss: 0.140073, BCE loss: 1.129845, SB loss: 0.051075
2025-01-25 20:49:27,060 Epoch: [2/20] Iter:[270/290], Time: 0.92, lr: [0.000520248378418553], Loss: 1.320775, Acc:0.514250, Semantic loss: 0.139778, BCE loss: 1.129994, SB loss: 0.051003
2025-01-25 20:49:35,772 Epoch: [2/20] Iter:[280/290], Time: 0.92, lr: [0.0005193023766590487], Loss: 1.315814, Acc:0.512748, Semantic loss: 0.139447, BCE loss: 1.125518, SB loss: 0.050849
2025-01-25 20:55:51,723 0 [0.         0.42874617 0.1196199  0.11294129 0.22733699 0.12297614
 0.06172326 0.02368242] 0.15671802316801245
2025-01-25 20:55:51,723 1 [0.         0.49503299 0.18835397 0.19668174 0.32534156 0.02834874
 0.04106287 0.14406684] 0.20269838660022874
2025-01-25 20:55:51,724 => saving checkpoint to output/loveDa/pidnet_small_loveda_3b_AUG_CHANCEcheckpoint.pth.tar
2025-01-25 20:55:52,042 Loss: 1.223, MeanIU:  0.2027, Best_mIoU:  0.2154
2025-01-25 20:55:52,042 [0.         0.49503299 0.18835397 0.19668174 0.32534156 0.02834874
 0.04106287 0.14406684]
2025-01-25 20:55:52,962 Epoch: [3/20] Iter:[0/290], Time: 0.77, lr: [0.0006911415778422553], Loss: 1.190842, Acc:0.488848, Semantic loss: 0.114988, BCE loss: 1.032646, SB loss: 0.043207
2025-01-25 20:56:02,368 Epoch: [3/20] Iter:[10/290], Time: 0.93, lr: [0.0006898797308788209], Loss: 1.405763, Acc:0.525442, Semantic loss: 0.133982, BCE loss: 1.224402, SB loss: 0.047379
2025-01-25 20:56:11,823 Epoch: [3/20] Iter:[20/290], Time: 0.94, lr: [0.0006886176274161748], Loss: 1.386059, Acc:0.520512, Semantic loss: 0.143499, BCE loss: 1.191148, SB loss: 0.051412
2025-01-25 20:56:20,613 Epoch: [3/20] Iter:[30/290], Time: 0.92, lr: [0.000687355266879616], Loss: 1.373721, Acc:0.510876, Semantic loss: 0.149125, BCE loss: 1.172989, SB loss: 0.051607
2025-01-25 20:56:29,877 Epoch: [3/20] Iter:[40/290], Time: 0.92, lr: [0.00068609264869198], Loss: 1.333782, Acc:0.514061, Semantic loss: 0.147999, BCE loss: 1.133501, SB loss: 0.052282
2025-01-25 20:56:39,203 Epoch: [3/20] Iter:[50/290], Time: 0.92, lr: [0.0006848297722736237], Loss: 1.362374, Acc:0.513759, Semantic loss: 0.147391, BCE loss: 1.162820, SB loss: 0.052163
2025-01-25 20:56:48,273 Epoch: [3/20] Iter:[60/290], Time: 0.92, lr: [0.0006835666370424091], Loss: 1.357040, Acc:0.513447, Semantic loss: 0.146553, BCE loss: 1.157989, SB loss: 0.052498
2025-01-25 20:56:56,963 Epoch: [3/20] Iter:[70/290], Time: 0.91, lr: [0.0006823032424136877], Loss: 1.352421, Acc:0.513319, Semantic loss: 0.146547, BCE loss: 1.153413, SB loss: 0.052462
2025-01-25 20:57:06,082 Epoch: [3/20] Iter:[80/290], Time: 0.91, lr: [0.0006810395878002848], Loss: 1.333238, Acc:0.510784, Semantic loss: 0.146499, BCE loss: 1.134588, SB loss: 0.052150
2025-01-25 20:57:15,103 Epoch: [3/20] Iter:[90/290], Time: 0.91, lr: [0.0006797756726124826], Loss: 1.317853, Acc:0.506679, Semantic loss: 0.146757, BCE loss: 1.118967, SB loss: 0.052129
2025-01-25 20:57:23,527 Epoch: [3/20] Iter:[100/290], Time: 0.90, lr: [0.0006785114962580045], Loss: 1.313344, Acc:0.506001, Semantic loss: 0.145435, BCE loss: 1.115895, SB loss: 0.052014
2025-01-25 20:57:32,813 Epoch: [3/20] Iter:[110/290], Time: 0.91, lr: [0.0006772470581419988], Loss: 1.311732, Acc:0.505600, Semantic loss: 0.144673, BCE loss: 1.115287, SB loss: 0.051771
2025-01-25 20:57:41,965 Epoch: [3/20] Iter:[120/290], Time: 0.91, lr: [0.0006759823576670213], Loss: 1.310347, Acc:0.503727, Semantic loss: 0.143895, BCE loss: 1.114672, SB loss: 0.051780
2025-01-25 20:57:51,034 Epoch: [3/20] Iter:[130/290], Time: 0.91, lr: [0.0006747173942330195], Loss: 1.308871, Acc:0.501942, Semantic loss: 0.143400, BCE loss: 1.113761, SB loss: 0.051710
2025-01-25 20:58:00,209 Epoch: [3/20] Iter:[140/290], Time: 0.91, lr: [0.0006734521672373155], Loss: 1.312702, Acc:0.505372, Semantic loss: 0.142545, BCE loss: 1.118425, SB loss: 0.051732
2025-01-25 20:58:09,436 Epoch: [3/20] Iter:[150/290], Time: 0.91, lr: [0.0006721866760745884], Loss: 1.302432, Acc:0.501512, Semantic loss: 0.143620, BCE loss: 1.106965, SB loss: 0.051846
2025-01-25 20:58:18,419 Epoch: [3/20] Iter:[160/290], Time: 0.91, lr: [0.0006709209201368584], Loss: 1.306317, Acc:0.503574, Semantic loss: 0.142981, BCE loss: 1.111687, SB loss: 0.051648
2025-01-25 20:58:27,325 Epoch: [3/20] Iter:[170/290], Time: 0.91, lr: [0.000669654898813468], Loss: 1.304326, Acc:0.503111, Semantic loss: 0.142264, BCE loss: 1.110320, SB loss: 0.051743
2025-01-25 20:58:36,744 Epoch: [3/20] Iter:[180/290], Time: 0.91, lr: [0.0006683886114910658], Loss: 1.304495, Acc:0.501866, Semantic loss: 0.142787, BCE loss: 1.109931, SB loss: 0.051777
2025-01-25 20:58:46,137 Epoch: [3/20] Iter:[190/290], Time: 0.91, lr: [0.0006671220575535883], Loss: 1.304365, Acc:0.502079, Semantic loss: 0.142965, BCE loss: 1.109611, SB loss: 0.051789
2025-01-25 20:58:54,624 Epoch: [3/20] Iter:[200/290], Time: 0.91, lr: [0.0006658552363822425], Loss: 1.304737, Acc:0.501353, Semantic loss: 0.142896, BCE loss: 1.110133, SB loss: 0.051707
2025-01-25 20:59:04,013 Epoch: [3/20] Iter:[210/290], Time: 0.91, lr: [0.0006645881473554874], Loss: 1.310184, Acc:0.501936, Semantic loss: 0.142531, BCE loss: 1.116193, SB loss: 0.051461
2025-01-25 20:59:13,350 Epoch: [3/20] Iter:[220/290], Time: 0.91, lr: [0.0006633207898490168], Loss: 1.305968, Acc:0.502126, Semantic loss: 0.142400, BCE loss: 1.112105, SB loss: 0.051464
2025-01-25 20:59:21,963 Epoch: [3/20] Iter:[230/290], Time: 0.91, lr: [0.0006620531632357405], Loss: 1.303155, Acc:0.501963, Semantic loss: 0.141835, BCE loss: 1.110069, SB loss: 0.051252
2025-01-25 20:59:31,522 Epoch: [3/20] Iter:[240/290], Time: 0.91, lr: [0.0006607852668857661], Loss: 1.298711, Acc:0.501454, Semantic loss: 0.142410, BCE loss: 1.105122, SB loss: 0.051178
2025-01-25 20:59:41,048 Epoch: [3/20] Iter:[250/290], Time: 0.91, lr: [0.0006595171001663804], Loss: 1.295814, Acc:0.499033, Semantic loss: 0.142937, BCE loss: 1.101672, SB loss: 0.051205
2025-01-25 20:59:50,351 Epoch: [3/20] Iter:[260/290], Time: 0.91, lr: [0.000658248662442031], Loss: 1.302010, Acc:0.500327, Semantic loss: 0.142932, BCE loss: 1.107902, SB loss: 0.051177
2025-01-25 20:59:59,533 Epoch: [3/20] Iter:[270/290], Time: 0.91, lr: [0.0006569799530743069], Loss: 1.301001, Acc:0.501118, Semantic loss: 0.143296, BCE loss: 1.106269, SB loss: 0.051437
2025-01-25 21:00:09,166 Epoch: [3/20] Iter:[280/290], Time: 0.91, lr: [0.0006557109714219203], Loss: 1.301504, Acc:0.502432, Semantic loss: 0.143083, BCE loss: 1.107002, SB loss: 0.051418
2025-01-25 21:06:24,021 0 [0.         0.40648546 0.21962721 0.08895272 0.22357227 0.1110459
 0.07304438 0.00139205] 0.16058857063296839
2025-01-25 21:06:24,022 1 [0.00000000e+00 3.71556206e-01 1.36415836e-01 1.31912776e-01
 2.79134497e-01 2.88356415e-05 5.46855927e-02 5.80750881e-03] 0.1399344647077849
2025-01-25 21:06:24,023 => saving checkpoint to output/loveDa/pidnet_small_loveda_3b_AUG_CHANCEcheckpoint.pth.tar
2025-01-25 21:06:24,347 Loss: 1.203, MeanIU:  0.1399, Best_mIoU:  0.2154
2025-01-25 21:06:24,348 [0.00000000e+00 3.71556206e-01 1.36415836e-01 1.31912776e-01
 2.79134497e-01 2.88356415e-05 5.46855927e-02 5.80750881e-03]
2025-01-25 21:06:25,317 Epoch: [4/20] Iter:[0/290], Time: 0.81, lr: [0.0008180521460508585], Loss: 1.362006, Acc:0.559728, Semantic loss: 0.132648, BCE loss: 1.182579, SB loss: 0.046779
2025-01-25 21:06:34,963 Epoch: [4/20] Iter:[10/290], Time: 0.95, lr: [0.000816465235854382], Loss: 1.328312, Acc:0.532300, Semantic loss: 0.152326, BCE loss: 1.122545, SB loss: 0.053441
2025-01-25 21:06:43,594 Epoch: [4/20] Iter:[20/290], Time: 0.91, lr: [0.0008148779828754266], Loss: 1.257204, Acc:0.537271, Semantic loss: 0.142928, BCE loss: 1.063884, SB loss: 0.050392
2025-01-25 21:06:53,099 Epoch: [4/20] Iter:[30/290], Time: 0.92, lr: [0.0008132903862977541], Loss: 1.299315, Acc:0.538934, Semantic loss: 0.142226, BCE loss: 1.105514, SB loss: 0.051575
2025-01-25 21:07:02,525 Epoch: [4/20] Iter:[40/290], Time: 0.93, lr: [0.0008117024453014075], Loss: 1.326530, Acc:0.536762, Semantic loss: 0.141889, BCE loss: 1.133751, SB loss: 0.050889
2025-01-25 21:07:11,538 Epoch: [4/20] Iter:[50/290], Time: 0.92, lr: [0.0008101141590626857], Loss: 1.328346, Acc:0.528419, Semantic loss: 0.142288, BCE loss: 1.134761, SB loss: 0.051297
2025-01-25 21:07:21,547 Epoch: [4/20] Iter:[60/290], Time: 0.94, lr: [0.0008085255267541194], Loss: 1.329601, Acc:0.513986, Semantic loss: 0.143162, BCE loss: 1.134983, SB loss: 0.051456
2025-01-25 21:07:30,980 Epoch: [4/20] Iter:[70/290], Time: 0.94, lr: [0.0008069365475444442], Loss: 1.345085, Acc:0.511084, Semantic loss: 0.143137, BCE loss: 1.150382, SB loss: 0.051566
2025-01-25 21:07:40,542 Epoch: [4/20] Iter:[80/290], Time: 0.94, lr: [0.0008053472205985761], Loss: 1.354548, Acc:0.507434, Semantic loss: 0.144470, BCE loss: 1.158400, SB loss: 0.051678
2025-01-25 21:07:49,244 Epoch: [4/20] Iter:[90/290], Time: 0.93, lr: [0.0008037575450775838], Loss: 1.335450, Acc:0.509180, Semantic loss: 0.144138, BCE loss: 1.139622, SB loss: 0.051690
2025-01-25 21:07:58,776 Epoch: [4/20] Iter:[100/290], Time: 0.93, lr: [0.0008021675201386647], Loss: 1.338981, Acc:0.507767, Semantic loss: 0.144962, BCE loss: 1.142166, SB loss: 0.051852
2025-01-25 21:08:08,206 Epoch: [4/20] Iter:[110/290], Time: 0.93, lr: [0.0008005771449351167], Loss: 1.342907, Acc:0.504852, Semantic loss: 0.144402, BCE loss: 1.146869, SB loss: 0.051637
2025-01-25 21:08:17,007 Epoch: [4/20] Iter:[120/290], Time: 0.93, lr: [0.0007989864186163125], Loss: 1.334214, Acc:0.504486, Semantic loss: 0.143938, BCE loss: 1.138961, SB loss: 0.051315
2025-01-25 21:08:26,294 Epoch: [4/20] Iter:[130/290], Time: 0.93, lr: [0.0007973953403276719], Loss: 1.328146, Acc:0.503604, Semantic loss: 0.143747, BCE loss: 1.133319, SB loss: 0.051080
2025-01-25 21:08:35,843 Epoch: [4/20] Iter:[140/290], Time: 0.93, lr: [0.0007958039092106355], Loss: 1.329576, Acc:0.504787, Semantic loss: 0.144947, BCE loss: 1.133199, SB loss: 0.051430
2025-01-25 21:08:45,234 Epoch: [4/20] Iter:[150/290], Time: 0.93, lr: [0.0007942121244026365], Loss: 1.335394, Acc:0.504907, Semantic loss: 0.145050, BCE loss: 1.138981, SB loss: 0.051363
2025-01-25 21:08:54,185 Epoch: [4/20] Iter:[160/290], Time: 0.93, lr: [0.0007926199850370737], Loss: 1.336052, Acc:0.505323, Semantic loss: 0.144714, BCE loss: 1.139913, SB loss: 0.051424
2025-01-25 21:09:03,606 Epoch: [4/20] Iter:[170/290], Time: 0.93, lr: [0.0007910274902432828], Loss: 1.326088, Acc:0.503911, Semantic loss: 0.144421, BCE loss: 1.130352, SB loss: 0.051315
2025-01-25 21:09:13,124 Epoch: [4/20] Iter:[180/290], Time: 0.93, lr: [0.0007894346391465089], Loss: 1.326347, Acc:0.504011, Semantic loss: 0.143832, BCE loss: 1.131275, SB loss: 0.051240
2025-01-25 21:09:21,921 Epoch: [4/20] Iter:[190/290], Time: 0.93, lr: [0.0007878414308678781], Loss: 1.330844, Acc:0.503885, Semantic loss: 0.143876, BCE loss: 1.135665, SB loss: 0.051303
2025-01-25 21:09:31,445 Epoch: [4/20] Iter:[200/290], Time: 0.93, lr: [0.0007862478645243679], Loss: 1.325015, Acc:0.504326, Semantic loss: 0.143619, BCE loss: 1.130141, SB loss: 0.051255
2025-01-25 21:09:41,876 Epoch: [4/20] Iter:[210/290], Time: 0.94, lr: [0.0007846539392287796], Loss: 1.321261, Acc:0.504579, Semantic loss: 0.143537, BCE loss: 1.126372, SB loss: 0.051352
2025-01-25 21:09:51,040 Epoch: [4/20] Iter:[220/290], Time: 0.93, lr: [0.0007830596540897076], Loss: 1.324003, Acc:0.506907, Semantic loss: 0.142846, BCE loss: 1.129983, SB loss: 0.051173
2025-01-25 21:10:00,059 Epoch: [4/20] Iter:[230/290], Time: 0.93, lr: [0.0007814650082115113], Loss: 1.321021, Acc:0.506797, Semantic loss: 0.142263, BCE loss: 1.127606, SB loss: 0.051153
2025-01-25 21:10:09,468 Epoch: [4/20] Iter:[240/290], Time: 0.93, lr: [0.0007798700006942841], Loss: 1.315840, Acc:0.507135, Semantic loss: 0.141920, BCE loss: 1.122876, SB loss: 0.051043
2025-01-25 21:10:18,832 Epoch: [4/20] Iter:[250/290], Time: 0.93, lr: [0.0007782746306338242], Loss: 1.317715, Acc:0.507222, Semantic loss: 0.141979, BCE loss: 1.124685, SB loss: 0.051051
2025-01-25 21:10:27,537 Epoch: [4/20] Iter:[260/290], Time: 0.93, lr: [0.000776678897121604], Loss: 1.312607, Acc:0.504258, Semantic loss: 0.142295, BCE loss: 1.119151, SB loss: 0.051162
2025-01-25 21:10:37,190 Epoch: [4/20] Iter:[270/290], Time: 0.93, lr: [0.000775082799244739], Loss: 1.314635, Acc:0.503985, Semantic loss: 0.142174, BCE loss: 1.121334, SB loss: 0.051127
2025-01-25 21:10:46,774 Epoch: [4/20] Iter:[280/290], Time: 0.93, lr: [0.0007734863360859578], Loss: 1.316115, Acc:0.502578, Semantic loss: 0.142595, BCE loss: 1.122296, SB loss: 0.051224
2025-01-25 21:17:04,365 0 [0.         0.39029002 0.23302011 0.15160236 0.24715771 0.1728429
 0.12577685 0.02072397] 0.1916305588364242
2025-01-25 21:17:04,366 1 [0.         0.40472543 0.30172738 0.21682097 0.25844465 0.10106993
 0.08489652 0.05336451] 0.20300705625237594
2025-01-25 21:17:04,367 => saving checkpoint to output/loveDa/pidnet_small_loveda_3b_AUG_CHANCEcheckpoint.pth.tar
2025-01-25 21:17:04,873 Loss: 1.200, MeanIU:  0.2030, Best_mIoU:  0.2154
2025-01-25 21:17:04,873 [0.         0.40472543 0.30172738 0.21682097 0.25844465 0.10106993
 0.08489652 0.05336451]
2025-01-25 21:17:05,846 Epoch: [5/20] Iter:[0/290], Time: 0.79, lr: [0.000589433791587783], Loss: 2.019503, Acc:0.620856, Semantic loss: 0.126847, BCE loss: 1.836889, SB loss: 0.055767
2025-01-25 21:17:14,473 Epoch: [5/20] Iter:[10/290], Time: 0.86, lr: [0.0005882141331054891], Loss: 1.371648, Acc:0.521252, Semantic loss: 0.143264, BCE loss: 1.175492, SB loss: 0.052893
2025-01-25 21:17:23,855 Epoch: [5/20] Iter:[20/290], Time: 0.90, lr: [0.0005869941935632548], Loss: 1.322040, Acc:0.530054, Semantic loss: 0.138853, BCE loss: 1.130845, SB loss: 0.052342
2025-01-25 21:17:33,347 Epoch: [5/20] Iter:[30/290], Time: 0.91, lr: [0.0005857739722469876], Loss: 1.321675, Acc:0.531217, Semantic loss: 0.138575, BCE loss: 1.131241, SB loss: 0.051858
2025-01-25 21:17:42,394 Epoch: [5/20] Iter:[40/290], Time: 0.91, lr: [0.000584553468439123], Loss: 1.323955, Acc:0.528641, Semantic loss: 0.136719, BCE loss: 1.136336, SB loss: 0.050899
2025-01-25 21:17:51,422 Epoch: [5/20] Iter:[50/290], Time: 0.91, lr: [0.0005833326814185999], Loss: 1.318936, Acc:0.527200, Semantic loss: 0.135300, BCE loss: 1.133030, SB loss: 0.050606
2025-01-25 21:18:00,844 Epoch: [5/20] Iter:[60/290], Time: 0.92, lr: [0.000582111610460835], Loss: 1.324838, Acc:0.525889, Semantic loss: 0.135525, BCE loss: 1.138778, SB loss: 0.050535
2025-01-25 21:18:10,399 Epoch: [5/20] Iter:[70/290], Time: 0.92, lr: [0.000580890254837698], Loss: 1.354548, Acc:0.532170, Semantic loss: 0.135891, BCE loss: 1.168261, SB loss: 0.050396
2025-01-25 21:18:19,227 Epoch: [5/20] Iter:[80/290], Time: 0.92, lr: [0.0005796686138174856], Loss: 1.360337, Acc:0.531629, Semantic loss: 0.136649, BCE loss: 1.173421, SB loss: 0.050267
2025-01-25 21:18:28,715 Epoch: [5/20] Iter:[90/290], Time: 0.92, lr: [0.0005784466866648953], Loss: 1.334879, Acc:0.524718, Semantic loss: 0.137820, BCE loss: 1.146167, SB loss: 0.050892
2025-01-25 21:18:38,398 Epoch: [5/20] Iter:[100/290], Time: 0.92, lr: [0.0005772244726409997], Loss: 1.346855, Acc:0.528744, Semantic loss: 0.138485, BCE loss: 1.157325, SB loss: 0.051046
2025-01-25 21:18:48,531 Epoch: [5/20] Iter:[110/290], Time: 0.93, lr: [0.0005760019710032194], Loss: 1.327807, Acc:0.527694, Semantic loss: 0.139123, BCE loss: 1.137510, SB loss: 0.051174
2025-01-25 21:18:57,555 Epoch: [5/20] Iter:[120/290], Time: 0.93, lr: [0.000574779181005297], Loss: 1.318638, Acc:0.525344, Semantic loss: 0.139248, BCE loss: 1.128493, SB loss: 0.050897
2025-01-25 21:19:07,195 Epoch: [5/20] Iter:[130/290], Time: 0.93, lr: [0.0005735561018972698], Loss: 1.322026, Acc:0.526952, Semantic loss: 0.138551, BCE loss: 1.132796, SB loss: 0.050679
2025-01-25 21:19:16,802 Epoch: [5/20] Iter:[140/290], Time: 0.93, lr: [0.0005723327329254426], Loss: 1.324944, Acc:0.525531, Semantic loss: 0.139071, BCE loss: 1.134939, SB loss: 0.050934
2025-01-25 21:19:25,548 Epoch: [5/20] Iter:[150/290], Time: 0.93, lr: [0.00057110907333236], Loss: 1.317119, Acc:0.526394, Semantic loss: 0.138368, BCE loss: 1.128084, SB loss: 0.050668
2025-01-25 21:19:35,235 Epoch: [5/20] Iter:[160/290], Time: 0.93, lr: [0.0005698851223567792], Loss: 1.321079, Acc:0.526998, Semantic loss: 0.138379, BCE loss: 1.132114, SB loss: 0.050586
2025-01-25 21:19:44,821 Epoch: [5/20] Iter:[170/290], Time: 0.93, lr: [0.0005686608792336415], Loss: 1.317393, Acc:0.526305, Semantic loss: 0.138208, BCE loss: 1.128628, SB loss: 0.050556
2025-01-25 21:19:54,063 Epoch: [5/20] Iter:[180/290], Time: 0.93, lr: [0.0005674363431940441], Loss: 1.310266, Acc:0.526608, Semantic loss: 0.137571, BCE loss: 1.122382, SB loss: 0.050313
2025-01-25 21:20:03,087 Epoch: [5/20] Iter:[190/290], Time: 0.93, lr: [0.0005662115134652113], Loss: 1.318044, Acc:0.528088, Semantic loss: 0.137884, BCE loss: 1.129929, SB loss: 0.050230
2025-01-25 21:20:12,753 Epoch: [5/20] Iter:[200/290], Time: 0.93, lr: [0.0005649863892704664], Loss: 1.321972, Acc:0.527177, Semantic loss: 0.138158, BCE loss: 1.133380, SB loss: 0.050433
2025-01-25 21:20:22,336 Epoch: [5/20] Iter:[210/290], Time: 0.94, lr: [0.0005637609698292017], Loss: 1.320218, Acc:0.529896, Semantic loss: 0.137592, BCE loss: 1.132264, SB loss: 0.050362
2025-01-25 21:20:31,166 Epoch: [5/20] Iter:[220/290], Time: 0.93, lr: [0.0005625352543568496], Loss: 1.312568, Acc:0.529550, Semantic loss: 0.137526, BCE loss: 1.124829, SB loss: 0.050214
2025-01-25 21:20:40,696 Epoch: [5/20] Iter:[230/290], Time: 0.93, lr: [0.0005613092420648524], Loss: 1.302856, Acc:0.527706, Semantic loss: 0.136998, BCE loss: 1.115752, SB loss: 0.050106
2025-01-25 21:20:50,412 Epoch: [5/20] Iter:[240/290], Time: 0.94, lr: [0.0005600829321606327], Loss: 1.308115, Acc:0.528866, Semantic loss: 0.136893, BCE loss: 1.121146, SB loss: 0.050075
2025-01-25 21:20:59,922 Epoch: [5/20] Iter:[250/290], Time: 0.94, lr: [0.0005588563238475633], Loss: 1.304373, Acc:0.528543, Semantic loss: 0.136846, BCE loss: 1.117383, SB loss: 0.050145
2025-01-25 21:21:09,766 Epoch: [5/20] Iter:[260/290], Time: 0.94, lr: [0.0005576294163249355], Loss: 1.307924, Acc:0.529723, Semantic loss: 0.136689, BCE loss: 1.121244, SB loss: 0.049990
2025-01-25 21:21:19,147 Epoch: [5/20] Iter:[270/290], Time: 0.94, lr: [0.0005564022087879294], Loss: 1.305333, Acc:0.528851, Semantic loss: 0.136921, BCE loss: 1.118271, SB loss: 0.050141
2025-01-25 21:21:28,678 Epoch: [5/20] Iter:[280/290], Time: 0.94, lr: [0.000555174700427582], Loss: 1.311560, Acc:0.530220, Semantic loss: 0.136896, BCE loss: 1.124510, SB loss: 0.050154
2025-01-25 21:27:41,703 0 [0.         0.43280445 0.23193934 0.11875276 0.26504098 0.14493368
 0.13305904 0.02056909] 0.19244276328636217
2025-01-25 21:27:41,704 1 [0.         0.41920478 0.35783307 0.1981404  0.27210192 0.14574159
 0.12823473 0.18607485] 0.24390447712538482
2025-01-25 21:27:41,704 => saving checkpoint to output/loveDa/pidnet_small_loveda_3b_AUG_CHANCEcheckpoint.pth.tar
2025-01-25 21:27:42,140 Loss: 1.223, MeanIU:  0.2439, Best_mIoU:  0.2439
2025-01-25 21:27:42,140 [0.         0.41920478 0.35783307 0.1981404  0.27210192 0.14574159
 0.12823473 0.18607485]
2025-01-25 21:27:43,117 Epoch: [6/20] Iter:[0/290], Time: 0.80, lr: [0.0003888294729839952], Loss: 1.001060, Acc:0.576963, Semantic loss: 0.131321, BCE loss: 0.828079, SB loss: 0.041660
2025-01-25 21:27:53,481 Epoch: [6/20] Iter:[10/290], Time: 1.02, lr: [0.00038796742948271347], Loss: 1.312361, Acc:0.540387, Semantic loss: 0.129664, BCE loss: 1.136216, SB loss: 0.046482
2025-01-25 21:28:02,876 Epoch: [6/20] Iter:[20/290], Time: 0.98, lr: [0.0003871051731046774], Loss: 1.283179, Acc:0.545362, Semantic loss: 0.126128, BCE loss: 1.109390, SB loss: 0.047661
2025-01-25 21:28:12,030 Epoch: [6/20] Iter:[30/290], Time: 0.96, lr: [0.00038624270327019904], Loss: 1.263236, Acc:0.543874, Semantic loss: 0.127125, BCE loss: 1.089127, SB loss: 0.046984
2025-01-25 21:28:21,154 Epoch: [6/20] Iter:[40/290], Time: 0.95, lr: [0.00038538001939656953], Loss: 1.325791, Acc:0.559444, Semantic loss: 0.125313, BCE loss: 1.153876, SB loss: 0.046602
2025-01-25 21:28:30,496 Epoch: [6/20] Iter:[50/290], Time: 0.95, lr: [0.0003845171208980356], Loss: 1.314144, Acc:0.560991, Semantic loss: 0.125613, BCE loss: 1.141704, SB loss: 0.046827
2025-01-25 21:28:39,995 Epoch: [6/20] Iter:[60/290], Time: 0.95, lr: [0.00038365400718577594], Loss: 1.315630, Acc:0.558601, Semantic loss: 0.127702, BCE loss: 1.140131, SB loss: 0.047797
2025-01-25 21:28:48,741 Epoch: [6/20] Iter:[70/290], Time: 0.94, lr: [0.0003827906776678776], Loss: 1.285731, Acc:0.555306, Semantic loss: 0.126364, BCE loss: 1.111803, SB loss: 0.047563
2025-01-25 21:28:58,220 Epoch: [6/20] Iter:[80/290], Time: 0.94, lr: [0.0003819271317493119], Loss: 1.276805, Acc:0.549024, Semantic loss: 0.127582, BCE loss: 1.101343, SB loss: 0.047880
2025-01-25 21:29:07,813 Epoch: [6/20] Iter:[90/290], Time: 0.94, lr: [0.0003810633688319101], Loss: 1.281466, Acc:0.547400, Semantic loss: 0.128341, BCE loss: 1.105113, SB loss: 0.048011
2025-01-25 21:29:16,953 Epoch: [6/20] Iter:[100/290], Time: 0.94, lr: [0.00038019938831433903], Loss: 1.288416, Acc:0.548227, Semantic loss: 0.129157, BCE loss: 1.111033, SB loss: 0.048226
2025-01-25 21:29:26,272 Epoch: [6/20] Iter:[110/290], Time: 0.94, lr: [0.0003793351895920761], Loss: 1.282566, Acc:0.548587, Semantic loss: 0.129528, BCE loss: 1.104438, SB loss: 0.048600
2025-01-25 21:29:35,944 Epoch: [6/20] Iter:[120/290], Time: 0.94, lr: [0.00037847077205738455], Loss: 1.276279, Acc:0.544381, Semantic loss: 0.129188, BCE loss: 1.098434, SB loss: 0.048657
2025-01-25 21:29:45,622 Epoch: [6/20] Iter:[130/290], Time: 0.94, lr: [0.0003776061350992877], Loss: 1.290127, Acc:0.544168, Semantic loss: 0.130212, BCE loss: 1.111200, SB loss: 0.048714
2025-01-25 21:29:54,451 Epoch: [6/20] Iter:[140/290], Time: 0.94, lr: [0.0003767412781035442], Loss: 1.285701, Acc:0.541967, Semantic loss: 0.131571, BCE loss: 1.105267, SB loss: 0.048863
2025-01-25 21:30:04,838 Epoch: [6/20] Iter:[150/290], Time: 0.94, lr: [0.0003758762004526211], Loss: 1.303420, Acc:0.545136, Semantic loss: 0.131508, BCE loss: 1.123259, SB loss: 0.048653
2025-01-25 21:30:14,517 Epoch: [6/20] Iter:[160/290], Time: 0.95, lr: [0.0003750109015256687], Loss: 1.310835, Acc:0.547909, Semantic loss: 0.131246, BCE loss: 1.131035, SB loss: 0.048555
2025-01-25 21:30:23,846 Epoch: [6/20] Iter:[170/290], Time: 0.94, lr: [0.00037414538069849366], Loss: 1.303397, Acc:0.546807, Semantic loss: 0.131532, BCE loss: 1.123049, SB loss: 0.048817
2025-01-25 21:30:32,982 Epoch: [6/20] Iter:[180/290], Time: 0.94, lr: [0.0003732796373435327], Loss: 1.304099, Acc:0.548587, Semantic loss: 0.130931, BCE loss: 1.124700, SB loss: 0.048468
2025-01-25 21:30:42,571 Epoch: [6/20] Iter:[190/290], Time: 0.94, lr: [0.0003724136708298253], Loss: 1.296591, Acc:0.546622, Semantic loss: 0.130964, BCE loss: 1.117293, SB loss: 0.048335
2025-01-25 21:30:52,223 Epoch: [6/20] Iter:[200/290], Time: 0.94, lr: [0.00037154748052298686], Loss: 1.293226, Acc:0.545546, Semantic loss: 0.130753, BCE loss: 1.114280, SB loss: 0.048192
2025-01-25 21:31:00,997 Epoch: [6/20] Iter:[210/290], Time: 0.94, lr: [0.0003706810657851807], Loss: 1.294970, Acc:0.545643, Semantic loss: 0.130414, BCE loss: 1.116453, SB loss: 0.048102
2025-01-25 21:31:10,339 Epoch: [6/20] Iter:[220/290], Time: 0.94, lr: [0.000369814425975091], Loss: 1.299508, Acc:0.545401, Semantic loss: 0.130474, BCE loss: 1.120922, SB loss: 0.048112
2025-01-25 21:31:19,817 Epoch: [6/20] Iter:[230/290], Time: 0.94, lr: [0.0003689475604478939], Loss: 1.304874, Acc:0.544045, Semantic loss: 0.130615, BCE loss: 1.126134, SB loss: 0.048125
2025-01-25 21:31:28,908 Epoch: [6/20] Iter:[240/290], Time: 0.94, lr: [0.00036808046855522946], Loss: 1.298902, Acc:0.543497, Semantic loss: 0.130800, BCE loss: 1.119953, SB loss: 0.048148
2025-01-25 21:31:37,761 Epoch: [6/20] Iter:[250/290], Time: 0.94, lr: [0.00036721314964517334], Loss: 1.296457, Acc:0.545025, Semantic loss: 0.130597, BCE loss: 1.117707, SB loss: 0.048153
2025-01-25 21:31:47,016 Epoch: [6/20] Iter:[260/290], Time: 0.94, lr: [0.0003663456030622073], Loss: 1.297298, Acc:0.546928, Semantic loss: 0.130689, BCE loss: 1.118472, SB loss: 0.048138
2025-01-25 21:31:56,449 Epoch: [6/20] Iter:[270/290], Time: 0.94, lr: [0.0003654778281471897], Loss: 1.300989, Acc:0.545214, Semantic loss: 0.130874, BCE loss: 1.121916, SB loss: 0.048199
2025-01-25 21:32:05,037 Epoch: [6/20] Iter:[280/290], Time: 0.94, lr: [0.0003646098242373266], Loss: 1.302972, Acc:0.545595, Semantic loss: 0.130705, BCE loss: 1.124114, SB loss: 0.048153
2025-01-25 21:38:16,902 0 [0.         0.42946008 0.32477019 0.11510458 0.30706695 0.17523386
 0.14379097 0.02667437] 0.21744300080695747
2025-01-25 21:38:16,902 1 [0.         0.46717476 0.31049001 0.21680163 0.32178641 0.09063057
 0.15581253 0.17170666] 0.24777179491623555
2025-01-25 21:38:16,903 => saving checkpoint to output/loveDa/pidnet_small_loveda_3b_AUG_CHANCEcheckpoint.pth.tar
2025-01-25 21:38:17,332 Loss: 1.210, MeanIU:  0.2478, Best_mIoU:  0.2478
2025-01-25 21:38:17,333 [0.         0.46717476 0.31049001 0.21680163 0.32178641 0.09063057
 0.15581253 0.17170666]
2025-01-25 21:38:18,276 Epoch: [7/20] Iter:[0/290], Time: 0.79, lr: [0.00023344870940195965], Loss: 1.209143, Acc:0.499930, Semantic loss: 0.147281, BCE loss: 1.001421, SB loss: 0.060442
2025-01-25 21:38:27,383 Epoch: [7/20] Iter:[10/290], Time: 0.90, lr: [0.00023289133080558932], Loss: 1.328579, Acc:0.577898, Semantic loss: 0.131280, BCE loss: 1.146535, SB loss: 0.050764
2025-01-25 21:38:36,376 Epoch: [7/20] Iter:[20/290], Time: 0.90, lr: [0.00023233380395033275], Loss: 1.327960, Acc:0.565623, Semantic loss: 0.130639, BCE loss: 1.147561, SB loss: 0.049761
2025-01-25 21:38:45,671 Epoch: [7/20] Iter:[30/290], Time: 0.91, lr: [0.0002317761284012381], Loss: 1.280320, Acc:0.548326, Semantic loss: 0.127980, BCE loss: 1.103389, SB loss: 0.048951
2025-01-25 21:38:55,243 Epoch: [7/20] Iter:[40/290], Time: 0.92, lr: [0.000231218303720911], Loss: 1.267817, Acc:0.551322, Semantic loss: 0.128889, BCE loss: 1.090052, SB loss: 0.048876
2025-01-25 21:39:04,818 Epoch: [7/20] Iter:[50/290], Time: 0.93, lr: [0.0002306603294694943], Loss: 1.257288, Acc:0.548918, Semantic loss: 0.129340, BCE loss: 1.079391, SB loss: 0.048557
2025-01-25 21:39:14,345 Epoch: [7/20] Iter:[60/290], Time: 0.93, lr: [0.00023010220520464737], Loss: 1.244443, Acc:0.550284, Semantic loss: 0.128457, BCE loss: 1.067829, SB loss: 0.048157
2025-01-25 21:39:23,924 Epoch: [7/20] Iter:[70/290], Time: 0.94, lr: [0.00022954393048152548], Loss: 1.240034, Acc:0.552021, Semantic loss: 0.128640, BCE loss: 1.063504, SB loss: 0.047890
2025-01-25 21:39:33,396 Epoch: [7/20] Iter:[80/290], Time: 0.94, lr: [0.00022898550485275855], Loss: 1.263997, Acc:0.558901, Semantic loss: 0.128150, BCE loss: 1.088254, SB loss: 0.047594
2025-01-25 21:39:42,208 Epoch: [7/20] Iter:[90/290], Time: 0.93, lr: [0.00022842692786843042], Loss: 1.269058, Acc:0.561373, Semantic loss: 0.128366, BCE loss: 1.092820, SB loss: 0.047871
2025-01-25 21:39:51,601 Epoch: [7/20] Iter:[100/290], Time: 0.93, lr: [0.00022786819907605698], Loss: 1.269991, Acc:0.560732, Semantic loss: 0.127467, BCE loss: 1.094866, SB loss: 0.047658
2025-01-25 21:40:00,912 Epoch: [7/20] Iter:[110/290], Time: 0.93, lr: [0.00022730931802056458], Loss: 1.256639, Acc:0.558391, Semantic loss: 0.126795, BCE loss: 1.082540, SB loss: 0.047304
2025-01-25 21:40:09,646 Epoch: [7/20] Iter:[120/290], Time: 0.93, lr: [0.0002267502842442682], Loss: 1.258734, Acc:0.557956, Semantic loss: 0.126445, BCE loss: 1.085152, SB loss: 0.047136
2025-01-25 21:40:19,197 Epoch: [7/20] Iter:[130/290], Time: 0.93, lr: [0.00022619109728684906], Loss: 1.256849, Acc:0.561318, Semantic loss: 0.126299, BCE loss: 1.083509, SB loss: 0.047040
2025-01-25 21:40:28,852 Epoch: [7/20] Iter:[140/290], Time: 0.93, lr: [0.00022563175668533257], Loss: 1.259977, Acc:0.557163, Semantic loss: 0.126901, BCE loss: 1.086017, SB loss: 0.047060
2025-01-25 21:40:38,001 Epoch: [7/20] Iter:[150/290], Time: 0.93, lr: [0.00022507226197406518], Loss: 1.265524, Acc:0.556777, Semantic loss: 0.127160, BCE loss: 1.091133, SB loss: 0.047231
2025-01-25 21:40:47,183 Epoch: [7/20] Iter:[160/290], Time: 0.93, lr: [0.0002245126126846917], Loss: 1.260067, Acc:0.554456, Semantic loss: 0.127427, BCE loss: 1.085495, SB loss: 0.047145
2025-01-25 21:40:56,804 Epoch: [7/20] Iter:[170/290], Time: 0.93, lr: [0.000223952808346132], Loss: 1.262822, Acc:0.555118, Semantic loss: 0.127139, BCE loss: 1.088667, SB loss: 0.047016
2025-01-25 21:41:06,410 Epoch: [7/20] Iter:[180/290], Time: 0.93, lr: [0.00022339284848455775], Loss: 1.262915, Acc:0.555621, Semantic loss: 0.127278, BCE loss: 1.088455, SB loss: 0.047183
2025-01-25 21:41:15,795 Epoch: [7/20] Iter:[190/290], Time: 0.93, lr: [0.00022283273262336848], Loss: 1.268343, Acc:0.554795, Semantic loss: 0.127598, BCE loss: 1.093619, SB loss: 0.047126
2025-01-25 21:41:25,139 Epoch: [7/20] Iter:[200/290], Time: 0.93, lr: [0.0002222724602831674], Loss: 1.256397, Acc:0.553518, Semantic loss: 0.127360, BCE loss: 1.081911, SB loss: 0.047125
2025-01-25 21:41:34,505 Epoch: [7/20] Iter:[210/290], Time: 0.93, lr: [0.0002217120309817376], Loss: 1.254446, Acc:0.554999, Semantic loss: 0.126807, BCE loss: 1.080620, SB loss: 0.047019
2025-01-25 21:41:43,500 Epoch: [7/20] Iter:[220/290], Time: 0.93, lr: [0.00022115144423401708], Loss: 1.254916, Acc:0.556337, Semantic loss: 0.126774, BCE loss: 1.081175, SB loss: 0.046967
2025-01-25 21:41:52,754 Epoch: [7/20] Iter:[230/290], Time: 0.93, lr: [0.0002205906995520742], Loss: 1.254550, Acc:0.556257, Semantic loss: 0.126696, BCE loss: 1.080889, SB loss: 0.046966
2025-01-25 21:42:02,439 Epoch: [7/20] Iter:[240/290], Time: 0.93, lr: [0.00022002979644508217], Loss: 1.255394, Acc:0.556184, Semantic loss: 0.126729, BCE loss: 1.081781, SB loss: 0.046885
2025-01-25 21:42:12,093 Epoch: [7/20] Iter:[250/290], Time: 0.93, lr: [0.00021946873441929391], Loss: 1.257351, Acc:0.557513, Semantic loss: 0.126656, BCE loss: 1.083903, SB loss: 0.046792
2025-01-25 21:42:20,798 Epoch: [7/20] Iter:[260/290], Time: 0.93, lr: [0.00021890751297801638], Loss: 1.254474, Acc:0.555754, Semantic loss: 0.126827, BCE loss: 1.080813, SB loss: 0.046833
2025-01-25 21:42:30,349 Epoch: [7/20] Iter:[270/290], Time: 0.93, lr: [0.00021834613162158436], Loss: 1.257534, Acc:0.556686, Semantic loss: 0.126850, BCE loss: 1.083810, SB loss: 0.046874
2025-01-25 21:42:39,779 Epoch: [7/20] Iter:[280/290], Time: 0.93, lr: [0.0002177845898473342], Loss: 1.257439, Acc:0.557226, Semantic loss: 0.126621, BCE loss: 1.084044, SB loss: 0.046774
2025-01-25 21:48:48,948 0 [0.         0.45999526 0.29767674 0.19581466 0.26637051 0.1796183
 0.13821755 0.06741919] 0.2293017455730266
2025-01-25 21:48:48,948 1 [0.         0.47427998 0.30275944 0.28648159 0.25363821 0.11313285
 0.0936629  0.29541884] 0.25991054371542915
2025-01-25 21:48:48,949 => saving checkpoint to output/loveDa/pidnet_small_loveda_3b_AUG_CHANCEcheckpoint.pth.tar
2025-01-25 21:48:49,393 Loss: 1.220, MeanIU:  0.2599, Best_mIoU:  0.2599
2025-01-25 21:48:49,393 [0.         0.47427998 0.30275944 0.28648159 0.25363821 0.11313285
 0.0936629  0.29541884]
2025-01-25 21:48:50,338 Epoch: [8/20] Iter:[0/290], Time: 0.79, lr: [0.00012663949333164735], Loss: 1.088084, Acc:0.502113, Semantic loss: 0.114836, BCE loss: 0.925418, SB loss: 0.047830
2025-01-25 21:48:59,501 Epoch: [8/20] Iter:[10/290], Time: 0.91, lr: [0.0001263119302940746], Loss: 1.067425, Acc:0.532256, Semantic loss: 0.119052, BCE loss: 0.902103, SB loss: 0.046270
2025-01-25 21:49:08,305 Epoch: [8/20] Iter:[20/290], Time: 0.89, lr: [0.00012598427284419138], Loss: 1.170694, Acc:0.558910, Semantic loss: 0.117931, BCE loss: 1.008364, SB loss: 0.044398
2025-01-25 21:49:17,555 Epoch: [8/20] Iter:[30/290], Time: 0.90, lr: [0.0001256565206817986], Loss: 1.182209, Acc:0.555319, Semantic loss: 0.118401, BCE loss: 1.018973, SB loss: 0.044835
2025-01-25 21:49:26,746 Epoch: [8/20] Iter:[40/290], Time: 0.91, lr: [0.0001253286735048698], Loss: 1.176417, Acc:0.563695, Semantic loss: 0.118680, BCE loss: 1.012804, SB loss: 0.044933
2025-01-25 21:49:35,426 Epoch: [8/20] Iter:[50/290], Time: 0.90, lr: [0.0001250007310095344], Loss: 1.181825, Acc:0.565307, Semantic loss: 0.119348, BCE loss: 1.017688, SB loss: 0.044789
2025-01-25 21:49:44,816 Epoch: [8/20] Iter:[60/290], Time: 0.91, lr: [0.0001246726928900611], Loss: 1.213976, Acc:0.571501, Semantic loss: 0.120740, BCE loss: 1.047817, SB loss: 0.045419
2025-01-25 21:49:54,209 Epoch: [8/20] Iter:[70/290], Time: 0.91, lr: [0.00012434455883884103], Loss: 1.223920, Acc:0.570489, Semantic loss: 0.120519, BCE loss: 1.057848, SB loss: 0.045554
2025-01-25 21:50:02,964 Epoch: [8/20] Iter:[80/290], Time: 0.91, lr: [0.00012401632854637076], Loss: 1.237729, Acc:0.573229, Semantic loss: 0.122016, BCE loss: 1.069898, SB loss: 0.045815
2025-01-25 21:50:13,193 Epoch: [8/20] Iter:[90/290], Time: 0.92, lr: [0.00012368800170123472], Loss: 1.250418, Acc:0.572076, Semantic loss: 0.122714, BCE loss: 1.081530, SB loss: 0.046173
2025-01-25 21:50:22,646 Epoch: [8/20] Iter:[100/290], Time: 0.92, lr: [0.00012335957799008813], Loss: 1.251399, Acc:0.573080, Semantic loss: 0.121941, BCE loss: 1.083644, SB loss: 0.045814
2025-01-25 21:50:31,365 Epoch: [8/20] Iter:[110/290], Time: 0.92, lr: [0.00012303105709763902], Loss: 1.253864, Acc:0.574965, Semantic loss: 0.121943, BCE loss: 1.086043, SB loss: 0.045879
2025-01-25 21:50:40,493 Epoch: [8/20] Iter:[120/290], Time: 0.92, lr: [0.0001227024387066304], Loss: 1.256076, Acc:0.576583, Semantic loss: 0.122294, BCE loss: 1.087808, SB loss: 0.045974
2025-01-25 21:50:49,792 Epoch: [8/20] Iter:[130/290], Time: 0.92, lr: [0.00012237372249782207], Loss: 1.248773, Acc:0.574917, Semantic loss: 0.122113, BCE loss: 1.080714, SB loss: 0.045946
2025-01-25 21:50:58,884 Epoch: [8/20] Iter:[140/290], Time: 0.92, lr: [0.00012204490814997236], Loss: 1.242311, Acc:0.574632, Semantic loss: 0.122047, BCE loss: 1.074552, SB loss: 0.045711
2025-01-25 21:51:07,881 Epoch: [8/20] Iter:[150/290], Time: 0.92, lr: [0.00012171599533981954], Loss: 1.241865, Acc:0.575824, Semantic loss: 0.122060, BCE loss: 1.074311, SB loss: 0.045495
2025-01-25 21:51:17,306 Epoch: [8/20] Iter:[160/290], Time: 0.92, lr: [0.00012138698374206294], Loss: 1.247623, Acc:0.574721, Semantic loss: 0.122413, BCE loss: 1.079457, SB loss: 0.045753
2025-01-25 21:51:26,838 Epoch: [8/20] Iter:[170/290], Time: 0.92, lr: [0.00012105787302934392], Loss: 1.249488, Acc:0.572863, Semantic loss: 0.122459, BCE loss: 1.081160, SB loss: 0.045868
2025-01-25 21:51:35,536 Epoch: [8/20] Iter:[180/290], Time: 0.92, lr: [0.00012072866287222665], Loss: 1.247369, Acc:0.573083, Semantic loss: 0.122029, BCE loss: 1.079602, SB loss: 0.045737
2025-01-25 21:51:44,839 Epoch: [8/20] Iter:[190/290], Time: 0.92, lr: [0.00012039935293917857], Loss: 1.253869, Acc:0.574434, Semantic loss: 0.121776, BCE loss: 1.086375, SB loss: 0.045718
2025-01-25 21:51:54,079 Epoch: [8/20] Iter:[200/290], Time: 0.92, lr: [0.00012006994289655062], Loss: 1.244809, Acc:0.575450, Semantic loss: 0.121912, BCE loss: 1.077057, SB loss: 0.045840
2025-01-25 21:52:03,042 Epoch: [8/20] Iter:[210/290], Time: 0.92, lr: [0.00011974043240855725], Loss: 1.240750, Acc:0.575732, Semantic loss: 0.121781, BCE loss: 1.073219, SB loss: 0.045750
2025-01-25 21:52:12,031 Epoch: [8/20] Iter:[220/290], Time: 0.92, lr: [0.00011941082113725605], Loss: 1.244177, Acc:0.575445, Semantic loss: 0.122068, BCE loss: 1.076146, SB loss: 0.045963
2025-01-25 21:52:22,213 Epoch: [8/20] Iter:[230/290], Time: 0.92, lr: [0.00011908110874252747], Loss: 1.233816, Acc:0.571120, Semantic loss: 0.121947, BCE loss: 1.065982, SB loss: 0.045887
2025-01-25 21:52:31,102 Epoch: [8/20] Iter:[240/290], Time: 0.92, lr: [0.00011875129488205389], Loss: 1.234056, Acc:0.571313, Semantic loss: 0.121487, BCE loss: 1.066881, SB loss: 0.045688
2025-01-25 21:52:40,151 Epoch: [8/20] Iter:[250/290], Time: 0.92, lr: [0.00011842137921129854], Loss: 1.226415, Acc:0.569075, Semantic loss: 0.121735, BCE loss: 1.058950, SB loss: 0.045730
2025-01-25 21:52:49,402 Epoch: [8/20] Iter:[260/290], Time: 0.92, lr: [0.00011809136138348431], Loss: 1.228756, Acc:0.569730, Semantic loss: 0.121708, BCE loss: 1.061225, SB loss: 0.045824
2025-01-25 21:52:58,439 Epoch: [8/20] Iter:[270/290], Time: 0.92, lr: [0.00011776124104957215], Loss: 1.237500, Acc:0.570285, Semantic loss: 0.122006, BCE loss: 1.069561, SB loss: 0.045933
2025-01-25 21:53:07,160 Epoch: [8/20] Iter:[280/290], Time: 0.92, lr: [0.00011743101785823923], Loss: 1.240390, Acc:0.570311, Semantic loss: 0.122072, BCE loss: 1.072404, SB loss: 0.045914
2025-01-25 21:59:16,271 0 [0.         0.45876358 0.2193042  0.14936146 0.25705086 0.16015512
 0.10646839 0.09726528] 0.20690984048577787
2025-01-25 21:59:16,272 1 [0.         0.41317077 0.12641658 0.25048196 0.26151012 0.08907819
 0.07101054 0.38594515] 0.22823047088418683
2025-01-25 21:59:16,273 => saving checkpoint to output/loveDa/pidnet_small_loveda_3b_AUG_CHANCEcheckpoint.pth.tar
2025-01-25 21:59:16,776 Loss: 1.198, MeanIU:  0.2282, Best_mIoU:  0.2599
2025-01-25 21:59:16,776 [0.         0.41317077 0.12641658 0.25048196 0.26151012 0.08907819
 0.07101054 0.38594515]
2025-01-25 21:59:18,002 Epoch: [9/20] Iter:[0/290], Time: 1.05, lr: [6.152153759656528e-05], Loss: 1.462365, Acc:0.547276, Semantic loss: 0.129558, BCE loss: 1.288975, SB loss: 0.043831
2025-01-25 21:59:27,110 Epoch: [9/20] Iter:[10/290], Time: 0.93, lr: [6.134793862347577e-05], Loss: 1.215281, Acc:0.585102, Semantic loss: 0.116632, BCE loss: 1.054474, SB loss: 0.044175
2025-01-25 21:59:36,671 Epoch: [9/20] Iter:[20/290], Time: 0.94, lr: [6.117428505083533e-05], Loss: 1.250490, Acc:0.600880, Semantic loss: 0.114830, BCE loss: 1.092016, SB loss: 0.043644
2025-01-25 21:59:46,305 Epoch: [9/20] Iter:[30/290], Time: 0.95, lr: [6.100057668915133e-05], Loss: 1.236143, Acc:0.603066, Semantic loss: 0.115718, BCE loss: 1.076859, SB loss: 0.043565
2025-01-25 21:59:55,095 Epoch: [9/20] Iter:[40/290], Time: 0.93, lr: [6.082681334767156e-05], Loss: 1.192187, Acc:0.590944, Semantic loss: 0.115624, BCE loss: 1.032669, SB loss: 0.043895
2025-01-25 22:00:04,723 Epoch: [9/20] Iter:[50/290], Time: 0.94, lr: [6.065299483437197e-05], Loss: 1.162782, Acc:0.581817, Semantic loss: 0.116695, BCE loss: 1.002119, SB loss: 0.043968
2025-01-25 22:00:14,402 Epoch: [9/20] Iter:[60/290], Time: 0.94, lr: [6.047912095594403e-05], Loss: 1.181620, Acc:0.584291, Semantic loss: 0.118318, BCE loss: 1.019285, SB loss: 0.044017
2025-01-25 22:00:23,756 Epoch: [9/20] Iter:[70/290], Time: 0.94, lr: [6.030519151778209e-05], Loss: 1.200775, Acc:0.586401, Semantic loss: 0.117726, BCE loss: 1.039080, SB loss: 0.043970
2025-01-25 22:00:33,115 Epoch: [9/20] Iter:[80/290], Time: 0.94, lr: [6.01312063239704e-05], Loss: 1.214345, Acc:0.587800, Semantic loss: 0.118126, BCE loss: 1.051985, SB loss: 0.044234
2025-01-25 22:00:42,948 Epoch: [9/20] Iter:[90/290], Time: 0.95, lr: [5.9957165177270084e-05], Loss: 1.212318, Acc:0.587187, Semantic loss: 0.118129, BCE loss: 1.049788, SB loss: 0.044401
2025-01-25 22:00:52,684 Epoch: [9/20] Iter:[100/290], Time: 0.95, lr: [5.978306787910593e-05], Loss: 1.213910, Acc:0.590142, Semantic loss: 0.117908, BCE loss: 1.051650, SB loss: 0.044352
2025-01-25 22:01:02,580 Epoch: [9/20] Iter:[110/290], Time: 0.95, lr: [5.960891422955294e-05], Loss: 1.214662, Acc:0.588524, Semantic loss: 0.118265, BCE loss: 1.051687, SB loss: 0.044711
2025-01-25 22:01:12,016 Epoch: [9/20] Iter:[120/290], Time: 0.95, lr: [5.9434704027322796e-05], Loss: 1.212761, Acc:0.587569, Semantic loss: 0.118495, BCE loss: 1.049398, SB loss: 0.044868
2025-01-25 22:01:21,721 Epoch: [9/20] Iter:[130/290], Time: 0.95, lr: [5.9260437069750006e-05], Loss: 1.237042, Acc:0.590508, Semantic loss: 0.118907, BCE loss: 1.073247, SB loss: 0.044888
2025-01-25 22:01:31,208 Epoch: [9/20] Iter:[140/290], Time: 0.95, lr: [5.9086113152778044e-05], Loss: 1.234451, Acc:0.589981, Semantic loss: 0.119297, BCE loss: 1.070074, SB loss: 0.045079
2025-01-25 22:01:39,934 Epoch: [9/20] Iter:[150/290], Time: 0.95, lr: [5.891173207094515e-05], Loss: 1.226452, Acc:0.588407, Semantic loss: 0.118764, BCE loss: 1.062811, SB loss: 0.044877
2025-01-25 22:01:49,430 Epoch: [9/20] Iter:[160/290], Time: 0.95, lr: [5.873729361737003e-05], Loss: 1.227693, Acc:0.588372, Semantic loss: 0.118980, BCE loss: 1.063822, SB loss: 0.044892
2025-01-25 22:01:58,974 Epoch: [9/20] Iter:[170/290], Time: 0.95, lr: [5.856279758373729e-05], Loss: 1.222310, Acc:0.586693, Semantic loss: 0.119026, BCE loss: 1.058308, SB loss: 0.044975
2025-01-25 22:02:07,784 Epoch: [9/20] Iter:[180/290], Time: 0.94, lr: [5.838824376028274e-05], Loss: 1.222046, Acc:0.586525, Semantic loss: 0.118563, BCE loss: 1.058749, SB loss: 0.044735
2025-01-25 22:02:17,242 Epoch: [9/20] Iter:[190/290], Time: 0.94, lr: [5.82136319357785e-05], Loss: 1.221094, Acc:0.586311, Semantic loss: 0.118797, BCE loss: 1.057505, SB loss: 0.044793
2025-01-25 22:02:26,792 Epoch: [9/20] Iter:[200/290], Time: 0.94, lr: [5.8038961897517816e-05], Loss: 1.219907, Acc:0.586961, Semantic loss: 0.119233, BCE loss: 1.055768, SB loss: 0.044905
2025-01-25 22:02:36,166 Epoch: [9/20] Iter:[210/290], Time: 0.94, lr: [5.786423343129975e-05], Loss: 1.218140, Acc:0.584569, Semantic loss: 0.119682, BCE loss: 1.053550, SB loss: 0.044909
2025-01-25 22:02:45,123 Epoch: [9/20] Iter:[220/290], Time: 0.94, lr: [5.7689446321413634e-05], Loss: 1.219484, Acc:0.584719, Semantic loss: 0.119830, BCE loss: 1.054753, SB loss: 0.044901
2025-01-25 22:02:54,689 Epoch: [9/20] Iter:[230/290], Time: 0.94, lr: [5.75146003506233e-05], Loss: 1.212756, Acc:0.583634, Semantic loss: 0.119631, BCE loss: 1.048262, SB loss: 0.044863
2025-01-25 22:03:04,500 Epoch: [9/20] Iter:[240/290], Time: 0.94, lr: [5.73396953001511e-05], Loss: 1.208575, Acc:0.582154, Semantic loss: 0.119327, BCE loss: 1.044473, SB loss: 0.044776
2025-01-25 22:03:14,418 Epoch: [9/20] Iter:[250/290], Time: 0.95, lr: [5.716473094966179e-05], Loss: 1.209286, Acc:0.582670, Semantic loss: 0.119105, BCE loss: 1.045488, SB loss: 0.044693
2025-01-25 22:03:23,877 Epoch: [9/20] Iter:[260/290], Time: 0.95, lr: [5.6989707077245915e-05], Loss: 1.216362, Acc:0.582714, Semantic loss: 0.119071, BCE loss: 1.052595, SB loss: 0.044696
2025-01-25 22:03:33,546 Epoch: [9/20] Iter:[270/290], Time: 0.95, lr: [5.681462345940331e-05], Loss: 1.213300, Acc:0.582728, Semantic loss: 0.119350, BCE loss: 1.049155, SB loss: 0.044795
2025-01-25 22:03:43,286 Epoch: [9/20] Iter:[280/290], Time: 0.95, lr: [5.6639479871026194e-05], Loss: 1.213592, Acc:0.581820, Semantic loss: 0.119300, BCE loss: 1.049505, SB loss: 0.044787
2025-01-25 22:09:56,994 0 [0.         0.46067497 0.23114702 0.13838294 0.2871909  0.16175082
 0.09989729 0.06771035] 0.20667918116736791
2025-01-25 22:09:56,995 1 [0.         0.47956607 0.19895514 0.26273122 0.300799   0.09096386
 0.07464779 0.26771636] 0.23933992148197852
2025-01-25 22:09:56,996 => saving checkpoint to output/loveDa/pidnet_small_loveda_3b_AUG_CHANCEcheckpoint.pth.tar
2025-01-25 22:09:57,327 Loss: 1.239, MeanIU:  0.2393, Best_mIoU:  0.2599
2025-01-25 22:09:57,328 [0.         0.47956607 0.19895514 0.26273122 0.300799   0.09096386
 0.07464779 0.26771636]
2025-01-25 22:09:58,282 Epoch: [10/20] Iter:[0/290], Time: 0.77, lr: [2.6482314014831744e-05], Loss: 1.165234, Acc:0.599354, Semantic loss: 0.106304, BCE loss: 1.018362, SB loss: 0.040569
2025-01-25 22:10:07,484 Epoch: [10/20] Iter:[10/290], Time: 0.91, lr: [2.6400113335028084e-05], Loss: 1.317303, Acc:0.615754, Semantic loss: 0.115858, BCE loss: 1.156545, SB loss: 0.044900
2025-01-25 22:10:16,829 Epoch: [10/20] Iter:[20/290], Time: 0.92, lr: [2.631788420710148e-05], Loss: 1.245572, Acc:0.592093, Semantic loss: 0.117058, BCE loss: 1.082564, SB loss: 0.045949
2025-01-25 22:10:25,408 Epoch: [10/20] Iter:[30/290], Time: 0.90, lr: [2.623562652237661e-05], Loss: 1.172229, Acc:0.589330, Semantic loss: 0.117467, BCE loss: 1.009076, SB loss: 0.045685
2025-01-25 22:10:34,734 Epoch: [10/20] Iter:[40/290], Time: 0.91, lr: [2.6153340171382804e-05], Loss: 1.175742, Acc:0.595031, Semantic loss: 0.117035, BCE loss: 1.013878, SB loss: 0.044829
2025-01-25 22:10:44,045 Epoch: [10/20] Iter:[50/290], Time: 0.91, lr: [2.6071025043845475e-05], Loss: 1.161362, Acc:0.597853, Semantic loss: 0.115805, BCE loss: 1.001124, SB loss: 0.044433
2025-01-25 22:10:52,839 Epoch: [10/20] Iter:[60/290], Time: 0.91, lr: [2.5988681028677295e-05], Loss: 1.175317, Acc:0.594888, Semantic loss: 0.116209, BCE loss: 1.014751, SB loss: 0.044357
2025-01-25 22:11:01,821 Epoch: [10/20] Iter:[70/290], Time: 0.91, lr: [2.5906308013969415e-05], Loss: 1.181491, Acc:0.597349, Semantic loss: 0.116944, BCE loss: 1.020184, SB loss: 0.044363
2025-01-25 22:11:10,998 Epoch: [10/20] Iter:[80/290], Time: 0.91, lr: [2.5823905886982364e-05], Loss: 1.170084, Acc:0.587022, Semantic loss: 0.117694, BCE loss: 1.007716, SB loss: 0.044674
2025-01-25 22:11:20,406 Epoch: [10/20] Iter:[90/290], Time: 0.91, lr: [2.5741474534137018e-05], Loss: 1.183098, Acc:0.589509, Semantic loss: 0.117053, BCE loss: 1.021473, SB loss: 0.044571
2025-01-25 22:11:29,085 Epoch: [10/20] Iter:[100/290], Time: 0.91, lr: [2.565901384100525e-05], Loss: 1.189577, Acc:0.589813, Semantic loss: 0.116978, BCE loss: 1.028083, SB loss: 0.044516
2025-01-25 22:11:39,183 Epoch: [10/20] Iter:[110/290], Time: 0.92, lr: [2.5576523692300575e-05], Loss: 1.189652, Acc:0.585595, Semantic loss: 0.117198, BCE loss: 1.027946, SB loss: 0.044508
2025-01-25 22:11:48,655 Epoch: [10/20] Iter:[120/290], Time: 0.92, lr: [2.549400397186859e-05], Loss: 1.198818, Acc:0.584982, Semantic loss: 0.117059, BCE loss: 1.037323, SB loss: 0.044437
2025-01-25 22:11:57,665 Epoch: [10/20] Iter:[130/290], Time: 0.92, lr: [2.5411454562677336e-05], Loss: 1.195192, Acc:0.583730, Semantic loss: 0.117534, BCE loss: 1.033164, SB loss: 0.044494
2025-01-25 22:12:06,986 Epoch: [10/20] Iter:[140/290], Time: 0.92, lr: [2.532887534680739e-05], Loss: 1.193149, Acc:0.582022, Semantic loss: 0.118431, BCE loss: 1.030081, SB loss: 0.044638
2025-01-25 22:12:16,466 Epoch: [10/20] Iter:[150/290], Time: 0.92, lr: [2.5246266205441993e-05], Loss: 1.188820, Acc:0.581605, Semantic loss: 0.118068, BCE loss: 1.026310, SB loss: 0.044442
2025-01-25 22:12:26,113 Epoch: [10/20] Iter:[160/290], Time: 0.92, lr: [2.5163627018856862e-05], Loss: 1.197677, Acc:0.585260, Semantic loss: 0.117990, BCE loss: 1.035405, SB loss: 0.044282
2025-01-25 22:12:34,724 Epoch: [10/20] Iter:[170/290], Time: 0.92, lr: [2.5080957666409956e-05], Loss: 1.198759, Acc:0.587726, Semantic loss: 0.118038, BCE loss: 1.036589, SB loss: 0.044132
2025-01-25 22:12:44,087 Epoch: [10/20] Iter:[180/290], Time: 0.92, lr: [2.4998258026531043e-05], Loss: 1.201781, Acc:0.588281, Semantic loss: 0.117991, BCE loss: 1.039673, SB loss: 0.044117
2025-01-25 22:12:53,268 Epoch: [10/20] Iter:[190/290], Time: 0.92, lr: [2.4915527976711102e-05], Loss: 1.198220, Acc:0.587274, Semantic loss: 0.117954, BCE loss: 1.036178, SB loss: 0.044089
2025-01-25 22:13:01,890 Epoch: [10/20] Iter:[200/290], Time: 0.92, lr: [2.4832767393491636e-05], Loss: 1.199696, Acc:0.587065, Semantic loss: 0.118082, BCE loss: 1.037326, SB loss: 0.044288
2025-01-25 22:13:11,313 Epoch: [10/20] Iter:[210/290], Time: 0.92, lr: [2.4749976152453675e-05], Loss: 1.195631, Acc:0.586369, Semantic loss: 0.117989, BCE loss: 1.033245, SB loss: 0.044397
2025-01-25 22:13:20,688 Epoch: [10/20] Iter:[220/290], Time: 0.92, lr: [2.4667154128206823e-05], Loss: 1.191413, Acc:0.585500, Semantic loss: 0.117961, BCE loss: 1.029012, SB loss: 0.044440
2025-01-25 22:13:29,808 Epoch: [10/20] Iter:[230/290], Time: 0.92, lr: [2.4584301194377904e-05], Loss: 1.191457, Acc:0.587379, Semantic loss: 0.117979, BCE loss: 1.028971, SB loss: 0.044507
2025-01-25 22:13:38,715 Epoch: [10/20] Iter:[240/290], Time: 0.92, lr: [2.4501417223599644e-05], Loss: 1.190949, Acc:0.585665, Semantic loss: 0.118010, BCE loss: 1.028284, SB loss: 0.044655
2025-01-25 22:13:49,199 Epoch: [10/20] Iter:[250/290], Time: 0.92, lr: [2.441850208749901e-05], Loss: 1.190750, Acc:0.586259, Semantic loss: 0.117767, BCE loss: 1.028417, SB loss: 0.044567
2025-01-25 22:13:58,456 Epoch: [10/20] Iter:[260/290], Time: 0.92, lr: [2.4335555656685503e-05], Loss: 1.187762, Acc:0.585522, Semantic loss: 0.117767, BCE loss: 1.025506, SB loss: 0.044490
2025-01-25 22:14:07,633 Epoch: [10/20] Iter:[270/290], Time: 0.92, lr: [2.4252577800739147e-05], Loss: 1.190751, Acc:0.586165, Semantic loss: 0.117853, BCE loss: 1.028498, SB loss: 0.044399
2025-01-25 22:14:17,310 Epoch: [10/20] Iter:[280/290], Time: 0.92, lr: [2.416956838819841e-05], Loss: 1.189964, Acc:0.585689, Semantic loss: 0.117793, BCE loss: 1.027799, SB loss: 0.044372
2025-01-25 22:20:26,141 0 [0.         0.43836446 0.31438123 0.13258149 0.27268677 0.16513541
 0.12972594 0.09256801] 0.22077761490048511
2025-01-25 22:20:26,142 1 [0.         0.4635572  0.34198358 0.28632397 0.29576804 0.05194198
 0.09724426 0.39991709] 0.2766765878128698
2025-01-25 22:20:26,143 => saving checkpoint to output/loveDa/pidnet_small_loveda_3b_AUG_CHANCEcheckpoint.pth.tar
2025-01-25 22:20:26,593 Loss: 1.253, MeanIU:  0.2767, Best_mIoU:  0.2767
2025-01-25 22:20:26,593 [0.         0.4635572  0.34198358 0.28632397 0.29576804 0.05194198
 0.09724426 0.39991709]
2025-01-25 22:20:27,525 Epoch: [11/20] Iter:[0/290], Time: 0.76, lr: [9.985527756770789e-06], Loss: 0.906042, Acc:0.615403, Semantic loss: 0.103414, BCE loss: 0.756452, SB loss: 0.046175
2025-01-25 22:20:36,717 Epoch: [11/20] Iter:[10/290], Time: 0.91, lr: [9.951088296819287e-06], Loss: 0.988265, Acc:0.621125, Semantic loss: 0.107903, BCE loss: 0.838681, SB loss: 0.041681
2025-01-25 22:20:46,046 Epoch: [11/20] Iter:[20/290], Time: 0.92, lr: [9.91663558833972e-06], Loss: 1.136951, Acc:0.627446, Semantic loss: 0.108323, BCE loss: 0.986156, SB loss: 0.042472
2025-01-25 22:20:54,559 Epoch: [11/20] Iter:[30/290], Time: 0.90, lr: [9.88216957505307e-06], Loss: 1.122914, Acc:0.606347, Semantic loss: 0.110633, BCE loss: 0.969757, SB loss: 0.042523
2025-01-25 22:21:03,775 Epoch: [11/20] Iter:[40/290], Time: 0.90, lr: [9.847690200222132e-06], Loss: 1.106661, Acc:0.597627, Semantic loss: 0.111887, BCE loss: 0.951787, SB loss: 0.042988
2025-01-25 22:21:13,145 Epoch: [11/20] Iter:[50/290], Time: 0.91, lr: [9.813197406646001e-06], Loss: 1.145933, Acc:0.598335, Semantic loss: 0.112373, BCE loss: 0.990499, SB loss: 0.043062
2025-01-25 22:21:22,048 Epoch: [11/20] Iter:[60/290], Time: 0.91, lr: [9.778691136654457e-06], Loss: 1.162298, Acc:0.606227, Semantic loss: 0.112911, BCE loss: 1.006189, SB loss: 0.043198
2025-01-25 22:21:31,000 Epoch: [11/20] Iter:[70/290], Time: 0.91, lr: [9.744171332102235e-06], Loss: 1.168787, Acc:0.599671, Semantic loss: 0.113465, BCE loss: 1.012149, SB loss: 0.043173
2025-01-25 22:21:40,243 Epoch: [11/20] Iter:[80/290], Time: 0.91, lr: [9.709637934363264e-06], Loss: 1.165187, Acc:0.597910, Semantic loss: 0.113625, BCE loss: 1.008476, SB loss: 0.043086
2025-01-25 22:21:49,198 Epoch: [11/20] Iter:[90/290], Time: 0.91, lr: [9.675090884324736e-06], Loss: 1.150501, Acc:0.595552, Semantic loss: 0.114388, BCE loss: 0.992823, SB loss: 0.043290
2025-01-25 22:21:57,798 Epoch: [11/20] Iter:[100/290], Time: 0.90, lr: [9.640530122381145e-06], Loss: 1.154473, Acc:0.594153, Semantic loss: 0.113659, BCE loss: 0.997683, SB loss: 0.043130
2025-01-25 22:22:07,886 Epoch: [11/20] Iter:[110/290], Time: 0.91, lr: [9.605955588428187e-06], Loss: 1.156218, Acc:0.594701, Semantic loss: 0.114549, BCE loss: 0.998323, SB loss: 0.043345
2025-01-25 22:22:17,271 Epoch: [11/20] Iter:[120/290], Time: 0.91, lr: [9.57136722185658e-06], Loss: 1.160437, Acc:0.597718, Semantic loss: 0.115066, BCE loss: 1.001943, SB loss: 0.043427
2025-01-25 22:22:26,040 Epoch: [11/20] Iter:[130/290], Time: 0.91, lr: [9.536764961545762e-06], Loss: 1.162743, Acc:0.597208, Semantic loss: 0.115694, BCE loss: 1.003395, SB loss: 0.043654
2025-01-25 22:22:35,291 Epoch: [11/20] Iter:[140/290], Time: 0.91, lr: [9.502148745857526e-06], Loss: 1.158411, Acc:0.596873, Semantic loss: 0.115693, BCE loss: 0.998999, SB loss: 0.043719
2025-01-25 22:22:44,681 Epoch: [11/20] Iter:[150/290], Time: 0.91, lr: [9.46751851262949e-06], Loss: 1.160688, Acc:0.596729, Semantic loss: 0.115390, BCE loss: 1.001725, SB loss: 0.043573
2025-01-25 22:22:54,056 Epoch: [11/20] Iter:[160/290], Time: 0.92, lr: [9.432874199168515e-06], Loss: 1.174460, Acc:0.601130, Semantic loss: 0.115609, BCE loss: 1.015357, SB loss: 0.043494
2025-01-25 22:23:02,849 Epoch: [11/20] Iter:[170/290], Time: 0.91, lr: [9.398215742243974e-06], Loss: 1.172038, Acc:0.602752, Semantic loss: 0.115510, BCE loss: 1.013031, SB loss: 0.043497
2025-01-25 22:23:12,267 Epoch: [11/20] Iter:[180/290], Time: 0.91, lr: [9.363543078080927e-06], Loss: 1.171361, Acc:0.603437, Semantic loss: 0.115312, BCE loss: 1.012621, SB loss: 0.043428
2025-01-25 22:23:21,646 Epoch: [11/20] Iter:[190/290], Time: 0.92, lr: [9.328856142353173e-06], Loss: 1.170540, Acc:0.603346, Semantic loss: 0.115067, BCE loss: 1.012007, SB loss: 0.043466
2025-01-25 22:23:30,342 Epoch: [11/20] Iter:[200/290], Time: 0.91, lr: [9.294154870176192e-06], Loss: 1.176088, Acc:0.603164, Semantic loss: 0.115290, BCE loss: 1.017287, SB loss: 0.043511
2025-01-25 22:23:39,818 Epoch: [11/20] Iter:[210/290], Time: 0.92, lr: [9.259439196099957e-06], Loss: 1.182126, Acc:0.604598, Semantic loss: 0.115337, BCE loss: 1.023154, SB loss: 0.043635
2025-01-25 22:23:49,244 Epoch: [11/20] Iter:[220/290], Time: 0.92, lr: [9.224709054101622e-06], Loss: 1.179886, Acc:0.604247, Semantic loss: 0.115340, BCE loss: 1.020950, SB loss: 0.043595
2025-01-25 22:23:58,419 Epoch: [11/20] Iter:[230/290], Time: 0.92, lr: [9.18996437757811e-06], Loss: 1.184692, Acc:0.603512, Semantic loss: 0.115757, BCE loss: 1.025222, SB loss: 0.043713
2025-01-25 22:24:07,529 Epoch: [11/20] Iter:[240/290], Time: 0.92, lr: [9.15520509933853e-06], Loss: 1.192584, Acc:0.604187, Semantic loss: 0.115974, BCE loss: 1.032905, SB loss: 0.043705
2025-01-25 22:24:17,636 Epoch: [11/20] Iter:[250/290], Time: 0.92, lr: [9.120431151596509e-06], Loss: 1.190716, Acc:0.602640, Semantic loss: 0.115805, BCE loss: 1.031231, SB loss: 0.043681
2025-01-25 22:24:26,942 Epoch: [11/20] Iter:[260/290], Time: 0.92, lr: [9.085642465962343e-06], Loss: 1.192179, Acc:0.602067, Semantic loss: 0.115704, BCE loss: 1.032810, SB loss: 0.043666
2025-01-25 22:24:35,725 Epoch: [11/20] Iter:[270/290], Time: 0.92, lr: [9.050838973435063e-06], Loss: 1.197630, Acc:0.603534, Semantic loss: 0.115918, BCE loss: 1.038057, SB loss: 0.043655
2025-01-25 22:24:45,125 Epoch: [11/20] Iter:[280/290], Time: 0.92, lr: [9.016020604394316e-06], Loss: 1.197292, Acc:0.603151, Semantic loss: 0.115964, BCE loss: 1.037668, SB loss: 0.043660
2025-01-25 22:30:57,018 0 [0.         0.4594674  0.32272001 0.13385141 0.28625324 0.16090894
 0.11504317 0.09438451] 0.22466124158286055
2025-01-25 22:30:57,018 1 [0.         0.50598925 0.28865345 0.30263408 0.31812024 0.05296645
 0.07545209 0.41190278] 0.279388333886102
2025-01-25 22:30:57,019 => saving checkpoint to output/loveDa/pidnet_small_loveda_3b_AUG_CHANCEcheckpoint.pth.tar
2025-01-25 22:30:57,478 Loss: 1.240, MeanIU:  0.2794, Best_mIoU:  0.2794
2025-01-25 22:30:57,478 [0.         0.50598925 0.28865345 0.30263408 0.31812024 0.05296645
 0.07545209 0.41190278]
2025-01-25 22:30:58,436 Epoch: [12/20] Iter:[0/290], Time: 0.77, lr: [3.276210238778349e-06], Loss: 1.536161, Acc:0.629526, Semantic loss: 0.110566, BCE loss: 1.378900, SB loss: 0.046696
2025-01-25 22:31:06,862 Epoch: [12/20] Iter:[10/290], Time: 0.84, lr: [3.2634980590657166e-06], Loss: 1.360591, Acc:0.601244, Semantic loss: 0.116068, BCE loss: 1.199125, SB loss: 0.045398
2025-01-25 22:31:16,102 Epoch: [12/20] Iter:[20/290], Time: 0.88, lr: [3.2507803750356083e-06], Loss: 1.291239, Acc:0.596397, Semantic loss: 0.112619, BCE loss: 1.134242, SB loss: 0.044378
2025-01-25 22:31:25,304 Epoch: [12/20] Iter:[30/290], Time: 0.89, lr: [3.2380571603571358e-06], Loss: 1.208214, Acc:0.590426, Semantic loss: 0.110804, BCE loss: 1.053923, SB loss: 0.043487
2025-01-25 22:31:34,182 Epoch: [12/20] Iter:[40/290], Time: 0.89, lr: [3.225328388457898e-06], Loss: 1.218135, Acc:0.595580, Semantic loss: 0.112225, BCE loss: 1.062234, SB loss: 0.043675
2025-01-25 22:31:43,429 Epoch: [12/20] Iter:[50/290], Time: 0.90, lr: [3.212594032520688e-06], Loss: 1.249252, Acc:0.600042, Semantic loss: 0.114017, BCE loss: 1.091113, SB loss: 0.044122
2025-01-25 22:31:52,763 Epoch: [12/20] Iter:[60/290], Time: 0.90, lr: [3.1998540654801573e-06], Loss: 1.257783, Acc:0.596563, Semantic loss: 0.116032, BCE loss: 1.097064, SB loss: 0.044687
2025-01-25 22:32:02,024 Epoch: [12/20] Iter:[70/290], Time: 0.91, lr: [3.187108460019404e-06], Loss: 1.240695, Acc:0.596609, Semantic loss: 0.114631, BCE loss: 1.081666, SB loss: 0.044398
2025-01-25 22:32:10,748 Epoch: [12/20] Iter:[80/290], Time: 0.90, lr: [3.1743571885665094e-06], Loss: 1.220544, Acc:0.597761, Semantic loss: 0.114976, BCE loss: 1.060899, SB loss: 0.044670
2025-01-25 22:32:20,159 Epoch: [12/20] Iter:[90/290], Time: 0.91, lr: [3.16160022329101e-06], Loss: 1.214390, Acc:0.597843, Semantic loss: 0.114716, BCE loss: 1.055168, SB loss: 0.044506
2025-01-25 22:32:30,278 Epoch: [12/20] Iter:[100/290], Time: 0.92, lr: [3.148837536100298e-06], Loss: 1.214574, Acc:0.601284, Semantic loss: 0.113736, BCE loss: 1.056687, SB loss: 0.044151
2025-01-25 22:32:38,967 Epoch: [12/20] Iter:[110/290], Time: 0.91, lr: [3.1360690986359657e-06], Loss: 1.200957, Acc:0.596520, Semantic loss: 0.114382, BCE loss: 1.042335, SB loss: 0.044240
2025-01-25 22:32:48,120 Epoch: [12/20] Iter:[120/290], Time: 0.91, lr: [3.1232948822700672e-06], Loss: 1.190791, Acc:0.595519, Semantic loss: 0.114358, BCE loss: 1.032220, SB loss: 0.044213
2025-01-25 22:32:57,473 Epoch: [12/20] Iter:[130/290], Time: 0.91, lr: [3.1105148581013306e-06], Loss: 1.189481, Acc:0.597443, Semantic loss: 0.114003, BCE loss: 1.031450, SB loss: 0.044028
2025-01-25 22:33:06,853 Epoch: [12/20] Iter:[140/290], Time: 0.92, lr: [3.097728996951278e-06], Loss: 1.191763, Acc:0.599646, Semantic loss: 0.114083, BCE loss: 1.033712, SB loss: 0.043969
2025-01-25 22:33:15,838 Epoch: [12/20] Iter:[150/290], Time: 0.92, lr: [3.084937269360291e-06], Loss: 1.185774, Acc:0.598209, Semantic loss: 0.114441, BCE loss: 1.027521, SB loss: 0.043812
2025-01-25 22:33:25,518 Epoch: [12/20] Iter:[160/290], Time: 0.92, lr: [3.072139645583585e-06], Loss: 1.176284, Acc:0.597632, Semantic loss: 0.114687, BCE loss: 1.017560, SB loss: 0.044037
2025-01-25 22:33:35,121 Epoch: [12/20] Iter:[170/290], Time: 0.92, lr: [3.0593360955871245e-06], Loss: 1.187652, Acc:0.600553, Semantic loss: 0.114926, BCE loss: 1.028695, SB loss: 0.044032
2025-01-25 22:33:43,780 Epoch: [12/20] Iter:[180/290], Time: 0.92, lr: [3.0465265890434432e-06], Loss: 1.188595, Acc:0.602304, Semantic loss: 0.114687, BCE loss: 1.030043, SB loss: 0.043865
2025-01-25 22:33:53,378 Epoch: [12/20] Iter:[190/290], Time: 0.92, lr: [3.0337110953273994e-06], Loss: 1.185761, Acc:0.602036, Semantic loss: 0.114779, BCE loss: 1.027127, SB loss: 0.043854
2025-01-25 22:34:02,892 Epoch: [12/20] Iter:[200/290], Time: 0.92, lr: [3.0208895835118364e-06], Loss: 1.198110, Acc:0.603356, Semantic loss: 0.114908, BCE loss: 1.039385, SB loss: 0.043817
2025-01-25 22:34:11,993 Epoch: [12/20] Iter:[210/290], Time: 0.92, lr: [3.00806202236317e-06], Loss: 1.201593, Acc:0.603529, Semantic loss: 0.115022, BCE loss: 1.042733, SB loss: 0.043837
2025-01-25 22:34:21,178 Epoch: [12/20] Iter:[220/290], Time: 0.92, lr: [2.9952283803368813e-06], Loss: 1.201861, Acc:0.604266, Semantic loss: 0.114957, BCE loss: 1.043072, SB loss: 0.043832
