2025-01-17 14:35:55,833 Namespace(cfg='configs/loveDa/pidnet_small_loveda_sdg_dice.yaml', seed=304, opts=['GPUS', '[0]', 'TRAIN.BATCH_SIZE_PER_GPU', '6'])
2025-01-17 14:35:55,833 AUTO_RESUME: False
CUDNN:
  BENCHMARK: True
  DETERMINISTIC: False
  ENABLED: True
DATASET:
  DATASET: loveDa
  EXTRA_TRAIN_SET: 
  NUM_CLASSES: 8
  ROOT: data/
  SOURCE_DATASET: loveDA-Urban
  SOURCE_TEST_SET: list/loveDA-Urban/val.lst
  SOURCE_TRAIN_SET: list/loveDA-Urban/train.lst
  TARGET_DATASET: loveDA-Rural
  TARGET_SET: list/cityscapes/val.lst
  TARGET_TEST_SET: list/loveDA-Rural/val.lst
  TARGET_TRAIN_SET: list/loveDA-Rural/train.lst
  TEST_SET: list/loveDa/val.lst
  TRAIN_SET: list/loveDa/train.lst
GPUS: (0,)
LOG_DIR: log
LOSS:
  BALANCE_WEIGHTS: [0.4, 1.0]
  CLASS_BALANCE: False
  OHEMKEEP: 131072
  OHEMTHRES: 0.7
  SB_WEIGHTS: 0.5
  USE_DICE: True
  USE_FOCAL: False
  USE_OHEM: False
MODEL:
  ALIGN_CORNERS: True
  NAME: pidnet_small
  NUM_OUTPUTS: 2
  PRETRAINED: pretrained_models/imagenet/PIDNet_S_ImageNet.pth.tar
OUTPUT_DIR: output
PIN_MEMORY: True
PRINT_FREQ: 10
TEST:
  BASE_SIZE: 2048
  BATCH_SIZE_PER_GPU: 20
  FLIP_TEST: False
  IMAGE_SIZE: [1024, 1024]
  MODEL_FILE: 
  MULTI_SCALE: False
  OUTPUT_INDEX: 1
TRAIN:
  ADVERSARIAL: False
  AUG: False
  AUG1: False
  AUG2: False
  AUG3: False
  AUG4: False
  AUG_CHANCE: False
  BASE_SIZE: 2048
  BATCH_SIZE_PER_GPU: 6
  BEGIN_EPOCH: 1
  END_EPOCH: 20
  EVAL_INTERVAL: 1
  EXTRA_EPOCH: 0
  EXTRA_LR: 0.001
  FLIP: True
  GAN: Vanilla
  IGNORE_LABEL: 0
  IMAGE_SIZE: [720, 720]
  LAMBDA_ADV1: 0.001
  LAMBDA_ADV2: 0.001
  LR: 0.001
  LR_D1: 0.001
  LR_D2: 0.001
  MOMENTUM: 0.9
  MULTI_SCALE: True
  NESTEROV: False
  OPTIMIZER: sgd
  RESUME: True
  SCALE_FACTOR: 16
  SCHEDULER: False
  SHUFFLE: True
  WD: 0.0005
WORKERS: 0
2025-01-17 14:35:56,102 Attention!!!
2025-01-17 14:35:56,102 Loaded 302 parameters!
2025-01-17 14:35:56,102 Over!!!
2025-01-17 14:35:56,408 => loaded checkpoint (epoch 11)
2025-01-17 14:35:59,911 Epoch: [11/20] Iter:[0/192], Time: 3.50, lr: [0.00048740643917899543], Loss: 3.055639, Acc:0.263632, Semantic loss: 0.940452, BCE loss: 1.147344, SB loss: 0.967843
2025-01-17 14:36:07,242 Epoch: [11/20] Iter:[10/192], Time: 0.97, lr: [0.0004848671278701159], Loss: 3.317537, Acc:0.187302, Semantic loss: 0.933044, BCE loss: 1.407961, SB loss: 0.976532
2025-01-17 14:36:14,325 Epoch: [11/20] Iter:[20/192], Time: 0.85, lr: [0.000482326338059753], Loss: 3.341304, Acc:0.195262, Semantic loss: 0.931927, BCE loss: 1.432348, SB loss: 0.977030
2025-01-17 14:36:21,521 Epoch: [11/20] Iter:[30/192], Time: 0.81, lr: [0.000479784060223045], Loss: 3.370804, Acc:0.194866, Semantic loss: 0.930508, BCE loss: 1.463041, SB loss: 0.977256
2025-01-17 14:36:28,521 Epoch: [11/20] Iter:[40/192], Time: 0.78, lr: [0.00047724028471729513], Loss: 3.346541, Acc:0.190244, Semantic loss: 0.931064, BCE loss: 1.439081, SB loss: 0.976395
2025-01-17 14:36:35,857 Epoch: [11/20] Iter:[50/192], Time: 0.77, lr: [0.0004746950017798064], Loss: 3.348431, Acc:0.186633, Semantic loss: 0.930873, BCE loss: 1.441279, SB loss: 0.976278
2025-01-17 14:36:43,161 Epoch: [11/20] Iter:[60/192], Time: 0.76, lr: [0.0004721482015256639], Loss: 3.383571, Acc:0.185700, Semantic loss: 0.930936, BCE loss: 1.476595, SB loss: 0.976040
