2025-01-17 11:27:20,269 Namespace(cfg='configs/loveDa/pidnet_small_loveda_sdg_dice.yaml', seed=304, opts=['GPUS', '[0]', 'TRAIN.BATCH_SIZE_PER_GPU', '6'])
2025-01-17 11:27:20,269 AUTO_RESUME: False
CUDNN:
  BENCHMARK: True
  DETERMINISTIC: False
  ENABLED: True
DATASET:
  DATASET: loveDa
  EXTRA_TRAIN_SET: 
  NUM_CLASSES: 8
  ROOT: data/
  SOURCE_DATASET: loveDA-Urban
  SOURCE_TEST_SET: list/loveDA-Urban/val.lst
  SOURCE_TRAIN_SET: list/loveDA-Urban/train.lst
  TARGET_DATASET: loveDA-Rural
  TARGET_SET: list/cityscapes/val.lst
  TARGET_TEST_SET: list/loveDA-Rural/val.lst
  TARGET_TRAIN_SET: list/loveDA-Rural/train.lst
  TEST_SET: list/loveDa/val.lst
  TRAIN_SET: list/loveDa/train.lst
GPUS: (0,)
LOG_DIR: log
LOSS:
  BALANCE_WEIGHTS: [0.4, 1.0]
  CLASS_BALANCE: False
  OHEMKEEP: 131072
  OHEMTHRES: 0.7
  SB_WEIGHTS: 0.5
  USE_DICE: True
  USE_FOCAL: False
  USE_OHEM: False
MODEL:
  ALIGN_CORNERS: True
  NAME: pidnet_small
  NUM_OUTPUTS: 2
  PRETRAINED: pretrained_models/imagenet/PIDNet_S_ImageNet.pth.tar
OUTPUT_DIR: output
PIN_MEMORY: True
PRINT_FREQ: 10
TEST:
  BASE_SIZE: 2048
  BATCH_SIZE_PER_GPU: 20
  FLIP_TEST: False
  IMAGE_SIZE: [1024, 1024]
  MODEL_FILE: 
  MULTI_SCALE: False
  OUTPUT_INDEX: 1
TRAIN:
  ADVERSARIAL: False
  AUG: False
  AUG1: False
  AUG2: False
  AUG3: False
  AUG4: False
  AUG_CHANCE: False
  BASE_SIZE: 2048
  BATCH_SIZE_PER_GPU: 6
  BEGIN_EPOCH: 1
  END_EPOCH: 20
  EVAL_INTERVAL: 1
  EXTRA_EPOCH: 0
  EXTRA_LR: 0.001
  FLIP: True
  GAN: Vanilla
  IGNORE_LABEL: 0
  IMAGE_SIZE: [720, 720]
  LAMBDA_ADV1: 0.001
  LAMBDA_ADV2: 0.001
  LR: 0.001
  LR_D1: 0.001
  LR_D2: 0.001
  MOMENTUM: 0.9
  MULTI_SCALE: True
  NESTEROV: False
  OPTIMIZER: sgd
  RESUME: True
  SCALE_FACTOR: 16
  SCHEDULER: False
  SHUFFLE: True
  WD: 0.0005
WORKERS: 0
2025-01-17 11:27:20,437 Attention!!!
2025-01-17 11:27:20,437 Loaded 302 parameters!
2025-01-17 11:27:20,439 Over!!!
2025-01-17 11:27:23,751 Epoch: [0/20] Iter:[0/192], Time: 3.12, lr: [0.001], Loss: 6.022566, Acc:0.186362, Semantic loss: 0.985779, BCE loss: 4.059923, SB loss: 0.976864
2025-01-17 11:27:31,534 Epoch: [0/20] Iter:[10/192], Time: 0.98, lr: [0.0009976559445324194], Loss: 5.762894, Acc:0.145069, Semantic loss: 0.983437, BCE loss: 3.807099, SB loss: 0.972357
2025-01-17 11:27:39,010 Epoch: [0/20] Iter:[20/192], Time: 0.87, lr: [0.000995311276959276], Loss: 5.308200, Acc:0.148662, Semantic loss: 0.983846, BCE loss: 3.356253, SB loss: 0.968101
2025-01-17 11:27:46,478 Epoch: [0/20] Iter:[30/192], Time: 0.83, lr: [0.000992965995517728], Loss: 5.075554, Acc:0.149082, Semantic loss: 0.983156, BCE loss: 3.128293, SB loss: 0.964105
2025-01-17 11:27:53,821 Epoch: [0/20] Iter:[40/192], Time: 0.81, lr: [0.0009906200984352155], Loss: 4.846099, Acc:0.152196, Semantic loss: 0.983693, BCE loss: 2.899947, SB loss: 0.962459
2025-01-17 11:28:01,216 Epoch: [0/20] Iter:[50/192], Time: 0.79, lr: [0.0009882735839293803], Loss: 4.684833, Acc:0.155492, Semantic loss: 0.984027, BCE loss: 2.739187, SB loss: 0.961620
2025-01-17 11:28:08,526 Epoch: [0/20] Iter:[60/192], Time: 0.78, lr: [0.000985926450207989], Loss: 4.612442, Acc:0.159351, Semantic loss: 0.984045, BCE loss: 2.667537, SB loss: 0.960861
2025-01-17 11:28:15,835 Epoch: [0/20] Iter:[70/192], Time: 0.78, lr: [0.0009835786954688485], Loss: 4.558693, Acc:0.160774, Semantic loss: 0.984097, BCE loss: 2.614276, SB loss: 0.960319
2025-01-17 11:28:22,870 Epoch: [0/20] Iter:[80/192], Time: 0.77, lr: [0.000981230317899726], Loss: 4.482876, Acc:0.163326, Semantic loss: 0.983857, BCE loss: 2.538757, SB loss: 0.960262
2025-01-17 11:28:30,152 Epoch: [0/20] Iter:[90/192], Time: 0.76, lr: [0.0009788813156782663], Loss: 4.401791, Acc:0.165444, Semantic loss: 0.983925, BCE loss: 2.457399, SB loss: 0.960467
2025-01-17 11:28:37,377 Epoch: [0/20] Iter:[100/192], Time: 0.76, lr: [0.0009765316869719068], Loss: 4.344443, Acc:0.166634, Semantic loss: 0.983772, BCE loss: 2.399920, SB loss: 0.960751
2025-01-17 11:28:44,773 Epoch: [0/20] Iter:[110/192], Time: 0.76, lr: [0.0009741814299377942], Loss: 4.301805, Acc:0.169326, Semantic loss: 0.983700, BCE loss: 2.357259, SB loss: 0.960846
2025-01-17 11:28:51,948 Epoch: [0/20] Iter:[120/192], Time: 0.75, lr: [0.0009718305427226986], Loss: 4.241578, Acc:0.171659, Semantic loss: 0.983618, BCE loss: 2.296791, SB loss: 0.961168
2025-01-17 11:28:59,386 Epoch: [0/20] Iter:[130/192], Time: 0.75, lr: [0.0009694790234629266], Loss: 4.212021, Acc:0.173001, Semantic loss: 0.983424, BCE loss: 2.267034, SB loss: 0.961563
2025-01-17 11:29:06,836 Epoch: [0/20] Iter:[140/192], Time: 0.75, lr: [0.0009671268702842339], Loss: 4.170543, Acc:0.173962, Semantic loss: 0.983320, BCE loss: 2.225200, SB loss: 0.962023
2025-01-17 11:29:14,463 Epoch: [0/20] Iter:[150/192], Time: 0.75, lr: [0.0009647740813017376], Loss: 4.127422, Acc:0.175614, Semantic loss: 0.983298, BCE loss: 2.181660, SB loss: 0.962464
2025-01-17 11:29:21,673 Epoch: [0/20] Iter:[160/192], Time: 0.75, lr: [0.0009624206546198262], Loss: 4.099610, Acc:0.176711, Semantic loss: 0.983167, BCE loss: 2.153520, SB loss: 0.962923
2025-01-17 11:29:29,001 Epoch: [0/20] Iter:[170/192], Time: 0.75, lr: [0.0009600665883320689], Loss: 4.071273, Acc:0.177688, Semantic loss: 0.983000, BCE loss: 2.124973, SB loss: 0.963300
2025-01-17 11:29:36,373 Epoch: [0/20] Iter:[180/192], Time: 0.75, lr: [0.0009577118805211255], Loss: 4.055328, Acc:0.180107, Semantic loss: 0.982929, BCE loss: 2.108868, SB loss: 0.963531
2025-01-17 11:29:43,846 Epoch: [0/20] Iter:[190/192], Time: 0.75, lr: [0.0009553565292586524], Loss: 4.034965, Acc:0.181272, Semantic loss: 0.982836, BCE loss: 2.088375, SB loss: 0.963755
2025-01-17 11:42:15,193 0 [0.         0.06914143 0.06711539 0.02588471 0.24224435 0.04647595
 0.11823558 0.03844099] 0.0759422998076285
2025-01-17 11:42:15,198 1 [0.         0.15022047 0.15597682 0.02392801 0.13818877 0.03856254
 0.05713093 0.01037311] 0.07179758284966589
2025-01-17 11:42:15,207 => saving checkpoint to output\loveDa\pidnet_small_loveda_sdg_dicecheckpoint.pth.tar
2025-01-17 11:42:15,496 Loss: 3.591, MeanIU:  0.0718, Best_mIoU:  0.0718
2025-01-17 11:42:15,496 [0.         0.15022047 0.15597682 0.02392801 0.13818877 0.03856254
 0.05713093 0.01037311]
2025-01-17 11:42:16,394 Epoch: [1/20] Iter:[0/192], Time: 0.78, lr: [0.0009548853816214997], Loss: 3.550162, Acc:0.270397, Semantic loss: 0.981904, BCE loss: 1.598199, SB loss: 0.970060
2025-01-17 11:42:24,164 Epoch: [1/20] Iter:[10/192], Time: 0.78, lr: [0.0009525292556561478], Loss: 3.622024, Acc:0.223318, Semantic loss: 0.980075, BCE loss: 1.672133, SB loss: 0.969815
2025-01-17 11:42:31,966 Epoch: [1/20] Iter:[20/192], Time: 0.78, lr: [0.0009501724819577191], Loss: 3.598120, Acc:0.210379, Semantic loss: 0.979618, BCE loss: 1.647550, SB loss: 0.970951
2025-01-17 11:42:39,581 Epoch: [1/20] Iter:[30/192], Time: 0.77, lr: [0.0009478150585620286], Loss: 3.593294, Acc:0.208176, Semantic loss: 0.979368, BCE loss: 1.642433, SB loss: 0.971493
2025-01-17 11:42:47,320 Epoch: [1/20] Iter:[40/192], Time: 0.77, lr: [0.0009454569834934885], Loss: 3.624192, Acc:0.206522, Semantic loss: 0.978837, BCE loss: 1.673223, SB loss: 0.972132
2025-01-17 11:42:54,761 Epoch: [1/20] Iter:[50/192], Time: 0.77, lr: [0.0009430982547650113], Loss: 3.586677, Acc:0.210152, Semantic loss: 0.978978, BCE loss: 1.635497, SB loss: 0.972202
2025-01-17 11:43:02,140 Epoch: [1/20] Iter:[60/192], Time: 0.76, lr: [0.0009407388703779092], Loss: 3.594577, Acc:0.210031, Semantic loss: 0.978790, BCE loss: 1.643763, SB loss: 0.972024
2025-01-17 11:43:09,587 Epoch: [1/20] Iter:[70/192], Time: 0.76, lr: [0.0009383788283217955], Loss: 3.589569, Acc:0.212606, Semantic loss: 0.978191, BCE loss: 1.639557, SB loss: 0.971820
2025-01-17 11:43:17,261 Epoch: [1/20] Iter:[80/192], Time: 0.76, lr: [0.0009360181265744821], Loss: 3.584331, Acc:0.213098, Semantic loss: 0.977639, BCE loss: 1.634964, SB loss: 0.971728
2025-01-17 11:43:24,953 Epoch: [1/20] Iter:[90/192], Time: 0.76, lr: [0.000933656763101877], Loss: 3.598432, Acc:0.213258, Semantic loss: 0.977058, BCE loss: 1.649371, SB loss: 0.972002
2025-01-17 11:43:32,703 Epoch: [1/20] Iter:[100/192], Time: 0.76, lr: [0.0009312947358578815], Loss: 3.578954, Acc:0.213503, Semantic loss: 0.976589, BCE loss: 1.629960, SB loss: 0.972405
2025-01-17 11:43:40,905 Epoch: [1/20] Iter:[110/192], Time: 0.77, lr: [0.0009289320427842841], Loss: 3.574937, Acc:0.215028, Semantic loss: 0.976603, BCE loss: 1.625736, SB loss: 0.972598
2025-01-17 11:43:48,647 Epoch: [1/20] Iter:[120/192], Time: 0.77, lr: [0.0009265686818106553], Loss: 3.573075, Acc:0.214863, Semantic loss: 0.976232, BCE loss: 1.623908, SB loss: 0.972935
2025-01-17 11:43:55,900 Epoch: [1/20] Iter:[130/192], Time: 0.77, lr: [0.0009242046508542393], Loss: 3.559274, Acc:0.215838, Semantic loss: 0.975928, BCE loss: 1.610261, SB loss: 0.973085
2025-01-17 11:44:03,514 Epoch: [1/20] Iter:[140/192], Time: 0.77, lr: [0.0009218399478198466], Loss: 3.547514, Acc:0.214862, Semantic loss: 0.975683, BCE loss: 1.598464, SB loss: 0.973367
2025-01-17 11:44:11,015 Epoch: [1/20] Iter:[150/192], Time: 0.76, lr: [0.0009194745705997427], Loss: 3.557303, Acc:0.215576, Semantic loss: 0.975464, BCE loss: 1.608343, SB loss: 0.973496
2025-01-17 11:44:18,805 Epoch: [1/20] Iter:[160/192], Time: 0.77, lr: [0.000917108517073538], Loss: 3.552031, Acc:0.216556, Semantic loss: 0.975224, BCE loss: 1.603300, SB loss: 0.973506
2025-01-17 11:44:26,406 Epoch: [1/20] Iter:[170/192], Time: 0.76, lr: [0.0009147417851080751], Loss: 3.550609, Acc:0.216409, Semantic loss: 0.974918, BCE loss: 1.602094, SB loss: 0.973596
2025-01-17 11:44:34,073 Epoch: [1/20] Iter:[180/192], Time: 0.76, lr: [0.000912374372557314], Loss: 3.551502, Acc:0.216644, Semantic loss: 0.974600, BCE loss: 1.603273, SB loss: 0.973630
2025-01-17 11:44:41,674 Epoch: [1/20] Iter:[190/192], Time: 0.76, lr: [0.0009100062772622185], Loss: 3.552692, Acc:0.216645, Semantic loss: 0.974167, BCE loss: 1.604784, SB loss: 0.973740
2025-01-17 11:55:46,339 0 [0.         0.08357165 0.12413342 0.03363806 0.26840539 0.05619896
 0.14759971 0.02955287] 0.09288750594437585
2025-01-17 11:55:46,343 1 [0.         0.17363585 0.14721262 0.03499875 0.16240194 0.05383105
 0.07755843 0.01551864] 0.0831446586234505
2025-01-17 11:55:46,352 => saving checkpoint to output\loveDa\pidnet_small_loveda_sdg_dicecheckpoint.pth.tar
2025-01-17 11:55:46,623 Loss: 3.474, MeanIU:  0.0831, Best_mIoU:  0.0831
2025-01-17 11:55:46,623 [0.         0.17363585 0.14721262 0.03499875 0.16240194 0.05383105
 0.07755843 0.01551864]
2025-01-17 11:55:48,769 Epoch: [2/20] Iter:[0/192], Time: 1.29, lr: [0.0009095325760829623], Loss: 3.299366, Acc:0.243963, Semantic loss: 0.962130, BCE loss: 1.361287, SB loss: 0.975949
2025-01-17 11:56:09,686 Epoch: [2/20] Iter:[10/192], Time: 2.02, lr: [0.0009071636586262653], Loss: 3.421876, Acc:0.227658, Semantic loss: 0.969231, BCE loss: 1.476188, SB loss: 0.976458
2025-01-17 11:56:30,071 Epoch: [2/20] Iter:[20/192], Time: 2.03, lr: [0.0009047940536290279], Loss: 3.488011, Acc:0.225043, Semantic loss: 0.969207, BCE loss: 1.542040, SB loss: 0.976764
2025-01-17 11:56:50,630 Epoch: [2/20] Iter:[30/192], Time: 2.04, lr: [0.0009024237588898335], Loss: 3.467315, Acc:0.218198, Semantic loss: 0.969363, BCE loss: 1.520295, SB loss: 0.977658
2025-01-17 11:57:11,135 Epoch: [2/20] Iter:[40/192], Time: 2.04, lr: [0.0009000527721937696], Loss: 3.455473, Acc:0.218485, Semantic loss: 0.969379, BCE loss: 1.509060, SB loss: 0.977035
2025-01-17 11:57:31,596 Epoch: [2/20] Iter:[50/192], Time: 2.04, lr: [0.0008976810913123052], Loss: 3.451357, Acc:0.217614, Semantic loss: 0.969277, BCE loss: 1.505025, SB loss: 0.977055
2025-01-17 11:57:51,730 Epoch: [2/20] Iter:[60/192], Time: 2.04, lr: [0.000895308714003167], Loss: 3.461177, Acc:0.216455, Semantic loss: 0.968649, BCE loss: 1.515403, SB loss: 0.977126
2025-01-17 11:58:12,452 Epoch: [2/20] Iter:[70/192], Time: 2.04, lr: [0.0008929356380102143], Loss: 3.467997, Acc:0.218098, Semantic loss: 0.967989, BCE loss: 1.522581, SB loss: 0.977427
2025-01-17 11:58:32,972 Epoch: [2/20] Iter:[80/192], Time: 2.04, lr: [0.0008905618610633113], Loss: 3.493037, Acc:0.217392, Semantic loss: 0.967685, BCE loss: 1.547662, SB loss: 0.977689
2025-01-17 11:58:53,593 Epoch: [2/20] Iter:[90/192], Time: 2.04, lr: [0.0008881873808781991], Loss: 3.493242, Acc:0.217923, Semantic loss: 0.967528, BCE loss: 1.547936, SB loss: 0.977779
2025-01-17 11:59:14,088 Epoch: [2/20] Iter:[100/192], Time: 2.05, lr: [0.0008858121951563658], Loss: 3.490159, Acc:0.217048, Semantic loss: 0.967192, BCE loss: 1.545189, SB loss: 0.977778
2025-01-17 11:59:34,572 Epoch: [2/20] Iter:[110/192], Time: 2.05, lr: [0.0008834363015849136], Loss: 3.467562, Acc:0.218082, Semantic loss: 0.966899, BCE loss: 1.522689, SB loss: 0.977973
2025-01-17 11:59:54,674 Epoch: [2/20] Iter:[120/192], Time: 2.04, lr: [0.0008810596978364273], Loss: 3.472444, Acc:0.219271, Semantic loss: 0.966332, BCE loss: 1.528288, SB loss: 0.977825
2025-01-17 12:00:15,314 Epoch: [2/20] Iter:[130/192], Time: 2.04, lr: [0.0008786823815688379], Loss: 3.472714, Acc:0.220898, Semantic loss: 0.965892, BCE loss: 1.528939, SB loss: 0.977883
2025-01-17 12:00:35,415 Epoch: [2/20] Iter:[140/192], Time: 2.04, lr: [0.0008763043504252865], Loss: 3.487165, Acc:0.222596, Semantic loss: 0.965306, BCE loss: 1.543951, SB loss: 0.977908
2025-01-17 12:00:55,910 Epoch: [2/20] Iter:[150/192], Time: 2.04, lr: [0.0008739256020339866], Loss: 3.512407, Acc:0.221799, Semantic loss: 0.965176, BCE loss: 1.569244, SB loss: 0.977988
2025-01-17 12:01:16,309 Epoch: [2/20] Iter:[160/192], Time: 2.04, lr: [0.000871546134008083], Loss: 3.519431, Acc:0.223423, Semantic loss: 0.964660, BCE loss: 1.576835, SB loss: 0.977936
2025-01-17 12:01:36,492 Epoch: [2/20] Iter:[170/192], Time: 2.04, lr: [0.0008691659439455107], Loss: 3.512127, Acc:0.223108, Semantic loss: 0.964598, BCE loss: 1.569465, SB loss: 0.978064
2025-01-17 12:01:56,776 Epoch: [2/20] Iter:[180/192], Time: 2.04, lr: [0.0008667850294288516], Loss: 3.514480, Acc:0.222284, Semantic loss: 0.964290, BCE loss: 1.572019, SB loss: 0.978171
2025-01-17 12:02:16,910 Epoch: [2/20] Iter:[190/192], Time: 2.04, lr: [0.0008644033880251887], Loss: 3.526722, Acc:0.222470, Semantic loss: 0.963796, BCE loss: 1.584608, SB loss: 0.978318
2025-01-17 12:12:55,056 0 [0.         0.12221291 0.15893317 0.03307122 0.3111139  0.0562987
 0.17692054 0.01944794] 0.10974979875293892
2025-01-17 12:12:55,058 1 [0.         0.17573328 0.15321327 0.0346376  0.16580273 0.05269603
 0.07306765 0.01915743] 0.08428849822860973
2025-01-17 12:12:55,060 => saving checkpoint to output\loveDa\pidnet_small_loveda_sdg_dicecheckpoint.pth.tar
2025-01-17 12:12:55,327 Loss: 3.445, MeanIU:  0.0843, Best_mIoU:  0.0843
2025-01-17 12:12:55,327 [0.         0.17573328 0.15321327 0.0346376  0.16580273 0.05269603
 0.07306765 0.01915743]
2025-01-17 12:12:57,581 Epoch: [3/20] Iter:[0/192], Time: 1.37, lr: [0.0008639269723028191], Loss: 3.580389, Acc:0.191071, Semantic loss: 0.954973, BCE loss: 1.644260, SB loss: 0.981157
2025-01-17 12:13:18,343 Epoch: [3/20] Iter:[10/192], Time: 2.01, lr: [0.0008615444554012614], Loss: 3.529070, Acc:0.217132, Semantic loss: 0.958455, BCE loss: 1.589627, SB loss: 0.980987
2025-01-17 12:13:38,907 Epoch: [3/20] Iter:[20/192], Time: 2.03, lr: [0.0008591612062049989], Loss: 3.596205, Acc:0.226222, Semantic loss: 0.957852, BCE loss: 1.657900, SB loss: 0.980452
2025-01-17 12:13:59,625 Epoch: [3/20] Iter:[30/192], Time: 2.05, lr: [0.0008567772222305215], Loss: 3.551973, Acc:0.224196, Semantic loss: 0.958384, BCE loss: 1.613258, SB loss: 0.980331
2025-01-17 12:14:20,252 Epoch: [3/20] Iter:[40/192], Time: 2.05, lr: [0.0008543925009781887], Loss: 3.523590, Acc:0.221668, Semantic loss: 0.959393, BCE loss: 1.584097, SB loss: 0.980100
2025-01-17 12:14:40,847 Epoch: [3/20] Iter:[50/192], Time: 2.05, lr: [0.000852007039932076], Loss: 3.516109, Acc:0.219809, Semantic loss: 0.958712, BCE loss: 1.576978, SB loss: 0.980419
2025-01-17 12:15:02,068 Epoch: [3/20] Iter:[60/192], Time: 2.06, lr: [0.0008496208365598179], Loss: 3.513200, Acc:0.219455, Semantic loss: 0.958766, BCE loss: 1.574027, SB loss: 0.980407
2025-01-17 12:15:22,548 Epoch: [3/20] Iter:[70/192], Time: 2.06, lr: [0.0008472338883124478], Loss: 3.507110, Acc:0.217686, Semantic loss: 0.958911, BCE loss: 1.567645, SB loss: 0.980553
2025-01-17 12:15:43,203 Epoch: [3/20] Iter:[80/192], Time: 2.06, lr: [0.0008448461926242373], Loss: 3.481283, Acc:0.217667, Semantic loss: 0.958419, BCE loss: 1.542335, SB loss: 0.980529
2025-01-17 12:16:03,872 Epoch: [3/20] Iter:[90/192], Time: 2.06, lr: [0.0008424577469125338], Loss: 3.483895, Acc:0.217715, Semantic loss: 0.958274, BCE loss: 1.544943, SB loss: 0.980678
2025-01-17 12:16:24,729 Epoch: [3/20] Iter:[100/192], Time: 2.06, lr: [0.0008400685485775935], Loss: 3.486026, Acc:0.219512, Semantic loss: 0.958258, BCE loss: 1.546980, SB loss: 0.980789
2025-01-17 12:16:45,685 Epoch: [3/20] Iter:[110/192], Time: 2.07, lr: [0.0008376785950024154], Loss: 3.492460, Acc:0.219717, Semantic loss: 0.958250, BCE loss: 1.553213, SB loss: 0.980997
2025-01-17 12:17:05,884 Epoch: [3/20] Iter:[120/192], Time: 2.06, lr: [0.000835287883552571], Loss: 3.487027, Acc:0.218959, Semantic loss: 0.957835, BCE loss: 1.548687, SB loss: 0.980506
2025-01-17 12:17:26,232 Epoch: [3/20] Iter:[130/192], Time: 2.06, lr: [0.0008328964115760324], Loss: 3.480796, Acc:0.218364, Semantic loss: 0.957330, BCE loss: 1.543156, SB loss: 0.980311
2025-01-17 12:17:46,667 Epoch: [3/20] Iter:[140/192], Time: 2.06, lr: [0.0008305041764029987], Loss: 3.472069, Acc:0.219421, Semantic loss: 0.957442, BCE loss: 1.534136, SB loss: 0.980490
2025-01-17 12:18:07,306 Epoch: [3/20] Iter:[150/192], Time: 2.06, lr: [0.0008281111753457188], Loss: 3.473611, Acc:0.218553, Semantic loss: 0.957384, BCE loss: 1.535619, SB loss: 0.980609
2025-01-17 12:18:27,331 Epoch: [3/20] Iter:[160/192], Time: 2.06, lr: [0.0008257174056983132], Loss: 3.484083, Acc:0.219229, Semantic loss: 0.957123, BCE loss: 1.546628, SB loss: 0.980332
2025-01-17 12:18:47,874 Epoch: [3/20] Iter:[170/192], Time: 2.06, lr: [0.0008233228647365931], Loss: 3.477825, Acc:0.218761, Semantic loss: 0.956664, BCE loss: 1.540943, SB loss: 0.980218
2025-01-17 12:19:08,495 Epoch: [3/20] Iter:[180/192], Time: 2.06, lr: [0.0008209275497178764], Loss: 3.469481, Acc:0.219084, Semantic loss: 0.956559, BCE loss: 1.532733, SB loss: 0.980189
2025-01-17 12:19:28,886 Epoch: [3/20] Iter:[190/192], Time: 2.06, lr: [0.0008185314578808021], Loss: 3.476572, Acc:0.219866, Semantic loss: 0.956316, BCE loss: 1.540119, SB loss: 0.980136
2025-01-17 12:30:04,494 0 [0.         0.14920893 0.17487643 0.03604536 0.3460429  0.05703898
 0.19846323 0.01235326] 0.12175363614981
2025-01-17 12:30:04,496 1 [0.         0.16656862 0.15007055 0.03796911 0.15830799 0.06104999
 0.08717224 0.02130977] 0.08530603228361391
2025-01-17 12:30:04,499 => saving checkpoint to output\loveDa\pidnet_small_loveda_sdg_dicecheckpoint.pth.tar
2025-01-17 12:30:04,754 Loss: 3.407, MeanIU:  0.0853, Best_mIoU:  0.0853
2025-01-17 12:30:04,754 [0.         0.16656862 0.15007055 0.03796911 0.15830799 0.06104999
 0.08717224 0.02130977]
2025-01-17 12:30:06,923 Epoch: [4/20] Iter:[0/192], Time: 1.28, lr: [0.0008180521460508585], Loss: 3.599707, Acc:0.223621, Semantic loss: 0.957739, BCE loss: 1.660648, SB loss: 0.981319
2025-01-17 12:30:27,175 Epoch: [4/20] Iter:[10/192], Time: 1.96, lr: [0.0008156551183601796], Loss: 3.533721, Acc:0.219519, Semantic loss: 0.954196, BCE loss: 1.596861, SB loss: 0.982664
2025-01-17 12:30:47,218 Epoch: [4/20] Iter:[20/192], Time: 1.98, lr: [0.0008132573077094668], Loss: 3.532144, Acc:0.223082, Semantic loss: 0.954752, BCE loss: 1.596263, SB loss: 0.981128
2025-01-17 12:31:07,221 Epoch: [4/20] Iter:[30/192], Time: 1.99, lr: [0.0008108587112763078], Loss: 3.538145, Acc:0.228471, Semantic loss: 0.954036, BCE loss: 1.603520, SB loss: 0.980589
2025-01-17 12:31:26,986 Epoch: [4/20] Iter:[40/192], Time: 1.98, lr: [0.0008084593262188027], Loss: 3.527422, Acc:0.230085, Semantic loss: 0.952737, BCE loss: 1.594067, SB loss: 0.980618
2025-01-17 12:31:46,847 Epoch: [4/20] Iter:[50/192], Time: 1.98, lr: [0.0008060591496753653], Loss: 3.529139, Acc:0.226788, Semantic loss: 0.952257, BCE loss: 1.596478, SB loss: 0.980404
2025-01-17 12:32:07,127 Epoch: [4/20] Iter:[60/192], Time: 1.99, lr: [0.0008036581787645204], Loss: 3.509403, Acc:0.223421, Semantic loss: 0.951854, BCE loss: 1.576617, SB loss: 0.980933
2025-01-17 12:32:26,644 Epoch: [4/20] Iter:[70/192], Time: 1.99, lr: [0.0008012564105846995], Loss: 3.505569, Acc:0.221379, Semantic loss: 0.951600, BCE loss: 1.573102, SB loss: 0.980867
2025-01-17 12:32:46,785 Epoch: [4/20] Iter:[80/192], Time: 1.99, lr: [0.0007988538422140333], Loss: 3.496806, Acc:0.223487, Semantic loss: 0.951534, BCE loss: 1.564350, SB loss: 0.980922
2025-01-17 12:33:06,940 Epoch: [4/20] Iter:[90/192], Time: 1.99, lr: [0.0007964504707101411], Loss: 3.494436, Acc:0.222190, Semantic loss: 0.951026, BCE loss: 1.562307, SB loss: 0.981103
2025-01-17 12:33:26,842 Epoch: [4/20] Iter:[100/192], Time: 1.99, lr: [0.0007940462931099175], Loss: 3.469885, Acc:0.220087, Semantic loss: 0.951026, BCE loss: 1.537785, SB loss: 0.981074
2025-01-17 12:33:47,082 Epoch: [4/20] Iter:[110/192], Time: 1.99, lr: [0.0007916413064293164], Loss: 3.470592, Acc:0.219082, Semantic loss: 0.951245, BCE loss: 1.538241, SB loss: 0.981106
2025-01-17 12:34:06,964 Epoch: [4/20] Iter:[120/192], Time: 1.99, lr: [0.0007892355076631318], Loss: 3.468695, Acc:0.219067, Semantic loss: 0.951257, BCE loss: 1.536252, SB loss: 0.981186
2025-01-17 12:34:27,128 Epoch: [4/20] Iter:[130/192], Time: 2.00, lr: [0.0007868288937847752], Loss: 3.471212, Acc:0.218381, Semantic loss: 0.951030, BCE loss: 1.538771, SB loss: 0.981410
2025-01-17 12:34:47,426 Epoch: [4/20] Iter:[140/192], Time: 2.00, lr: [0.0007844214617460509], Loss: 3.472862, Acc:0.217956, Semantic loss: 0.950828, BCE loss: 1.540598, SB loss: 0.981436
2025-01-17 12:35:07,443 Epoch: [4/20] Iter:[150/192], Time: 2.00, lr: [0.0007820132084769268], Loss: 3.459450, Acc:0.218005, Semantic loss: 0.950827, BCE loss: 1.527195, SB loss: 0.981427
2025-01-17 12:35:27,363 Epoch: [4/20] Iter:[160/192], Time: 2.00, lr: [0.0007796041308853031], Loss: 3.463127, Acc:0.216827, Semantic loss: 0.950222, BCE loss: 1.531757, SB loss: 0.981148
2025-01-17 12:35:47,360 Epoch: [4/20] Iter:[170/192], Time: 2.00, lr: [0.0007771942258567772], Loss: 3.469325, Acc:0.217046, Semantic loss: 0.950105, BCE loss: 1.538159, SB loss: 0.981062
2025-01-17 12:36:08,022 Epoch: [4/20] Iter:[180/192], Time: 2.00, lr: [0.0007747834902544057], Loss: 3.459154, Acc:0.216407, Semantic loss: 0.950071, BCE loss: 1.528030, SB loss: 0.981054
2025-01-17 12:36:27,930 Epoch: [4/20] Iter:[190/192], Time: 2.00, lr: [0.0007723719209184621], Loss: 3.462616, Acc:0.216936, Semantic loss: 0.949907, BCE loss: 1.531775, SB loss: 0.980935
2025-01-17 12:47:02,616 0 [0.         0.1579498  0.19356781 0.04105961 0.4089883  0.05729045
 0.2221762  0.00961977] 0.13633149219390278
2025-01-17 12:47:02,618 1 [0.         0.16918047 0.14274276 0.04546732 0.17768962 0.05511778
 0.07581991 0.02059134] 0.08582614972590225
2025-01-17 12:47:02,621 => saving checkpoint to output\loveDa\pidnet_small_loveda_sdg_dicecheckpoint.pth.tar
2025-01-17 12:47:02,871 Loss: 3.378, MeanIU:  0.0858, Best_mIoU:  0.0858
2025-01-17 12:47:02,872 [0.         0.16918047 0.14274276 0.04546732 0.17768962 0.05511778
 0.07581991 0.02059134]
2025-01-17 12:47:04,994 Epoch: [5/20] Iter:[0/192], Time: 1.24, lr: [0.0007718895067235705], Loss: 3.164099, Acc:0.188343, Semantic loss: 0.946850, BCE loss: 1.234577, SB loss: 0.982672
2025-01-17 12:47:25,416 Epoch: [5/20] Iter:[10/192], Time: 1.97, lr: [0.0007694769327040612], Loss: 3.318343, Acc:0.208925, Semantic loss: 0.950179, BCE loss: 1.389058, SB loss: 0.979107
2025-01-17 12:47:45,912 Epoch: [5/20] Iter:[20/192], Time: 2.01, lr: [0.000767063517918174], Loss: 3.374639, Acc:0.206791, Semantic loss: 0.948296, BCE loss: 1.447393, SB loss: 0.978950
2025-01-17 12:48:06,110 Epoch: [5/20] Iter:[30/192], Time: 2.01, lr: [0.0007646492591316133], Loss: 3.366334, Acc:0.204813, Semantic loss: 0.949442, BCE loss: 1.437440, SB loss: 0.979452
2025-01-17 12:48:26,337 Epoch: [5/20] Iter:[40/192], Time: 2.01, lr: [0.0007622341530862475], Loss: 3.389394, Acc:0.207378, Semantic loss: 0.948390, BCE loss: 1.462344, SB loss: 0.978660
2025-01-17 12:48:47,618 Epoch: [5/20] Iter:[50/192], Time: 2.04, lr: [0.0007598181964998498], Loss: 3.438236, Acc:0.207325, Semantic loss: 0.947154, BCE loss: 1.512171, SB loss: 0.978912
2025-01-17 12:49:08,699 Epoch: [5/20] Iter:[60/192], Time: 2.05, lr: [0.0007574013860658318], Loss: 3.436222, Acc:0.207506, Semantic loss: 0.946612, BCE loss: 1.510588, SB loss: 0.979022
2025-01-17 12:49:29,359 Epoch: [5/20] Iter:[70/192], Time: 2.05, lr: [0.0007549837184529776], Loss: 3.435613, Acc:0.207287, Semantic loss: 0.946711, BCE loss: 1.509559, SB loss: 0.979343
2025-01-17 12:49:50,297 Epoch: [5/20] Iter:[80/192], Time: 2.06, lr: [0.0007525651903051721], Loss: 3.442804, Acc:0.209517, Semantic loss: 0.945978, BCE loss: 1.517663, SB loss: 0.979163
2025-01-17 12:50:11,276 Epoch: [5/20] Iter:[90/192], Time: 2.06, lr: [0.0007501457982411236], Loss: 3.447380, Acc:0.209298, Semantic loss: 0.945939, BCE loss: 1.521819, SB loss: 0.979621
2025-01-17 12:50:32,099 Epoch: [5/20] Iter:[100/192], Time: 2.06, lr: [0.000747725538854086], Loss: 3.421509, Acc:0.207180, Semantic loss: 0.946109, BCE loss: 1.495349, SB loss: 0.980050
2025-01-17 12:50:53,075 Epoch: [5/20] Iter:[110/192], Time: 2.07, lr: [0.0007453044087115737], Loss: 3.416075, Acc:0.207338, Semantic loss: 0.945757, BCE loss: 1.490259, SB loss: 0.980060
2025-01-17 12:51:14,139 Epoch: [5/20] Iter:[120/192], Time: 2.07, lr: [0.0007428824043550733], Loss: 3.409191, Acc:0.208279, Semantic loss: 0.946088, BCE loss: 1.483034, SB loss: 0.980069
2025-01-17 12:51:34,736 Epoch: [5/20] Iter:[130/192], Time: 2.07, lr: [0.0007404595222997526], Loss: 3.414659, Acc:0.207775, Semantic loss: 0.945498, BCE loss: 1.489257, SB loss: 0.979904
2025-01-17 12:51:55,282 Epoch: [5/20] Iter:[140/192], Time: 2.07, lr: [0.0007380357590341623], Loss: 3.410699, Acc:0.208112, Semantic loss: 0.945127, BCE loss: 1.485893, SB loss: 0.979679
2025-01-17 12:52:16,298 Epoch: [5/20] Iter:[150/192], Time: 2.07, lr: [0.0007356111110199354], Loss: 3.419438, Acc:0.208155, Semantic loss: 0.944984, BCE loss: 1.494870, SB loss: 0.979583
2025-01-17 12:52:37,079 Epoch: [5/20] Iter:[160/192], Time: 2.07, lr: [0.0007331855746914819], Loss: 3.419826, Acc:0.208818, Semantic loss: 0.944754, BCE loss: 1.495464, SB loss: 0.979609
2025-01-17 12:52:57,754 Epoch: [5/20] Iter:[170/192], Time: 2.07, lr: [0.0007307591464556783], Loss: 3.416920, Acc:0.209820, Semantic loss: 0.944444, BCE loss: 1.493137, SB loss: 0.979340
2025-01-17 12:53:18,446 Epoch: [5/20] Iter:[180/192], Time: 2.07, lr: [0.0007283318226915514], Loss: 3.412005, Acc:0.209721, Semantic loss: 0.944260, BCE loss: 1.488366, SB loss: 0.979380
2025-01-17 12:53:39,183 Epoch: [5/20] Iter:[190/192], Time: 2.07, lr: [0.0007259035997499605], Loss: 3.419683, Acc:0.209053, Semantic loss: 0.943994, BCE loss: 1.496338, SB loss: 0.979351
2025-01-17 13:04:23,987 0 [0.         0.18683473 0.20319879 0.04577417 0.43254397 0.05164672
 0.23900291 0.00664751] 0.1457060988322786
2025-01-17 13:04:23,990 1 [0.         0.16894671 0.14365603 0.05230023 0.15468583 0.05905134
 0.08960788 0.02596238] 0.08677629955564947
2025-01-17 13:04:23,999 => saving checkpoint to output\loveDa\pidnet_small_loveda_sdg_dicecheckpoint.pth.tar
2025-01-17 13:04:24,272 Loss: 3.372, MeanIU:  0.0868, Best_mIoU:  0.0868
2025-01-17 13:04:24,272 [0.         0.16894671 0.14365603 0.05230023 0.15468583 0.05905134
 0.08960788 0.02596238]
2025-01-17 13:04:26,348 Epoch: [6/20] Iter:[0/192], Time: 1.23, lr: [0.0007254178469372199], Loss: 4.375974, Acc:0.233245, Semantic loss: 0.924831, BCE loss: 2.470173, SB loss: 0.980970
2025-01-17 13:04:46,947 Epoch: [6/20] Iter:[10/192], Time: 1.98, lr: [0.0007229885401256642], Loss: 3.678486, Acc:0.206582, Semantic loss: 0.936344, BCE loss: 1.759240, SB loss: 0.982902
2025-01-17 13:05:07,731 Epoch: [6/20] Iter:[20/192], Time: 2.03, lr: [0.0007205583260077733], Loss: 3.582866, Acc:0.202851, Semantic loss: 0.938827, BCE loss: 1.662706, SB loss: 0.981334
2025-01-17 13:05:28,148 Epoch: [6/20] Iter:[30/192], Time: 2.03, lr: [0.0007181272008420604], Loss: 3.550054, Acc:0.203882, Semantic loss: 0.938674, BCE loss: 1.631358, SB loss: 0.980021
2025-01-17 13:05:48,417 Epoch: [6/20] Iter:[40/192], Time: 2.03, lr: [0.0007156951608574727], Loss: 3.544969, Acc:0.199618, Semantic loss: 0.939727, BCE loss: 1.625045, SB loss: 0.980198
2025-01-17 13:06:08,794 Epoch: [6/20] Iter:[50/192], Time: 2.03, lr: [0.0007132622022530447], Loss: 3.550011, Acc:0.199749, Semantic loss: 0.939912, BCE loss: 1.630494, SB loss: 0.979605
2025-01-17 13:06:29,269 Epoch: [6/20] Iter:[60/192], Time: 2.03, lr: [0.0007108283211975477], Loss: 3.541395, Acc:0.199320, Semantic loss: 0.940621, BCE loss: 1.621023, SB loss: 0.979750
2025-01-17 13:06:49,689 Epoch: [6/20] Iter:[70/192], Time: 2.04, lr: [0.0007083935138291319], Loss: 3.542177, Acc:0.199217, Semantic loss: 0.941171, BCE loss: 1.620912, SB loss: 0.980094
2025-01-17 13:07:10,073 Epoch: [6/20] Iter:[80/192], Time: 2.04, lr: [0.0007059577762549636], Loss: 3.526310, Acc:0.200691, Semantic loss: 0.941162, BCE loss: 1.605151, SB loss: 0.979998
2025-01-17 13:07:30,458 Epoch: [6/20] Iter:[90/192], Time: 2.04, lr: [0.0007035211045508576], Loss: 3.507775, Acc:0.201292, Semantic loss: 0.941395, BCE loss: 1.586231, SB loss: 0.980149
2025-01-17 13:07:51,177 Epoch: [6/20] Iter:[100/192], Time: 2.04, lr: [0.0007010834947609026], Loss: 3.501600, Acc:0.201079, Semantic loss: 0.941374, BCE loss: 1.579867, SB loss: 0.980360
2025-01-17 13:08:11,453 Epoch: [6/20] Iter:[110/192], Time: 2.04, lr: [0.000698644942897081], Loss: 3.495663, Acc:0.202798, Semantic loss: 0.941170, BCE loss: 1.574205, SB loss: 0.980288
2025-01-17 13:08:31,471 Epoch: [6/20] Iter:[120/192], Time: 2.04, lr: [0.0006962054449388827], Loss: 3.498592, Acc:0.204409, Semantic loss: 0.940922, BCE loss: 1.577659, SB loss: 0.980010
2025-01-17 13:08:52,315 Epoch: [6/20] Iter:[130/192], Time: 2.04, lr: [0.0006937649968329134], Loss: 3.498867, Acc:0.204280, Semantic loss: 0.940795, BCE loss: 1.578026, SB loss: 0.980046
2025-01-17 13:09:13,114 Epoch: [6/20] Iter:[140/192], Time: 2.04, lr: [0.0006913235944924954], Loss: 3.473398, Acc:0.204642, Semantic loss: 0.941069, BCE loss: 1.552255, SB loss: 0.980074
2025-01-17 13:09:33,921 Epoch: [6/20] Iter:[150/192], Time: 2.04, lr: [0.0006888812337972621], Loss: 3.489813, Acc:0.204317, Semantic loss: 0.940965, BCE loss: 1.568840, SB loss: 0.980008
2025-01-17 13:09:54,479 Epoch: [6/20] Iter:[160/192], Time: 2.05, lr: [0.0006864379105927479], Loss: 3.483677, Acc:0.204061, Semantic loss: 0.940768, BCE loss: 1.562926, SB loss: 0.979983
2025-01-17 13:10:14,993 Epoch: [6/20] Iter:[170/192], Time: 2.05, lr: [0.000683993620689969], Loss: 3.476054, Acc:0.204599, Semantic loss: 0.940807, BCE loss: 1.555306, SB loss: 0.979941
2025-01-17 13:10:35,321 Epoch: [6/20] Iter:[180/192], Time: 2.05, lr: [0.0006815483598649977], Loss: 3.472792, Acc:0.204749, Semantic loss: 0.940865, BCE loss: 1.551859, SB loss: 0.980068
2025-01-17 13:10:55,877 Epoch: [6/20] Iter:[190/192], Time: 2.05, lr: [0.0006791021238585323], Loss: 3.473850, Acc:0.204096, Semantic loss: 0.940950, BCE loss: 1.552779, SB loss: 0.980121
2025-01-17 13:21:29,303 0 [0.         0.17892977 0.21416806 0.05646653 0.45528485 0.05837055
 0.24443761 0.00665326] 0.15178882870986418
2025-01-17 13:21:29,305 1 [0.         0.15486687 0.14353491 0.04848672 0.15646142 0.0579659
 0.08417955 0.0223453 ] 0.08348008460305076
2025-01-17 13:21:29,308 => saving checkpoint to output\loveDa\pidnet_small_loveda_sdg_dicecheckpoint.pth.tar
2025-01-17 13:21:29,485 Loss: 3.367, MeanIU:  0.0835, Best_mIoU:  0.0868
2025-01-17 13:21:29,486 [0.         0.15486687 0.14353491 0.04848672 0.15646142 0.0579659
 0.08417955 0.0223453 ]
2025-01-17 13:21:31,487 Epoch: [7/20] Iter:[0/192], Time: 1.12, lr: [0.000678612759258125], Loss: 3.410638, Acc:0.144581, Semantic loss: 0.948999, BCE loss: 1.477274, SB loss: 0.984365
2025-01-17 13:21:51,445 Epoch: [7/20] Iter:[10/192], Time: 1.92, lr: [0.0006761653473611296], Loss: 3.458997, Acc:0.176492, Semantic loss: 0.942685, BCE loss: 1.534914, SB loss: 0.981398
2025-01-17 13:22:11,245 Epoch: [7/20] Iter:[20/192], Time: 1.95, lr: [0.0006737169507854795], Loss: 3.504685, Acc:0.194463, Semantic loss: 0.940174, BCE loss: 1.583993, SB loss: 0.980518
2025-01-17 13:22:31,923 Epoch: [7/20] Iter:[30/192], Time: 1.99, lr: [0.0006712675651556858], Loss: 3.449678, Acc:0.196991, Semantic loss: 0.939212, BCE loss: 1.529111, SB loss: 0.981355
2025-01-17 13:22:52,089 Epoch: [7/20] Iter:[40/192], Time: 1.99, lr: [0.0006688171860589904], Loss: 3.440263, Acc:0.192978, Semantic loss: 0.938794, BCE loss: 1.519957, SB loss: 0.981512
2025-01-17 13:23:12,027 Epoch: [7/20] Iter:[50/192], Time: 1.99, lr: [0.0006663658090448959], Loss: 3.448627, Acc:0.195071, Semantic loss: 0.939058, BCE loss: 1.528019, SB loss: 0.981550
2025-01-17 13:23:31,985 Epoch: [7/20] Iter:[60/192], Time: 1.99, lr: [0.0006639134296246874], Loss: 3.433807, Acc:0.195657, Semantic loss: 0.939930, BCE loss: 1.512974, SB loss: 0.980903
2025-01-17 13:23:51,984 Epoch: [7/20] Iter:[70/192], Time: 1.99, lr: [0.0006614600432709459], Loss: 3.435239, Acc:0.196068, Semantic loss: 0.940765, BCE loss: 1.513518, SB loss: 0.980956
2025-01-17 13:24:12,109 Epoch: [7/20] Iter:[80/192], Time: 2.00, lr: [0.0006590056454170536], Loss: 3.429109, Acc:0.200064, Semantic loss: 0.940109, BCE loss: 1.507928, SB loss: 0.981071
2025-01-17 13:24:32,127 Epoch: [7/20] Iter:[90/192], Time: 2.00, lr: [0.0006565502314566913], Loss: 3.436376, Acc:0.200978, Semantic loss: 0.939727, BCE loss: 1.515603, SB loss: 0.981046
2025-01-17 13:24:52,324 Epoch: [7/20] Iter:[100/192], Time: 2.00, lr: [0.0006540937967433255], Loss: 3.432318, Acc:0.199383, Semantic loss: 0.939702, BCE loss: 1.511417, SB loss: 0.981199
2025-01-17 13:25:12,506 Epoch: [7/20] Iter:[110/192], Time: 2.00, lr: [0.0006516363365896894], Loss: 3.416863, Acc:0.199527, Semantic loss: 0.939772, BCE loss: 1.496086, SB loss: 0.981006
2025-01-17 13:25:32,288 Epoch: [7/20] Iter:[120/192], Time: 2.00, lr: [0.000649177846267253], Loss: 3.414497, Acc:0.200089, Semantic loss: 0.939457, BCE loss: 1.494046, SB loss: 0.980994
2025-01-17 13:25:52,288 Epoch: [7/20] Iter:[130/192], Time: 2.00, lr: [0.0006467183210056843], Loss: 3.433629, Acc:0.200058, Semantic loss: 0.939246, BCE loss: 1.513427, SB loss: 0.980955
2025-01-17 13:26:12,432 Epoch: [7/20] Iter:[140/192], Time: 2.00, lr: [0.0006442577559923017], Loss: 3.428128, Acc:0.200089, Semantic loss: 0.938981, BCE loss: 1.508207, SB loss: 0.980939
2025-01-17 13:26:32,709 Epoch: [7/20] Iter:[150/192], Time: 2.00, lr: [0.0006417961463715172], Loss: 3.427112, Acc:0.200229, Semantic loss: 0.939156, BCE loss: 1.507142, SB loss: 0.980815
2025-01-17 13:26:52,889 Epoch: [7/20] Iter:[160/192], Time: 2.00, lr: [0.0006393334872442681], Loss: 3.427238, Acc:0.200831, Semantic loss: 0.939121, BCE loss: 1.507578, SB loss: 0.980539
2025-01-17 13:27:12,647 Epoch: [7/20] Iter:[170/192], Time: 2.00, lr: [0.0006368697736674412], Loss: 3.432665, Acc:0.200014, Semantic loss: 0.938787, BCE loss: 1.513570, SB loss: 0.980307
2025-01-17 13:27:32,753 Epoch: [7/20] Iter:[180/192], Time: 2.00, lr: [0.0006344050006532849], Loss: 3.428019, Acc:0.200145, Semantic loss: 0.938684, BCE loss: 1.508987, SB loss: 0.980348
2025-01-17 13:27:52,908 Epoch: [7/20] Iter:[190/192], Time: 2.00, lr: [0.0006319391631688113], Loss: 3.424267, Acc:0.199766, Semantic loss: 0.938724, BCE loss: 1.505134, SB loss: 0.980409
2025-01-17 13:38:27,927 0 [0.         0.19998535 0.21444631 0.06334623 0.4569457  0.05759627
 0.25133701 0.00486148] 0.15606479371505128
2025-01-17 13:38:27,929 1 [0.         0.16270942 0.13305211 0.05285122 0.14028854 0.06360766
 0.08657619 0.02188015] 0.08262066002770116
2025-01-17 13:38:27,933 => saving checkpoint to output\loveDa\pidnet_small_loveda_sdg_dicecheckpoint.pth.tar
2025-01-17 13:38:28,116 Loss: 3.351, MeanIU:  0.0826, Best_mIoU:  0.0868
2025-01-17 13:38:28,116 [0.         0.16270942 0.13305211 0.05285122 0.14028854 0.06360766
 0.08657619 0.02188015]
2025-01-17 13:38:30,237 Epoch: [8/20] Iter:[0/192], Time: 1.24, lr: [0.0006314458674893553], Loss: 4.103680, Acc:0.216846, Semantic loss: 0.909419, BCE loss: 2.207842, SB loss: 0.986419
2025-01-17 13:38:50,937 Epoch: [8/20] Iter:[10/192], Time: 1.99, lr: [0.0006289787459323657], Loss: 3.484525, Acc:0.191220, Semantic loss: 0.940100, BCE loss: 1.564645, SB loss: 0.979780
2025-01-17 13:39:10,959 Epoch: [8/20] Iter:[20/192], Time: 2.00, lr: [0.0006265105486702424], Loss: 3.485659, Acc:0.190468, Semantic loss: 0.937885, BCE loss: 1.567309, SB loss: 0.980465
2025-01-17 13:39:31,222 Epoch: [8/20] Iter:[30/192], Time: 2.01, lr: [0.0006240412705211017], Loss: 3.481275, Acc:0.191954, Semantic loss: 0.937299, BCE loss: 1.563211, SB loss: 0.980765
2025-01-17 13:39:51,463 Epoch: [8/20] Iter:[40/192], Time: 2.01, lr: [0.0006215709062551948], Loss: 3.433503, Acc:0.199795, Semantic loss: 0.938724, BCE loss: 1.514356, SB loss: 0.980422
2025-01-17 13:40:11,602 Epoch: [8/20] Iter:[50/192], Time: 2.01, lr: [0.0006190994505942529], Loss: 3.442116, Acc:0.199910, Semantic loss: 0.936404, BCE loss: 1.526007, SB loss: 0.979705
2025-01-17 13:40:31,444 Epoch: [8/20] Iter:[60/192], Time: 2.01, lr: [0.0006166268982108192], Loss: 3.441465, Acc:0.203109, Semantic loss: 0.935417, BCE loss: 1.526634, SB loss: 0.979414
2025-01-17 13:40:51,564 Epoch: [8/20] Iter:[70/192], Time: 2.01, lr: [0.0006141532437275694], Loss: 3.427103, Acc:0.202694, Semantic loss: 0.935757, BCE loss: 1.512111, SB loss: 0.979235
2025-01-17 13:41:11,739 Epoch: [8/20] Iter:[80/192], Time: 2.01, lr: [0.0006116784817166194], Loss: 3.438554, Acc:0.203247, Semantic loss: 0.935952, BCE loss: 1.523660, SB loss: 0.978943
2025-01-17 13:41:32,160 Epoch: [8/20] Iter:[90/192], Time: 2.01, lr: [0.0006092026066988215], Loss: 3.431860, Acc:0.201389, Semantic loss: 0.936028, BCE loss: 1.517053, SB loss: 0.978779
2025-01-17 13:41:52,140 Epoch: [8/20] Iter:[100/192], Time: 2.01, lr: [0.0006067256131430442], Loss: 3.428980, Acc:0.200008, Semantic loss: 0.936459, BCE loss: 1.513749, SB loss: 0.978772
2025-01-17 13:42:11,965 Epoch: [8/20] Iter:[110/192], Time: 2.01, lr: [0.000604247495465443], Loss: 3.430077, Acc:0.198572, Semantic loss: 0.935459, BCE loss: 1.515772, SB loss: 0.978846
2025-01-17 13:42:31,968 Epoch: [8/20] Iter:[120/192], Time: 2.01, lr: [0.0006017682480287143], Loss: 3.427867, Acc:0.197741, Semantic loss: 0.935732, BCE loss: 1.513322, SB loss: 0.978813
2025-01-17 13:42:52,145 Epoch: [8/20] Iter:[130/192], Time: 2.01, lr: [0.000599287865141337], Loss: 3.422181, Acc:0.198068, Semantic loss: 0.935443, BCE loss: 1.507972, SB loss: 0.978766
2025-01-17 13:43:12,503 Epoch: [8/20] Iter:[140/192], Time: 2.01, lr: [0.0005968063410567983], Loss: 3.412324, Acc:0.197685, Semantic loss: 0.935548, BCE loss: 1.497998, SB loss: 0.978779
2025-01-17 13:43:32,481 Epoch: [8/20] Iter:[150/192], Time: 2.01, lr: [0.000594323669972807], Loss: 3.399870, Acc:0.196531, Semantic loss: 0.935447, BCE loss: 1.485689, SB loss: 0.978735
2025-01-17 13:43:52,722 Epoch: [8/20] Iter:[160/192], Time: 2.01, lr: [0.0005918398460304892], Loss: 3.397893, Acc:0.196094, Semantic loss: 0.935424, BCE loss: 1.483619, SB loss: 0.978850
2025-01-17 13:44:12,563 Epoch: [8/20] Iter:[170/192], Time: 2.01, lr: [0.0005893548633135713], Loss: 3.397767, Acc:0.196282, Semantic loss: 0.935449, BCE loss: 1.483436, SB loss: 0.978882
2025-01-17 13:44:33,027 Epoch: [8/20] Iter:[180/192], Time: 2.01, lr: [0.0005868687158475448], Loss: 3.393721, Acc:0.195118, Semantic loss: 0.935736, BCE loss: 1.479258, SB loss: 0.978726
2025-01-17 13:44:53,192 Epoch: [8/20] Iter:[190/192], Time: 2.01, lr: [0.000584381397598817], Loss: 3.401479, Acc:0.195551, Semantic loss: 0.935707, BCE loss: 1.487227, SB loss: 0.978545
2025-01-17 13:55:27,906 0 [0.         0.1828775  0.22537244 0.06695489 0.44822323 0.07277769
 0.24957488 0.00529512] 0.15638447007867184
2025-01-17 13:55:27,908 1 [0.         0.15688853 0.14011232 0.05441519 0.14834903 0.05998335
 0.08187968 0.0252332 ] 0.08335766210182194
2025-01-17 13:55:27,912 => saving checkpoint to output\loveDa\pidnet_small_loveda_sdg_dicecheckpoint.pth.tar
2025-01-17 13:55:28,083 Loss: 3.341, MeanIU:  0.0834, Best_mIoU:  0.0868
2025-01-17 13:55:28,084 [0.         0.15688853 0.14011232 0.05441519 0.14834903 0.05998335
 0.08187968 0.0252332 ]
2025-01-17 13:55:30,058 Epoch: [9/20] Iter:[0/192], Time: 1.09, lr: [0.0005838837929199803], Loss: 3.649025, Acc:0.183217, Semantic loss: 0.912671, BCE loss: 1.754097, SB loss: 0.982257
2025-01-17 13:55:50,735 Epoch: [9/20] Iter:[10/192], Time: 1.98, lr: [0.0005813950616831948], Loss: 3.458282, Acc:0.201500, Semantic loss: 0.926743, BCE loss: 1.557217, SB loss: 0.974321
2025-01-17 13:56:10,941 Epoch: [9/20] Iter:[20/192], Time: 2.00, lr: [0.0005789051461775304], Loss: 3.447613, Acc:0.205379, Semantic loss: 0.929568, BCE loss: 1.542776, SB loss: 0.975269
2025-01-17 13:56:30,777 Epoch: [9/20] Iter:[30/192], Time: 1.99, lr: [0.0005764140401744157], Loss: 3.439660, Acc:0.201161, Semantic loss: 0.929744, BCE loss: 1.534903, SB loss: 0.975013
2025-01-17 13:56:51,005 Epoch: [9/20] Iter:[40/192], Time: 2.00, lr: [0.0005739217373824396], Loss: 3.427914, Acc:0.203206, Semantic loss: 0.930671, BCE loss: 1.521825, SB loss: 0.975419
2025-01-17 13:57:11,377 Epoch: [9/20] Iter:[50/192], Time: 2.01, lr: [0.0005714282314464109], Loss: 3.462672, Acc:0.200474, Semantic loss: 0.931196, BCE loss: 1.555551, SB loss: 0.975926
2025-01-17 13:57:31,280 Epoch: [9/20] Iter:[60/192], Time: 2.00, lr: [0.0005689335159463984], Loss: 3.457625, Acc:0.198766, Semantic loss: 0.930924, BCE loss: 1.551106, SB loss: 0.975595
2025-01-17 13:57:51,199 Epoch: [9/20] Iter:[70/192], Time: 2.00, lr: [0.000566437584396753], Loss: 3.445533, Acc:0.197318, Semantic loss: 0.931013, BCE loss: 1.538505, SB loss: 0.976014
2025-01-17 13:58:11,860 Epoch: [9/20] Iter:[80/192], Time: 2.01, lr: [0.0005639404302451105], Loss: 3.432692, Acc:0.195253, Semantic loss: 0.932050, BCE loss: 1.523937, SB loss: 0.976705
2025-01-17 13:58:29,748 Epoch: [9/20] Iter:[90/192], Time: 1.99, lr: [0.0005614420468713721], Loss: 3.434535, Acc:0.195025, Semantic loss: 0.932014, BCE loss: 1.525896, SB loss: 0.976625
2025-01-17 13:58:47,919 Epoch: [9/20] Iter:[100/192], Time: 1.97, lr: [0.0005589424275866668], Loss: 3.429725, Acc:0.195755, Semantic loss: 0.932157, BCE loss: 1.520544, SB loss: 0.977024
2025-01-17 13:59:05,789 Epoch: [9/20] Iter:[110/192], Time: 1.95, lr: [0.0005564415656322913], Loss: 3.446018, Acc:0.195499, Semantic loss: 0.932186, BCE loss: 1.536801, SB loss: 0.977031
2025-01-17 13:59:23,403 Epoch: [9/20] Iter:[120/192], Time: 1.94, lr: [0.000553939454178628], Loss: 3.439551, Acc:0.197934, Semantic loss: 0.932086, BCE loss: 1.530373, SB loss: 0.977091
2025-01-17 13:59:41,126 Epoch: [9/20] Iter:[130/192], Time: 1.93, lr: [0.0005514360863240413], Loss: 3.429839, Acc:0.198090, Semantic loss: 0.932123, BCE loss: 1.520780, SB loss: 0.976936
2025-01-17 13:59:58,833 Epoch: [9/20] Iter:[140/192], Time: 1.91, lr: [0.0005489314550937511], Loss: 3.429056, Acc:0.197694, Semantic loss: 0.931867, BCE loss: 1.520261, SB loss: 0.976928
2025-01-17 14:00:16,982 Epoch: [9/20] Iter:[150/192], Time: 1.91, lr: [0.0005464255534386825], Loss: 3.424930, Acc:0.197449, Semantic loss: 0.931936, BCE loss: 1.516138, SB loss: 0.976856
2025-01-17 14:00:35,177 Epoch: [9/20] Iter:[160/192], Time: 1.90, lr: [0.0005439183742342913], Loss: 3.417612, Acc:0.197181, Semantic loss: 0.931995, BCE loss: 1.508734, SB loss: 0.976883
2025-01-17 14:00:53,040 Epoch: [9/20] Iter:[170/192], Time: 1.90, lr: [0.0005414099102793661], Loss: 3.425066, Acc:0.196502, Semantic loss: 0.932012, BCE loss: 1.516150, SB loss: 0.976905
2025-01-17 14:01:12,391 Epoch: [9/20] Iter:[180/192], Time: 1.90, lr: [0.0005389001542948026], Loss: 3.416274, Acc:0.197111, Semantic loss: 0.932440, BCE loss: 1.507038, SB loss: 0.976797
2025-01-17 14:01:31,253 Epoch: [9/20] Iter:[190/192], Time: 1.90, lr: [0.0005363890989223548], Loss: 3.417000, Acc:0.196992, Semantic loss: 0.932541, BCE loss: 1.507616, SB loss: 0.976842
2025-01-17 14:11:19,585 0 [0.         0.19943983 0.22183064 0.07814835 0.43649668 0.07144449
 0.25665409 0.00401813] 0.15850402699378546
2025-01-17 14:11:19,589 1 [0.         0.15219722 0.14188847 0.06342069 0.14237047 0.05983154
 0.07989121 0.02445066] 0.08300628246029651
2025-01-17 14:11:19,597 => saving checkpoint to output\loveDa\pidnet_small_loveda_sdg_dicecheckpoint.pth.tar
2025-01-17 14:11:19,819 Loss: 3.336, MeanIU:  0.0830, Best_mIoU:  0.0868
2025-01-17 14:11:19,819 [0.         0.15219722 0.14188847 0.06342069 0.14237047 0.05983154
 0.07989121 0.02445066]
2025-01-17 14:11:22,001 Epoch: [10/20] Iter:[0/192], Time: 1.47, lr: [0.0005358867312681466], Loss: 4.034863, Acc:0.185204, Semantic loss: 0.936813, BCE loss: 2.123147, SB loss: 0.974903
2025-01-17 14:11:41,284 Epoch: [10/20] Iter:[10/192], Time: 1.88, lr: [0.0005333741068040314], Loss: 3.453312, Acc:0.182577, Semantic loss: 0.938519, BCE loss: 1.536974, SB loss: 0.977819
2025-01-17 14:12:00,136 Epoch: [10/20] Iter:[20/192], Time: 1.88, lr: [0.0005308601664789772], Loss: 3.315361, Acc:0.193134, Semantic loss: 0.937645, BCE loss: 1.399547, SB loss: 0.978170
2025-01-17 14:12:18,686 Epoch: [10/20] Iter:[30/192], Time: 1.87, lr: [0.0005283449026727662], Loss: 3.358872, Acc:0.193341, Semantic loss: 0.935583, BCE loss: 1.444852, SB loss: 0.978437
2025-01-17 14:12:36,989 Epoch: [10/20] Iter:[40/192], Time: 1.86, lr: [0.0005258283076804885], Loss: 3.392737, Acc:0.193212, Semantic loss: 0.934858, BCE loss: 1.479303, SB loss: 0.978576
2025-01-17 14:12:55,056 Epoch: [10/20] Iter:[50/192], Time: 1.85, lr: [0.000523310373711144], Loss: 3.387176, Acc:0.193802, Semantic loss: 0.933164, BCE loss: 1.475750, SB loss: 0.978262
2025-01-17 14:13:13,284 Epoch: [10/20] Iter:[60/192], Time: 1.85, lr: [0.0005207910928862158], Loss: 3.398802, Acc:0.195644, Semantic loss: 0.932386, BCE loss: 1.488160, SB loss: 0.978256
2025-01-17 14:13:32,099 Epoch: [10/20] Iter:[70/192], Time: 1.85, lr: [0.000518270457238211], Loss: 3.395932, Acc:0.196692, Semantic loss: 0.932252, BCE loss: 1.485988, SB loss: 0.977692
2025-01-17 14:13:50,226 Epoch: [10/20] Iter:[80/192], Time: 1.85, lr: [0.0005157484587091684], Loss: 3.378900, Acc:0.196405, Semantic loss: 0.931779, BCE loss: 1.469467, SB loss: 0.977653
2025-01-17 14:14:08,676 Epoch: [10/20] Iter:[90/192], Time: 1.85, lr: [0.0005132250891491356], Loss: 3.388651, Acc:0.197961, Semantic loss: 0.931683, BCE loss: 1.479196, SB loss: 0.977772
2025-01-17 14:14:27,054 Epoch: [10/20] Iter:[100/192], Time: 1.85, lr: [0.0005107003403146087], Loss: 3.382473, Acc:0.196661, Semantic loss: 0.932396, BCE loss: 1.472192, SB loss: 0.977885
2025-01-17 14:14:45,780 Epoch: [10/20] Iter:[110/192], Time: 1.85, lr: [0.0005081742038669388], Loss: 3.379426, Acc:0.195534, Semantic loss: 0.932602, BCE loss: 1.468895, SB loss: 0.977929
2025-01-17 14:15:03,910 Epoch: [10/20] Iter:[120/192], Time: 1.85, lr: [0.0005056466713707024], Loss: 3.392703, Acc:0.194638, Semantic loss: 0.932605, BCE loss: 1.482216, SB loss: 0.977882
2025-01-17 14:15:22,159 Epoch: [10/20] Iter:[130/192], Time: 1.84, lr: [0.0005031177342920336], Loss: 3.407498, Acc:0.194656, Semantic loss: 0.932331, BCE loss: 1.497451, SB loss: 0.977716
2025-01-17 14:15:41,007 Epoch: [10/20] Iter:[140/192], Time: 1.85, lr: [0.0005005873839969193], Loss: 3.412293, Acc:0.194921, Semantic loss: 0.932628, BCE loss: 1.501925, SB loss: 0.977740
2025-01-17 14:15:59,462 Epoch: [10/20] Iter:[150/192], Time: 1.85, lr: [0.000498055611749454], Loss: 3.413572, Acc:0.194710, Semantic loss: 0.932508, BCE loss: 1.503414, SB loss: 0.977650
2025-01-17 14:16:18,163 Epoch: [10/20] Iter:[160/192], Time: 1.85, lr: [0.0004955224087100553], Loss: 3.426128, Acc:0.194595, Semantic loss: 0.932518, BCE loss: 1.515999, SB loss: 0.977611
2025-01-17 14:16:36,898 Epoch: [10/20] Iter:[170/192], Time: 1.85, lr: [0.0004929877659336361], Loss: 3.422052, Acc:0.194544, Semantic loss: 0.932667, BCE loss: 1.511779, SB loss: 0.977606
2025-01-17 14:16:55,382 Epoch: [10/20] Iter:[180/192], Time: 1.85, lr: [0.000490451674367737], Loss: 3.410960, Acc:0.193832, Semantic loss: 0.932818, BCE loss: 1.500564, SB loss: 0.977578
2025-01-17 14:17:13,535 Epoch: [10/20] Iter:[190/192], Time: 1.85, lr: [0.00048791412485061096], Loss: 3.406799, Acc:0.193834, Semantic loss: 0.932754, BCE loss: 1.496691, SB loss: 0.977354
2025-01-17 14:27:02,066 0 [0.         0.22143528 0.22056466 0.0915091  0.44351076 0.07031978
 0.26891973 0.00293438] 0.1648992103313866
2025-01-17 14:27:02,069 1 [0.         0.14908424 0.13086894 0.06908655 0.13578096 0.06424217
 0.09260788 0.02210847] 0.08297240187688673
2025-01-17 14:27:02,078 => saving checkpoint to output\loveDa\pidnet_small_loveda_sdg_dicecheckpoint.pth.tar
2025-01-17 14:27:02,246 Loss: 3.325, MeanIU:  0.0830, Best_mIoU:  0.0868
2025-01-17 14:27:02,246 [0.         0.14908424 0.13086894 0.06908655 0.13578096 0.06424217
 0.09260788 0.02210847]
2025-01-17 14:27:04,274 Epoch: [11/20] Iter:[0/192], Time: 1.26, lr: [0.00048740643917899543], Loss: 2.772728, Acc:0.282178, Semantic loss: 0.922237, BCE loss: 0.876789, SB loss: 0.973702
2025-01-17 14:27:23,372 Epoch: [11/20] Iter:[10/192], Time: 1.85, lr: [0.0004848671278701159], Loss: 3.430402, Acc:0.205427, Semantic loss: 0.933539, BCE loss: 1.519268, SB loss: 0.977596
2025-01-17 14:27:41,614 Epoch: [11/20] Iter:[20/192], Time: 1.84, lr: [0.000482326338059753], Loss: 3.448429, Acc:0.192247, Semantic loss: 0.931585, BCE loss: 1.539500, SB loss: 0.977344
2025-01-17 14:28:00,640 Epoch: [11/20] Iter:[30/192], Time: 1.86, lr: [0.000479784060223045], Loss: 3.534418, Acc:0.190195, Semantic loss: 0.929780, BCE loss: 1.627029, SB loss: 0.977610
2025-01-17 14:28:20,706 Epoch: [11/20] Iter:[40/192], Time: 1.89, lr: [0.00047724028471729513], Loss: 3.505359, Acc:0.188953, Semantic loss: 0.931935, BCE loss: 1.595897, SB loss: 0.977526
2025-01-17 14:28:39,393 Epoch: [11/20] Iter:[50/192], Time: 1.89, lr: [0.0004746950017798064], Loss: 3.448895, Acc:0.190339, Semantic loss: 0.930952, BCE loss: 1.541193, SB loss: 0.976750
2025-01-17 14:28:59,359 Epoch: [11/20] Iter:[60/192], Time: 1.90, lr: [0.0004721482015256639], Loss: 3.416640, Acc:0.193495, Semantic loss: 0.931342, BCE loss: 1.508740, SB loss: 0.976557
2025-01-17 14:29:19,927 Epoch: [11/20] Iter:[70/192], Time: 1.93, lr: [0.00046959987394546327], Loss: 3.374527, Acc:0.192160, Semantic loss: 0.932802, BCE loss: 1.464999, SB loss: 0.976726
2025-01-17 14:29:39,711 Epoch: [11/20] Iter:[80/192], Time: 1.93, lr: [0.00046705000890298165], Loss: 3.364788, Acc:0.192124, Semantic loss: 0.932542, BCE loss: 1.455929, SB loss: 0.976317
2025-01-17 14:29:58,935 Epoch: [11/20] Iter:[90/192], Time: 1.93, lr: [0.0004644985961327915], Loss: 3.379418, Acc:0.191979, Semantic loss: 0.931757, BCE loss: 1.471323, SB loss: 0.976338
2025-01-17 14:30:19,366 Epoch: [11/20] Iter:[100/192], Time: 1.94, lr: [0.0004619456252378151], Loss: 3.389497, Acc:0.191018, Semantic loss: 0.931620, BCE loss: 1.481624, SB loss: 0.976253
2025-01-17 14:30:37,590 Epoch: [11/20] Iter:[110/192], Time: 1.93, lr: [0.00045939108568681595], Loss: 3.389670, Acc:0.190118, Semantic loss: 0.931677, BCE loss: 1.481824, SB loss: 0.976169
2025-01-17 14:30:55,707 Epoch: [11/20] Iter:[120/192], Time: 1.92, lr: [0.00045683496681182817], Loss: 3.384415, Acc:0.189919, Semantic loss: 0.931194, BCE loss: 1.476841, SB loss: 0.976380
2025-01-17 14:31:13,964 Epoch: [11/20] Iter:[130/192], Time: 1.92, lr: [0.00045427725780551966], Loss: 3.390092, Acc:0.189431, Semantic loss: 0.931450, BCE loss: 1.482243, SB loss: 0.976399
2025-01-17 14:31:32,534 Epoch: [11/20] Iter:[140/192], Time: 1.91, lr: [0.00045171794771848705], Loss: 3.381263, Acc:0.190395, Semantic loss: 0.931185, BCE loss: 1.473671, SB loss: 0.976406
2025-01-17 14:31:51,727 Epoch: [11/20] Iter:[150/192], Time: 1.91, lr: [0.00044915702545648175], Loss: 3.380543, Acc:0.191006, Semantic loss: 0.931236, BCE loss: 1.472807, SB loss: 0.976500
2025-01-17 14:32:10,403 Epoch: [11/20] Iter:[160/192], Time: 1.91, lr: [0.00044659447977756357], Loss: 3.384659, Acc:0.191344, Semantic loss: 0.931200, BCE loss: 1.476864, SB loss: 0.976594
2025-01-17 14:32:28,925 Epoch: [11/20] Iter:[170/192], Time: 1.91, lr: [0.00044403029928917953], Loss: 3.384115, Acc:0.190024, Semantic loss: 0.931409, BCE loss: 1.476030, SB loss: 0.976676
2025-01-17 14:32:48,382 Epoch: [11/20] Iter:[180/192], Time: 1.91, lr: [0.00044146447244516586], Loss: 3.384883, Acc:0.189592, Semantic loss: 0.931291, BCE loss: 1.476981, SB loss: 0.976611
2025-01-17 14:33:07,296 Epoch: [11/20] Iter:[190/192], Time: 1.91, lr: [0.0004388969875426714], Loss: 3.394354, Acc:0.189926, Semantic loss: 0.931106, BCE loss: 1.486524, SB loss: 0.976724
