2025-01-21 14:52:41,814 Namespace(cfg='configs/loveDa/pidnet_small_loveda_3b_AUG_CHANCE+AUG1+AUG3.yaml', seed=304, opts=['GPUS', '[0]', 'TRAIN.BATCH_SIZE_PER_GPU', '6'])
2025-01-21 14:52:41,815 AUTO_RESUME: False
CUDNN:
  BENCHMARK: True
  DETERMINISTIC: False
  ENABLED: True
DATASET:
  DATASET: loveDa
  EXTRA_TRAIN_SET: 
  NUM_CLASSES: 8
  ROOT: data/
  SOURCE_DATASET: loveDA-Urban
  SOURCE_TEST_SET: list/loveDA-Urban/val.lst
  SOURCE_TRAIN_SET: list/loveDA-Urban/train.lst
  TARGET_DATASET: loveDA-Rural
  TARGET_SET: list/cityscapes/val.lst
  TARGET_TEST_SET: list/loveDA-Rural/val.lst
  TARGET_TRAIN_SET: list/loveDA-Rural/train.lst
  TEST_SET: list/loveDa-Rural/val.lst
  TRAIN_SET: list/loveDA-Urban/train.lst
GPUS: (0,)
LOG_DIR: log
LOSS:
  BALANCE_WEIGHTS: [0.4, 1.0]
  CLASS_BALANCE: False
  OHEMKEEP: 131072
  OHEMTHRES: 0.7
  SB_WEIGHTS: 0.5
  USE_DICE: False
  USE_FOCAL: False
  USE_OHEM: True
MODEL:
  ALIGN_CORNERS: True
  NAME: pidnet_small
  NUM_OUTPUTS: 2
  PRETRAINED: pretrained_models/imagenet/PIDNet_S_ImageNet.pth.tar
OUTPUT_DIR: output
PIN_MEMORY: True
PRINT_FREQ: 10
TEST:
  BASE_SIZE: 1024
  BATCH_SIZE_PER_GPU: 6
  FLIP_TEST: False
  IMAGE_SIZE: [1024, 1024]
  MODEL_FILE: 
  MULTI_SCALE: False
  OUTPUT_INDEX: 1
TRAIN:
  ADVERSARIAL: False
  AUG: True
  AUG1: True
  AUG2: False
  AUG3: True
  AUG4: False
  AUG_CHANCE: True
  BASE_SIZE: 720
  BATCH_SIZE_PER_GPU: 6
  BEGIN_EPOCH: 1
  END_EPOCH: 20
  EVAL_INTERVAL: 1
  EXTRA_EPOCH: 0
  EXTRA_LR: 0.001
  FLIP: True
  GAN: Vanilla
  IGNORE_LABEL: 0
  IMAGE_SIZE: [720, 720]
  LAMBDA_ADV1: 0.001
  LAMBDA_ADV2: 0.001
  LR: 0.001
  LR_D1: 0.001
  LR_D2: 0.001
  MOMENTUM: 0.9
  MULTI_SCALE: True
  NESTEROV: False
  OPTIMIZER: adam
  RESUME: True
  SCALE_FACTOR: 16
  SCHEDULER: True
  SHUFFLE: True
  WD: 0.0005
WORKERS: 0
2025-01-21 14:52:42,428 Attention!!!
2025-01-21 14:52:42,428 Loaded 302 parameters!
2025-01-21 14:52:42,428 Over!!!
2025-01-21 14:52:43,346 => loaded checkpoint (epoch 9)
2025-01-21 14:52:51,957 Epoch: [9/20] Iter:[0/284], Time: 8.61, lr: [6.765075935948671e-05], Loss: 1.020209, Acc:0.539342, Semantic loss: 0.128407, BCE loss: 0.846747, SB loss: 0.045055
2025-01-21 14:53:01,792 Epoch: [9/20] Iter:[10/284], Time: 1.66, lr: [6.745583157552998e-05], Loss: 1.017733, Acc:0.556760, Semantic loss: 0.117822, BCE loss: 0.854876, SB loss: 0.045035
2025-01-21 14:53:10,964 Epoch: [9/20] Iter:[20/284], Time: 1.31, lr: [6.726084118417511e-05], Loss: 1.146763, Acc:0.549648, Semantic loss: 0.122389, BCE loss: 0.978778, SB loss: 0.045596
2025-01-21 14:53:20,853 Epoch: [9/20] Iter:[30/284], Time: 1.21, lr: [6.706578796351659e-05], Loss: 1.147190, Acc:0.539566, Semantic loss: 0.122088, BCE loss: 0.979627, SB loss: 0.045474
2025-01-21 14:53:30,653 Epoch: [9/20] Iter:[40/284], Time: 1.15, lr: [6.68706716901425e-05], Loss: 1.177458, Acc:0.548983, Semantic loss: 0.123187, BCE loss: 1.008902, SB loss: 0.045369
2025-01-21 14:53:40,322 Epoch: [9/20] Iter:[50/284], Time: 1.11, lr: [6.66754921391194e-05], Loss: 1.210515, Acc:0.552343, Semantic loss: 0.122663, BCE loss: 1.043030, SB loss: 0.044821
2025-01-21 14:53:49,114 Epoch: [9/20] Iter:[60/284], Time: 1.08, lr: [6.648024908397694e-05], Loss: 1.201455, Acc:0.552920, Semantic loss: 0.121687, BCE loss: 1.034595, SB loss: 0.045173
2025-01-21 14:53:58,994 Epoch: [9/20] Iter:[70/284], Time: 1.06, lr: [6.628494229669237e-05], Loss: 1.209369, Acc:0.553150, Semantic loss: 0.122659, BCE loss: 1.041247, SB loss: 0.045462
2025-01-21 14:54:08,862 Epoch: [9/20] Iter:[80/284], Time: 1.05, lr: [6.608957154767468e-05], Loss: 1.215927, Acc:0.559207, Semantic loss: 0.122014, BCE loss: 1.048807, SB loss: 0.045106
2025-01-21 14:54:18,599 Epoch: [9/20] Iter:[90/284], Time: 1.05, lr: [6.589413660574872e-05], Loss: 1.210621, Acc:0.557775, Semantic loss: 0.122756, BCE loss: 1.042459, SB loss: 0.045405
2025-01-21 14:54:27,774 Epoch: [9/20] Iter:[100/284], Time: 1.03, lr: [6.569863723813896e-05], Loss: 1.207016, Acc:0.560371, Semantic loss: 0.122351, BCE loss: 1.039399, SB loss: 0.045266
2025-01-21 14:54:37,487 Epoch: [9/20] Iter:[110/284], Time: 1.03, lr: [6.550307321045315e-05], Loss: 1.197003, Acc:0.560854, Semantic loss: 0.122570, BCE loss: 1.029210, SB loss: 0.045223
2025-01-21 14:54:47,086 Epoch: [9/20] Iter:[120/284], Time: 1.02, lr: [6.530744428666555e-05], Loss: 1.198555, Acc:0.560661, Semantic loss: 0.121989, BCE loss: 1.031486, SB loss: 0.045080
2025-01-21 14:54:56,697 Epoch: [9/20] Iter:[130/284], Time: 1.02, lr: [6.511175022910022e-05], Loss: 1.205801, Acc:0.562451, Semantic loss: 0.121660, BCE loss: 1.039024, SB loss: 0.045117
2025-01-21 14:55:06,065 Epoch: [9/20] Iter:[140/284], Time: 1.01, lr: [6.491599079841384e-05], Loss: 1.220557, Acc:0.563712, Semantic loss: 0.121965, BCE loss: 1.053453, SB loss: 0.045139
2025-01-21 14:55:15,714 Epoch: [9/20] Iter:[150/284], Time: 1.01, lr: [6.472016575357843e-05], Loss: 1.228515, Acc:0.563875, Semantic loss: 0.122468, BCE loss: 1.060861, SB loss: 0.045186
2025-01-21 14:55:25,419 Epoch: [9/20] Iter:[160/284], Time: 1.01, lr: [6.452427485186376e-05], Loss: 1.228022, Acc:0.564863, Semantic loss: 0.121898, BCE loss: 1.061025, SB loss: 0.045100
2025-01-21 14:55:35,245 Epoch: [9/20] Iter:[170/284], Time: 1.00, lr: [6.43283178488195e-05], Loss: 1.228941, Acc:0.563898, Semantic loss: 0.122252, BCE loss: 1.061383, SB loss: 0.045306
2025-01-21 14:55:44,348 Epoch: [9/20] Iter:[180/284], Time: 1.00, lr: [6.413229449825733e-05], Loss: 1.234230, Acc:0.564278, Semantic loss: 0.122227, BCE loss: 1.066710, SB loss: 0.045294
2025-01-21 14:55:54,238 Epoch: [9/20] Iter:[190/284], Time: 1.00, lr: [6.393620455223242e-05], Loss: 1.244158, Acc:0.567145, Semantic loss: 0.122081, BCE loss: 1.076839, SB loss: 0.045238
2025-01-21 14:56:04,003 Epoch: [9/20] Iter:[200/284], Time: 1.00, lr: [6.374004776102503e-05], Loss: 1.244278, Acc:0.568306, Semantic loss: 0.121894, BCE loss: 1.077149, SB loss: 0.045234
2025-01-21 14:56:13,895 Epoch: [9/20] Iter:[210/284], Time: 1.00, lr: [6.35438238731216e-05], Loss: 1.245722, Acc:0.567411, Semantic loss: 0.122034, BCE loss: 1.078297, SB loss: 0.045392
2025-01-21 14:56:23,324 Epoch: [9/20] Iter:[220/284], Time: 0.99, lr: [6.334753263519569e-05], Loss: 1.256643, Acc:0.568543, Semantic loss: 0.122237, BCE loss: 1.088990, SB loss: 0.045416
2025-01-21 14:56:33,042 Epoch: [9/20] Iter:[230/284], Time: 0.99, lr: [6.315117379208868e-05], Loss: 1.254001, Acc:0.567314, Semantic loss: 0.122696, BCE loss: 1.085759, SB loss: 0.045546
2025-01-21 14:56:42,752 Epoch: [9/20] Iter:[240/284], Time: 0.99, lr: [6.295474708679002e-05], Loss: 1.256968, Acc:0.569419, Semantic loss: 0.122409, BCE loss: 1.089072, SB loss: 0.045488
2025-01-21 14:56:52,746 Epoch: [9/20] Iter:[250/284], Time: 0.99, lr: [6.275825226041744e-05], Loss: 1.264570, Acc:0.571225, Semantic loss: 0.122362, BCE loss: 1.096790, SB loss: 0.045418
2025-01-21 14:57:01,919 Epoch: [9/20] Iter:[260/284], Time: 0.99, lr: [6.256168905219665e-05], Loss: 1.268872, Acc:0.571202, Semantic loss: 0.122296, BCE loss: 1.101148, SB loss: 0.045427
2025-01-21 14:57:11,812 Epoch: [9/20] Iter:[270/284], Time: 0.99, lr: [6.236505719944096e-05], Loss: 1.277931, Acc:0.572001, Semantic loss: 0.122563, BCE loss: 1.109892, SB loss: 0.045477
2025-01-21 14:57:21,801 Epoch: [9/20] Iter:[280/284], Time: 0.99, lr: [6.216835643753048e-05], Loss: 1.280904, Acc:0.572635, Semantic loss: 0.122753, BCE loss: 1.112662, SB loss: 0.045489
2025-01-21 15:06:05,238 0 [0.         0.46100331 0.27094456 0.11613614 0.30531108 0.13538708
 0.0398153  0.09246426] 0.1776327177007977
2025-01-21 15:06:05,239 1 [0.         0.46420794 0.28060177 0.26374524 0.3320491  0.02970922
 0.05613333 0.40909158] 0.2294422746716018
2025-01-21 15:06:05,242 => saving checkpoint to output/loveDa/pidnet_small_loveda_3b_AUG_CHANCE+AUG1+AUG3checkpoint.pth.tar
2025-01-21 15:06:05,615 Loss: 1.270, MeanIU:  0.2294, Best_mIoU:  0.2294
2025-01-21 15:06:05,616 [0.         0.46420794 0.28060177 0.26374524 0.3320491  0.02970922
 0.05613333 0.40909158]
2025-01-21 15:06:06,538 Epoch: [10/20] Iter:[0/284], Time: 0.78, lr: [3.221409687864573e-05], Loss: 1.299590, Acc:0.526852, Semantic loss: 0.113467, BCE loss: 1.137288, SB loss: 0.048835
2025-01-21 15:06:16,239 Epoch: [10/20] Iter:[10/284], Time: 0.95, lr: [3.211199195561952e-05], Loss: 1.253365, Acc:0.525655, Semantic loss: 0.119743, BCE loss: 1.088319, SB loss: 0.045303
2025-01-21 15:06:25,657 Epoch: [10/20] Iter:[20/284], Time: 0.95, lr: [3.200985094666112e-05], Loss: 1.184351, Acc:0.540795, Semantic loss: 0.117548, BCE loss: 1.022602, SB loss: 0.044202
2025-01-21 15:06:35,395 Epoch: [10/20] Iter:[30/284], Time: 0.96, lr: [3.190767371098426e-05], Loss: 1.240408, Acc:0.557602, Semantic loss: 0.119293, BCE loss: 1.076394, SB loss: 0.044721
2025-01-21 15:06:45,249 Epoch: [10/20] Iter:[40/284], Time: 0.96, lr: [3.180546010675033e-05], Loss: 1.270608, Acc:0.569321, Semantic loss: 0.118898, BCE loss: 1.107164, SB loss: 0.044546
2025-01-21 15:06:54,985 Epoch: [10/20] Iter:[50/284], Time: 0.97, lr: [3.170320999105673e-05], Loss: 1.239840, Acc:0.570287, Semantic loss: 0.119297, BCE loss: 1.075839, SB loss: 0.044704
2025-01-21 15:07:03,989 Epoch: [10/20] Iter:[60/284], Time: 0.95, lr: [3.160092321992506e-05], Loss: 1.243442, Acc:0.568802, Semantic loss: 0.119085, BCE loss: 1.079459, SB loss: 0.044898
2025-01-21 15:07:13,673 Epoch: [10/20] Iter:[70/284], Time: 0.96, lr: [3.149859964828908e-05], Loss: 1.257732, Acc:0.569424, Semantic loss: 0.120169, BCE loss: 1.092349, SB loss: 0.045213
2025-01-21 15:07:23,500 Epoch: [10/20] Iter:[80/284], Time: 0.96, lr: [3.1396239129982616e-05], Loss: 1.262318, Acc:0.575211, Semantic loss: 0.120483, BCE loss: 1.096992, SB loss: 0.044843
2025-01-21 15:07:33,273 Epoch: [10/20] Iter:[90/284], Time: 0.96, lr: [3.12938415177271e-05], Loss: 1.247534, Acc:0.577105, Semantic loss: 0.119949, BCE loss: 1.082737, SB loss: 0.044848
2025-01-21 15:07:42,291 Epoch: [10/20] Iter:[100/284], Time: 0.96, lr: [3.119140666311911e-05], Loss: 1.241235, Acc:0.571720, Semantic loss: 0.120288, BCE loss: 1.076035, SB loss: 0.044913
2025-01-21 15:07:52,259 Epoch: [10/20] Iter:[110/284], Time: 0.96, lr: [3.108893441661761e-05], Loss: 1.254710, Acc:0.572510, Semantic loss: 0.119651, BCE loss: 1.090127, SB loss: 0.044932
2025-01-21 15:08:01,969 Epoch: [10/20] Iter:[120/284], Time: 0.96, lr: [3.098642462753102e-05], Loss: 1.254949, Acc:0.572376, Semantic loss: 0.119096, BCE loss: 1.091030, SB loss: 0.044824
2025-01-21 15:08:11,601 Epoch: [10/20] Iter:[130/284], Time: 0.96, lr: [3.08838771440041e-05], Loss: 1.263138, Acc:0.575111, Semantic loss: 0.119448, BCE loss: 1.098922, SB loss: 0.044769
2025-01-21 15:08:20,827 Epoch: [10/20] Iter:[140/284], Time: 0.96, lr: [3.078129181300467e-05], Loss: 1.272629, Acc:0.578639, Semantic loss: 0.119410, BCE loss: 1.108419, SB loss: 0.044800
2025-01-21 15:08:30,730 Epoch: [10/20] Iter:[150/284], Time: 0.96, lr: [3.067866848031007e-05], Loss: 1.279622, Acc:0.577876, Semantic loss: 0.119781, BCE loss: 1.114912, SB loss: 0.044930
2025-01-21 15:08:40,558 Epoch: [10/20] Iter:[160/284], Time: 0.96, lr: [3.0576006990493416e-05], Loss: 1.281498, Acc:0.578540, Semantic loss: 0.119980, BCE loss: 1.116533, SB loss: 0.044985
2025-01-21 15:08:50,220 Epoch: [10/20] Iter:[170/284], Time: 0.96, lr: [3.0473307186909706e-05], Loss: 1.283827, Acc:0.579352, Semantic loss: 0.120146, BCE loss: 1.118571, SB loss: 0.045110
2025-01-21 15:08:59,179 Epoch: [10/20] Iter:[180/284], Time: 0.96, lr: [3.0370568911681683e-05], Loss: 1.285519, Acc:0.579766, Semantic loss: 0.120656, BCE loss: 1.119462, SB loss: 0.045401
2025-01-21 15:09:08,936 Epoch: [10/20] Iter:[190/284], Time: 0.96, lr: [3.0267792005685393e-05], Loss: 1.279195, Acc:0.579284, Semantic loss: 0.120418, BCE loss: 1.113488, SB loss: 0.045289
2025-01-21 15:09:18,557 Epoch: [10/20] Iter:[200/284], Time: 0.96, lr: [3.0164976308535706e-05], Loss: 1.273486, Acc:0.578200, Semantic loss: 0.120724, BCE loss: 1.107330, SB loss: 0.045431
2025-01-21 15:09:28,324 Epoch: [10/20] Iter:[210/284], Time: 0.96, lr: [3.0062121658571412e-05], Loss: 1.272332, Acc:0.578417, Semantic loss: 0.120581, BCE loss: 1.106347, SB loss: 0.045403
2025-01-21 15:09:37,517 Epoch: [10/20] Iter:[220/284], Time: 0.96, lr: [2.9959227892840252e-05], Loss: 1.265181, Acc:0.577718, Semantic loss: 0.120132, BCE loss: 1.099766, SB loss: 0.045283
2025-01-21 15:09:47,131 Epoch: [10/20] Iter:[230/284], Time: 0.96, lr: [2.9856294847083567e-05], Loss: 1.260482, Acc:0.579959, Semantic loss: 0.120190, BCE loss: 1.095041, SB loss: 0.045252
2025-01-21 15:09:56,846 Epoch: [10/20] Iter:[240/284], Time: 0.96, lr: [2.975332235572083e-05], Loss: 1.267356, Acc:0.579793, Semantic loss: 0.120503, BCE loss: 1.101487, SB loss: 0.045366
2025-01-21 15:10:06,623 Epoch: [10/20] Iter:[250/284], Time: 0.96, lr: [2.965031025183388e-05], Loss: 1.267345, Acc:0.579618, Semantic loss: 0.120577, BCE loss: 1.101470, SB loss: 0.045298
2025-01-21 15:10:16,062 Epoch: [10/20] Iter:[260/284], Time: 0.96, lr: [2.9547258367150862e-05], Loss: 1.261475, Acc:0.581060, Semantic loss: 0.120585, BCE loss: 1.095563, SB loss: 0.045327
2025-01-21 15:10:25,613 Epoch: [10/20] Iter:[270/284], Time: 0.96, lr: [2.9444166532030026e-05], Loss: 1.264473, Acc:0.580319, Semantic loss: 0.120571, BCE loss: 1.098547, SB loss: 0.045355
2025-01-21 15:10:35,435 Epoch: [10/20] Iter:[280/284], Time: 0.96, lr: [2.9341034575443128e-05], Loss: 1.262528, Acc:0.579463, Semantic loss: 0.120455, BCE loss: 1.096806, SB loss: 0.045267
2025-01-21 15:19:18,022 0 [0.         0.45353254 0.28606359 0.12462291 0.26110998 0.14669746
 0.04374947 0.10381495] 0.17744886234844742
2025-01-21 15:19:18,022 1 [0.         0.5030629  0.39511085 0.31249789 0.23010781 0.04155869
 0.03343686 0.42801449] 0.24297368595058796
2025-01-21 15:19:18,032 => saving checkpoint to output/loveDa/pidnet_small_loveda_3b_AUG_CHANCE+AUG1+AUG3checkpoint.pth.tar
2025-01-21 15:19:18,613 Loss: 1.305, MeanIU:  0.2430, Best_mIoU:  0.2430
2025-01-21 15:19:18,613 [0.         0.5030629  0.39511085 0.31249789 0.23010781 0.04155869
 0.03343686 0.42801449]
2025-01-21 15:19:19,901 Epoch: [11/20] Iter:[0/284], Time: 1.14, lr: [1.3532173598437625e-05], Loss: 0.718792, Acc:0.494826, Semantic loss: 0.134131, BCE loss: 0.532256, SB loss: 0.052405
2025-01-21 15:19:29,076 Epoch: [11/20] Iter:[10/284], Time: 0.94, lr: [1.3484515765541587e-05], Loss: 1.067287, Acc:0.560410, Semantic loss: 0.119036, BCE loss: 0.901451, SB loss: 0.046800
2025-01-21 15:19:38,762 Epoch: [11/20] Iter:[20/284], Time: 0.95, lr: [1.3436839210209495e-05], Loss: 1.110547, Acc:0.563774, Semantic loss: 0.114924, BCE loss: 0.950309, SB loss: 0.045314
2025-01-21 15:19:48,263 Epoch: [11/20] Iter:[30/284], Time: 0.95, lr: [1.3389143851215612e-05], Loss: 1.141023, Acc:0.559658, Semantic loss: 0.115538, BCE loss: 0.980462, SB loss: 0.045023
2025-01-21 15:19:57,761 Epoch: [11/20] Iter:[40/284], Time: 0.95, lr: [1.3341429606658787e-05], Loss: 1.180820, Acc:0.559301, Semantic loss: 0.115702, BCE loss: 1.020224, SB loss: 0.044894
2025-01-21 15:20:07,025 Epoch: [11/20] Iter:[50/284], Time: 0.95, lr: [1.3293696393954135e-05], Loss: 1.193184, Acc:0.558949, Semantic loss: 0.117207, BCE loss: 1.030544, SB loss: 0.045432
2025-01-21 15:20:16,827 Epoch: [11/20] Iter:[60/284], Time: 0.95, lr: [1.3245944129824569e-05], Loss: 1.219943, Acc:0.566787, Semantic loss: 0.117208, BCE loss: 1.057596, SB loss: 0.045139
2025-01-21 15:20:26,473 Epoch: [11/20] Iter:[70/284], Time: 0.95, lr: [1.319817273029222e-05], Loss: 1.238143, Acc:0.568081, Semantic loss: 0.117172, BCE loss: 1.076007, SB loss: 0.044965
2025-01-21 15:20:36,102 Epoch: [11/20] Iter:[80/284], Time: 0.95, lr: [1.3150382110669672e-05], Loss: 1.241759, Acc:0.571553, Semantic loss: 0.117248, BCE loss: 1.079765, SB loss: 0.044746
2025-01-21 15:20:45,443 Epoch: [11/20] Iter:[90/284], Time: 0.95, lr: [1.3102572185551096e-05], Loss: 1.256274, Acc:0.575548, Semantic loss: 0.116793, BCE loss: 1.094929, SB loss: 0.044551
2025-01-21 15:20:55,254 Epoch: [11/20] Iter:[100/284], Time: 0.96, lr: [1.3054742868803202e-05], Loss: 1.258161, Acc:0.577296, Semantic loss: 0.117322, BCE loss: 1.096286, SB loss: 0.044553
2025-01-21 15:21:05,152 Epoch: [11/20] Iter:[110/284], Time: 0.96, lr: [1.3006894073556071e-05], Loss: 1.283469, Acc:0.583624, Semantic loss: 0.116871, BCE loss: 1.122081, SB loss: 0.044517
2025-01-21 15:21:14,708 Epoch: [11/20] Iter:[120/284], Time: 0.96, lr: [1.2959025712193802e-05], Loss: 1.283966, Acc:0.585516, Semantic loss: 0.117278, BCE loss: 1.122230, SB loss: 0.044457
2025-01-21 15:21:23,743 Epoch: [11/20] Iter:[130/284], Time: 0.95, lr: [1.2911137696345029e-05], Loss: 1.287137, Acc:0.585631, Semantic loss: 0.117420, BCE loss: 1.125280, SB loss: 0.044437
2025-01-21 15:21:33,481 Epoch: [11/20] Iter:[140/284], Time: 0.96, lr: [1.2863229936873251e-05], Loss: 1.298761, Acc:0.585980, Semantic loss: 0.117613, BCE loss: 1.136797, SB loss: 0.044352
2025-01-21 15:21:43,259 Epoch: [11/20] Iter:[150/284], Time: 0.96, lr: [1.2815302343867031e-05], Loss: 1.292091, Acc:0.586204, Semantic loss: 0.117585, BCE loss: 1.130134, SB loss: 0.044373
2025-01-21 15:21:52,968 Epoch: [11/20] Iter:[160/284], Time: 0.96, lr: [1.276735482662999e-05], Loss: 1.277057, Acc:0.582301, Semantic loss: 0.117751, BCE loss: 1.114892, SB loss: 0.044414
2025-01-21 15:22:02,214 Epoch: [11/20] Iter:[170/284], Time: 0.96, lr: [1.2719387293670666e-05], Loss: 1.269690, Acc:0.583869, Semantic loss: 0.117581, BCE loss: 1.107786, SB loss: 0.044323
2025-01-21 15:22:12,000 Epoch: [11/20] Iter:[180/284], Time: 0.96, lr: [1.2671399652692165e-05], Loss: 1.266661, Acc:0.583158, Semantic loss: 0.117620, BCE loss: 1.104674, SB loss: 0.044366
2025-01-21 15:22:21,653 Epoch: [11/20] Iter:[190/284], Time: 0.96, lr: [1.262339181058167e-05], Loss: 1.255164, Acc:0.580761, Semantic loss: 0.118221, BCE loss: 1.092492, SB loss: 0.044450
2025-01-21 15:22:31,065 Epoch: [11/20] Iter:[200/284], Time: 0.96, lr: [1.2575363673399728e-05], Loss: 1.255152, Acc:0.580561, Semantic loss: 0.118304, BCE loss: 1.092361, SB loss: 0.044487
2025-01-21 15:22:40,500 Epoch: [11/20] Iter:[210/284], Time: 0.96, lr: [1.252731514636938e-05], Loss: 1.258714, Acc:0.580742, Semantic loss: 0.118297, BCE loss: 1.095964, SB loss: 0.044453
2025-01-21 15:22:50,146 Epoch: [11/20] Iter:[220/284], Time: 0.96, lr: [1.24792461338651e-05], Loss: 1.251367, Acc:0.577547, Semantic loss: 0.118317, BCE loss: 1.088634, SB loss: 0.044416
2025-01-21 15:22:59,923 Epoch: [11/20] Iter:[230/284], Time: 0.96, lr: [1.2431156539401513e-05], Loss: 1.249143, Acc:0.577679, Semantic loss: 0.118139, BCE loss: 1.086535, SB loss: 0.044469
2025-01-21 15:23:09,084 Epoch: [11/20] Iter:[240/284], Time: 0.96, lr: [1.2383046265621947e-05], Loss: 1.244658, Acc:0.578275, Semantic loss: 0.117879, BCE loss: 1.082393, SB loss: 0.044387
2025-01-21 15:23:18,502 Epoch: [11/20] Iter:[250/284], Time: 0.96, lr: [1.2334915214286764e-05], Loss: 1.241018, Acc:0.578390, Semantic loss: 0.117644, BCE loss: 1.079029, SB loss: 0.044345
2025-01-21 15:23:28,127 Epoch: [11/20] Iter:[260/284], Time: 0.96, lr: [1.228676328626149e-05], Loss: 1.240522, Acc:0.577342, Semantic loss: 0.118083, BCE loss: 1.077937, SB loss: 0.044502
2025-01-21 15:23:37,890 Epoch: [11/20] Iter:[270/284], Time: 0.96, lr: [1.2238590381504716e-05], Loss: 1.240852, Acc:0.578245, Semantic loss: 0.118131, BCE loss: 1.078256, SB loss: 0.044466
2025-01-21 15:23:46,916 Epoch: [11/20] Iter:[280/284], Time: 0.95, lr: [1.2190396399055824e-05], Loss: 1.243711, Acc:0.580626, Semantic loss: 0.117971, BCE loss: 1.081259, SB loss: 0.044481
2025-01-21 15:32:27,426 0 [0.         0.45775322 0.30986623 0.12163523 0.26425808 0.20071688
 0.04135099 0.09232448] 0.18598813744642706
2025-01-21 15:32:27,426 1 [0.         0.47315178 0.39758292 0.32083848 0.30046796 0.03857236
 0.04537712 0.43298908] 0.2511224631463447
2025-01-21 15:32:27,433 => saving checkpoint to output/loveDa/pidnet_small_loveda_3b_AUG_CHANCE+AUG1+AUG3checkpoint.pth.tar
2025-01-21 15:32:28,037 Loss: 1.261, MeanIU:  0.2511, Best_mIoU:  0.2511
2025-01-21 15:32:28,037 [0.         0.47315178 0.39758292 0.32083848 0.30046796 0.03857236
 0.04537712 0.43298908]
2025-01-21 15:32:29,353 Epoch: [12/20] Iter:[0/284], Time: 1.17, lr: [4.958873131959863e-06], Loss: 1.070014, Acc:0.503027, Semantic loss: 0.122318, BCE loss: 0.905115, SB loss: 0.042580
2025-01-21 15:32:38,678 Epoch: [12/20] Iter:[10/284], Time: 0.95, lr: [4.939225378532537e-06], Loss: 1.186127, Acc:0.605192, Semantic loss: 0.113285, BCE loss: 1.030753, SB loss: 0.042090
2025-01-21 15:32:48,382 Epoch: [12/20] Iter:[20/284], Time: 0.96, lr: [4.919568937145752e-06], Loss: 1.215033, Acc:0.591675, Semantic loss: 0.113722, BCE loss: 1.057939, SB loss: 0.043372
2025-01-21 15:32:58,184 Epoch: [12/20] Iter:[30/284], Time: 0.97, lr: [4.899903765353055e-06], Loss: 1.167714, Acc:0.581533, Semantic loss: 0.116237, BCE loss: 1.006957, SB loss: 0.044520
2025-01-21 15:33:07,670 Epoch: [12/20] Iter:[40/284], Time: 0.96, lr: [4.880229820310326e-06], Loss: 1.205301, Acc:0.581784, Semantic loss: 0.116862, BCE loss: 1.043751, SB loss: 0.044688
2025-01-21 15:33:16,937 Epoch: [12/20] Iter:[50/284], Time: 0.96, lr: [4.860547058770246e-06], Loss: 1.186959, Acc:0.589311, Semantic loss: 0.116605, BCE loss: 1.026038, SB loss: 0.044316
2025-01-21 15:33:26,622 Epoch: [12/20] Iter:[60/284], Time: 0.96, lr: [4.8408554370766714e-06], Loss: 1.194665, Acc:0.585256, Semantic loss: 0.117542, BCE loss: 1.032424, SB loss: 0.044699
2025-01-21 15:33:36,457 Epoch: [12/20] Iter:[70/284], Time: 0.96, lr: [4.821154911158903e-06], Loss: 1.210244, Acc:0.586714, Semantic loss: 0.118344, BCE loss: 1.047021, SB loss: 0.044879
2025-01-21 15:33:46,177 Epoch: [12/20] Iter:[80/284], Time: 0.96, lr: [4.801445436525851e-06], Loss: 1.201163, Acc:0.583864, Semantic loss: 0.117978, BCE loss: 1.038310, SB loss: 0.044875
2025-01-21 15:33:55,368 Epoch: [12/20] Iter:[90/284], Time: 0.96, lr: [4.781726968260085e-06], Loss: 1.199008, Acc:0.583140, Semantic loss: 0.118111, BCE loss: 1.035958, SB loss: 0.044939
2025-01-21 15:34:05,206 Epoch: [12/20] Iter:[100/284], Time: 0.96, lr: [4.761999461011777e-06], Loss: 1.200800, Acc:0.580423, Semantic loss: 0.119316, BCE loss: 1.036130, SB loss: 0.045355
2025-01-21 15:34:14,936 Epoch: [12/20] Iter:[110/284], Time: 0.96, lr: [4.7422628689925285e-06], Loss: 1.212598, Acc:0.578555, Semantic loss: 0.119786, BCE loss: 1.047591, SB loss: 0.045221
2025-01-21 15:34:24,811 Epoch: [12/20] Iter:[120/284], Time: 0.96, lr: [4.722517145969081e-06], Loss: 1.222470, Acc:0.577781, Semantic loss: 0.119372, BCE loss: 1.058051, SB loss: 0.045046
2025-01-21 15:34:33,831 Epoch: [12/20] Iter:[130/284], Time: 0.96, lr: [4.702762245256903e-06], Loss: 1.230525, Acc:0.580169, Semantic loss: 0.119430, BCE loss: 1.066068, SB loss: 0.045027
2025-01-21 15:34:43,524 Epoch: [12/20] Iter:[140/284], Time: 0.96, lr: [4.682998119713664e-06], Loss: 1.221086, Acc:0.578804, Semantic loss: 0.119062, BCE loss: 1.057146, SB loss: 0.044878
2025-01-21 15:34:53,270 Epoch: [12/20] Iter:[150/284], Time: 0.96, lr: [4.6632247217325665e-06], Loss: 1.222921, Acc:0.580608, Semantic loss: 0.118888, BCE loss: 1.059241, SB loss: 0.044792
2025-01-21 15:35:03,072 Epoch: [12/20] Iter:[160/284], Time: 0.96, lr: [4.64344200323557e-06], Loss: 1.224035, Acc:0.580211, Semantic loss: 0.119383, BCE loss: 1.059697, SB loss: 0.044955
2025-01-21 15:35:12,121 Epoch: [12/20] Iter:[170/284], Time: 0.96, lr: [4.623649915666465e-06], Loss: 1.228292, Acc:0.579761, Semantic loss: 0.118951, BCE loss: 1.064534, SB loss: 0.044807
2025-01-21 15:35:21,806 Epoch: [12/20] Iter:[180/284], Time: 0.96, lr: [4.603848409983818e-06], Loss: 1.231044, Acc:0.579879, Semantic loss: 0.119118, BCE loss: 1.067037, SB loss: 0.044889
2025-01-21 15:35:31,654 Epoch: [12/20] Iter:[190/284], Time: 0.96, lr: [4.584037436653788e-06], Loss: 1.229867, Acc:0.579230, Semantic loss: 0.119796, BCE loss: 1.065126, SB loss: 0.044946
2025-01-21 15:35:41,491 Epoch: [12/20] Iter:[200/284], Time: 0.96, lr: [4.564216945642781e-06], Loss: 1.225524, Acc:0.578303, Semantic loss: 0.119677, BCE loss: 1.060907, SB loss: 0.044940
2025-01-21 15:35:50,581 Epoch: [12/20] Iter:[210/284], Time: 0.96, lr: [4.544386886409985e-06], Loss: 1.228590, Acc:0.577882, Semantic loss: 0.119705, BCE loss: 1.063944, SB loss: 0.044942
2025-01-21 15:36:00,075 Epoch: [12/20] Iter:[220/284], Time: 0.96, lr: [4.524547207899729e-06], Loss: 1.225134, Acc:0.576336, Semantic loss: 0.119429, BCE loss: 1.060854, SB loss: 0.044852
2025-01-21 15:36:09,786 Epoch: [12/20] Iter:[230/284], Time: 0.96, lr: [4.504697858533713e-06], Loss: 1.227648, Acc:0.577324, Semantic loss: 0.119537, BCE loss: 1.063160, SB loss: 0.044951
2025-01-21 15:36:19,578 Epoch: [12/20] Iter:[240/284], Time: 0.96, lr: [4.484838786203063e-06], Loss: 1.230808, Acc:0.578720, Semantic loss: 0.119506, BCE loss: 1.066362, SB loss: 0.044940
2025-01-21 15:36:28,771 Epoch: [12/20] Iter:[250/284], Time: 0.96, lr: [4.464969938260247e-06], Loss: 1.236329, Acc:0.579303, Semantic loss: 0.119394, BCE loss: 1.072002, SB loss: 0.044933
2025-01-21 15:36:38,293 Epoch: [12/20] Iter:[260/284], Time: 0.96, lr: [4.4450912615107985e-06], Loss: 1.239074, Acc:0.578793, Semantic loss: 0.119610, BCE loss: 1.074502, SB loss: 0.044961
2025-01-21 15:36:47,988 Epoch: [12/20] Iter:[270/284], Time: 0.96, lr: [4.425202702204903e-06], Loss: 1.235469, Acc:0.578881, Semantic loss: 0.119662, BCE loss: 1.070899, SB loss: 0.044907
2025-01-21 15:36:57,678 Epoch: [12/20] Iter:[280/284], Time: 0.96, lr: [4.405304206028781e-06], Loss: 1.232801, Acc:0.579458, Semantic loss: 0.119199, BCE loss: 1.068819, SB loss: 0.044783
2025-01-21 15:45:38,822 0 [0.         0.46491099 0.31877128 0.12470588 0.27774453 0.20743042
 0.04402446 0.11302131] 0.1938261085104791
2025-01-21 15:45:38,822 1 [0.         0.47269482 0.41099086 0.33159884 0.32655725 0.03950151
 0.06004851 0.44270176] 0.26051169503068916
2025-01-21 15:45:38,825 => saving checkpoint to output/loveDa/pidnet_small_loveda_3b_AUG_CHANCE+AUG1+AUG3checkpoint.pth.tar
2025-01-21 15:45:39,232 Loss: 1.221, MeanIU:  0.2605, Best_mIoU:  0.2605
2025-01-21 15:45:39,232 [0.         0.47269482 0.41099086 0.33159884 0.32655725 0.03950151
 0.06004851 0.44270176]
2025-01-21 15:45:40,189 Epoch: [13/20] Iter:[0/284], Time: 0.81, lr: [1.5763025935055483e-06], Loss: 1.576256, Acc:0.626750, Semantic loss: 0.148696, BCE loss: 1.368094, SB loss: 0.059466
2025-01-21 15:45:49,898 Epoch: [13/20] Iter:[10/284], Time: 0.96, lr: [1.5691646166296236e-06], Loss: 1.266345, Acc:0.592126, Semantic loss: 0.125730, BCE loss: 1.092068, SB loss: 0.048547
2025-01-21 15:45:59,492 Epoch: [13/20] Iter:[20/284], Time: 0.96, lr: [1.5620230301412287e-06], Loss: 1.268669, Acc:0.596484, Semantic loss: 0.117499, BCE loss: 1.105684, SB loss: 0.045485
2025-01-21 15:46:08,651 Epoch: [13/20] Iter:[30/284], Time: 0.94, lr: [1.5548778138593846e-06], Loss: 1.279902, Acc:0.589940, Semantic loss: 0.118343, BCE loss: 1.116199, SB loss: 0.045359
2025-01-21 15:46:18,522 Epoch: [13/20] Iter:[40/284], Time: 0.95, lr: [1.5477289473866073e-06], Loss: 1.290292, Acc:0.584204, Semantic loss: 0.117689, BCE loss: 1.127742, SB loss: 0.044861
2025-01-21 15:46:28,131 Epoch: [13/20] Iter:[50/284], Time: 0.96, lr: [1.5405764101054644e-06], Loss: 1.303760, Acc:0.595805, Semantic loss: 0.116791, BCE loss: 1.142410, SB loss: 0.044559
2025-01-21 15:46:37,714 Epoch: [13/20] Iter:[60/284], Time: 0.96, lr: [1.5334201811750523e-06], Loss: 1.270749, Acc:0.588614, Semantic loss: 0.116365, BCE loss: 1.110041, SB loss: 0.044343
2025-01-21 15:46:46,873 Epoch: [13/20] Iter:[70/284], Time: 0.95, lr: [1.526260239527406e-06], Loss: 1.288265, Acc:0.585763, Semantic loss: 0.118022, BCE loss: 1.125481, SB loss: 0.044762
2025-01-21 15:46:56,400 Epoch: [13/20] Iter:[80/284], Time: 0.95, lr: [1.5190965638638247e-06], Loss: 1.277385, Acc:0.587425, Semantic loss: 0.117602, BCE loss: 1.115305, SB loss: 0.044478
2025-01-21 15:47:06,046 Epoch: [13/20] Iter:[90/284], Time: 0.95, lr: [1.5119291326511243e-06], Loss: 1.268956, Acc:0.584214, Semantic loss: 0.117892, BCE loss: 1.106456, SB loss: 0.044608
2025-01-21 15:47:15,771 Epoch: [13/20] Iter:[100/284], Time: 0.95, lr: [1.5047579241178043e-06], Loss: 1.265026, Acc:0.582725, Semantic loss: 0.118192, BCE loss: 1.102091, SB loss: 0.044743
2025-01-21 15:47:24,959 Epoch: [13/20] Iter:[110/284], Time: 0.95, lr: [1.497582916250136e-06], Loss: 1.277391, Acc:0.584912, Semantic loss: 0.118016, BCE loss: 1.114734, SB loss: 0.044641
2025-01-21 15:47:34,434 Epoch: [13/20] Iter:[120/284], Time: 0.95, lr: [1.4904040867881622e-06], Loss: 1.277871, Acc:0.579443, Semantic loss: 0.118184, BCE loss: 1.114770, SB loss: 0.044917
2025-01-21 15:47:44,261 Epoch: [13/20] Iter:[130/284], Time: 0.95, lr: [1.4832214132216079e-06], Loss: 1.265559, Acc:0.578999, Semantic loss: 0.117498, BCE loss: 1.103317, SB loss: 0.044744
2025-01-21 15:47:53,907 Epoch: [13/20] Iter:[140/284], Time: 0.95, lr: [1.4760348727857057e-06], Loss: 1.252170, Acc:0.579769, Semantic loss: 0.117129, BCE loss: 1.090481, SB loss: 0.044560
2025-01-21 15:48:02,998 Epoch: [13/20] Iter:[150/284], Time: 0.95, lr: [1.4688444424569223e-06], Loss: 1.247816, Acc:0.579600, Semantic loss: 0.117177, BCE loss: 1.086058, SB loss: 0.044581
2025-01-21 15:48:12,660 Epoch: [13/20] Iter:[160/284], Time: 0.95, lr: [1.4616500989485968e-06], Loss: 1.255320, Acc:0.580682, Semantic loss: 0.117553, BCE loss: 1.093253, SB loss: 0.044514
2025-01-21 15:48:22,419 Epoch: [13/20] Iter:[170/284], Time: 0.95, lr: [1.4544518187064722e-06], Loss: 1.250035, Acc:0.581507, Semantic loss: 0.117732, BCE loss: 1.087815, SB loss: 0.044489
2025-01-21 15:48:32,222 Epoch: [13/20] Iter:[180/284], Time: 0.95, lr: [1.4472495779041361e-06], Loss: 1.252677, Acc:0.583049, Semantic loss: 0.117758, BCE loss: 1.090491, SB loss: 0.044429
2025-01-21 15:48:41,386 Epoch: [13/20] Iter:[190/284], Time: 0.95, lr: [1.4400433524383492e-06], Loss: 1.256051, Acc:0.582921, Semantic loss: 0.117432, BCE loss: 1.094269, SB loss: 0.044349
2025-01-21 15:48:50,864 Epoch: [13/20] Iter:[200/284], Time: 0.95, lr: [1.4328331179242726e-06], Loss: 1.264622, Acc:0.584555, Semantic loss: 0.117547, BCE loss: 1.102754, SB loss: 0.044321
2025-01-21 15:49:00,623 Epoch: [13/20] Iter:[210/284], Time: 0.95, lr: [1.425618849690584e-06], Loss: 1.255553, Acc:0.586400, Semantic loss: 0.117445, BCE loss: 1.093927, SB loss: 0.044181
2025-01-21 15:49:10,454 Epoch: [13/20] Iter:[220/284], Time: 0.96, lr: [1.4184005227744816e-06], Loss: 1.259918, Acc:0.587822, Semantic loss: 0.117484, BCE loss: 1.098307, SB loss: 0.044127
2025-01-21 15:49:19,683 Epoch: [13/20] Iter:[230/284], Time: 0.95, lr: [1.4111781119165695e-06], Loss: 1.259122, Acc:0.588368, Semantic loss: 0.117596, BCE loss: 1.097241, SB loss: 0.044285
2025-01-21 15:49:28,933 Epoch: [13/20] Iter:[240/284], Time: 0.95, lr: [1.4039515915556302e-06], Loss: 1.257783, Acc:0.587870, Semantic loss: 0.117475, BCE loss: 1.096037, SB loss: 0.044271
2025-01-21 15:49:38,728 Epoch: [13/20] Iter:[250/284], Time: 0.95, lr: [1.3967209358232653e-06], Loss: 1.256701, Acc:0.587493, Semantic loss: 0.117775, BCE loss: 1.094513, SB loss: 0.044412
2025-01-21 15:49:48,261 Epoch: [13/20] Iter:[260/284], Time: 0.95, lr: [1.3894861185384197e-06], Loss: 1.255732, Acc:0.588265, Semantic loss: 0.117679, BCE loss: 1.093713, SB loss: 0.044341
2025-01-21 15:49:57,392 Epoch: [13/20] Iter:[270/284], Time: 0.95, lr: [1.3822471132017666e-06], Loss: 1.252086, Acc:0.588666, Semantic loss: 0.117447, BCE loss: 1.090371, SB loss: 0.044268
2025-01-21 15:50:06,883 Epoch: [13/20] Iter:[280/284], Time: 0.95, lr: [1.375003892989966e-06], Loss: 1.254981, Acc:0.589295, Semantic loss: 0.117491, BCE loss: 1.093215, SB loss: 0.044275
2025-01-21 15:58:41,289 0 [0.         0.45843465 0.3250675  0.12717959 0.27322937 0.19689869
 0.04360766 0.09288341] 0.1896626088042831
2025-01-21 15:58:41,289 1 [0.         0.48239658 0.41903473 0.3251197  0.33372553 0.03868989
 0.04852144 0.42328806] 0.25884699193713323
2025-01-21 15:58:41,292 => saving checkpoint to output/loveDa/pidnet_small_loveda_3b_AUG_CHANCE+AUG1+AUG3checkpoint.pth.tar
2025-01-21 15:58:41,591 Loss: 1.258, MeanIU:  0.2588, Best_mIoU:  0.2605
2025-01-21 15:58:41,591 [0.         0.48239658 0.41903473 0.3251197  0.33372553 0.03868989
 0.04852144 0.42328806]
2025-01-21 15:58:42,561 Epoch: [14/20] Iter:[0/284], Time: 0.81, lr: [4.484801167115005e-07], Loss: 0.949860, Acc:0.617347, Semantic loss: 0.101672, BCE loss: 0.806639, SB loss: 0.041549
2025-01-21 15:58:52,186 Epoch: [14/20] Iter:[10/284], Time: 0.95, lr: [4.461106871496993e-07], Loss: 1.105577, Acc:0.563559, Semantic loss: 0.120258, BCE loss: 0.939835, SB loss: 0.045483
2025-01-21 15:59:01,757 Epoch: [14/20] Iter:[20/284], Time: 0.95, lr: [4.437398584476875e-07], Loss: 1.184018, Acc:0.579396, Semantic loss: 0.121593, BCE loss: 1.017699, SB loss: 0.044725
2025-01-21 15:59:10,655 Epoch: [14/20] Iter:[30/284], Time: 0.93, lr: [4.4136762146336656e-07], Loss: 1.198246, Acc:0.576400, Semantic loss: 0.118720, BCE loss: 1.035772, SB loss: 0.043753
2025-01-21 15:59:20,386 Epoch: [14/20] Iter:[40/284], Time: 0.94, lr: [4.3899396693991644e-07], Loss: 1.222743, Acc:0.576090, Semantic loss: 0.120020, BCE loss: 1.058481, SB loss: 0.044242
2025-01-21 15:59:30,203 Epoch: [14/20] Iter:[50/284], Time: 0.95, lr: [4.366188855036566e-07], Loss: 1.252561, Acc:0.586958, Semantic loss: 0.119312, BCE loss: 1.089065, SB loss: 0.044184
2025-01-21 15:59:39,774 Epoch: [14/20] Iter:[60/284], Time: 0.95, lr: [4.3424236766185605e-07], Loss: 1.243929, Acc:0.579536, Semantic loss: 0.120779, BCE loss: 1.078568, SB loss: 0.044581
2025-01-21 15:59:48,898 Epoch: [14/20] Iter:[70/284], Time: 0.95, lr: [4.318644038004868e-07], Loss: 1.270508, Acc:0.585619, Semantic loss: 0.120197, BCE loss: 1.105757, SB loss: 0.044555
2025-01-21 15:59:58,440 Epoch: [14/20] Iter:[80/284], Time: 0.95, lr: [4.294849841819222e-07], Loss: 1.261388, Acc:0.585321, Semantic loss: 0.120168, BCE loss: 1.096627, SB loss: 0.044593
2025-01-21 16:00:08,194 Epoch: [14/20] Iter:[90/284], Time: 0.95, lr: [4.2710409894257757e-07], Loss: 1.272343, Acc:0.588628, Semantic loss: 0.120671, BCE loss: 1.106923, SB loss: 0.044748
2025-01-21 16:00:17,785 Epoch: [14/20] Iter:[100/284], Time: 0.95, lr: [4.2472173809048854e-07], Loss: 1.257388, Acc:0.584450, Semantic loss: 0.119554, BCE loss: 1.093265, SB loss: 0.044569
2025-01-21 16:00:26,794 Epoch: [14/20] Iter:[110/284], Time: 0.95, lr: [4.223378915028307e-07], Loss: 1.258984, Acc:0.587947, Semantic loss: 0.119519, BCE loss: 1.094992, SB loss: 0.044473
2025-01-21 16:00:36,228 Epoch: [14/20] Iter:[120/284], Time: 0.95, lr: [4.199525489233725e-07], Loss: 1.250430, Acc:0.588069, Semantic loss: 0.118509, BCE loss: 1.087627, SB loss: 0.044294
2025-01-21 16:00:45,940 Epoch: [14/20] Iter:[130/284], Time: 0.95, lr: [4.175656999598647e-07], Loss: 1.252469, Acc:0.587856, Semantic loss: 0.118804, BCE loss: 1.089244, SB loss: 0.044421
2025-01-21 16:00:55,490 Epoch: [14/20] Iter:[140/284], Time: 0.95, lr: [4.1517733408135916e-07], Loss: 1.240605, Acc:0.583979, Semantic loss: 0.118845, BCE loss: 1.077317, SB loss: 0.044443
2025-01-21 16:01:04,595 Epoch: [14/20] Iter:[150/284], Time: 0.95, lr: [4.1278744061546013e-07], Loss: 1.237370, Acc:0.586074, Semantic loss: 0.118457, BCE loss: 1.074525, SB loss: 0.044388
2025-01-21 16:01:14,069 Epoch: [14/20] Iter:[160/284], Time: 0.95, lr: [4.103960087455005e-07], Loss: 1.235165, Acc:0.586793, Semantic loss: 0.118195, BCE loss: 1.072776, SB loss: 0.044194
2025-01-21 16:01:23,903 Epoch: [14/20] Iter:[170/284], Time: 0.95, lr: [4.080030275076452e-07], Loss: 1.237115, Acc:0.588086, Semantic loss: 0.118524, BCE loss: 1.074296, SB loss: 0.044296
2025-01-21 16:01:33,596 Epoch: [14/20] Iter:[180/284], Time: 0.95, lr: [4.0560848578791465e-07], Loss: 1.240398, Acc:0.589043, Semantic loss: 0.118799, BCE loss: 1.077177, SB loss: 0.044423
2025-01-21 16:01:42,436 Epoch: [14/20] Iter:[190/284], Time: 0.95, lr: [4.0321237231913115e-07], Loss: 1.241121, Acc:0.586496, Semantic loss: 0.118793, BCE loss: 1.077917, SB loss: 0.044410
2025-01-21 16:01:52,079 Epoch: [14/20] Iter:[200/284], Time: 0.95, lr: [4.008146756777798e-07], Loss: 1.240013, Acc:0.587114, Semantic loss: 0.118889, BCE loss: 1.076756, SB loss: 0.044368
2025-01-21 16:02:01,724 Epoch: [14/20] Iter:[210/284], Time: 0.95, lr: [3.984153842807856e-07], Loss: 1.234670, Acc:0.588037, Semantic loss: 0.118654, BCE loss: 1.071753, SB loss: 0.044263
2025-01-21 16:02:11,438 Epoch: [14/20] Iter:[220/284], Time: 0.95, lr: [3.960144863822008e-07], Loss: 1.247575, Acc:0.589598, Semantic loss: 0.118549, BCE loss: 1.084753, SB loss: 0.044273
2025-01-21 16:02:20,357 Epoch: [14/20] Iter:[230/284], Time: 0.95, lr: [3.9361197006980217e-07], Loss: 1.241460, Acc:0.588696, Semantic loss: 0.118303, BCE loss: 1.078949, SB loss: 0.044208
2025-01-21 16:02:30,108 Epoch: [14/20] Iter:[240/284], Time: 0.95, lr: [3.912078232615918e-07], Loss: 1.238371, Acc:0.588264, Semantic loss: 0.118061, BCE loss: 1.076108, SB loss: 0.044201
2025-01-21 16:02:39,820 Epoch: [14/20] Iter:[250/284], Time: 0.95, lr: [3.888020337022017e-07], Loss: 1.232594, Acc:0.588970, Semantic loss: 0.117785, BCE loss: 1.070692, SB loss: 0.044117
2025-01-21 16:02:49,734 Epoch: [14/20] Iter:[260/284], Time: 0.95, lr: [3.8639458895919533e-07], Loss: 1.236027, Acc:0.590527, Semantic loss: 0.117572, BCE loss: 1.074404, SB loss: 0.044051
2025-01-21 16:02:58,658 Epoch: [14/20] Iter:[270/284], Time: 0.95, lr: [3.839854764192655e-07], Loss: 1.237398, Acc:0.590720, Semantic loss: 0.117387, BCE loss: 1.076029, SB loss: 0.043982
2025-01-21 16:03:08,534 Epoch: [14/20] Iter:[280/284], Time: 0.95, lr: [3.8157468328432206e-07], Loss: 1.239311, Acc:0.592184, Semantic loss: 0.117506, BCE loss: 1.077838, SB loss: 0.043967
2025-01-21 16:11:38,551 0 [0.         0.46286879 0.30262212 0.1252209  0.28442109 0.19974164
 0.04610383 0.09146174] 0.1890550147558359
2025-01-21 16:11:38,552 1 [0.         0.49733902 0.38502314 0.30651991 0.3507085  0.04744743
 0.05327939 0.4226058 ] 0.257865398969471
2025-01-21 16:11:38,553 => saving checkpoint to output/loveDa/pidnet_small_loveda_3b_AUG_CHANCE+AUG1+AUG3checkpoint.pth.tar
2025-01-21 16:11:38,992 Loss: 1.237, MeanIU:  0.2579, Best_mIoU:  0.2605
2025-01-21 16:11:38,993 [0.         0.49733902 0.38502314 0.30651991 0.3507085  0.04744743
 0.05327939 0.4226058 ]
2025-01-21 16:11:40,284 Epoch: [15/20] Iter:[0/284], Time: 1.12, lr: [1.371464471832293e-07], Loss: 1.345409, Acc:0.513773, Semantic loss: 0.117581, BCE loss: 1.181847, SB loss: 0.045982
2025-01-21 16:11:49,213 Epoch: [15/20] Iter:[10/284], Time: 0.92, lr: [1.3627690227471175e-07], Loss: 1.210986, Acc:0.581669, Semantic loss: 0.113009, BCE loss: 1.053769, SB loss: 0.044208
2025-01-21 16:11:58,994 Epoch: [15/20] Iter:[20/284], Time: 0.95, lr: [1.3540674044350605e-07], Loss: 1.221372, Acc:0.585877, Semantic loss: 0.115375, BCE loss: 1.061837, SB loss: 0.044160
2025-01-21 16:12:08,727 Epoch: [15/20] Iter:[30/284], Time: 0.95, lr: [1.3453595684054865e-07], Loss: 1.249739, Acc:0.603035, Semantic loss: 0.115227, BCE loss: 1.089819, SB loss: 0.044693
2025-01-21 16:12:18,451 Epoch: [15/20] Iter:[40/284], Time: 0.96, lr: [1.3366454654348873e-07], Loss: 1.222419, Acc:0.599912, Semantic loss: 0.115106, BCE loss: 1.062946, SB loss: 0.044367
2025-01-21 16:12:27,350 Epoch: [15/20] Iter:[50/284], Time: 0.95, lr: [1.3279250455504088e-07], Loss: 1.221501, Acc:0.595226, Semantic loss: 0.114283, BCE loss: 1.063271, SB loss: 0.043948
2025-01-21 16:12:36,999 Epoch: [15/20] Iter:[60/284], Time: 0.95, lr: [1.319198258012892e-07], Loss: 1.248813, Acc:0.590554, Semantic loss: 0.117005, BCE loss: 1.087474, SB loss: 0.044333
2025-01-21 16:12:46,618 Epoch: [15/20] Iter:[70/284], Time: 0.95, lr: [1.3104650512993943e-07], Loss: 1.248784, Acc:0.591615, Semantic loss: 0.116181, BCE loss: 1.088215, SB loss: 0.044388
2025-01-21 16:12:56,052 Epoch: [15/20] Iter:[80/284], Time: 0.95, lr: [1.3017253730851896e-07], Loss: 1.240411, Acc:0.592486, Semantic loss: 0.116751, BCE loss: 1.079329, SB loss: 0.044331
2025-01-21 16:13:05,023 Epoch: [15/20] Iter:[90/284], Time: 0.94, lr: [1.2929791702252063e-07], Loss: 1.243786, Acc:0.590330, Semantic loss: 0.115975, BCE loss: 1.083575, SB loss: 0.044236
2025-01-21 16:13:14,405 Epoch: [15/20] Iter:[100/284], Time: 0.94, lr: [1.2842263887349044e-07], Loss: 1.231567, Acc:0.585991, Semantic loss: 0.116588, BCE loss: 1.070559, SB loss: 0.044420
2025-01-21 16:13:23,843 Epoch: [15/20] Iter:[110/284], Time: 0.94, lr: [1.2754669737705456e-07], Loss: 1.215643, Acc:0.585686, Semantic loss: 0.116398, BCE loss: 1.054959, SB loss: 0.044287
2025-01-21 16:13:33,173 Epoch: [15/20] Iter:[120/284], Time: 0.94, lr: [1.266700869608861e-07], Loss: 1.210733, Acc:0.582078, Semantic loss: 0.117175, BCE loss: 1.049235, SB loss: 0.044323
2025-01-21 16:13:42,361 Epoch: [15/20] Iter:[130/284], Time: 0.94, lr: [1.2579280196260597e-07], Loss: 1.204918, Acc:0.581511, Semantic loss: 0.117436, BCE loss: 1.043316, SB loss: 0.044166
2025-01-21 16:13:51,903 Epoch: [15/20] Iter:[140/284], Time: 0.94, lr: [1.2491483662761882e-07], Loss: 1.201359, Acc:0.582609, Semantic loss: 0.117768, BCE loss: 1.039236, SB loss: 0.044355
2025-01-21 16:14:01,671 Epoch: [15/20] Iter:[150/284], Time: 0.94, lr: [1.2403618510687787e-07], Loss: 1.209010, Acc:0.585828, Semantic loss: 0.117756, BCE loss: 1.046837, SB loss: 0.044417
2025-01-21 16:14:11,029 Epoch: [15/20] Iter:[160/284], Time: 0.94, lr: [1.231568414545791e-07], Loss: 1.223893, Acc:0.588843, Semantic loss: 0.117430, BCE loss: 1.062145, SB loss: 0.044319
2025-01-21 16:14:20,148 Epoch: [15/20] Iter:[170/284], Time: 0.94, lr: [1.2227679962577914e-07], Loss: 1.217228, Acc:0.587817, Semantic loss: 0.117513, BCE loss: 1.055352, SB loss: 0.044363
2025-01-21 16:14:29,665 Epoch: [15/20] Iter:[180/284], Time: 0.94, lr: [1.2139605347393605e-07], Loss: 1.214848, Acc:0.586198, Semantic loss: 0.117584, BCE loss: 1.052889, SB loss: 0.044375
2025-01-21 16:14:39,187 Epoch: [15/20] Iter:[190/284], Time: 0.94, lr: [1.2051459674836757e-07], Loss: 1.213182, Acc:0.585282, Semantic loss: 0.117437, BCE loss: 1.051316, SB loss: 0.044430
2025-01-21 16:14:48,519 Epoch: [15/20] Iter:[200/284], Time: 0.94, lr: [1.1963242309162598e-07], Loss: 1.212209, Acc:0.583993, Semantic loss: 0.117204, BCE loss: 1.050703, SB loss: 0.044303
2025-01-21 16:14:57,787 Epoch: [15/20] Iter:[210/284], Time: 0.94, lr: [1.1874952603678341e-07], Loss: 1.214295, Acc:0.582891, Semantic loss: 0.117398, BCE loss: 1.052571, SB loss: 0.044326
2025-01-21 16:15:07,267 Epoch: [15/20] Iter:[220/284], Time: 0.94, lr: [1.1786589900462608e-07], Loss: 1.213083, Acc:0.582230, Semantic loss: 0.117961, BCE loss: 1.050701, SB loss: 0.044421
2025-01-21 16:15:16,826 Epoch: [15/20] Iter:[230/284], Time: 0.94, lr: [1.1698153530075187e-07], Loss: 1.219420, Acc:0.582682, Semantic loss: 0.118194, BCE loss: 1.056752, SB loss: 0.044473
2025-01-21 16:15:26,045 Epoch: [15/20] Iter:[240/284], Time: 0.94, lr: [1.1609642811256865e-07], Loss: 1.224577, Acc:0.583574, Semantic loss: 0.118181, BCE loss: 1.061953, SB loss: 0.044442
2025-01-21 16:15:35,654 Epoch: [15/20] Iter:[250/284], Time: 0.94, lr: [1.1521057050618755e-07], Loss: 1.227854, Acc:0.583783, Semantic loss: 0.118120, BCE loss: 1.065365, SB loss: 0.044368
2025-01-21 16:15:45,184 Epoch: [15/20] Iter:[260/284], Time: 0.94, lr: [1.1432395542320749e-07], Loss: 1.229833, Acc:0.583585, Semantic loss: 0.118003, BCE loss: 1.067510, SB loss: 0.044319
2025-01-21 16:15:54,659 Epoch: [15/20] Iter:[270/284], Time: 0.94, lr: [1.1343657567738652e-07], Loss: 1.226872, Acc:0.583115, Semantic loss: 0.117704, BCE loss: 1.064916, SB loss: 0.044252
2025-01-21 16:16:03,653 Epoch: [15/20] Iter:[280/284], Time: 0.94, lr: [1.1254842395119347e-07], Loss: 1.233524, Acc:0.581971, Semantic loss: 0.118068, BCE loss: 1.071172, SB loss: 0.044284
2025-01-21 16:24:26,593 0 [0.         0.46197576 0.30907868 0.11994054 0.28887521 0.18367873
 0.04475282 0.09384073] 0.18776780919047714
2025-01-21 16:24:26,593 1 [0.         0.47810327 0.39452392 0.32532049 0.35740342 0.04281147
 0.06143467 0.42999518] 0.26119905344251565
2025-01-21 16:24:26,597 => saving checkpoint to output/loveDa/pidnet_small_loveda_3b_AUG_CHANCE+AUG1+AUG3checkpoint.pth.tar
2025-01-21 16:24:27,213 Loss: 1.252, MeanIU:  0.2612, Best_mIoU:  0.2612
2025-01-21 16:24:27,213 [0.         0.47810327 0.39452392 0.32532049 0.35740342 0.04281147
 0.06143467 0.42999518]
2025-01-21 16:24:28,424 Epoch: [16/20] Iter:[0/284], Time: 1.04, lr: [6.584972886197031e-08], Loss: 1.272670, Acc:0.666229, Semantic loss: 0.123396, BCE loss: 1.101691, SB loss: 0.047582
2025-01-21 16:24:37,430 Epoch: [16/20] Iter:[10/284], Time: 0.92, lr: [6.53278017017519e-08], Loss: 1.293237, Acc:0.620872, Semantic loss: 0.116636, BCE loss: 1.133366, SB loss: 0.043234
2025-01-21 16:24:46,966 Epoch: [16/20] Iter:[20/284], Time: 0.93, lr: [6.480541080600853e-08], Loss: 1.211306, Acc:0.592461, Semantic loss: 0.116564, BCE loss: 1.050453, SB loss: 0.044289
2025-01-21 16:24:56,462 Epoch: [16/20] Iter:[30/284], Time: 0.94, lr: [6.428255160170001e-08], Loss: 1.183350, Acc:0.569532, Semantic loss: 0.120111, BCE loss: 1.018140, SB loss: 0.045099
2025-01-21 16:25:05,975 Epoch: [16/20] Iter:[40/284], Time: 0.94, lr: [6.37592194289134e-08], Loss: 1.221960, Acc:0.581742, Semantic loss: 0.118890, BCE loss: 1.058576, SB loss: 0.044494
2025-01-21 16:25:15,002 Epoch: [16/20] Iter:[50/284], Time: 0.93, lr: [6.323540953840487e-08], Loss: 1.225690, Acc:0.584879, Semantic loss: 0.120262, BCE loss: 1.060354, SB loss: 0.045074
2025-01-21 16:25:24,660 Epoch: [16/20] Iter:[60/284], Time: 0.94, lr: [6.271111708904814e-08], Loss: 1.216557, Acc:0.582995, Semantic loss: 0.120244, BCE loss: 1.051348, SB loss: 0.044965
2025-01-21 16:25:34,190 Epoch: [16/20] Iter:[70/284], Time: 0.94, lr: [6.218633714518623e-08], Loss: 1.210618, Acc:0.574977, Semantic loss: 0.119621, BCE loss: 1.046299, SB loss: 0.044698
2025-01-21 16:25:43,930 Epoch: [16/20] Iter:[80/284], Time: 0.95, lr: [6.166106467388073e-08], Loss: 1.223473, Acc:0.581905, Semantic loss: 0.119661, BCE loss: 1.059122, SB loss: 0.044690
2025-01-21 16:25:52,713 Epoch: [16/20] Iter:[90/284], Time: 0.94, lr: [6.113529454205473e-08], Loss: 1.219332, Acc:0.581281, Semantic loss: 0.119730, BCE loss: 1.054999, SB loss: 0.044603
2025-01-21 16:26:02,410 Epoch: [16/20] Iter:[100/284], Time: 0.94, lr: [6.06090215135232e-08], Loss: 1.221593, Acc:0.580386, Semantic loss: 0.119853, BCE loss: 1.057185, SB loss: 0.044555
2025-01-21 16:26:12,008 Epoch: [16/20] Iter:[110/284], Time: 0.94, lr: [6.008224024590626e-08], Loss: 1.221285, Acc:0.584027, Semantic loss: 0.118882, BCE loss: 1.058154, SB loss: 0.044249
2025-01-21 16:26:21,749 Epoch: [16/20] Iter:[120/284], Time: 0.95, lr: [5.955494528741861e-08], Loss: 1.225693, Acc:0.583500, Semantic loss: 0.119038, BCE loss: 1.062306, SB loss: 0.044350
2025-01-21 16:26:30,876 Epoch: [16/20] Iter:[130/284], Time: 0.94, lr: [5.902713107352975e-08], Loss: 1.225231, Acc:0.582439, Semantic loss: 0.118856, BCE loss: 1.062057, SB loss: 0.044318
2025-01-21 16:26:40,686 Epoch: [16/20] Iter:[140/284], Time: 0.95, lr: [5.849879192348748e-08], Loss: 1.226559, Acc:0.581461, Semantic loss: 0.119093, BCE loss: 1.063154, SB loss: 0.044312
2025-01-21 16:26:50,327 Epoch: [16/20] Iter:[150/284], Time: 0.95, lr: [5.796992203669882e-08], Loss: 1.229655, Acc:0.582917, Semantic loss: 0.119126, BCE loss: 1.066187, SB loss: 0.044341
2025-01-21 16:26:59,988 Epoch: [16/20] Iter:[160/284], Time: 0.95, lr: [5.744051548895977e-08], Loss: 1.236242, Acc:0.583113, Semantic loss: 0.119033, BCE loss: 1.072901, SB loss: 0.044307
2025-01-21 16:27:09,133 Epoch: [16/20] Iter:[170/284], Time: 0.95, lr: [5.69105662285271e-08], Loss: 1.236532, Acc:0.584400, Semantic loss: 0.118533, BCE loss: 1.073837, SB loss: 0.044162
2025-01-21 16:27:18,574 Epoch: [16/20] Iter:[180/284], Time: 0.95, lr: [5.638006807202281e-08], Loss: 1.234868, Acc:0.583512, Semantic loss: 0.118078, BCE loss: 1.072684, SB loss: 0.044107
2025-01-21 16:27:28,202 Epoch: [16/20] Iter:[190/284], Time: 0.95, lr: [5.584901470016339e-08], Loss: 1.231451, Acc:0.584646, Semantic loss: 0.118149, BCE loss: 1.069109, SB loss: 0.044193
2025-01-21 16:27:37,936 Epoch: [16/20] Iter:[200/284], Time: 0.95, lr: [5.531739965330341e-08], Loss: 1.235323, Acc:0.586343, Semantic loss: 0.117930, BCE loss: 1.073242, SB loss: 0.044152
2025-01-21 16:27:46,910 Epoch: [16/20] Iter:[210/284], Time: 0.95, lr: [5.478521632678393e-08], Loss: 1.233876, Acc:0.588222, Semantic loss: 0.117672, BCE loss: 1.072060, SB loss: 0.044144
2025-01-21 16:27:56,410 Epoch: [16/20] Iter:[220/284], Time: 0.95, lr: [5.4252457966075e-08], Loss: 1.237847, Acc:0.589074, Semantic loss: 0.117364, BCE loss: 1.076472, SB loss: 0.044011
2025-01-21 16:28:06,100 Epoch: [16/20] Iter:[230/284], Time: 0.95, lr: [5.3719117661700286e-08], Loss: 1.238318, Acc:0.589856, Semantic loss: 0.117902, BCE loss: 1.076378, SB loss: 0.044038
2025-01-21 16:28:15,620 Epoch: [16/20] Iter:[240/284], Time: 0.95, lr: [5.3185188343932206e-08], Loss: 1.232460, Acc:0.589378, Semantic loss: 0.117841, BCE loss: 1.070534, SB loss: 0.044085
2025-01-21 16:28:24,522 Epoch: [16/20] Iter:[250/284], Time: 0.94, lr: [5.265066277724377e-08], Loss: 1.236737, Acc:0.590197, Semantic loss: 0.117466, BCE loss: 1.075257, SB loss: 0.044014
2025-01-21 16:28:34,108 Epoch: [16/20] Iter:[260/284], Time: 0.95, lr: [5.211553355450397e-08], Loss: 1.238131, Acc:0.589375, Semantic loss: 0.117750, BCE loss: 1.076280, SB loss: 0.044101
2025-01-21 16:28:43,594 Epoch: [16/20] Iter:[270/284], Time: 0.95, lr: [5.157979309090083e-08], Loss: 1.238311, Acc:0.587888, Semantic loss: 0.118164, BCE loss: 1.075948, SB loss: 0.044199
2025-01-21 16:28:53,100 Epoch: [16/20] Iter:[280/284], Time: 0.95, lr: [5.1043433617576974e-08], Loss: 1.241387, Acc:0.588985, Semantic loss: 0.118062, BCE loss: 1.079162, SB loss: 0.044163
2025-01-21 16:37:13,586 0 [0.         0.45505023 0.31205703 0.12120929 0.27057274 0.17951519
 0.04326486 0.09400256] 0.18445898685225218
2025-01-21 16:37:13,587 1 [0.         0.48018337 0.40282802 0.31972922 0.29888821 0.04068041
 0.05116645 0.4294705 ] 0.2528682712096589
2025-01-21 16:37:13,588 => saving checkpoint to output/loveDa/pidnet_small_loveda_3b_AUG_CHANCE+AUG1+AUG3checkpoint.pth.tar
2025-01-21 16:37:13,896 Loss: 1.252, MeanIU:  0.2529, Best_mIoU:  0.2612
2025-01-21 16:37:13,896 [0.         0.48018337 0.40282802 0.31972922 0.29888821 0.04068041
 0.05116645 0.4294705 ]
2025-01-21 16:37:14,866 Epoch: [17/20] Iter:[0/284], Time: 0.80, lr: [4.852919443479997e-08], Loss: 1.320579, Acc:0.557280, Semantic loss: 0.128070, BCE loss: 1.143866, SB loss: 0.048643
2025-01-21 16:37:24,454 Epoch: [17/20] Iter:[10/284], Time: 0.95, lr: [4.801625995591485e-08], Loss: 1.240900, Acc:0.582688, Semantic loss: 0.115163, BCE loss: 1.081289, SB loss: 0.044448
2025-01-21 16:37:33,663 Epoch: [17/20] Iter:[20/284], Time: 0.93, lr: [4.7502715914239443e-08], Loss: 1.264142, Acc:0.564555, Semantic loss: 0.116052, BCE loss: 1.104125, SB loss: 0.043964
2025-01-21 16:37:43,285 Epoch: [17/20] Iter:[30/284], Time: 0.94, lr: [4.6988554245418825e-08], Loss: 1.258735, Acc:0.571017, Semantic loss: 0.116038, BCE loss: 1.098897, SB loss: 0.043800
2025-01-21 16:37:52,943 Epoch: [17/20] Iter:[40/284], Time: 0.95, lr: [4.647376667893432e-08], Loss: 1.254190, Acc:0.572436, Semantic loss: 0.117262, BCE loss: 1.093044, SB loss: 0.043884
2025-01-21 16:38:02,398 Epoch: [17/20] Iter:[50/284], Time: 0.95, lr: [4.595834473022684e-08], Loss: 1.264664, Acc:0.573399, Semantic loss: 0.117599, BCE loss: 1.102773, SB loss: 0.044292
2025-01-21 16:38:11,523 Epoch: [17/20] Iter:[60/284], Time: 0.94, lr: [4.544227969241784e-08], Loss: 1.255833, Acc:0.576975, Semantic loss: 0.117089, BCE loss: 1.094690, SB loss: 0.044054
2025-01-21 16:38:20,986 Epoch: [17/20] Iter:[70/284], Time: 0.94, lr: [4.4925562627600685e-08], Loss: 1.242093, Acc:0.573637, Semantic loss: 0.117522, BCE loss: 1.080461, SB loss: 0.044110
2025-01-21 16:38:30,642 Epoch: [17/20] Iter:[80/284], Time: 0.95, lr: [4.44081843576758e-08], Loss: 1.257042, Acc:0.578270, Semantic loss: 0.118112, BCE loss: 1.094659, SB loss: 0.044271
2025-01-21 16:38:40,311 Epoch: [17/20] Iter:[90/284], Time: 0.95, lr: [4.3890135454697965e-08], Loss: 1.251029, Acc:0.580950, Semantic loss: 0.118190, BCE loss: 1.088427, SB loss: 0.044412
2025-01-21 16:38:49,354 Epoch: [17/20] Iter:[100/284], Time: 0.94, lr: [4.3371406230704546e-08], Loss: 1.231678, Acc:0.579590, Semantic loss: 0.117841, BCE loss: 1.069456, SB loss: 0.044380
2025-01-21 16:38:58,922 Epoch: [17/20] Iter:[110/284], Time: 0.94, lr: [4.2851986726988044e-08], Loss: 1.246976, Acc:0.582214, Semantic loss: 0.117829, BCE loss: 1.084876, SB loss: 0.044271
2025-01-21 16:39:08,421 Epoch: [17/20] Iter:[120/284], Time: 0.95, lr: [4.233186670277599e-08], Loss: 1.239702, Acc:0.584198, Semantic loss: 0.117211, BCE loss: 1.078362, SB loss: 0.044129
2025-01-21 16:39:17,684 Epoch: [17/20] Iter:[130/284], Time: 0.94, lr: [4.181103562327574e-08], Loss: 1.239651, Acc:0.585194, Semantic loss: 0.117360, BCE loss: 1.077991, SB loss: 0.044300
2025-01-21 16:39:26,782 Epoch: [17/20] Iter:[140/284], Time: 0.94, lr: [4.1289482647040264e-08], Loss: 1.237929, Acc:0.584433, Semantic loss: 0.116961, BCE loss: 1.076766, SB loss: 0.044203
2025-01-21 16:39:36,381 Epoch: [17/20] Iter:[150/284], Time: 0.94, lr: [4.076719661260535e-08], Loss: 1.235941, Acc:0.582812, Semantic loss: 0.117234, BCE loss: 1.074331, SB loss: 0.044375
2025-01-21 16:39:46,134 Epoch: [17/20] Iter:[160/284], Time: 0.94, lr: [4.0244166024346115e-08], Loss: 1.237506, Acc:0.582343, Semantic loss: 0.116952, BCE loss: 1.076305, SB loss: 0.044249
2025-01-21 16:39:55,762 Epoch: [17/20] Iter:[170/284], Time: 0.95, lr: [3.972037903749441e-08], Loss: 1.236153, Acc:0.581262, Semantic loss: 0.117411, BCE loss: 1.074424, SB loss: 0.044318
2025-01-21 16:40:04,854 Epoch: [17/20] Iter:[180/284], Time: 0.94, lr: [3.919582344225484e-08], Loss: 1.238002, Acc:0.579656, Semantic loss: 0.117386, BCE loss: 1.076331, SB loss: 0.044285
2025-01-21 16:40:14,462 Epoch: [17/20] Iter:[190/284], Time: 0.94, lr: [3.867048664695097e-08], Loss: 1.238442, Acc:0.580650, Semantic loss: 0.117054, BCE loss: 1.077232, SB loss: 0.044156
2025-01-21 16:40:23,843 Epoch: [17/20] Iter:[200/284], Time: 0.94, lr: [3.8144355660126324e-08], Loss: 1.236901, Acc:0.580619, Semantic loss: 0.116821, BCE loss: 1.075939, SB loss: 0.044141
2025-01-21 16:40:33,249 Epoch: [17/20] Iter:[210/284], Time: 0.94, lr: [3.761741707151928e-08], Loss: 1.235280, Acc:0.578944, Semantic loss: 0.117391, BCE loss: 1.073693, SB loss: 0.044196
2025-01-21 16:40:42,438 Epoch: [17/20] Iter:[220/284], Time: 0.94, lr: [3.708965703182122e-08], Loss: 1.241760, Acc:0.581284, Semantic loss: 0.117189, BCE loss: 1.080457, SB loss: 0.044114
2025-01-21 16:40:52,287 Epoch: [17/20] Iter:[230/284], Time: 0.94, lr: [3.6561061231120796e-08], Loss: 1.244227, Acc:0.584284, Semantic loss: 0.117417, BCE loss: 1.082640, SB loss: 0.044171
2025-01-21 16:41:02,043 Epoch: [17/20] Iter:[240/284], Time: 0.95, lr: [3.603161487592538e-08], Loss: 1.244912, Acc:0.585438, Semantic loss: 0.117054, BCE loss: 1.083767, SB loss: 0.044091
2025-01-21 16:41:11,602 Epoch: [17/20] Iter:[250/284], Time: 0.95, lr: [3.5501302664641937e-08], Loss: 1.243886, Acc:0.586178, Semantic loss: 0.116950, BCE loss: 1.082904, SB loss: 0.044032
2025-01-21 16:41:20,522 Epoch: [17/20] Iter:[260/284], Time: 0.94, lr: [3.4970108761385875e-08], Loss: 1.239836, Acc:0.586443, Semantic loss: 0.117273, BCE loss: 1.078447, SB loss: 0.044116
2025-01-21 16:41:30,036 Epoch: [17/20] Iter:[270/284], Time: 0.94, lr: [3.443801676797443e-08], Loss: 1.237365, Acc:0.586233, Semantic loss: 0.117299, BCE loss: 1.075968, SB loss: 0.044098
2025-01-21 16:41:39,707 Epoch: [17/20] Iter:[280/284], Time: 0.95, lr: [3.3905009693944465e-08], Loss: 1.241459, Acc:0.586895, Semantic loss: 0.117372, BCE loss: 1.079999, SB loss: 0.044087
2025-01-21 16:49:53,946 0 [0.         0.4624159  0.32137461 0.12494037 0.28567031 0.19171602
 0.04674598 0.1023484 ] 0.19190144810402135
2025-01-21 16:49:53,947 1 [0.         0.51018972 0.39523106 0.31299612 0.35872719 0.04574961
 0.05049563 0.4324476 ] 0.26322961585582416
2025-01-21 16:49:53,948 => saving checkpoint to output/loveDa/pidnet_small_loveda_3b_AUG_CHANCE+AUG1+AUG3checkpoint.pth.tar
2025-01-21 16:49:54,420 Loss: 1.257, MeanIU:  0.2632, Best_mIoU:  0.2632
2025-01-21 16:49:54,420 [0.         0.51018972 0.39523106 0.31299612 0.35872719 0.04574961
 0.05049563 0.4324476 ]
2025-01-21 16:49:55,374 Epoch: [18/20] Iter:[0/284], Time: 0.81, lr: [3.786989399538446e-08], Loss: 1.157726, Acc:0.614558, Semantic loss: 0.123918, BCE loss: 0.983972, SB loss: 0.049835
2025-01-21 16:50:04,616 Epoch: [18/20] Iter:[10/284], Time: 0.91, lr: [3.726931120240689e-08], Loss: 1.364954, Acc:0.577324, Semantic loss: 0.127590, BCE loss: 1.189565, SB loss: 0.047800
2025-01-21 16:50:13,978 Epoch: [18/20] Iter:[20/284], Time: 0.92, lr: [3.666765107055539e-08], Loss: 1.300727, Acc:0.571524, Semantic loss: 0.125729, BCE loss: 1.128752, SB loss: 0.046245
2025-01-21 16:50:23,459 Epoch: [18/20] Iter:[30/284], Time: 0.93, lr: [3.606489195228765e-08], Loss: 1.217828, Acc:0.560526, Semantic loss: 0.123998, BCE loss: 1.047814, SB loss: 0.046016
2025-01-21 16:50:32,864 Epoch: [18/20] Iter:[40/284], Time: 0.93, lr: [3.5461011354155774e-08], Loss: 1.141220, Acc:0.553274, Semantic loss: 0.123577, BCE loss: 0.972134, SB loss: 0.045510
2025-01-21 16:50:41,923 Epoch: [18/20] Iter:[50/284], Time: 0.93, lr: [3.485598588708332e-08], Loss: 1.150918, Acc:0.554653, Semantic loss: 0.123255, BCE loss: 0.981891, SB loss: 0.045772
2025-01-21 16:50:51,640 Epoch: [18/20] Iter:[60/284], Time: 0.94, lr: [3.4249791212701145e-08], Loss: 1.183117, Acc:0.562323, Semantic loss: 0.123483, BCE loss: 1.013894, SB loss: 0.045740
2025-01-21 16:51:01,360 Epoch: [18/20] Iter:[70/284], Time: 0.94, lr: [3.364240198534719e-08], Loss: 1.212322, Acc:0.569936, Semantic loss: 0.122782, BCE loss: 1.044013, SB loss: 0.045527
2025-01-21 16:51:10,992 Epoch: [18/20] Iter:[80/284], Time: 0.94, lr: [3.303379178928419e-08], Loss: 1.240400, Acc:0.575074, Semantic loss: 0.122689, BCE loss: 1.072362, SB loss: 0.045349
2025-01-21 16:51:20,274 Epoch: [18/20] Iter:[90/284], Time: 0.94, lr: [3.242393307063618e-08], Loss: 1.257640, Acc:0.581832, Semantic loss: 0.122178, BCE loss: 1.090268, SB loss: 0.045193
2025-01-21 16:51:29,417 Epoch: [18/20] Iter:[100/284], Time: 0.94, lr: [3.181279706347808e-08], Loss: 1.268762, Acc:0.585414, Semantic loss: 0.121718, BCE loss: 1.102086, SB loss: 0.044958
2025-01-21 16:51:39,035 Epoch: [18/20] Iter:[110/284], Time: 0.94, lr: [3.120035370944177e-08], Loss: 1.265935, Acc:0.587933, Semantic loss: 0.120986, BCE loss: 1.100093, SB loss: 0.044856
2025-01-21 16:51:48,586 Epoch: [18/20] Iter:[120/284], Time: 0.94, lr: [3.05865715701142e-08], Loss: 1.239490, Acc:0.585193, Semantic loss: 0.120752, BCE loss: 1.073870, SB loss: 0.044867
2025-01-21 16:51:58,164 Epoch: [18/20] Iter:[130/284], Time: 0.94, lr: [2.997141773140647e-08], Loss: 1.235458, Acc:0.586288, Semantic loss: 0.120404, BCE loss: 1.070407, SB loss: 0.044647
2025-01-21 16:52:07,336 Epoch: [18/20] Iter:[140/284], Time: 0.94, lr: [2.9354857698957656e-08], Loss: 1.238510, Acc:0.588733, Semantic loss: 0.120069, BCE loss: 1.073755, SB loss: 0.044687
2025-01-21 16:52:16,975 Epoch: [18/20] Iter:[150/284], Time: 0.94, lr: [2.8736855283502266e-08], Loss: 1.232168, Acc:0.589207, Semantic loss: 0.119565, BCE loss: 1.068050, SB loss: 0.044554
2025-01-21 16:52:26,563 Epoch: [18/20] Iter:[160/284], Time: 0.94, lr: [2.8117372474976193e-08], Loss: 1.231299, Acc:0.590233, Semantic loss: 0.118895, BCE loss: 1.068071, SB loss: 0.044333
2025-01-21 16:52:36,006 Epoch: [18/20] Iter:[170/284], Time: 0.94, lr: [2.7496369303949368e-08], Loss: 1.231639, Acc:0.590376, Semantic loss: 0.118924, BCE loss: 1.068298, SB loss: 0.044416
2025-01-21 16:52:44,984 Epoch: [18/20] Iter:[180/284], Time: 0.94, lr: [2.6873803688759706e-08], Loss: 1.241211, Acc:0.591505, Semantic loss: 0.118961, BCE loss: 1.077812, SB loss: 0.044439
2025-01-21 16:52:55,015 Epoch: [18/20] Iter:[190/284], Time: 0.94, lr: [2.624963126646386e-08], Loss: 1.239438, Acc:0.590010, Semantic loss: 0.118727, BCE loss: 1.076387, SB loss: 0.044324
2025-01-21 16:53:04,640 Epoch: [18/20] Iter:[200/284], Time: 0.95, lr: [2.5623805205418476e-08], Loss: 1.237669, Acc:0.589077, Semantic loss: 0.118717, BCE loss: 1.074703, SB loss: 0.044249
2025-01-21 16:53:14,162 Epoch: [18/20] Iter:[210/284], Time: 0.95, lr: [2.499627599693954e-08], Loss: 1.239156, Acc:0.588542, Semantic loss: 0.118611, BCE loss: 1.076310, SB loss: 0.044235
2025-01-21 16:53:23,139 Epoch: [18/20] Iter:[220/284], Time: 0.94, lr: [2.436699122305457e-08], Loss: 1.235775, Acc:0.587608, Semantic loss: 0.118903, BCE loss: 1.072329, SB loss: 0.044542
2025-01-21 16:53:32,677 Epoch: [18/20] Iter:[230/284], Time: 0.94, lr: [2.373589529683481e-08], Loss: 1.239198, Acc:0.590117, Semantic loss: 0.118953, BCE loss: 1.075768, SB loss: 0.044476
2025-01-21 16:53:42,227 Epoch: [18/20] Iter:[240/284], Time: 0.94, lr: [2.310292917116217e-08], Loss: 1.239450, Acc:0.591110, Semantic loss: 0.118875, BCE loss: 1.076171, SB loss: 0.044405
2025-01-21 16:53:51,853 Epoch: [18/20] Iter:[250/284], Time: 0.95, lr: [2.24680300110099e-08], Loss: 1.238911, Acc:0.591336, Semantic loss: 0.118592, BCE loss: 1.076032, SB loss: 0.044288
2025-01-21 16:54:00,856 Epoch: [18/20] Iter:[260/284], Time: 0.94, lr: [2.1831130823372267e-08], Loss: 1.241838, Acc:0.591168, Semantic loss: 0.118398, BCE loss: 1.079199, SB loss: 0.044241
2025-01-21 16:54:10,318 Epoch: [18/20] Iter:[270/284], Time: 0.94, lr: [2.1192160037811326e-08], Loss: 1.241351, Acc:0.590755, Semantic loss: 0.118485, BCE loss: 1.078517, SB loss: 0.044349
2025-01-21 16:54:19,931 Epoch: [18/20] Iter:[280/284], Time: 0.94, lr: [2.05510410291478e-08], Loss: 1.245607, Acc:0.590696, Semantic loss: 0.118445, BCE loss: 1.082802, SB loss: 0.044359
2025-01-21 17:02:49,053 0 [0.         0.44614529 0.31923299 0.13200937 0.26418241 0.19877327
 0.047688   0.09087418] 0.18736318739982322
2025-01-21 17:02:49,053 1 [0.         0.41178772 0.39416765 0.32724543 0.34158697 0.05009953
 0.06536539 0.40443781] 0.24933631336702036
2025-01-21 17:02:49,056 => saving checkpoint to output/loveDa/pidnet_small_loveda_3b_AUG_CHANCE+AUG1+AUG3checkpoint.pth.tar
2025-01-21 17:02:49,356 Loss: 1.253, MeanIU:  0.2493, Best_mIoU:  0.2632
2025-01-21 17:02:49,356 [0.         0.41178772 0.39416765 0.32724543 0.34158697 0.05009953
 0.06536539 0.40443781]
2025-01-21 17:02:50,313 Epoch: [19/20] Iter:[0/284], Time: 0.80, lr: [2.372937008120095e-08], Loss: 1.821838, Acc:0.708868, Semantic loss: 0.117755, BCE loss: 1.661075, SB loss: 0.043009
2025-01-21 17:03:00,042 Epoch: [19/20] Iter:[10/284], Time: 0.96, lr: [2.2976041664325734e-08], Loss: 1.279188, Acc:0.621985, Semantic loss: 0.116460, BCE loss: 1.120146, SB loss: 0.042581
2025-01-21 17:03:09,679 Epoch: [19/20] Iter:[20/284], Time: 0.96, lr: [2.2219958206880342e-08], Loss: 1.331098, Acc:0.614911, Semantic loss: 0.115120, BCE loss: 1.173307, SB loss: 0.042672
2025-01-21 17:03:18,569 Epoch: [19/20] Iter:[30/284], Time: 0.94, lr: [2.1461004643665052e-08], Loss: 1.302582, Acc:0.603818, Semantic loss: 0.117679, BCE loss: 1.141304, SB loss: 0.043598
2025-01-21 17:03:27,921 Epoch: [19/20] Iter:[40/284], Time: 0.94, lr: [2.0699056370445598e-08], Loss: 1.300744, Acc:0.602606, Semantic loss: 0.119226, BCE loss: 1.136894, SB loss: 0.044624
2025-01-21 17:03:37,447 Epoch: [19/20] Iter:[50/284], Time: 0.94, lr: [1.9933978028283355e-08], Loss: 1.316568, Acc:0.604112, Semantic loss: 0.118922, BCE loss: 1.153105, SB loss: 0.044541
2025-01-21 17:03:47,136 Epoch: [19/20] Iter:[60/284], Time: 0.94, lr: [1.916562207411612e-08], Loss: 1.302141, Acc:0.597623, Semantic loss: 0.119330, BCE loss: 1.138377, SB loss: 0.044434
2025-01-21 17:03:56,222 Epoch: [19/20] Iter:[70/284], Time: 0.94, lr: [1.83938270887279e-08], Loss: 1.286349, Acc:0.592348, Semantic loss: 0.118947, BCE loss: 1.122927, SB loss: 0.044474
2025-01-21 17:04:05,951 Epoch: [19/20] Iter:[80/284], Time: 0.94, lr: [1.7618415759257215e-08], Loss: 1.301747, Acc:0.596053, Semantic loss: 0.118666, BCE loss: 1.138713, SB loss: 0.044368
2025-01-21 17:04:15,551 Epoch: [19/20] Iter:[90/284], Time: 0.95, lr: [1.6839192454508686e-08], Loss: 1.300891, Acc:0.600105, Semantic loss: 0.118035, BCE loss: 1.138764, SB loss: 0.044092
2025-01-21 17:04:25,236 Epoch: [19/20] Iter:[100/284], Time: 0.95, lr: [1.605594028549654e-08], Loss: 1.302001, Acc:0.599996, Semantic loss: 0.117924, BCE loss: 1.140242, SB loss: 0.043835
2025-01-21 17:04:34,610 Epoch: [19/20] Iter:[110/284], Time: 0.95, lr: [1.5268417507788872e-08], Loss: 1.305076, Acc:0.598812, Semantic loss: 0.117781, BCE loss: 1.143506, SB loss: 0.043790
2025-01-21 17:04:43,734 Epoch: [19/20] Iter:[120/284], Time: 0.94, lr: [1.4476353071627164e-08], Loss: 1.299999, Acc:0.596489, Semantic loss: 0.117748, BCE loss: 1.138386, SB loss: 0.043865
2025-01-21 17:04:53,404 Epoch: [19/20] Iter:[130/284], Time: 0.95, lr: [1.3679441053150328e-08], Loss: 1.290348, Acc:0.591754, Semantic loss: 0.118139, BCE loss: 1.128144, SB loss: 0.044064
2025-01-21 17:05:02,964 Epoch: [19/20] Iter:[140/284], Time: 0.95, lr: [1.2877333593646382e-08], Loss: 1.293185, Acc:0.592416, Semantic loss: 0.117909, BCE loss: 1.131314, SB loss: 0.043963
2025-01-21 17:05:12,541 Epoch: [19/20] Iter:[150/284], Time: 0.95, lr: [1.2069631814441189e-08], Loss: 1.281776, Acc:0.589157, Semantic loss: 0.118245, BCE loss: 1.119378, SB loss: 0.044152
2025-01-21 17:05:21,624 Epoch: [19/20] Iter:[160/284], Time: 0.94, lr: [1.1255873930489414e-08], Loss: 1.270807, Acc:0.589433, Semantic loss: 0.117714, BCE loss: 1.109121, SB loss: 0.043972
2025-01-21 17:05:30,978 Epoch: [19/20] Iter:[170/284], Time: 0.94, lr: [1.0435519399664038e-08], Loss: 1.266045, Acc:0.588431, Semantic loss: 0.117298, BCE loss: 1.104803, SB loss: 0.043944
2025-01-21 17:05:40,553 Epoch: [19/20] Iter:[180/284], Time: 0.95, lr: [9.60792731526597e-09], Loss: 1.262403, Acc:0.586628, Semantic loss: 0.117637, BCE loss: 1.100671, SB loss: 0.044095
2025-01-21 17:05:50,131 Epoch: [19/20] Iter:[190/284], Time: 0.95, lr: [8.77232618399764e-09], Loss: 1.258384, Acc:0.585847, Semantic loss: 0.117872, BCE loss: 1.096415, SB loss: 0.044096
2025-01-21 17:05:59,044 Epoch: [19/20] Iter:[200/284], Time: 0.94, lr: [7.927770348438029e-09], Loss: 1.258036, Acc:0.585301, Semantic loss: 0.118139, BCE loss: 1.095728, SB loss: 0.044169
2025-01-21 17:06:08,720 Epoch: [19/20] Iter:[210/284], Time: 0.94, lr: [7.073074806773858e-09], Loss: 1.260479, Acc:0.588078, Semantic loss: 0.118072, BCE loss: 1.098254, SB loss: 0.044152
2025-01-21 17:06:18,170 Epoch: [19/20] Iter:[220/284], Time: 0.94, lr: [6.206713231380141e-09], Loss: 1.260015, Acc:0.587405, Semantic loss: 0.118161, BCE loss: 1.097656, SB loss: 0.044198
2025-01-21 17:06:27,755 Epoch: [19/20] Iter:[230/284], Time: 0.94, lr: [5.326649092623484e-09], Loss: 1.255695, Acc:0.586709, Semantic loss: 0.118104, BCE loss: 1.093344, SB loss: 0.044248
2025-01-21 17:06:37,584 Epoch: [19/20] Iter:[240/284], Time: 0.95, lr: [4.43003454070709e-09], Loss: 1.259863, Acc:0.587977, Semantic loss: 0.118212, BCE loss: 1.097363, SB loss: 0.044288
2025-01-21 17:06:47,062 Epoch: [19/20] Iter:[250/284], Time: 0.95, lr: [3.5126164342595573e-09], Loss: 1.260152, Acc:0.589238, Semantic loss: 0.118051, BCE loss: 1.097839, SB loss: 0.044261
2025-01-21 17:06:56,782 Epoch: [19/20] Iter:[260/284], Time: 0.95, lr: [2.5673780337893214e-09], Loss: 1.257679, Acc:0.588998, Semantic loss: 0.118103, BCE loss: 1.095344, SB loss: 0.044232
2025-01-21 17:07:06,465 Epoch: [19/20] Iter:[270/284], Time: 0.95, lr: [1.580574371355021e-09], Loss: 1.257855, Acc:0.588973, Semantic loss: 0.118204, BCE loss: 1.095407, SB loss: 0.044244
2025-01-21 17:07:15,857 Epoch: [19/20] Iter:[280/284], Time: 0.95, lr: [5.118629505440555e-10], Loss: 1.253824, Acc:0.587223, Semantic loss: 0.118131, BCE loss: 1.091462, SB loss: 0.044232
2025-01-21 17:16:04,340 0 [0.         0.46140827 0.30929652 0.12073985 0.27773496 0.18518161
 0.03990788 0.08657672] 0.18510572752358911
2025-01-21 17:16:04,341 1 [0.         0.4842601  0.40081389 0.3205569  0.35782287 0.05171763
 0.05542505 0.40863188] 0.2599035400453577
2025-01-21 17:16:04,346 => saving checkpoint to output/loveDa/pidnet_small_loveda_3b_AUG_CHANCE+AUG1+AUG3checkpoint.pth.tar
2025-01-21 17:16:04,848 Loss: 1.250, MeanIU:  0.2599, Best_mIoU:  0.2632
2025-01-21 17:16:04,849 [0.         0.4842601  0.40081389 0.3205569  0.35782287 0.05171763
 0.05542505 0.40863188]
2025-01-21 17:16:05,011 Hours: 2
2025-01-21 17:16:05,016 Done
