2025-01-16 16:25:20,498 Namespace(cfg='configs/loveDa/pidnet_small_loveda_adam_oce_scheduler.yaml', seed=304, opts=['GPUS', '[0]', 'TRAIN.BATCH_SIZE_PER_GPU', '6'])
2025-01-16 16:25:20,498 AUTO_RESUME: False
CUDNN:
  BENCHMARK: True
  DETERMINISTIC: False
  ENABLED: True
DATASET:
  DATASET: loveDa
  EXTRA_TRAIN_SET: 
  NUM_CLASSES: 8
  ROOT: data/
  SOURCE_DATASET: loveDA-Urban
  SOURCE_TEST_SET: list/loveDA-Urban/val.lst
  SOURCE_TRAIN_SET: list/loveDA-Urban/train.lst
  TARGET_DATASET: loveDA-Rural
  TARGET_SET: list/cityscapes/val.lst
  TARGET_TEST_SET: list/loveDA-Rural/val.lst
  TARGET_TRAIN_SET: list/loveDA-Rural/train.lst
  TEST_SET: list/loveDa/val.lst
  TRAIN_SET: list/loveDa/train.lst
GPUS: (0,)
LOG_DIR: log
LOSS:
  BALANCE_WEIGHTS: [0.4, 1.0]
  CLASS_BALANCE: False
  OHEMKEEP: 131072
  OHEMTHRES: 0.7
  SB_WEIGHTS: 0.5
  USE_DICE: False
  USE_FOCAL: False
  USE_OHEM: True
MODEL:
  ALIGN_CORNERS: True
  NAME: pidnet_small
  NUM_OUTPUTS: 2
  PRETRAINED: pretrained_models/imagenet/PIDNet_S_ImageNet.pth.tar
OUTPUT_DIR: output
PIN_MEMORY: True
PRINT_FREQ: 10
TEST:
  BASE_SIZE: 240
  BATCH_SIZE_PER_GPU: 20
  FLIP_TEST: False
  IMAGE_SIZE: [120, 120]
  MODEL_FILE: 
  MULTI_SCALE: False
  OUTPUT_INDEX: 1
TRAIN:
  ADVERSARIAL: False
  AUG: False
  AUG1: True
  AUG2: False
  AUG3: False
  AUG4: False
  AUG_CHANCE: False
  BASE_SIZE: 480
  BATCH_SIZE_PER_GPU: 6
  BEGIN_EPOCH: 1
  END_EPOCH: 20
  EVAL_INTERVAL: 1
  EXTRA_EPOCH: 0
  EXTRA_LR: 0.001
  FLIP: True
  GAN: Vanilla
  IGNORE_LABEL: 0
  IMAGE_SIZE: [240, 240]
  LAMBDA_ADVT1: 0.001
  LAMBDA_ADVT2: 0.001
  LR: 0.001
  LR_D1: 0.001
  LR_D2: 0.001
  MOMENTUM: 0.9
  MULTI_SCALE: True
  NESTEROV: False
  OPTIMIZER: adam
  RESUME: False
  SCALE_FACTOR: 16
  SCHEDULER: True
  SHUFFLE: True
  WD: 0.0005
WORKERS: 0
2025-01-16 16:25:20,655 Attention!!!
2025-01-16 16:25:20,655 Loaded 302 parameters!
2025-01-16 16:25:20,655 Over!!!
2025-01-16 16:25:50,784 Namespace(cfg='configs/loveDa/pidnet_small_loveda_adam_oce_scheduler.yaml', seed=304, opts=['GPUS', '[0]', 'TRAIN.BATCH_SIZE_PER_GPU', '6'])
2025-01-16 16:25:50,784 AUTO_RESUME: False
CUDNN:
  BENCHMARK: True
  DETERMINISTIC: False
  ENABLED: True
DATASET:
  DATASET: loveDa
  EXTRA_TRAIN_SET: 
  NUM_CLASSES: 8
  ROOT: data/
  SOURCE_DATASET: loveDA-Urban
  SOURCE_TEST_SET: list/loveDA-Urban/val.lst
  SOURCE_TRAIN_SET: list/loveDA-Urban/train.lst
  TARGET_DATASET: loveDA-Rural
  TARGET_SET: list/cityscapes/val.lst
  TARGET_TEST_SET: list/loveDA-Rural/val.lst
  TARGET_TRAIN_SET: list/loveDA-Rural/train.lst
  TEST_SET: list/loveDa/val.lst
  TRAIN_SET: list/loveDa/train.lst
GPUS: (0,)
LOG_DIR: log
LOSS:
  BALANCE_WEIGHTS: [0.4, 1.0]
  CLASS_BALANCE: False
  OHEMKEEP: 131072
  OHEMTHRES: 0.7
  SB_WEIGHTS: 0.5
  USE_DICE: False
  USE_FOCAL: False
  USE_OHEM: True
MODEL:
  ALIGN_CORNERS: True
  NAME: pidnet_small
  NUM_OUTPUTS: 2
  PRETRAINED: pretrained_models/imagenet/PIDNet_S_ImageNet.pth.tar
OUTPUT_DIR: output
PIN_MEMORY: True
PRINT_FREQ: 10
TEST:
  BASE_SIZE: 240
  BATCH_SIZE_PER_GPU: 20
  FLIP_TEST: False
  IMAGE_SIZE: [120, 120]
  MODEL_FILE: 
  MULTI_SCALE: False
  OUTPUT_INDEX: 1
TRAIN:
  ADVERSARIAL: False
  AUG: False
  AUG1: True
  AUG2: False
  AUG3: False
  AUG4: False
  AUG_CHANCE: False
  BASE_SIZE: 480
  BATCH_SIZE_PER_GPU: 6
  BEGIN_EPOCH: 1
  END_EPOCH: 20
  EVAL_INTERVAL: 1
  EXTRA_EPOCH: 0
  EXTRA_LR: 0.001
  FLIP: True
  GAN: Vanilla
  IGNORE_LABEL: 0
  IMAGE_SIZE: [240, 240]
  LAMBDA_ADVT1: 0.001
  LAMBDA_ADVT2: 0.001
  LR: 0.001
  LR_D1: 0.001
  LR_D2: 0.001
  MOMENTUM: 0.9
  MULTI_SCALE: True
  NESTEROV: False
  OPTIMIZER: adam
  RESUME: False
  SCALE_FACTOR: 16
  SCHEDULER: True
  SHUFFLE: True
  WD: 0.0005
WORKERS: 0
2025-01-16 16:25:50,946 Attention!!!
2025-01-16 16:25:50,946 Loaded 302 parameters!
2025-01-16 16:25:50,947 Over!!!
2025-01-16 16:25:54,122 Epoch: [0/20] Iter:[0/192], Time: 1.59, lr: [0.0002], Loss: 4.321132, Acc:0.170556, Semantic loss: 0.608280, BCE loss: 3.485225, SB loss: 0.227626
2025-01-16 16:25:56,935 Epoch: [0/20] Iter:[10/192], Time: 0.40, lr: [0.00019953118890648385], Loss: 4.011159, Acc:0.198925, Semantic loss: 0.556008, BCE loss: 3.278065, SB loss: 0.177085
