2025-01-16 15:48:46,447 Namespace(cfg='configs/loveDa/pidnet_small_loveda_adam_oce_scheduler.yaml', seed=304, opts=['GPUS', '[0]', 'TRAIN.BATCH_SIZE_PER_GPU', '6'])
2025-01-16 15:48:46,447 AUTO_RESUME: False
CUDNN:
  BENCHMARK: True
  DETERMINISTIC: False
  ENABLED: True
DATASET:
  DATASET: loveDa
  EXTRA_TRAIN_SET: 
  NUM_CLASSES: 8
  ROOT: data/
  SOURCE_DATASET: loveDA-Urban
  SOURCE_TEST_SET: list/loveDA-Urban/val.lst
  SOURCE_TRAIN_SET: list/loveDA-Urban/train.lst
  TARGET_DATASET: loveDA-Rural
  TARGET_SET: list/cityscapes/val.lst
  TARGET_TEST_SET: list/loveDA-Rural/val.lst
  TARGET_TRAIN_SET: list/loveDA-Rural/train.lst
  TEST_SET: list/loveDa/val.lst
  TRAIN_SET: list/loveDa/train.lst
GPUS: (0,)
LOG_DIR: log
LOSS:
  BALANCE_WEIGHTS: [0.4, 1.0]
  CLASS_BALANCE: False
  OHEMKEEP: 131072
  OHEMTHRES: 0.7
  SB_WEIGHTS: 0.5
  USE_DICE: False
  USE_FOCAL: False
  USE_OHEM: True
MODEL:
  ALIGN_CORNERS: True
  NAME: pidnet_small
  NUM_OUTPUTS: 2
  PRETRAINED: pretrained_models/imagenet/PIDNet_S_ImageNet.pth.tar
OUTPUT_DIR: output
PIN_MEMORY: True
PRINT_FREQ: 10
TEST:
  BASE_SIZE: 2048
  BATCH_SIZE_PER_GPU: 20
  FLIP_TEST: False
  IMAGE_SIZE: [1024, 1024]
  MODEL_FILE: 
  MULTI_SCALE: False
  OUTPUT_INDEX: 1
TRAIN:
  ADVERSARIAL: False
  AUG: False
  AUG1: True
  AUG2: False
  AUG3: False
  AUG4: False
  AUG_CHANCE: False
  BASE_SIZE: 1440
  BATCH_SIZE_PER_GPU: 6
  BEGIN_EPOCH: 1
  END_EPOCH: 20
  EVAL_INTERVAL: 1
  EXTRA_EPOCH: 0
  EXTRA_LR: 0.001
  FLIP: True
  GAN: Vanilla
  IGNORE_LABEL: 0
  IMAGE_SIZE: [240, 240]
  LAMBDA_ADVT1: 0.001
  LAMBDA_ADVT2: 0.001
  LR: 0.001
  LR_D1: 0.001
  LR_D2: 0.001
  MOMENTUM: 0.9
  MULTI_SCALE: True
  NESTEROV: False
  OPTIMIZER: adam
  RESUME: False
  SCALE_FACTOR: 16
  SCHEDULER: True
  SHUFFLE: True
  WD: 0.0005
WORKERS: 0
2025-01-16 15:48:46,652 Attention!!!
2025-01-16 15:48:46,652 Loaded 302 parameters!
2025-01-16 15:48:46,653 Over!!!
2025-01-16 15:48:50,209 Epoch: [0/20] Iter:[0/192], Time: 1.74, lr: [0.0002], Loss: 4.238440, Acc:0.205880, Semantic loss: 0.603944, BCE loss: 3.440840, SB loss: 0.193656, NumParams: 0.000000 M, FLOPs: 0.000000 GFLOPS
2025-01-16 15:48:53,926 Epoch: [0/20] Iter:[10/192], Time: 0.50, lr: [0.00019953118890648385], Loss: 4.348128, Acc:0.238273, Semantic loss: 0.550767, BCE loss: 3.620825, SB loss: 0.176535, NumParams: 0.000000 M, FLOPs: 0.000000 GFLOPS
2025-01-16 15:48:57,790 Epoch: [0/20] Iter:[20/192], Time: 0.44, lr: [0.00019906225539185522], Loss: 4.205194, Acc:0.247740, Semantic loss: 0.550915, BCE loss: 3.482006, SB loss: 0.172273, NumParams: 0.000000 M, FLOPs: 0.000000 GFLOPS
2025-01-16 15:49:01,528 Epoch: [0/20] Iter:[30/192], Time: 0.42, lr: [0.00019859319910354564], Loss: 4.286164, Acc:0.245057, Semantic loss: 0.525540, BCE loss: 3.598520, SB loss: 0.162104, NumParams: 0.000000 M, FLOPs: 0.000000 GFLOPS
2025-01-16 15:49:05,146 Epoch: [0/20] Iter:[40/192], Time: 0.41, lr: [0.00019812401968704308], Loss: 4.019896, Acc:0.254837, Semantic loss: 0.497448, BCE loss: 3.366862, SB loss: 0.155586, NumParams: 0.000000 M, FLOPs: 0.000000 GFLOPS
2025-01-16 15:49:09,053 Epoch: [0/20] Iter:[50/192], Time: 0.40, lr: [0.00019765471678587608], Loss: 3.876609, Acc:0.256742, Semantic loss: 0.479728, BCE loss: 3.246152, SB loss: 0.150729, NumParams: 0.000000 M, FLOPs: 0.000000 GFLOPS
2025-01-16 15:49:12,941 Epoch: [0/20] Iter:[60/192], Time: 0.40, lr: [0.0001971852900415978], Loss: 3.695017, Acc:0.263435, Semantic loss: 0.465282, BCE loss: 3.084374, SB loss: 0.145361, NumParams: 0.000000 M, FLOPs: 0.000000 GFLOPS
2025-01-16 15:49:16,907 Epoch: [0/20] Iter:[70/192], Time: 0.40, lr: [0.0001967157390937697], Loss: 3.561007, Acc:0.266196, Semantic loss: 0.451540, BCE loss: 2.968128, SB loss: 0.141339, NumParams: 0.000000 M, FLOPs: 0.000000 GFLOPS
2025-01-16 15:49:20,653 Epoch: [0/20] Iter:[80/192], Time: 0.40, lr: [0.0001962460635799452], Loss: 3.418631, Acc:0.274633, Semantic loss: 0.439763, BCE loss: 2.840600, SB loss: 0.138268, NumParams: 0.000000 M, FLOPs: 0.000000 GFLOPS
2025-01-16 15:49:24,411 Epoch: [0/20] Iter:[90/192], Time: 0.39, lr: [0.00019577626313565326], Loss: 3.408880, Acc:0.278779, Semantic loss: 0.431238, BCE loss: 2.842838, SB loss: 0.134803, NumParams: 0.000000 M, FLOPs: 0.000000 GFLOPS
2025-01-16 15:49:28,402 Epoch: [0/20] Iter:[100/192], Time: 0.40, lr: [0.00019530633739438136], Loss: 3.356428, Acc:0.282442, Semantic loss: 0.421787, BCE loss: 2.802420, SB loss: 0.132221, NumParams: 0.000000 M, FLOPs: 0.000000 GFLOPS
2025-01-16 15:49:32,026 Epoch: [0/20] Iter:[110/192], Time: 0.39, lr: [0.00019483628598755885], Loss: 3.301373, Acc:0.286968, Semantic loss: 0.410279, BCE loss: 2.762589, SB loss: 0.128504, NumParams: 0.000000 M, FLOPs: 0.000000 GFLOPS
2025-01-16 15:49:35,889 Epoch: [0/20] Iter:[120/192], Time: 0.39, lr: [0.00019436610854453975], Loss: 3.223253, Acc:0.294109, Semantic loss: 0.400494, BCE loss: 2.698005, SB loss: 0.124754, NumParams: 0.000000 M, FLOPs: 0.000000 GFLOPS
2025-01-16 15:49:39,651 Epoch: [0/20] Iter:[130/192], Time: 0.39, lr: [0.00019389580469258532], Loss: 3.171905, Acc:0.297030, Semantic loss: 0.396002, BCE loss: 2.652234, SB loss: 0.123669, NumParams: 0.000000 M, FLOPs: 0.000000 GFLOPS
2025-01-16 15:49:43,567 Epoch: [0/20] Iter:[140/192], Time: 0.39, lr: [0.00019342537405684678], Loss: 3.109099, Acc:0.302409, Semantic loss: 0.387742, BCE loss: 2.600114, SB loss: 0.121243, NumParams: 0.000000 M, FLOPs: 0.000000 GFLOPS
2025-01-16 15:49:47,207 Epoch: [0/20] Iter:[150/192], Time: 0.39, lr: [0.00019295481626034752], Loss: 3.060978, Acc:0.305967, Semantic loss: 0.382309, BCE loss: 2.559520, SB loss: 0.119148, NumParams: 0.000000 M, FLOPs: 0.000000 GFLOPS
2025-01-16 15:49:51,107 Epoch: [0/20] Iter:[160/192], Time: 0.39, lr: [0.00019248413092396525], Loss: 3.007888, Acc:0.311786, Semantic loss: 0.375621, BCE loss: 2.515243, SB loss: 0.117024, NumParams: 0.000000 M, FLOPs: 0.000000 GFLOPS
2025-01-16 15:49:54,934 Epoch: [0/20] Iter:[170/192], Time: 0.39, lr: [0.00019201331766641378], Loss: 2.979627, Acc:0.318255, Semantic loss: 0.369392, BCE loss: 2.495684, SB loss: 0.114551, NumParams: 0.000000 M, FLOPs: 0.000000 GFLOPS
2025-01-16 15:49:58,710 Epoch: [0/20] Iter:[180/192], Time: 0.39, lr: [0.0001915423761042251], Loss: 2.934301, Acc:0.319517, Semantic loss: 0.363704, BCE loss: 2.457857, SB loss: 0.112740, NumParams: 0.000000 M, FLOPs: 0.000000 GFLOPS
2025-01-16 15:50:02,688 Epoch: [0/20] Iter:[190/192], Time: 0.39, lr: [0.00019107130585173049], Loss: 2.869700, Acc:0.321190, Semantic loss: 0.358997, BCE loss: 2.399433, SB loss: 0.111271, NumParams: 0.000000 M, FLOPs: 0.000000 GFLOPS
