2025-01-16 16:09:23,116 Namespace(cfg='configs/loveDa/pidnet_small_loveda_adam_oce_scheduler.yaml', seed=304, opts=['GPUS', '[0]', 'TRAIN.BATCH_SIZE_PER_GPU', '6'])
2025-01-16 16:09:23,117 AUTO_RESUME: False
CUDNN:
  BENCHMARK: True
  DETERMINISTIC: False
  ENABLED: True
DATASET:
  DATASET: loveDa
  EXTRA_TRAIN_SET: 
  NUM_CLASSES: 8
  ROOT: data/
  SOURCE_DATASET: loveDA-Urban
  SOURCE_TEST_SET: list/loveDA-Urban/val.lst
  SOURCE_TRAIN_SET: list/loveDA-Urban/train.lst
  TARGET_DATASET: loveDA-Rural
  TARGET_SET: list/cityscapes/val.lst
  TARGET_TEST_SET: list/loveDA-Rural/val.lst
  TARGET_TRAIN_SET: list/loveDA-Rural/train.lst
  TEST_SET: list/loveDa/val.lst
  TRAIN_SET: list/loveDa/train.lst
GPUS: (0,)
LOG_DIR: log
LOSS:
  BALANCE_WEIGHTS: [0.4, 1.0]
  CLASS_BALANCE: False
  OHEMKEEP: 131072
  OHEMTHRES: 0.7
  SB_WEIGHTS: 0.5
  USE_DICE: False
  USE_FOCAL: False
  USE_OHEM: True
MODEL:
  ALIGN_CORNERS: True
  NAME: pidnet_small
  NUM_OUTPUTS: 2
  PRETRAINED: pretrained_models/imagenet/PIDNet_S_ImageNet.pth.tar
OUTPUT_DIR: output
PIN_MEMORY: True
PRINT_FREQ: 10
TEST:
  BASE_SIZE: 2048
  BATCH_SIZE_PER_GPU: 20
  FLIP_TEST: False
  IMAGE_SIZE: [1024, 1024]
  MODEL_FILE: 
  MULTI_SCALE: False
  OUTPUT_INDEX: 1
TRAIN:
  ADVERSARIAL: False
  AUG: False
  AUG1: True
  AUG2: False
  AUG3: False
  AUG4: False
  AUG_CHANCE: False
  BASE_SIZE: 1440
  BATCH_SIZE_PER_GPU: 6
  BEGIN_EPOCH: 1
  END_EPOCH: 20
  EVAL_INTERVAL: 1
  EXTRA_EPOCH: 0
  EXTRA_LR: 0.001
  FLIP: True
  GAN: Vanilla
  IGNORE_LABEL: 0
  IMAGE_SIZE: [240, 240]
  LAMBDA_ADVT1: 0.001
  LAMBDA_ADVT2: 0.001
  LR: 0.001
  LR_D1: 0.001
  LR_D2: 0.001
  MOMENTUM: 0.9
  MULTI_SCALE: True
  NESTEROV: False
  OPTIMIZER: adam
  RESUME: False
  SCALE_FACTOR: 16
  SCHEDULER: True
  SHUFFLE: True
  WD: 0.0005
WORKERS: 0
2025-01-16 16:09:23,310 Attention!!!
2025-01-16 16:09:23,311 Loaded 302 parameters!
2025-01-16 16:09:23,311 Over!!!
2025-01-16 16:09:26,854 Epoch: [0/20] Iter:[0/192], Time: 1.93, lr: [0.0002], Loss: 4.075039, Acc:0.172130, Semantic loss: 0.589160, BCE loss: 3.292529, SB loss: 0.193350
2025-01-16 16:09:31,035 Epoch: [0/20] Iter:[10/192], Time: 0.55, lr: [0.00019953118890648385], Loss: 4.279355, Acc:0.238617, Semantic loss: 0.549003, BCE loss: 3.562281, SB loss: 0.168071
2025-01-16 16:09:34,819 Epoch: [0/20] Iter:[20/192], Time: 0.47, lr: [0.00019906225539185522], Loss: 4.188266, Acc:0.251193, Semantic loss: 0.540467, BCE loss: 3.482043, SB loss: 0.165756
2025-01-16 16:09:38,753 Epoch: [0/20] Iter:[30/192], Time: 0.45, lr: [0.00019859319910354564], Loss: 4.206429, Acc:0.248830, Semantic loss: 0.520347, BCE loss: 3.526223, SB loss: 0.159859
2025-01-16 16:09:43,017 Epoch: [0/20] Iter:[40/192], Time: 0.44, lr: [0.00019812401968704308], Loss: 3.988028, Acc:0.258584, Semantic loss: 0.499601, BCE loss: 3.331993, SB loss: 0.156434
2025-01-16 16:09:47,417 Epoch: [0/20] Iter:[50/192], Time: 0.44, lr: [0.00019765471678587608], Loss: 3.853542, Acc:0.261886, Semantic loss: 0.482996, BCE loss: 3.219879, SB loss: 0.150667
2025-01-16 16:09:51,606 Epoch: [0/20] Iter:[60/192], Time: 0.44, lr: [0.0001971852900415978], Loss: 3.674004, Acc:0.263454, Semantic loss: 0.469169, BCE loss: 3.058100, SB loss: 0.146736
