2025-01-26 09:01:33,812 Namespace(cfg='configs/loveda/pidnet_small_loveda_3b.yaml', seed=304, opts=['GPUS', '[0]', 'TRAIN.BATCH_SIZE_PER_GPU', '6'])
2025-01-26 09:01:33,812 AUTO_RESUME: False
CUDNN:
  BENCHMARK: True
  DETERMINISTIC: False
  ENABLED: True
DATASET:
  DATASET: loveDa
  EXTRA_TRAIN_SET: 
  NUM_CLASSES: 8
  ROOT: data/
  SOURCE_DATASET: loveDA-Urban
  SOURCE_TEST_SET: list/loveDA-Urban/val.lst
  SOURCE_TRAIN_SET: list/loveDA-Urban/train.lst
  TARGET_DATASET: loveDA-Rural
  TARGET_SET: list/loveDa/val.lst
  TARGET_TEST_SET: list/loveDA-Rural/val.lst
  TARGET_TRAIN_SET: list/loveDA-Rural/train.lst
  TEST_SET: list/loveDa-Rural/val.lst
  TRAIN_SET: list/loveDa-Urban-Fake/train.lst
GPUS: (0,)
LOG_DIR: log
LOSS:
  BALANCE_WEIGHTS: [0.4, 1.0]
  CLASS_BALANCE: False
  OHEMKEEP: 131072
  OHEMTHRES: 0.7
  SB_WEIGHTS: 0.5
  USE_DICE: False
  USE_FOCAL: False
  USE_OHEM: True
MODEL:
  ALIGN_CORNERS: True
  NAME: pidnet_small
  NUM_OUTPUTS: 2
  PRETRAINED: pretrained_models/imagenet/PIDNet_S_ImageNet.pth.tar
OUTPUT_DIR: output
PIN_MEMORY: True
PRINT_FREQ: 10
TEST:
  BASE_SIZE: 1024
  BATCH_SIZE_PER_GPU: 6
  FLIP_TEST: False
  IMAGE_SIZE: [1024, 1024]
  MODEL_FILE: 
  MULTI_SCALE: False
  OUTPUT_INDEX: 1
TRAIN:
  ADVERSARIAL: False
  AUG: False
  AUG1: False
  AUG2: False
  AUG3: False
  AUG4: False
  AUG_CHANCE: False
  BASE_SIZE: 720
  BATCH_SIZE_PER_GPU: 6
  BEGIN_EPOCH: 0
  D1: False
  END_EPOCH: 20
  EVAL_INTERVAL: 1
  EXTRA_EPOCH: 0
  EXTRA_LR: 0.001
  FLIP: True
  GAN: Vanilla
  IGNORE_LABEL: 0
  IMAGE_SIZE: [720, 720]
  LAMBDA_ADV1: 0.001
  LAMBDA_ADV2: 0.001
  LR: 0.001
  LR_D1: 0.001
  LR_D2: 0.001
  MOMENTUM: 0.9
  MULTI_SCALE: True
  NESTEROV: False
  OPTIMIZER: adam
  RESUME: False
  SCALE_FACTOR: 16
  SCHEDULER: True
  SHUFFLE: True
  WD: 0.0005
WORKERS: 0
2025-01-26 09:01:34,453 Attention!!!
2025-01-26 09:01:34,453 Loaded 302 parameters!
2025-01-26 09:01:34,453 Over!!!
2025-01-26 09:01:43,075 Epoch: [0/20] Iter:[0/192], Time: 8.30, lr: [0.0002], Loss: 4.619263, Acc:0.173464, Semantic loss: 0.590643, BCE loss: 3.798618, SB loss: 0.230002
2025-01-26 09:01:53,324 Epoch: [0/20] Iter:[10/192], Time: 1.67, lr: [0.00019953118890648385], Loss: 3.298069, Acc:0.241944, Semantic loss: 0.494522, BCE loss: 2.619203, SB loss: 0.184344
2025-01-26 09:02:02,430 Epoch: [0/20] Iter:[20/192], Time: 1.31, lr: [0.00019906225539185522], Loss: 2.879106, Acc:0.271856, Semantic loss: 0.422668, BCE loss: 2.298485, SB loss: 0.157952
2025-01-26 09:02:11,639 Epoch: [0/20] Iter:[30/192], Time: 1.18, lr: [0.00019859319910354564], Loss: 2.624974, Acc:0.290019, Semantic loss: 0.378060, BCE loss: 2.107229, SB loss: 0.139685
2025-01-26 09:02:20,000 Epoch: [0/20] Iter:[40/192], Time: 1.10, lr: [0.00019812401968704308], Loss: 2.407042, Acc:0.299573, Semantic loss: 0.349689, BCE loss: 1.929870, SB loss: 0.127482
2025-01-26 09:02:29,138 Epoch: [0/20] Iter:[50/192], Time: 1.06, lr: [0.00019765471678587608], Loss: 2.328714, Acc:0.320898, Semantic loss: 0.329142, BCE loss: 1.881832, SB loss: 0.117741
2025-01-26 09:02:38,304 Epoch: [0/20] Iter:[60/192], Time: 1.04, lr: [0.0001971852900415978], Loss: 2.241031, Acc:0.336994, Semantic loss: 0.312605, BCE loss: 1.818432, SB loss: 0.109994
2025-01-26 09:02:46,735 Epoch: [0/20] Iter:[70/192], Time: 1.01, lr: [0.0001967157390937697], Loss: 2.183341, Acc:0.342890, Semantic loss: 0.299095, BCE loss: 1.779747, SB loss: 0.104500
2025-01-26 09:02:55,849 Epoch: [0/20] Iter:[80/192], Time: 1.00, lr: [0.0001962460635799452], Loss: 2.110115, Acc:0.352685, Semantic loss: 0.285285, BCE loss: 1.725572, SB loss: 0.099258
2025-01-26 09:03:04,968 Epoch: [0/20] Iter:[90/192], Time: 0.99, lr: [0.00019577626313565326], Loss: 2.049589, Acc:0.362692, Semantic loss: 0.276872, BCE loss: 1.677360, SB loss: 0.095356
2025-01-26 09:03:13,779 Epoch: [0/20] Iter:[100/192], Time: 0.98, lr: [0.00019530633739438136], Loss: 2.004013, Acc:0.370249, Semantic loss: 0.266572, BCE loss: 1.645930, SB loss: 0.091511
2025-01-26 09:03:22,514 Epoch: [0/20] Iter:[110/192], Time: 0.97, lr: [0.00019483628598755885], Loss: 1.956503, Acc:0.376909, Semantic loss: 0.258953, BCE loss: 1.608657, SB loss: 0.088893
2025-01-26 09:03:31,558 Epoch: [0/20] Iter:[120/192], Time: 0.96, lr: [0.00019436610854453975], Loss: 1.906514, Acc:0.383591, Semantic loss: 0.253317, BCE loss: 1.566671, SB loss: 0.086526
2025-01-26 09:03:40,620 Epoch: [0/20] Iter:[130/192], Time: 0.96, lr: [0.00019389580469258532], Loss: 1.879559, Acc:0.388228, Semantic loss: 0.248046, BCE loss: 1.547031, SB loss: 0.084482
2025-01-26 09:03:49,122 Epoch: [0/20] Iter:[140/192], Time: 0.95, lr: [0.00019342537405684678], Loss: 1.852534, Acc:0.393096, Semantic loss: 0.244964, BCE loss: 1.524604, SB loss: 0.082966
2025-01-26 09:03:58,317 Epoch: [0/20] Iter:[150/192], Time: 0.95, lr: [0.00019295481626034752], Loss: 1.824592, Acc:0.395256, Semantic loss: 0.241063, BCE loss: 1.502194, SB loss: 0.081336
2025-01-26 09:04:07,421 Epoch: [0/20] Iter:[160/192], Time: 0.95, lr: [0.00019248413092396525], Loss: 1.807554, Acc:0.399289, Semantic loss: 0.236479, BCE loss: 1.491167, SB loss: 0.079908
2025-01-26 09:04:16,771 Epoch: [0/20] Iter:[170/192], Time: 0.95, lr: [0.00019201331766641378], Loss: 1.791358, Acc:0.402627, Semantic loss: 0.232967, BCE loss: 1.479473, SB loss: 0.078918
2025-01-26 09:04:25,558 Epoch: [0/20] Iter:[180/192], Time: 0.94, lr: [0.0001915423761042251], Loss: 1.780720, Acc:0.405019, Semantic loss: 0.230348, BCE loss: 1.472581, SB loss: 0.077791
2025-01-26 09:04:34,651 Epoch: [0/20] Iter:[190/192], Time: 0.94, lr: [0.00019107130585173049], Loss: 1.763055, Acc:0.409172, Semantic loss: 0.226749, BCE loss: 1.459765, SB loss: 0.076540
2025-01-26 09:10:25,139 0 [0.00000000e+00 4.53131437e-01 1.78248242e-01 7.32056132e-02
 1.57622529e-01 5.05311119e-02 4.15779975e-02 4.46890701e-04] 0.13639483172401726
2025-01-26 09:10:25,140 1 [0.         0.46704505 0.25400063 0.16963954 0.1854628  0.05094279
 0.01271407 0.00726868] 0.16386765296652941
2025-01-26 09:10:25,141 => saving checkpoint to output/loveDa/pidnet_small_loveda_3bcheckpoint.pth.tar
2025-01-26 09:10:25,439 Loss: 1.257, MeanIU:  0.1639, Best_mIoU:  0.1639
2025-01-26 09:10:25,440 [0.         0.46704505 0.25400063 0.16963954 0.1854628  0.05094279
 0.01271407 0.00726868]
2025-01-26 09:10:26,322 Epoch: [1/20] Iter:[0/192], Time: 0.74, lr: [0.0003819541526485999], Loss: 1.367076, Acc:0.466649, Semantic loss: 0.176461, BCE loss: 1.126016, SB loss: 0.064599
2025-01-26 09:10:34,672 Epoch: [1/20] Iter:[10/192], Time: 0.83, lr: [0.0003810117022624591], Loss: 1.428618, Acc:0.465675, Semantic loss: 0.167036, BCE loss: 1.202006, SB loss: 0.059576
2025-01-26 09:10:43,814 Epoch: [1/20] Iter:[20/192], Time: 0.87, lr: [0.0003800689927830876], Loss: 1.563612, Acc:0.461131, Semantic loss: 0.175843, BCE loss: 1.326871, SB loss: 0.060898
2025-01-26 09:10:52,805 Epoch: [1/20] Iter:[30/192], Time: 0.88, lr: [0.00037912602342481144], Loss: 1.503229, Acc:0.447239, Semantic loss: 0.173234, BCE loss: 1.269270, SB loss: 0.060726
2025-01-26 09:11:01,411 Epoch: [1/20] Iter:[40/192], Time: 0.87, lr: [0.00037818279339739544], Loss: 1.450359, Acc:0.438121, Semantic loss: 0.170051, BCE loss: 1.221653, SB loss: 0.058655
2025-01-26 09:11:10,149 Epoch: [1/20] Iter:[50/192], Time: 0.87, lr: [0.00037723930190600456], Loss: 1.435735, Acc:0.445157, Semantic loss: 0.171490, BCE loss: 1.206457, SB loss: 0.057788
2025-01-26 09:11:19,404 Epoch: [1/20] Iter:[60/192], Time: 0.88, lr: [0.0003762955481511637], Loss: 1.435498, Acc:0.453040, Semantic loss: 0.169765, BCE loss: 1.208012, SB loss: 0.057720
2025-01-26 09:11:28,553 Epoch: [1/20] Iter:[70/192], Time: 0.89, lr: [0.0003753515313287182], Loss: 1.435173, Acc:0.454387, Semantic loss: 0.171141, BCE loss: 1.205258, SB loss: 0.058774
2025-01-26 09:11:37,478 Epoch: [1/20] Iter:[80/192], Time: 0.89, lr: [0.00037440725062979285], Loss: 1.431243, Acc:0.457318, Semantic loss: 0.169200, BCE loss: 1.203799, SB loss: 0.058244
2025-01-26 09:11:46,420 Epoch: [1/20] Iter:[90/192], Time: 0.89, lr: [0.0003734627052407508], Loss: 1.451831, Acc:0.457501, Semantic loss: 0.169425, BCE loss: 1.224236, SB loss: 0.058170
2025-01-26 09:11:55,444 Epoch: [1/20] Iter:[100/192], Time: 0.89, lr: [0.0003725178943431526], Loss: 1.445291, Acc:0.458192, Semantic loss: 0.169669, BCE loss: 1.217491, SB loss: 0.058131
2025-01-26 09:12:03,808 Epoch: [1/20] Iter:[110/192], Time: 0.88, lr: [0.00037157281711371363], Loss: 1.451087, Acc:0.457798, Semantic loss: 0.169283, BCE loss: 1.224234, SB loss: 0.057570
2025-01-26 09:12:12,720 Epoch: [1/20] Iter:[120/192], Time: 0.89, lr: [0.0003706274727242621], Loss: 1.441850, Acc:0.460368, Semantic loss: 0.169142, BCE loss: 1.215221, SB loss: 0.057486
2025-01-26 09:12:21,616 Epoch: [1/20] Iter:[130/192], Time: 0.89, lr: [0.00036968186034169574], Loss: 1.426259, Acc:0.464638, Semantic loss: 0.166997, BCE loss: 1.202453, SB loss: 0.056809
2025-01-26 09:12:30,337 Epoch: [1/20] Iter:[140/192], Time: 0.88, lr: [0.00036873597912793864], Loss: 1.423830, Acc:0.466535, Semantic loss: 0.165765, BCE loss: 1.201492, SB loss: 0.056572
2025-01-26 09:12:39,056 Epoch: [1/20] Iter:[150/192], Time: 0.88, lr: [0.0003677898282398971], Loss: 1.432136, Acc:0.465571, Semantic loss: 0.166012, BCE loss: 1.209557, SB loss: 0.056567
2025-01-26 09:12:48,016 Epoch: [1/20] Iter:[160/192], Time: 0.88, lr: [0.0003668434068294152], Loss: 1.426458, Acc:0.464870, Semantic loss: 0.165784, BCE loss: 1.204186, SB loss: 0.056488
2025-01-26 09:12:56,996 Epoch: [1/20] Iter:[170/192], Time: 0.89, lr: [0.00036589671404323003], Loss: 1.431767, Acc:0.467869, Semantic loss: 0.164907, BCE loss: 1.210522, SB loss: 0.056337
2025-01-26 09:13:05,295 Epoch: [1/20] Iter:[180/192], Time: 0.88, lr: [0.0003649497490229256], Loss: 1.431260, Acc:0.470063, Semantic loss: 0.164203, BCE loss: 1.211088, SB loss: 0.055969
2025-01-26 09:13:14,370 Epoch: [1/20] Iter:[190/192], Time: 0.88, lr: [0.0003640025109048874], Loss: 1.434348, Acc:0.472468, Semantic loss: 0.163446, BCE loss: 1.215148, SB loss: 0.055754
2025-01-26 09:18:57,731 0 [0.00000000e+00 4.35001824e-01 1.92688930e-01 7.17664218e-02
 1.59969655e-01 5.50917999e-02 1.24883580e-02 7.22329269e-05] 0.13243988867332168
2025-01-26 09:18:57,732 1 [0.         0.43174166 0.23510375 0.15695099 0.22914212 0.07048964
 0.0225809  0.00051083] 0.16378855422128705
2025-01-26 09:18:57,733 => saving checkpoint to output/loveDa/pidnet_small_loveda_3bcheckpoint.pth.tar
2025-01-26 09:18:58,031 Loss: 1.269, MeanIU:  0.1638, Best_mIoU:  0.1639
2025-01-26 09:18:58,031 [0.         0.43174166 0.23510375 0.15695099 0.22914212 0.07048964
 0.0225809  0.00051083]
2025-01-26 09:18:58,948 Epoch: [2/20] Iter:[0/192], Time: 0.74, lr: [0.0005457195456497774], Loss: 1.038789, Acc:0.397226, Semantic loss: 0.139255, BCE loss: 0.842232, SB loss: 0.057302
2025-01-26 09:19:07,547 Epoch: [2/20] Iter:[10/192], Time: 0.85, lr: [0.0005442981951757592], Loss: 1.516735, Acc:0.465871, Semantic loss: 0.152888, BCE loss: 1.309529, SB loss: 0.054318
2025-01-26 09:19:15,982 Epoch: [2/20] Iter:[20/192], Time: 0.85, lr: [0.0005428764321774168], Loss: 1.433234, Acc:0.472669, Semantic loss: 0.151655, BCE loss: 1.226988, SB loss: 0.054592
2025-01-26 09:19:25,042 Epoch: [2/20] Iter:[30/192], Time: 0.87, lr: [0.0005414542553339002], Loss: 1.399653, Acc:0.478355, Semantic loss: 0.158047, BCE loss: 1.187193, SB loss: 0.054413
2025-01-26 09:19:33,894 Epoch: [2/20] Iter:[40/192], Time: 0.87, lr: [0.0005400316633162618], Loss: 1.418166, Acc:0.476856, Semantic loss: 0.160691, BCE loss: 1.203027, SB loss: 0.054448
2025-01-26 09:19:42,144 Epoch: [2/20] Iter:[50/192], Time: 0.86, lr: [0.0005386086547873832], Loss: 1.409848, Acc:0.475401, Semantic loss: 0.161231, BCE loss: 1.194496, SB loss: 0.054120
2025-01-26 09:19:51,094 Epoch: [2/20] Iter:[60/192], Time: 0.87, lr: [0.0005371852284019002], Loss: 1.399624, Acc:0.471413, Semantic loss: 0.161242, BCE loss: 1.183991, SB loss: 0.054391
2025-01-26 09:20:00,129 Epoch: [2/20] Iter:[70/192], Time: 0.87, lr: [0.0005357613828061286], Loss: 1.410658, Acc:0.477037, Semantic loss: 0.162277, BCE loss: 1.193564, SB loss: 0.054818
2025-01-26 09:20:08,392 Epoch: [2/20] Iter:[80/192], Time: 0.87, lr: [0.0005343371166379868], Loss: 1.405735, Acc:0.477873, Semantic loss: 0.161096, BCE loss: 1.190193, SB loss: 0.054447
2025-01-26 09:20:17,372 Epoch: [2/20] Iter:[90/192], Time: 0.87, lr: [0.0005329124285269195], Loss: 1.406260, Acc:0.475017, Semantic loss: 0.161191, BCE loss: 1.190691, SB loss: 0.054377
2025-01-26 09:20:26,331 Epoch: [2/20] Iter:[100/192], Time: 0.87, lr: [0.0005314873170938195], Loss: 1.403621, Acc:0.475144, Semantic loss: 0.160304, BCE loss: 1.189104, SB loss: 0.054213
2025-01-26 09:20:34,634 Epoch: [2/20] Iter:[110/192], Time: 0.87, lr: [0.0005300617809509482], Loss: 1.409202, Acc:0.477210, Semantic loss: 0.160378, BCE loss: 1.194420, SB loss: 0.054403
2025-01-26 09:20:43,580 Epoch: [2/20] Iter:[120/192], Time: 0.87, lr: [0.0005286358187018565], Loss: 1.402123, Acc:0.479799, Semantic loss: 0.159109, BCE loss: 1.188634, SB loss: 0.054380
2025-01-26 09:20:52,600 Epoch: [2/20] Iter:[130/192], Time: 0.87, lr: [0.0005272094289413028], Loss: 1.404475, Acc:0.482126, Semantic loss: 0.159891, BCE loss: 1.190327, SB loss: 0.054257
2025-01-26 09:21:01,094 Epoch: [2/20] Iter:[140/192], Time: 0.87, lr: [0.0005257826102551719], Loss: 1.394515, Acc:0.481038, Semantic loss: 0.158881, BCE loss: 1.181517, SB loss: 0.054117
2025-01-26 09:21:09,808 Epoch: [2/20] Iter:[150/192], Time: 0.87, lr: [0.000524355361220392], Loss: 1.402739, Acc:0.482526, Semantic loss: 0.157934, BCE loss: 1.190730, SB loss: 0.054075
2025-01-26 09:21:19,075 Epoch: [2/20] Iter:[160/192], Time: 0.88, lr: [0.0005229276804048498], Loss: 1.402427, Acc:0.483956, Semantic loss: 0.157537, BCE loss: 1.190805, SB loss: 0.054085
2025-01-26 09:21:28,542 Epoch: [2/20] Iter:[170/192], Time: 0.88, lr: [0.0005214995663673065], Loss: 1.397656, Acc:0.484092, Semantic loss: 0.157086, BCE loss: 1.186505, SB loss: 0.054065
2025-01-26 09:21:36,858 Epoch: [2/20] Iter:[180/192], Time: 0.88, lr: [0.000520071017657311], Loss: 1.401229, Acc:0.484783, Semantic loss: 0.156927, BCE loss: 1.190151, SB loss: 0.054152
2025-01-26 09:21:45,741 Epoch: [2/20] Iter:[190/192], Time: 0.88, lr: [0.0005186420328151133], Loss: 1.399674, Acc:0.485510, Semantic loss: 0.156749, BCE loss: 1.188835, SB loss: 0.054090
2025-01-26 09:27:18,024 0 [0.         0.39081422 0.1069414  0.08361862 0.20803457 0.11978031
 0.01975224 0.00081491] 0.1328223224757686
2025-01-26 09:27:18,025 1 [0.         0.41395119 0.14367832 0.12436573 0.30199351 0.05364449
 0.00603315 0.00078227] 0.14920695316063862
2025-01-26 09:27:18,026 => saving checkpoint to output/loveDa/pidnet_small_loveda_3bcheckpoint.pth.tar
2025-01-26 09:27:18,342 Loss: 1.304, MeanIU:  0.1492, Best_mIoU:  0.1639
2025-01-26 09:27:18,342 [0.         0.41395119 0.14367832 0.12436573 0.30199351 0.05364449
 0.00603315 0.00078227]
2025-01-26 09:27:19,239 Epoch: [3/20] Iter:[0/192], Time: 0.74, lr: [0.0006911415778422553], Loss: 1.533764, Acc:0.594288, Semantic loss: 0.145382, BCE loss: 1.340735, SB loss: 0.047647
2025-01-26 09:27:28,235 Epoch: [3/20] Iter:[10/192], Time: 0.89, lr: [0.0006892355643210091], Loss: 1.406272, Acc:0.494147, Semantic loss: 0.151955, BCE loss: 1.199820, SB loss: 0.054497
2025-01-26 09:27:37,057 Epoch: [3/20] Iter:[20/192], Time: 0.88, lr: [0.0006873289649639992], Loss: 1.307298, Acc:0.490991, Semantic loss: 0.143398, BCE loss: 1.111551, SB loss: 0.052349
2025-01-26 09:27:45,489 Epoch: [3/20] Iter:[30/192], Time: 0.87, lr: [0.0006854217777844171], Loss: 1.371920, Acc:0.494061, Semantic loss: 0.149843, BCE loss: 1.168346, SB loss: 0.053731
2025-01-26 09:27:54,553 Epoch: [3/20] Iter:[40/192], Time: 0.88, lr: [0.000683514000782551], Loss: 1.415440, Acc:0.499348, Semantic loss: 0.152127, BCE loss: 1.209569, SB loss: 0.053744
2025-01-26 09:28:03,558 Epoch: [3/20] Iter:[50/192], Time: 0.88, lr: [0.0006816056319456608], Loss: 1.387898, Acc:0.496345, Semantic loss: 0.153015, BCE loss: 1.180715, SB loss: 0.054168
2025-01-26 09:28:11,859 Epoch: [3/20] Iter:[60/192], Time: 0.88, lr: [0.0006796966692478543], Loss: 1.368381, Acc:0.490026, Semantic loss: 0.154427, BCE loss: 1.159215, SB loss: 0.054739
2025-01-26 09:28:20,729 Epoch: [3/20] Iter:[70/192], Time: 0.88, lr: [0.0006777871106499582], Loss: 1.372140, Acc:0.491102, Semantic loss: 0.155542, BCE loss: 1.161941, SB loss: 0.054657
2025-01-26 09:28:29,746 Epoch: [3/20] Iter:[80/192], Time: 0.88, lr: [0.0006758769540993899], Loss: 1.368407, Acc:0.488431, Semantic loss: 0.156268, BCE loss: 1.157180, SB loss: 0.054959
2025-01-26 09:28:38,217 Epoch: [3/20] Iter:[90/192], Time: 0.88, lr: [0.000673966197530027], Loss: 1.356820, Acc:0.484568, Semantic loss: 0.155731, BCE loss: 1.146315, SB loss: 0.054773
2025-01-26 09:28:47,443 Epoch: [3/20] Iter:[100/192], Time: 0.88, lr: [0.0006720548388620748], Loss: 1.360434, Acc:0.486085, Semantic loss: 0.154933, BCE loss: 1.151392, SB loss: 0.054110
2025-01-26 09:28:56,488 Epoch: [3/20] Iter:[110/192], Time: 0.88, lr: [0.0006701428760019323], Loss: 1.358198, Acc:0.483643, Semantic loss: 0.155953, BCE loss: 1.147925, SB loss: 0.054320
2025-01-26 09:29:05,375 Epoch: [3/20] Iter:[120/192], Time: 0.88, lr: [0.0006682303068420569], Loss: 1.355434, Acc:0.482473, Semantic loss: 0.155476, BCE loss: 1.145870, SB loss: 0.054089
2025-01-26 09:29:13,639 Epoch: [3/20] Iter:[130/192], Time: 0.88, lr: [0.000666317129260826], Loss: 1.345132, Acc:0.481934, Semantic loss: 0.155174, BCE loss: 1.135926, SB loss: 0.054031
2025-01-26 09:29:22,573 Epoch: [3/20] Iter:[140/192], Time: 0.88, lr: [0.0006644033411223989], Loss: 1.344984, Acc:0.483707, Semantic loss: 0.154326, BCE loss: 1.137052, SB loss: 0.053606
2025-01-26 09:29:31,544 Epoch: [3/20] Iter:[150/192], Time: 0.88, lr: [0.0006624889402765751], Loss: 1.353291, Acc:0.482928, Semantic loss: 0.155232, BCE loss: 1.144089, SB loss: 0.053970
2025-01-26 09:29:39,777 Epoch: [3/20] Iter:[160/192], Time: 0.88, lr: [0.0006605739245586506], Loss: 1.357274, Acc:0.483793, Semantic loss: 0.154300, BCE loss: 1.149211, SB loss: 0.053762
2025-01-26 09:29:48,619 Epoch: [3/20] Iter:[170/192], Time: 0.88, lr: [0.0006586582917892745], Loss: 1.358925, Acc:0.483309, Semantic loss: 0.154502, BCE loss: 1.150595, SB loss: 0.053828
2025-01-26 09:29:57,630 Epoch: [3/20] Iter:[180/192], Time: 0.88, lr: [0.0006567420397743011], Loss: 1.358678, Acc:0.482713, Semantic loss: 0.154504, BCE loss: 1.150310, SB loss: 0.053864
2025-01-26 09:30:06,004 Epoch: [3/20] Iter:[190/192], Time: 0.88, lr: [0.0006548251663046417], Loss: 1.364013, Acc:0.482544, Semantic loss: 0.154319, BCE loss: 1.155893, SB loss: 0.053801
2025-01-26 09:35:30,826 0 [0.00000000e+00 3.98263402e-01 1.48324564e-01 7.08881596e-02
 2.39419095e-01 6.83631661e-02 1.81376674e-02 1.63030992e-04] 0.13479415485370216
2025-01-26 09:35:30,827 1 [0.00000000e+00 3.37416872e-01 1.62191013e-01 6.47751290e-02
 2.99445338e-01 3.51425528e-03 1.56347032e-02 6.00871712e-05] 0.12614819959791698
2025-01-26 09:35:30,827 => saving checkpoint to output/loveDa/pidnet_small_loveda_3bcheckpoint.pth.tar
2025-01-26 09:35:31,130 Loss: 1.260, MeanIU:  0.1261, Best_mIoU:  0.1639
2025-01-26 09:35:31,130 [0.00000000e+00 3.37416872e-01 1.62191013e-01 6.47751290e-02
 2.99445338e-01 3.51425528e-03 1.56347032e-02 6.00871712e-05]
2025-01-26 09:35:32,097 Epoch: [4/20] Iter:[0/192], Time: 0.80, lr: [0.0008180521460508585], Loss: 1.640734, Acc:0.550084, Semantic loss: 0.164844, BCE loss: 1.418429, SB loss: 0.057461
2025-01-26 09:35:41,143 Epoch: [4/20] Iter:[10/192], Time: 0.90, lr: [0.0008156551183601796], Loss: 1.405530, Acc:0.473763, Semantic loss: 0.157854, BCE loss: 1.192004, SB loss: 0.055672
2025-01-26 09:35:49,689 Epoch: [4/20] Iter:[20/192], Time: 0.88, lr: [0.0008132573077094668], Loss: 1.385757, Acc:0.471791, Semantic loss: 0.153477, BCE loss: 1.174429, SB loss: 0.057850
2025-01-26 09:35:58,767 Epoch: [4/20] Iter:[30/192], Time: 0.89, lr: [0.0008108587112763078], Loss: 1.451118, Acc:0.486630, Semantic loss: 0.152198, BCE loss: 1.242858, SB loss: 0.056061
2025-01-26 09:36:07,862 Epoch: [4/20] Iter:[40/192], Time: 0.89, lr: [0.0008084593262188027], Loss: 1.441680, Acc:0.491800, Semantic loss: 0.152998, BCE loss: 1.233062, SB loss: 0.055620
2025-01-26 09:36:16,864 Epoch: [4/20] Iter:[50/192], Time: 0.89, lr: [0.0008060591496753653], Loss: 1.440453, Acc:0.490895, Semantic loss: 0.152989, BCE loss: 1.231987, SB loss: 0.055477
2025-01-26 09:36:26,190 Epoch: [4/20] Iter:[60/192], Time: 0.90, lr: [0.0008036581787645204], Loss: 1.407263, Acc:0.488299, Semantic loss: 0.150875, BCE loss: 1.201586, SB loss: 0.054802
2025-01-26 09:36:35,341 Epoch: [4/20] Iter:[70/192], Time: 0.90, lr: [0.0008012564105846995], Loss: 1.398265, Acc:0.487034, Semantic loss: 0.152183, BCE loss: 1.191251, SB loss: 0.054832
2025-01-26 09:36:43,957 Epoch: [4/20] Iter:[80/192], Time: 0.90, lr: [0.0007988538422140333], Loss: 1.391988, Acc:0.486628, Semantic loss: 0.152669, BCE loss: 1.184376, SB loss: 0.054943
2025-01-26 09:36:52,579 Epoch: [4/20] Iter:[90/192], Time: 0.89, lr: [0.0007964504707101411], Loss: 1.376235, Acc:0.481604, Semantic loss: 0.151844, BCE loss: 1.169543, SB loss: 0.054848
2025-01-26 09:37:01,692 Epoch: [4/20] Iter:[100/192], Time: 0.90, lr: [0.0007940462931099175], Loss: 1.354620, Acc:0.477839, Semantic loss: 0.152054, BCE loss: 1.147550, SB loss: 0.055016
2025-01-26 09:37:10,662 Epoch: [4/20] Iter:[110/192], Time: 0.90, lr: [0.0007916413064293164], Loss: 1.359268, Acc:0.479713, Semantic loss: 0.152076, BCE loss: 1.152636, SB loss: 0.054556
2025-01-26 09:37:19,228 Epoch: [4/20] Iter:[120/192], Time: 0.89, lr: [0.0007892355076631318], Loss: 1.367153, Acc:0.479647, Semantic loss: 0.153067, BCE loss: 1.159598, SB loss: 0.054489
2025-01-26 09:37:28,347 Epoch: [4/20] Iter:[130/192], Time: 0.89, lr: [0.0007868288937847752], Loss: 1.362617, Acc:0.482176, Semantic loss: 0.152893, BCE loss: 1.155618, SB loss: 0.054106
2025-01-26 09:37:37,323 Epoch: [4/20] Iter:[140/192], Time: 0.89, lr: [0.0007844214617460509], Loss: 1.351403, Acc:0.479424, Semantic loss: 0.152483, BCE loss: 1.145176, SB loss: 0.053743
2025-01-26 09:37:45,586 Epoch: [4/20] Iter:[150/192], Time: 0.89, lr: [0.0007820132084769268], Loss: 1.337513, Acc:0.479570, Semantic loss: 0.152471, BCE loss: 1.131278, SB loss: 0.053764
2025-01-26 09:37:54,573 Epoch: [4/20] Iter:[160/192], Time: 0.89, lr: [0.0007796041308853031], Loss: 1.340385, Acc:0.479320, Semantic loss: 0.151957, BCE loss: 1.135071, SB loss: 0.053358
2025-01-26 09:38:03,505 Epoch: [4/20] Iter:[170/192], Time: 0.89, lr: [0.0007771942258567772], Loss: 1.341889, Acc:0.479301, Semantic loss: 0.151696, BCE loss: 1.136768, SB loss: 0.053425
2025-01-26 09:38:11,932 Epoch: [4/20] Iter:[180/192], Time: 0.89, lr: [0.0007747834902544057], Loss: 1.347792, Acc:0.480966, Semantic loss: 0.151291, BCE loss: 1.143309, SB loss: 0.053192
2025-01-26 09:38:21,057 Epoch: [4/20] Iter:[190/192], Time: 0.89, lr: [0.0007723719209184621], Loss: 1.349258, Acc:0.481795, Semantic loss: 0.151262, BCE loss: 1.144870, SB loss: 0.053126
2025-01-26 09:44:10,163 0 [0.00000000e+00 4.08883395e-01 1.43538968e-01 9.51298751e-02
 1.41675842e-01 1.40433307e-01 9.59864449e-03 2.64288567e-04] 0.1342177599767526
2025-01-26 09:44:10,164 1 [0.00000000e+00 4.00094874e-01 1.31046655e-01 1.81719241e-01
 2.96482289e-01 1.26178299e-01 2.17184420e-03 8.93101063e-06] 0.16252887631934373
2025-01-26 09:44:10,164 => saving checkpoint to output/loveDa/pidnet_small_loveda_3bcheckpoint.pth.tar
2025-01-26 09:44:10,462 Loss: 1.322, MeanIU:  0.1625, Best_mIoU:  0.1639
2025-01-26 09:44:10,462 [0.00000000e+00 4.00094874e-01 1.31046655e-01 1.81719241e-01
 2.96482289e-01 1.26178299e-01 2.17184420e-03 8.93101063e-06]
2025-01-26 09:44:11,344 Epoch: [5/20] Iter:[0/192], Time: 0.73, lr: [0.0005894960222670765], Loss: 1.049505, Acc:0.609230, Semantic loss: 0.110817, BCE loss: 0.906339, SB loss: 0.032349
2025-01-26 09:44:20,363 Epoch: [5/20] Iter:[10/192], Time: 0.89, lr: [0.0005876535269675065], Loss: 1.153089, Acc:0.497568, Semantic loss: 0.128036, BCE loss: 0.980569, SB loss: 0.044485
2025-01-26 09:44:29,350 Epoch: [5/20] Iter:[20/192], Time: 0.89, lr: [0.0005858103895702902], Loss: 1.276110, Acc:0.489101, Semantic loss: 0.148312, BCE loss: 1.077095, SB loss: 0.050704
2025-01-26 09:44:37,934 Epoch: [5/20] Iter:[30/192], Time: 0.88, lr: [0.0005839666076053792], Loss: 1.267935, Acc:0.488969, Semantic loss: 0.144915, BCE loss: 1.073059, SB loss: 0.049961
2025-01-26 09:44:46,771 Epoch: [5/20] Iter:[40/192], Time: 0.88, lr: [0.0005821221785845219], Loss: 1.252638, Acc:0.480853, Semantic loss: 0.145812, BCE loss: 1.056903, SB loss: 0.049924
2025-01-26 09:44:55,872 Epoch: [5/20] Iter:[50/192], Time: 0.89, lr: [0.0005802771000010641], Loss: 1.276588, Acc:0.495543, Semantic loss: 0.143979, BCE loss: 1.082240, SB loss: 0.050369
2025-01-26 09:45:04,820 Epoch: [5/20] Iter:[60/192], Time: 0.89, lr: [0.0005784313693297474], Loss: 1.293747, Acc:0.498009, Semantic loss: 0.144435, BCE loss: 1.098246, SB loss: 0.051067
2025-01-26 09:45:13,450 Epoch: [5/20] Iter:[70/192], Time: 0.88, lr: [0.000576584984026505], Loss: 1.301766, Acc:0.496548, Semantic loss: 0.146103, BCE loss: 1.104354, SB loss: 0.051310
2025-01-26 09:45:22,376 Epoch: [5/20] Iter:[80/192], Time: 0.89, lr: [0.0005747379415282542], Loss: 1.301682, Acc:0.494946, Semantic loss: 0.143991, BCE loss: 1.106782, SB loss: 0.050910
2025-01-26 09:45:31,558 Epoch: [5/20] Iter:[90/192], Time: 0.89, lr: [0.000572890239252685], Loss: 1.305423, Acc:0.491573, Semantic loss: 0.145093, BCE loss: 1.109257, SB loss: 0.051073
2025-01-26 09:45:39,909 Epoch: [5/20] Iter:[100/192], Time: 0.88, lr: [0.0005710418745980477], Loss: 1.300148, Acc:0.488946, Semantic loss: 0.145133, BCE loss: 1.104096, SB loss: 0.050919
2025-01-26 09:45:48,905 Epoch: [5/20] Iter:[110/192], Time: 0.89, lr: [0.0005691928449429353], Loss: 1.296215, Acc:0.487758, Semantic loss: 0.144961, BCE loss: 1.100304, SB loss: 0.050950
2025-01-26 09:45:58,007 Epoch: [5/20] Iter:[120/192], Time: 0.89, lr: [0.0005673431476460633], Loss: 1.298302, Acc:0.487708, Semantic loss: 0.146099, BCE loss: 1.101236, SB loss: 0.050967
2025-01-26 09:46:06,296 Epoch: [5/20] Iter:[130/192], Time: 0.88, lr: [0.000565492780046047], Loss: 1.301847, Acc:0.488439, Semantic loss: 0.145485, BCE loss: 1.105224, SB loss: 0.051138
2025-01-26 09:46:15,384 Epoch: [5/20] Iter:[140/192], Time: 0.88, lr: [0.0005636417394611745], Loss: 1.303594, Acc:0.488639, Semantic loss: 0.144802, BCE loss: 1.107812, SB loss: 0.050980
2025-01-26 09:46:25,424 Epoch: [5/20] Iter:[150/192], Time: 0.89, lr: [0.0005617900231891765], Loss: 1.302468, Acc:0.490331, Semantic loss: 0.144535, BCE loss: 1.107125, SB loss: 0.050809
2025-01-26 09:46:33,746 Epoch: [5/20] Iter:[160/192], Time: 0.89, lr: [0.0005599376285069936], Loss: 1.297839, Acc:0.489381, Semantic loss: 0.145082, BCE loss: 1.101939, SB loss: 0.050818
2025-01-26 09:46:42,831 Epoch: [5/20] Iter:[170/192], Time: 0.89, lr: [0.0005580845526705384], Loss: 1.299490, Acc:0.489103, Semantic loss: 0.145551, BCE loss: 1.102911, SB loss: 0.051028
2025-01-26 09:46:51,866 Epoch: [5/20] Iter:[180/192], Time: 0.89, lr: [0.000556230792914455], Loss: 1.304672, Acc:0.487256, Semantic loss: 0.146866, BCE loss: 1.106389, SB loss: 0.051417
2025-01-26 09:47:00,453 Epoch: [5/20] Iter:[190/192], Time: 0.89, lr: [0.0005543763464518758], Loss: 1.309918, Acc:0.487363, Semantic loss: 0.146927, BCE loss: 1.111484, SB loss: 0.051506
2025-01-26 09:52:24,928 0 [0.         0.4553034  0.20518588 0.09418111 0.21996486 0.07874908
 0.06294301 0.00107313] 0.15962863854245232
2025-01-26 09:52:24,929 1 [0.         0.46180587 0.19832482 0.14330165 0.29107633 0.03438016
 0.18482638 0.04820323] 0.19455977761161777
2025-01-26 09:52:24,930 => saving checkpoint to output/loveDa/pidnet_small_loveda_3bcheckpoint.pth.tar
2025-01-26 09:52:25,319 Loss: 1.232, MeanIU:  0.1946, Best_mIoU:  0.1946
2025-01-26 09:52:25,320 [0.         0.46180587 0.19832482 0.14330165 0.29107633 0.03438016
 0.18482638 0.04820323]
2025-01-26 09:52:26,210 Epoch: [6/20] Iter:[0/192], Time: 0.74, lr: [0.0003889145075182205], Loss: 1.774177, Acc:0.515185, Semantic loss: 0.141303, BCE loss: 1.574794, SB loss: 0.058079
2025-01-26 09:52:34,530 Epoch: [6/20] Iter:[10/192], Time: 0.82, lr: [0.00038761209585821537], Loss: 1.332157, Acc:0.461788, Semantic loss: 0.153029, BCE loss: 1.119903, SB loss: 0.059225
2025-01-26 09:52:43,695 Epoch: [6/20] Iter:[20/192], Time: 0.87, lr: [0.0003863091977687711], Loss: 1.381565, Acc:0.497840, Semantic loss: 0.150419, BCE loss: 1.175084, SB loss: 0.056062
2025-01-26 09:52:52,703 Epoch: [6/20] Iter:[30/192], Time: 0.88, lr: [0.00038500581124398345], Loss: 1.346197, Acc:0.494580, Semantic loss: 0.148523, BCE loss: 1.142970, SB loss: 0.054704
2025-01-26 09:53:01,259 Epoch: [6/20] Iter:[40/192], Time: 0.87, lr: [0.0003837019342620977], Loss: 1.370198, Acc:0.504966, Semantic loss: 0.144248, BCE loss: 1.173180, SB loss: 0.052770
2025-01-26 09:53:10,196 Epoch: [6/20] Iter:[50/192], Time: 0.88, lr: [0.00038239756478532195], Loss: 1.385615, Acc:0.514198, Semantic loss: 0.144451, BCE loss: 1.188974, SB loss: 0.052191
2025-01-26 09:53:19,316 Epoch: [6/20] Iter:[60/192], Time: 0.88, lr: [0.00038109270075963926], Loss: 1.379157, Acc:0.522173, Semantic loss: 0.142676, BCE loss: 1.185151, SB loss: 0.051330
2025-01-26 09:53:28,174 Epoch: [6/20] Iter:[70/192], Time: 0.88, lr: [0.00037978734011461624], Loss: 1.361801, Acc:0.515533, Semantic loss: 0.142177, BCE loss: 1.168495, SB loss: 0.051130
2025-01-26 09:53:36,812 Epoch: [6/20] Iter:[80/192], Time: 0.88, lr: [0.00037848148076320817], Loss: 1.345565, Acc:0.511499, Semantic loss: 0.143199, BCE loss: 1.151063, SB loss: 0.051302
2025-01-26 09:53:45,831 Epoch: [6/20] Iter:[90/192], Time: 0.88, lr: [0.00037717512060156193], Loss: 1.340875, Acc:0.510609, Semantic loss: 0.143770, BCE loss: 1.146064, SB loss: 0.051041
2025-01-26 09:53:54,706 Epoch: [6/20] Iter:[100/192], Time: 0.88, lr: [0.00037586825750881534], Loss: 1.344890, Acc:0.509021, Semantic loss: 0.144516, BCE loss: 1.148919, SB loss: 0.051455
2025-01-26 09:54:03,289 Epoch: [6/20] Iter:[110/192], Time: 0.88, lr: [0.00037456088934689324], Loss: 1.327925, Acc:0.509014, Semantic loss: 0.143273, BCE loss: 1.133260, SB loss: 0.051392
2025-01-26 09:54:12,718 Epoch: [6/20] Iter:[120/192], Time: 0.89, lr: [0.00037325301396030035], Loss: 1.330594, Acc:0.509118, Semantic loss: 0.142454, BCE loss: 1.137035, SB loss: 0.051105
2025-01-26 09:54:21,710 Epoch: [6/20] Iter:[130/192], Time: 0.89, lr: [0.0003719446291759115], Loss: 1.324787, Acc:0.507765, Semantic loss: 0.141907, BCE loss: 1.132027, SB loss: 0.050854
2025-01-26 09:54:30,077 Epoch: [6/20] Iter:[140/192], Time: 0.88, lr: [0.0003706357328027572], Loss: 1.310635, Acc:0.507245, Semantic loss: 0.142316, BCE loss: 1.117411, SB loss: 0.050908
2025-01-26 09:54:39,170 Epoch: [6/20] Iter:[150/192], Time: 0.89, lr: [0.0003693263226318068], Loss: 1.330538, Acc:0.509098, Semantic loss: 0.141970, BCE loss: 1.137805, SB loss: 0.050763
2025-01-26 09:54:48,180 Epoch: [6/20] Iter:[160/192], Time: 0.89, lr: [0.00036801639643574825], Loss: 1.328499, Acc:0.507190, Semantic loss: 0.142067, BCE loss: 1.135702, SB loss: 0.050730
2025-01-26 09:54:56,549 Epoch: [6/20] Iter:[170/192], Time: 0.88, lr: [0.00036670595196876325], Loss: 1.324184, Acc:0.508040, Semantic loss: 0.141751, BCE loss: 1.131860, SB loss: 0.050574
2025-01-26 09:55:05,438 Epoch: [6/20] Iter:[180/192], Time: 0.88, lr: [0.00036539498696629955], Loss: 1.322134, Acc:0.509616, Semantic loss: 0.141577, BCE loss: 1.129948, SB loss: 0.050610
2025-01-26 09:55:14,517 Epoch: [6/20] Iter:[190/192], Time: 0.89, lr: [0.00036408349914483963], Loss: 1.321924, Acc:0.509736, Semantic loss: 0.140952, BCE loss: 1.130596, SB loss: 0.050376
2025-01-26 10:00:39,492 0 [0.         0.40926439 0.13497349 0.08556049 0.29446356 0.10152801
 0.02267136 0.02530008] 0.15339448263623695
2025-01-26 10:00:39,492 1 [0.         0.38907046 0.13456083 0.15406697 0.36430828 0.0340947
 0.0326372  0.37169535] 0.21149054012941043
2025-01-26 10:00:39,493 => saving checkpoint to output/loveDa/pidnet_small_loveda_3bcheckpoint.pth.tar
2025-01-26 10:00:39,873 Loss: 1.190, MeanIU:  0.2115, Best_mIoU:  0.2115
2025-01-26 10:00:39,873 [0.         0.38907046 0.13456083 0.15406697 0.36430828 0.0340947
 0.0326372  0.37169535]
2025-01-26 10:00:40,777 Epoch: [7/20] Iter:[0/192], Time: 0.72, lr: [0.0002335281947669314], Loss: 1.393131, Acc:0.679229, Semantic loss: 0.117995, BCE loss: 1.232531, SB loss: 0.042606
2025-01-26 10:00:49,735 Epoch: [7/20] Iter:[10/192], Time: 0.88, lr: [0.00023268597705976464], Loss: 1.381686, Acc:0.487852, Semantic loss: 0.144790, BCE loss: 1.187809, SB loss: 0.049087
2025-01-26 10:00:58,622 Epoch: [7/20] Iter:[20/192], Time: 0.89, lr: [0.00023184342049921582], Loss: 1.360811, Acc:0.507418, Semantic loss: 0.139785, BCE loss: 1.172530, SB loss: 0.048496
2025-01-26 10:01:06,974 Epoch: [7/20] Iter:[30/192], Time: 0.87, lr: [0.00023100052357956594], Loss: 1.299795, Acc:0.513312, Semantic loss: 0.133767, BCE loss: 1.118036, SB loss: 0.047992
2025-01-26 10:01:16,135 Epoch: [7/20] Iter:[40/192], Time: 0.88, lr: [0.00023015728478227086], Loss: 1.309063, Acc:0.519535, Semantic loss: 0.134520, BCE loss: 1.126256, SB loss: 0.048288
2025-01-26 10:01:25,163 Epoch: [7/20] Iter:[50/192], Time: 0.89, lr: [0.00022931370257579938], Loss: 1.327021, Acc:0.520522, Semantic loss: 0.135347, BCE loss: 1.143455, SB loss: 0.048219
2025-01-26 10:01:33,502 Epoch: [7/20] Iter:[60/192], Time: 0.88, lr: [0.00022846977541546873], Loss: 1.308777, Acc:0.521921, Semantic loss: 0.135909, BCE loss: 1.124688, SB loss: 0.048180
2025-01-26 10:01:42,603 Epoch: [7/20] Iter:[70/192], Time: 0.88, lr: [0.00022762550174327693], Loss: 1.295231, Acc:0.515103, Semantic loss: 0.137473, BCE loss: 1.109570, SB loss: 0.048188
2025-01-26 10:01:52,441 Epoch: [7/20] Iter:[80/192], Time: 0.89, lr: [0.00022678087998773274], Loss: 1.288368, Acc:0.511306, Semantic loss: 0.138410, BCE loss: 1.101123, SB loss: 0.048835
2025-01-26 10:02:00,815 Epoch: [7/20] Iter:[90/192], Time: 0.89, lr: [0.00022593590856368257], Loss: 1.285496, Acc:0.517630, Semantic loss: 0.136816, BCE loss: 1.100276, SB loss: 0.048404
2025-01-26 10:02:09,810 Epoch: [7/20] Iter:[100/192], Time: 0.89, lr: [0.0002250905858721342], Loss: 1.294118, Acc:0.519356, Semantic loss: 0.136718, BCE loss: 1.108746, SB loss: 0.048654
2025-01-26 10:02:18,874 Epoch: [7/20] Iter:[110/192], Time: 0.89, lr: [0.00022424491030007795], Loss: 1.278900, Acc:0.519379, Semantic loss: 0.135815, BCE loss: 1.094440, SB loss: 0.048645
2025-01-26 10:02:27,182 Epoch: [7/20] Iter:[120/192], Time: 0.89, lr: [0.00022339888022030436], Loss: 1.277740, Acc:0.515764, Semantic loss: 0.136854, BCE loss: 1.092015, SB loss: 0.048872
2025-01-26 10:02:36,343 Epoch: [7/20] Iter:[130/192], Time: 0.89, lr: [0.0002225524939912188], Loss: 1.298839, Acc:0.518823, Semantic loss: 0.136500, BCE loss: 1.113579, SB loss: 0.048760
2025-01-26 10:02:45,471 Epoch: [7/20] Iter:[140/192], Time: 0.89, lr: [0.00022170574995665325], Loss: 1.297067, Acc:0.520617, Semantic loss: 0.136486, BCE loss: 1.111885, SB loss: 0.048696
2025-01-26 10:02:54,117 Epoch: [7/20] Iter:[150/192], Time: 0.89, lr: [0.0002208586464456742], Loss: 1.289907, Acc:0.519795, Semantic loss: 0.136085, BCE loss: 1.105328, SB loss: 0.048494
2025-01-26 10:03:02,765 Epoch: [7/20] Iter:[160/192], Time: 0.89, lr: [0.00022001118177238763], Loss: 1.296210, Acc:0.520228, Semantic loss: 0.136087, BCE loss: 1.111459, SB loss: 0.048664
2025-01-26 10:03:11,910 Epoch: [7/20] Iter:[170/192], Time: 0.89, lr: [0.00021916335423574043], Loss: 1.299298, Acc:0.521680, Semantic loss: 0.136126, BCE loss: 1.114552, SB loss: 0.048620
2025-01-26 10:03:20,804 Epoch: [7/20] Iter:[180/192], Time: 0.89, lr: [0.00021831516211931836], Loss: 1.299965, Acc:0.523960, Semantic loss: 0.136378, BCE loss: 1.114862, SB loss: 0.048725
2025-01-26 10:03:29,182 Epoch: [7/20] Iter:[190/192], Time: 0.89, lr: [0.00021746660369114022], Loss: 1.294286, Acc:0.522688, Semantic loss: 0.136222, BCE loss: 1.109246, SB loss: 0.048818
2025-01-26 10:09:06,447 0 [0.         0.45091651 0.22708385 0.11404624 0.35327648 0.10641016
 0.019096   0.01555332] 0.1837689365764605
2025-01-26 10:09:06,447 1 [0.         0.50827012 0.34179556 0.27372886 0.44208584 0.04219947
 0.00223183 0.34769674] 0.27971548705688515
2025-01-26 10:09:06,448 => saving checkpoint to output/loveDa/pidnet_small_loveda_3bcheckpoint.pth.tar
2025-01-26 10:09:06,849 Loss: 1.215, MeanIU:  0.2797, Best_mIoU:  0.2797
2025-01-26 10:09:06,849 [0.         0.50827012 0.34179556 0.27372886 0.44208584 0.04219947
 0.00223183 0.34769674]
2025-01-26 10:09:07,804 Epoch: [8/20] Iter:[0/192], Time: 0.79, lr: [0.0001266993066056896], Loss: 2.131870, Acc:0.619490, Semantic loss: 0.145783, BCE loss: 1.930904, SB loss: 0.055183
2025-01-26 10:09:16,907 Epoch: [8/20] Iter:[10/192], Time: 0.90, lr: [0.00012620427986361054], Loss: 1.410470, Acc:0.522508, Semantic loss: 0.136654, BCE loss: 1.222571, SB loss: 0.051245
2025-01-26 10:09:26,067 Epoch: [8/20] Iter:[20/192], Time: 0.91, lr: [0.0001257090372818189], Loss: 1.407405, Acc:0.535061, Semantic loss: 0.134979, BCE loss: 1.223504, SB loss: 0.048921
2025-01-26 10:09:34,703 Epoch: [8/20] Iter:[30/192], Time: 0.89, lr: [0.00012521357782057226], Loss: 1.390204, Acc:0.543571, Semantic loss: 0.132305, BCE loss: 1.209599, SB loss: 0.048300
2025-01-26 10:09:44,321 Epoch: [8/20] Iter:[40/192], Time: 0.91, lr: [0.00012471790043052403], Loss: 1.331477, Acc:0.534577, Semantic loss: 0.135906, BCE loss: 1.146493, SB loss: 0.049078
2025-01-26 10:09:53,330 Epoch: [8/20] Iter:[50/192], Time: 0.91, lr: [0.0001242220040525921], Loss: 1.331171, Acc:0.539581, Semantic loss: 0.134334, BCE loss: 1.148925, SB loss: 0.047912
2025-01-26 10:10:01,910 Epoch: [8/20] Iter:[60/192], Time: 0.90, lr: [0.0001237258876178249], Loss: 1.294395, Acc:0.534008, Semantic loss: 0.134345, BCE loss: 1.111580, SB loss: 0.048470
2025-01-26 10:10:10,614 Epoch: [8/20] Iter:[70/192], Time: 0.90, lr: [0.0001232295500472649], Loss: 1.303071, Acc:0.539189, Semantic loss: 0.133650, BCE loss: 1.121208, SB loss: 0.048213
2025-01-26 10:10:19,624 Epoch: [8/20] Iter:[80/192], Time: 0.90, lr: [0.00012273299025180985], Loss: 1.293745, Acc:0.535275, Semantic loss: 0.133658, BCE loss: 1.112062, SB loss: 0.048025
2025-01-26 10:10:28,529 Epoch: [8/20] Iter:[90/192], Time: 0.90, lr: [0.00012223620713207133], Loss: 1.287868, Acc:0.534895, Semantic loss: 0.132693, BCE loss: 1.107295, SB loss: 0.047881
2025-01-26 10:10:36,972 Epoch: [8/20] Iter:[100/192], Time: 0.89, lr: [0.00012173919957823059], Loss: 1.299932, Acc:0.538604, Semantic loss: 0.133270, BCE loss: 1.118832, SB loss: 0.047830
2025-01-26 10:10:46,089 Epoch: [8/20] Iter:[110/192], Time: 0.89, lr: [0.00012124196646989187], Loss: 1.311079, Acc:0.540090, Semantic loss: 0.133562, BCE loss: 1.129563, SB loss: 0.047953
2025-01-26 10:10:55,078 Epoch: [8/20] Iter:[120/192], Time: 0.89, lr: [0.00012074450667593296], Loss: 1.322888, Acc:0.544287, Semantic loss: 0.132689, BCE loss: 1.142491, SB loss: 0.047708
2025-01-26 10:11:03,391 Epoch: [8/20] Iter:[130/192], Time: 0.89, lr: [0.00012024681905435292], Loss: 1.326358, Acc:0.544293, Semantic loss: 0.132150, BCE loss: 1.146377, SB loss: 0.047832
2025-01-26 10:11:12,418 Epoch: [8/20] Iter:[140/192], Time: 0.89, lr: [0.00011974890245211674], Loss: 1.311403, Acc:0.542404, Semantic loss: 0.132051, BCE loss: 1.131492, SB loss: 0.047859
2025-01-26 10:11:21,357 Epoch: [8/20] Iter:[150/192], Time: 0.89, lr: [0.00011925075570499752], Loss: 1.299254, Acc:0.540572, Semantic loss: 0.132539, BCE loss: 1.118716, SB loss: 0.047999
2025-01-26 10:11:29,762 Epoch: [8/20] Iter:[160/192], Time: 0.89, lr: [0.00011875237763741508], Loss: 1.305892, Acc:0.543734, Semantic loss: 0.132473, BCE loss: 1.125466, SB loss: 0.047953
2025-01-26 10:11:38,690 Epoch: [8/20] Iter:[170/192], Time: 0.89, lr: [0.00011825376706227193], Loss: 1.303223, Acc:0.541856, Semantic loss: 0.132383, BCE loss: 1.122943, SB loss: 0.047897
2025-01-26 10:11:47,707 Epoch: [8/20] Iter:[180/192], Time: 0.89, lr: [0.00011775492278078589], Loss: 1.306376, Acc:0.543341, Semantic loss: 0.131970, BCE loss: 1.126832, SB loss: 0.047574
2025-01-26 10:11:55,984 Epoch: [8/20] Iter:[190/192], Time: 0.88, lr: [0.00011725584358231952], Loss: 1.305930, Acc:0.543747, Semantic loss: 0.132065, BCE loss: 1.126246, SB loss: 0.047618
2025-01-26 10:17:33,733 0 [0.         0.45044125 0.15295748 0.07573124 0.34046845 0.05909329
 0.09968532 0.02245108] 0.17154687400750457
2025-01-26 10:17:33,733 1 [0.         0.49054674 0.17667097 0.21111796 0.41860908 0.02546014
 0.09774575 0.26686071] 0.24100162194288693
2025-01-26 10:17:33,734 => saving checkpoint to output/loveDa/pidnet_small_loveda_3bcheckpoint.pth.tar
2025-01-26 10:17:34,029 Loss: 1.189, MeanIU:  0.2410, Best_mIoU:  0.2797
2025-01-26 10:17:34,030 [0.         0.49054674 0.17667097 0.21111796 0.41860908 0.02546014
 0.09774575 0.26686071]
2025-01-26 10:17:34,927 Epoch: [9/20] Iter:[0/192], Time: 0.74, lr: [6.15594191804515e-05], Loss: 1.585555, Acc:0.404119, Semantic loss: 0.158740, BCE loss: 1.368911, SB loss: 0.057903
2025-01-26 10:17:43,912 Epoch: [9/20] Iter:[10/192], Time: 0.89, lr: [6.12970298980455e-05], Loss: 1.373211, Acc:0.558941, Semantic loss: 0.136505, BCE loss: 1.188995, SB loss: 0.047711
2025-01-26 10:17:52,391 Epoch: [9/20] Iter:[20/192], Time: 0.87, lr: [6.1034515757054244e-05], Loss: 1.298234, Acc:0.549596, Semantic loss: 0.136728, BCE loss: 1.113948, SB loss: 0.047558
2025-01-26 10:18:01,423 Epoch: [9/20] Iter:[30/192], Time: 0.88, lr: [6.077187610079359e-05], Loss: 1.273499, Acc:0.555329, Semantic loss: 0.131752, BCE loss: 1.095051, SB loss: 0.046696
2025-01-26 10:18:10,429 Epoch: [9/20] Iter:[40/192], Time: 0.88, lr: [6.050911026595411e-05], Loss: 1.262791, Acc:0.555947, Semantic loss: 0.131436, BCE loss: 1.084394, SB loss: 0.046961
2025-01-26 10:18:18,852 Epoch: [9/20] Iter:[50/192], Time: 0.88, lr: [6.0246217582501975e-05], Loss: 1.308126, Acc:0.558023, Semantic loss: 0.133236, BCE loss: 1.126848, SB loss: 0.048041
2025-01-26 10:18:27,976 Epoch: [9/20] Iter:[60/192], Time: 0.88, lr: [5.998319737357783e-05], Loss: 1.312977, Acc:0.565192, Semantic loss: 0.131410, BCE loss: 1.134029, SB loss: 0.047537
2025-01-26 10:18:37,020 Epoch: [9/20] Iter:[70/192], Time: 0.89, lr: [5.972004895539355e-05], Loss: 1.311170, Acc:0.562112, Semantic loss: 0.131457, BCE loss: 1.132270, SB loss: 0.047443
2025-01-26 10:18:45,442 Epoch: [9/20] Iter:[80/192], Time: 0.88, lr: [5.945677163712717e-05], Loss: 1.312241, Acc:0.555782, Semantic loss: 0.131084, BCE loss: 1.133928, SB loss: 0.047229
2025-01-26 10:18:54,620 Epoch: [9/20] Iter:[90/192], Time: 0.88, lr: [5.919336472081547e-05], Loss: 1.319193, Acc:0.556331, Semantic loss: 0.131252, BCE loss: 1.140689, SB loss: 0.047252
2025-01-26 10:19:03,578 Epoch: [9/20] Iter:[100/192], Time: 0.89, lr: [5.892982750124445e-05], Loss: 1.316709, Acc:0.555663, Semantic loss: 0.131218, BCE loss: 1.138427, SB loss: 0.047064
2025-01-26 10:19:12,170 Epoch: [9/20] Iter:[110/192], Time: 0.88, lr: [5.8666159265837644e-05], Loss: 1.314791, Acc:0.553901, Semantic loss: 0.130687, BCE loss: 1.137178, SB loss: 0.046926
2025-01-26 10:19:21,018 Epoch: [9/20] Iter:[120/192], Time: 0.88, lr: [5.840235929454203e-05], Loss: 1.299095, Acc:0.552281, Semantic loss: 0.130996, BCE loss: 1.120865, SB loss: 0.047234
2025-01-26 10:19:29,979 Epoch: [9/20] Iter:[130/192], Time: 0.88, lr: [5.813842685971164e-05], Loss: 1.293177, Acc:0.550099, Semantic loss: 0.130903, BCE loss: 1.115224, SB loss: 0.047050
2025-01-26 10:19:38,660 Epoch: [9/20] Iter:[140/192], Time: 0.88, lr: [5.787436122598885e-05], Loss: 1.294743, Acc:0.552507, Semantic loss: 0.130669, BCE loss: 1.116963, SB loss: 0.047112
2025-01-26 10:19:47,411 Epoch: [9/20] Iter:[150/192], Time: 0.88, lr: [5.761016165018302e-05], Loss: 1.299319, Acc:0.553889, Semantic loss: 0.130331, BCE loss: 1.122063, SB loss: 0.046925
2025-01-26 10:19:56,535 Epoch: [9/20] Iter:[160/192], Time: 0.88, lr: [5.734582738114676e-05], Loss: 1.302809, Acc:0.558401, Semantic loss: 0.130361, BCE loss: 1.125385, SB loss: 0.047063
2025-01-26 10:20:05,835 Epoch: [9/20] Iter:[170/192], Time: 0.89, lr: [5.7081357659649514e-05], Loss: 1.314250, Acc:0.560977, Semantic loss: 0.130313, BCE loss: 1.136946, SB loss: 0.046991
2025-01-26 10:20:14,920 Epoch: [9/20] Iter:[180/192], Time: 0.89, lr: [5.681675171824849e-05], Loss: 1.303209, Acc:0.560928, Semantic loss: 0.130023, BCE loss: 1.126117, SB loss: 0.047069
2025-01-26 10:20:23,806 Epoch: [9/20] Iter:[190/192], Time: 0.89, lr: [5.6552008781156856e-05], Loss: 1.298061, Acc:0.559996, Semantic loss: 0.129733, BCE loss: 1.121321, SB loss: 0.047006
2025-01-26 10:26:04,115 0 [0.         0.45615555 0.16750248 0.089395   0.40632075 0.11102695
 0.05228453 0.01390497] 0.18522717666643615
2025-01-26 10:26:04,115 1 [0.         0.50901795 0.17018639 0.29133676 0.47702689 0.05389376
 0.04812283 0.39732416] 0.2781298199331586
2025-01-26 10:26:04,116 => saving checkpoint to output/loveDa/pidnet_small_loveda_3bcheckpoint.pth.tar
2025-01-26 10:26:04,421 Loss: 1.200, MeanIU:  0.2781, Best_mIoU:  0.2797
2025-01-26 10:26:04,421 [0.         0.50901795 0.17018639 0.29133676 0.47702689 0.05389376
 0.04812283 0.39732416]
2025-01-26 10:26:05,323 Epoch: [10/20] Iter:[0/192], Time: 0.73, lr: [2.6502763580764673e-05], Loss: 1.660179, Acc:0.539206, Semantic loss: 0.126536, BCE loss: 1.485782, SB loss: 0.047860
2025-01-26 10:26:14,520 Epoch: [10/20] Iter:[10/192], Time: 0.90, lr: [2.6378499462520686e-05], Loss: 1.333984, Acc:0.564241, Semantic loss: 0.127037, BCE loss: 1.161853, SB loss: 0.045094
2025-01-26 10:26:23,596 Epoch: [10/20] Iter:[20/192], Time: 0.91, lr: [2.625417026718234e-05], Loss: 1.254682, Acc:0.561382, Semantic loss: 0.128900, BCE loss: 1.079638, SB loss: 0.046144
2025-01-26 10:26:32,287 Epoch: [10/20] Iter:[30/192], Time: 0.89, lr: [2.6129775617884884e-05], Loss: 1.282620, Acc:0.569325, Semantic loss: 0.125376, BCE loss: 1.111160, SB loss: 0.046084
2025-01-26 10:26:41,042 Epoch: [10/20] Iter:[40/192], Time: 0.89, lr: [2.6005315133575e-05], Loss: 1.291344, Acc:0.564700, Semantic loss: 0.125389, BCE loss: 1.119717, SB loss: 0.046238
2025-01-26 10:26:50,075 Epoch: [10/20] Iter:[50/192], Time: 0.89, lr: [2.5880788428941735e-05], Loss: 1.279580, Acc:0.562579, Semantic loss: 0.123955, BCE loss: 1.109752, SB loss: 0.045873
2025-01-26 10:26:58,890 Epoch: [10/20] Iter:[60/192], Time: 0.89, lr: [2.5756195114345903e-05], Loss: 1.263932, Acc:0.566043, Semantic loss: 0.124561, BCE loss: 1.093485, SB loss: 0.045886
2025-01-26 10:27:07,488 Epoch: [10/20] Iter:[70/192], Time: 0.89, lr: [2.5631534795747918e-05], Loss: 1.273114, Acc:0.569420, Semantic loss: 0.123771, BCE loss: 1.103648, SB loss: 0.045696
2025-01-26 10:27:16,698 Epoch: [10/20] Iter:[80/192], Time: 0.89, lr: [2.550680707463402e-05], Loss: 1.277871, Acc:0.571245, Semantic loss: 0.124588, BCE loss: 1.107813, SB loss: 0.045471
2025-01-26 10:27:25,700 Epoch: [10/20] Iter:[90/192], Time: 0.89, lr: [2.5382011547940933e-05], Loss: 1.289928, Acc:0.568511, Semantic loss: 0.125346, BCE loss: 1.118864, SB loss: 0.045718
2025-01-26 10:27:34,013 Epoch: [10/20] Iter:[100/192], Time: 0.89, lr: [2.52571478079787e-05], Loss: 1.287784, Acc:0.567701, Semantic loss: 0.125792, BCE loss: 1.116034, SB loss: 0.045959
2025-01-26 10:27:42,834 Epoch: [10/20] Iter:[110/192], Time: 0.89, lr: [2.5132215442351885e-05], Loss: 1.269685, Acc:0.563882, Semantic loss: 0.125154, BCE loss: 1.098828, SB loss: 0.045703
2025-01-26 10:27:51,864 Epoch: [10/20] Iter:[120/192], Time: 0.89, lr: [2.5007214033878992e-05], Loss: 1.271902, Acc:0.564973, Semantic loss: 0.124991, BCE loss: 1.101281, SB loss: 0.045630
2025-01-26 10:28:00,959 Epoch: [10/20] Iter:[130/192], Time: 0.89, lr: [2.4882143160509953e-05], Loss: 1.276209, Acc:0.564094, Semantic loss: 0.125292, BCE loss: 1.105063, SB loss: 0.045854
2025-01-26 10:28:09,894 Epoch: [10/20] Iter:[140/192], Time: 0.89, lr: [2.475700239524182e-05], Loss: 1.270061, Acc:0.561838, Semantic loss: 0.124920, BCE loss: 1.099372, SB loss: 0.045769
2025-01-26 10:28:18,933 Epoch: [10/20] Iter:[150/192], Time: 0.89, lr: [2.4631791306032484e-05], Loss: 1.281911, Acc:0.562618, Semantic loss: 0.125235, BCE loss: 1.110941, SB loss: 0.045735
2025-01-26 10:28:27,466 Epoch: [10/20] Iter:[160/192], Time: 0.89, lr: [2.450650945571239e-05], Loss: 1.277184, Acc:0.564255, Semantic loss: 0.124937, BCE loss: 1.106478, SB loss: 0.045770
2025-01-26 10:28:36,326 Epoch: [10/20] Iter:[170/192], Time: 0.89, lr: [2.4381156401894168e-05], Loss: 1.267118, Acc:0.562513, Semantic loss: 0.125333, BCE loss: 1.095793, SB loss: 0.045991
2025-01-26 10:28:45,413 Epoch: [10/20] Iter:[180/192], Time: 0.89, lr: [2.4255731696880223e-05], Loss: 1.263788, Acc:0.561341, Semantic loss: 0.125815, BCE loss: 1.091873, SB loss: 0.046100
2025-01-26 10:28:54,169 Epoch: [10/20] Iter:[190/192], Time: 0.89, lr: [2.4130234887568062e-05], Loss: 1.269632, Acc:0.562386, Semantic loss: 0.126066, BCE loss: 1.097411, SB loss: 0.046154
2025-01-26 10:34:23,744 0 [0.         0.44890048 0.16645578 0.09303216 0.40245616 0.12012254
 0.05936703 0.01822106] 0.18693645894501307
2025-01-26 10:34:23,745 1 [0.         0.51271932 0.1961773  0.30273781 0.47164422 0.06251624
 0.03530536 0.43491072] 0.2880015667559843
2025-01-26 10:34:23,746 => saving checkpoint to output/loveDa/pidnet_small_loveda_3bcheckpoint.pth.tar
2025-01-26 10:34:24,146 Loss: 1.200, MeanIU:  0.2880, Best_mIoU:  0.2880
2025-01-26 10:34:24,146 [0.         0.51271932 0.1961773  0.30273781 0.47164422 0.06251624
 0.03530536 0.43491072]
2025-01-26 10:34:25,024 Epoch: [11/20] Iter:[0/192], Time: 0.70, lr: [9.994924527298298e-06], Loss: 0.583154, Acc:0.412308, Semantic loss: 0.126205, BCE loss: 0.406000, SB loss: 0.050949
2025-01-26 10:34:34,061 Epoch: [11/20] Iter:[10/192], Time: 0.89, lr: [9.942852533899284e-06], Loss: 1.292020, Acc:0.592572, Semantic loss: 0.124316, BCE loss: 1.121691, SB loss: 0.046013
2025-01-26 10:34:43,001 Epoch: [11/20] Iter:[20/192], Time: 0.89, lr: [9.89075022183898e-06], Loss: 1.284920, Acc:0.575066, Semantic loss: 0.124315, BCE loss: 1.113173, SB loss: 0.047432
2025-01-26 10:34:51,361 Epoch: [11/20] Iter:[30/192], Time: 0.87, lr: [9.838617395797287e-06], Loss: 1.280432, Acc:0.555206, Semantic loss: 0.125818, BCE loss: 1.107811, SB loss: 0.046803
2025-01-26 10:35:00,421 Epoch: [11/20] Iter:[40/192], Time: 0.88, lr: [9.78645385803774e-06], Loss: 1.298180, Acc:0.568036, Semantic loss: 0.123918, BCE loss: 1.128278, SB loss: 0.045983
2025-01-26 10:35:09,449 Epoch: [11/20] Iter:[50/192], Time: 0.89, lr: [9.734259408363107e-06], Loss: 1.285817, Acc:0.566324, Semantic loss: 0.125451, BCE loss: 1.113851, SB loss: 0.046514
2025-01-26 10:35:17,706 Epoch: [11/20] Iter:[60/192], Time: 0.88, lr: [9.682033844069916e-06], Loss: 1.262323, Acc:0.563330, Semantic loss: 0.123668, BCE loss: 1.092562, SB loss: 0.046093
2025-01-26 10:35:26,707 Epoch: [11/20] Iter:[70/192], Time: 0.88, lr: [9.629776959901866e-06], Loss: 1.232177, Acc:0.560373, Semantic loss: 0.124498, BCE loss: 1.061372, SB loss: 0.046308
2025-01-26 10:35:35,825 Epoch: [11/20] Iter:[80/192], Time: 0.88, lr: [9.577488548002078e-06], Loss: 1.223904, Acc:0.562838, Semantic loss: 0.123741, BCE loss: 1.054111, SB loss: 0.046052
2025-01-26 10:35:44,474 Epoch: [11/20] Iter:[90/192], Time: 0.88, lr: [9.525168397864156e-06], Loss: 1.240814, Acc:0.568596, Semantic loss: 0.123488, BCE loss: 1.071458, SB loss: 0.045868
2025-01-26 10:35:53,883 Epoch: [11/20] Iter:[100/192], Time: 0.89, lr: [9.472816296282034e-06], Loss: 1.246166, Acc:0.568915, Semantic loss: 0.123873, BCE loss: 1.076380, SB loss: 0.045913
2025-01-26 10:36:02,795 Epoch: [11/20] Iter:[110/192], Time: 0.89, lr: [9.42043202729855e-06], Loss: 1.248565, Acc:0.566744, Semantic loss: 0.124542, BCE loss: 1.078142, SB loss: 0.045881
2025-01-26 10:36:11,714 Epoch: [11/20] Iter:[120/192], Time: 0.89, lr: [9.368015372152714e-06], Loss: 1.229806, Acc:0.561097, Semantic loss: 0.124602, BCE loss: 1.059314, SB loss: 0.045890
2025-01-26 10:36:20,131 Epoch: [11/20] Iter:[130/192], Time: 0.88, lr: [9.315566109225647e-06], Loss: 1.226572, Acc:0.560565, Semantic loss: 0.124704, BCE loss: 1.056053, SB loss: 0.045814
2025-01-26 10:36:29,060 Epoch: [11/20] Iter:[140/192], Time: 0.88, lr: [9.263084013985108e-06], Loss: 1.220584, Acc:0.563494, Semantic loss: 0.124136, BCE loss: 1.050773, SB loss: 0.045675
2025-01-26 10:36:38,134 Epoch: [11/20] Iter:[150/192], Time: 0.89, lr: [9.210568858928609e-06], Loss: 1.218906, Acc:0.564354, Semantic loss: 0.123666, BCE loss: 1.049671, SB loss: 0.045569
2025-01-26 10:36:46,487 Epoch: [11/20] Iter:[160/192], Time: 0.88, lr: [9.158020413525047e-06], Loss: 1.222566, Acc:0.564754, Semantic loss: 0.123458, BCE loss: 1.053550, SB loss: 0.045559
2025-01-26 10:36:55,576 Epoch: [11/20] Iter:[170/192], Time: 0.88, lr: [9.105438444154804e-06], Loss: 1.226493, Acc:0.565836, Semantic loss: 0.123771, BCE loss: 1.057058, SB loss: 0.045664
2025-01-26 10:37:04,481 Epoch: [11/20] Iter:[180/192], Time: 0.89, lr: [9.052822714048262e-06], Loss: 1.229696, Acc:0.564618, Semantic loss: 0.123589, BCE loss: 1.060454, SB loss: 0.045653
2025-01-26 10:37:12,948 Epoch: [11/20] Iter:[190/192], Time: 0.88, lr: [9.00017298322272e-06], Loss: 1.241381, Acc:0.566675, Semantic loss: 0.123982, BCE loss: 1.071704, SB loss: 0.045694
2025-01-26 10:42:36,664 0 [0.         0.45605876 0.16753319 0.09450369 0.39536834 0.11380006
 0.04377738 0.01437968] 0.18363158547419542
2025-01-26 10:42:36,665 1 [0.         0.50403432 0.16342612 0.28185143 0.47363626 0.07207728
 0.0143469  0.344507  ] 0.2648399038666978
2025-01-26 10:42:36,665 => saving checkpoint to output/loveDa/pidnet_small_loveda_3bcheckpoint.pth.tar
2025-01-26 10:42:37,113 Loss: 1.211, MeanIU:  0.2648, Best_mIoU:  0.2880
2025-01-26 10:42:37,114 [0.         0.50403432 0.16342612 0.28185143 0.47363626 0.07207728
 0.0143469  0.344507  ]
2025-01-26 10:42:38,303 Epoch: [12/20] Iter:[0/192], Time: 1.02, lr: [3.2798477953238624e-06], Loss: 1.411933, Acc:0.711588, Semantic loss: 0.114492, BCE loss: 1.255108, SB loss: 0.042333
2025-01-26 10:42:46,715 Epoch: [12/20] Iter:[10/192], Time: 0.86, lr: [3.2606236663500963e-06], Loss: 1.255213, Acc:0.571606, Semantic loss: 0.126939, BCE loss: 1.082758, SB loss: 0.045516
2025-01-26 10:42:55,784 Epoch: [12/20] Iter:[20/192], Time: 0.88, lr: [3.2413869354275904e-06], Loss: 1.247066, Acc:0.556490, Semantic loss: 0.128204, BCE loss: 1.072060, SB loss: 0.046801
2025-01-26 10:43:04,781 Epoch: [12/20] Iter:[30/192], Time: 0.89, lr: [3.222137511085913e-06], Loss: 1.268465, Acc:0.562697, Semantic loss: 0.125921, BCE loss: 1.096265, SB loss: 0.046279
2025-01-26 10:43:13,130 Epoch: [12/20] Iter:[40/192], Time: 0.87, lr: [3.2028753005787e-06], Loss: 1.331429, Acc:0.566602, Semantic loss: 0.124873, BCE loss: 1.160943, SB loss: 0.045613
2025-01-26 10:43:22,199 Epoch: [12/20] Iter:[50/192], Time: 0.88, lr: [3.1836002098572034e-06], Loss: 1.326989, Acc:0.563029, Semantic loss: 0.125067, BCE loss: 1.156062, SB loss: 0.045860
2025-01-26 10:43:31,156 Epoch: [12/20] Iter:[60/192], Time: 0.88, lr: [3.164312143543109e-06], Loss: 1.293278, Acc:0.561633, Semantic loss: 0.124396, BCE loss: 1.123402, SB loss: 0.045480
2025-01-26 10:43:39,543 Epoch: [12/20] Iter:[70/192], Time: 0.88, lr: [3.1450110049006045e-06], Loss: 1.286788, Acc:0.568743, Semantic loss: 0.124681, BCE loss: 1.116580, SB loss: 0.045526
2025-01-26 10:43:48,657 Epoch: [12/20] Iter:[80/192], Time: 0.88, lr: [3.125696695807664e-06], Loss: 1.293741, Acc:0.574538, Semantic loss: 0.123614, BCE loss: 1.125004, SB loss: 0.045123
2025-01-26 10:43:58,473 Epoch: [12/20] Iter:[90/192], Time: 0.89, lr: [3.1063691167265207e-06], Loss: 1.309171, Acc:0.578990, Semantic loss: 0.123983, BCE loss: 1.140011, SB loss: 0.045177
2025-01-26 10:44:07,149 Epoch: [12/20] Iter:[100/192], Time: 0.89, lr: [3.0870281666733024e-06], Loss: 1.300015, Acc:0.576201, Semantic loss: 0.124378, BCE loss: 1.130232, SB loss: 0.045405
2025-01-26 10:44:15,888 Epoch: [12/20] Iter:[110/192], Time: 0.89, lr: [3.067673743186808e-06], Loss: 1.299536, Acc:0.574780, Semantic loss: 0.125246, BCE loss: 1.128825, SB loss: 0.045465
2025-01-26 10:44:24,973 Epoch: [12/20] Iter:[120/192], Time: 0.89, lr: [3.0483057422963726e-06], Loss: 1.304641, Acc:0.574869, Semantic loss: 0.125161, BCE loss: 1.134034, SB loss: 0.045446
2025-01-26 10:44:34,051 Epoch: [12/20] Iter:[130/192], Time: 0.89, lr: [3.028924058488811e-06], Loss: 1.300604, Acc:0.575784, Semantic loss: 0.125426, BCE loss: 1.129451, SB loss: 0.045728
2025-01-26 10:44:42,327 Epoch: [12/20] Iter:[140/192], Time: 0.89, lr: [3.0095285846743975e-06], Loss: 1.295072, Acc:0.575263, Semantic loss: 0.124768, BCE loss: 1.124665, SB loss: 0.045639
2025-01-26 10:44:51,407 Epoch: [12/20] Iter:[150/192], Time: 0.89, lr: [2.9901192121518368e-06], Loss: 1.291701, Acc:0.574529, Semantic loss: 0.124278, BCE loss: 1.122048, SB loss: 0.045375
2025-01-26 10:45:00,388 Epoch: [12/20] Iter:[160/192], Time: 0.89, lr: [2.9706958305722103e-06], Loss: 1.287667, Acc:0.575127, Semantic loss: 0.123750, BCE loss: 1.118712, SB loss: 0.045205
2025-01-26 10:45:08,730 Epoch: [12/20] Iter:[170/192], Time: 0.89, lr: [2.951258327901839e-06], Loss: 1.282248, Acc:0.576844, Semantic loss: 0.124251, BCE loss: 1.112672, SB loss: 0.045325
2025-01-26 10:45:17,641 Epoch: [12/20] Iter:[180/192], Time: 0.89, lr: [2.9318065903840363e-06], Loss: 1.269671, Acc:0.572026, Semantic loss: 0.124245, BCE loss: 1.100068, SB loss: 0.045358
2025-01-26 10:45:26,747 Epoch: [12/20] Iter:[190/192], Time: 0.89, lr: [2.9123405024996976e-06], Loss: 1.269424, Acc:0.572081, Semantic loss: 0.124241, BCE loss: 1.099749, SB loss: 0.045434
2025-01-26 10:51:06,827 0 [0.         0.44895003 0.16098036 0.0936188  0.37169681 0.09124937
 0.04001643 0.01591381] 0.17463223007421783
2025-01-26 10:51:06,827 1 [0.         0.52383606 0.20623893 0.29678794 0.47506924 0.04711623
 0.01518427 0.40260498] 0.28097680630137256
2025-01-26 10:51:06,828 => saving checkpoint to output/loveDa/pidnet_small_loveda_3bcheckpoint.pth.tar
2025-01-26 10:51:07,153 Loss: 1.210, MeanIU:  0.2810, Best_mIoU:  0.2880
2025-01-26 10:51:07,153 [0.         0.52383606 0.20623893 0.29678794 0.47506924 0.04711623
 0.01518427 0.40260498]
2025-01-26 10:51:08,033 Epoch: [13/20] Iter:[0/192], Time: 0.69, lr: [9.618010935850693e-07], Loss: 1.217092, Acc:0.505105, Semantic loss: 0.123987, BCE loss: 1.044199, SB loss: 0.048906
2025-01-26 10:51:16,973 Epoch: [13/20] Iter:[10/192], Time: 0.88, lr: [9.553580586308357e-07], Loss: 1.307750, Acc:0.568258, Semantic loss: 0.122146, BCE loss: 1.138610, SB loss: 0.046994
2025-01-26 10:51:26,000 Epoch: [13/20] Iter:[20/192], Time: 0.89, lr: [9.489101919570389e-07], Loss: 1.226320, Acc:0.573626, Semantic loss: 0.123139, BCE loss: 1.055639, SB loss: 0.047541
2025-01-26 10:51:34,349 Epoch: [13/20] Iter:[30/192], Time: 0.87, lr: [9.424574534050686e-07], Loss: 1.252880, Acc:0.581176, Semantic loss: 0.122957, BCE loss: 1.083225, SB loss: 0.046698
2025-01-26 10:51:43,176 Epoch: [13/20] Iter:[40/192], Time: 0.88, lr: [9.359998021742491e-07], Loss: 1.251962, Acc:0.582253, Semantic loss: 0.121936, BCE loss: 1.084083, SB loss: 0.045943
2025-01-26 10:51:52,803 Epoch: [13/20] Iter:[50/192], Time: 0.89, lr: [9.295371968065665e-07], Loss: 1.242754, Acc:0.572022, Semantic loss: 0.121695, BCE loss: 1.075664, SB loss: 0.045395
2025-01-26 10:52:01,309 Epoch: [13/20] Iter:[60/192], Time: 0.89, lr: [9.23069595170916e-07], Loss: 1.220172, Acc:0.564927, Semantic loss: 0.122372, BCE loss: 1.052249, SB loss: 0.045551
2025-01-26 10:52:09,828 Epoch: [13/20] Iter:[70/192], Time: 0.88, lr: [9.165969544468443e-07], Loss: 1.214405, Acc:0.565861, Semantic loss: 0.121422, BCE loss: 1.047838, SB loss: 0.045146
2025-01-26 10:52:18,713 Epoch: [13/20] Iter:[80/192], Time: 0.88, lr: [9.10119231107768e-07], Loss: 1.218192, Acc:0.560170, Semantic loss: 0.122641, BCE loss: 1.050136, SB loss: 0.045415
2025-01-26 10:52:27,643 Epoch: [13/20] Iter:[90/192], Time: 0.88, lr: [9.036363809036469e-07], Loss: 1.219553, Acc:0.566749, Semantic loss: 0.122100, BCE loss: 1.052339, SB loss: 0.045114
2025-01-26 10:52:36,270 Epoch: [13/20] Iter:[100/192], Time: 0.88, lr: [8.97148358843095e-07], Loss: 1.236423, Acc:0.571560, Semantic loss: 0.122278, BCE loss: 1.069028, SB loss: 0.045118
2025-01-26 10:52:45,206 Epoch: [13/20] Iter:[110/192], Time: 0.88, lr: [8.906551191748946e-07], Loss: 1.242209, Acc:0.572815, Semantic loss: 0.122325, BCE loss: 1.074669, SB loss: 0.045215
2025-01-26 10:52:54,235 Epoch: [13/20] Iter:[120/192], Time: 0.88, lr: [8.841566153689011e-07], Loss: 1.243889, Acc:0.574370, Semantic loss: 0.122272, BCE loss: 1.076620, SB loss: 0.044997
2025-01-26 10:53:02,554 Epoch: [13/20] Iter:[130/192], Time: 0.88, lr: [8.776528000963073e-07], Loss: 1.254789, Acc:0.576173, Semantic loss: 0.122403, BCE loss: 1.087428, SB loss: 0.044958
2025-01-26 10:53:11,420 Epoch: [13/20] Iter:[140/192], Time: 0.88, lr: [8.711436252092384e-07], Loss: 1.243428, Acc:0.576906, Semantic loss: 0.122777, BCE loss: 1.075762, SB loss: 0.044889
2025-01-26 10:53:20,479 Epoch: [13/20] Iter:[150/192], Time: 0.88, lr: [8.646290417196539e-07], Loss: 1.241955, Acc:0.577193, Semantic loss: 0.122762, BCE loss: 1.074130, SB loss: 0.045064
2025-01-26 10:53:28,732 Epoch: [13/20] Iter:[160/192], Time: 0.88, lr: [8.581089997775244e-07], Loss: 1.238214, Acc:0.575600, Semantic loss: 0.122429, BCE loss: 1.070789, SB loss: 0.044996
2025-01-26 10:53:37,779 Epoch: [13/20] Iter:[170/192], Time: 0.88, lr: [8.515834486482519e-07], Loss: 1.244719, Acc:0.576148, Semantic loss: 0.122601, BCE loss: 1.077103, SB loss: 0.045016
2025-01-26 10:53:46,751 Epoch: [13/20] Iter:[180/192], Time: 0.88, lr: [8.450523366893011e-07], Loss: 1.250637, Acc:0.575365, Semantic loss: 0.122871, BCE loss: 1.082647, SB loss: 0.045118
2025-01-26 10:53:55,211 Epoch: [13/20] Iter:[190/192], Time: 0.88, lr: [8.385156113260078e-07], Loss: 1.258423, Acc:0.576585, Semantic loss: 0.123317, BCE loss: 1.090046, SB loss: 0.045060
2025-01-26 10:59:17,516 0 [0.         0.46802681 0.18749097 0.09329685 0.4231757  0.11663339
 0.04631322 0.01585845] 0.1929707708383583
2025-01-26 10:59:17,516 1 [0.         0.50949134 0.17410304 0.29420009 0.50194387 0.07086014
 0.02766443 0.37555692] 0.27911712057370525
2025-01-26 10:59:17,517 => saving checkpoint to output/loveDa/pidnet_small_loveda_3bcheckpoint.pth.tar
2025-01-26 10:59:17,991 Loss: 1.202, MeanIU:  0.2791, Best_mIoU:  0.2880
2025-01-26 10:59:17,992 [0.         0.50949134 0.17410304 0.29420009 0.50194387 0.07086014
 0.02766443 0.37555692]
2025-01-26 10:59:18,945 Epoch: [14/20] Iter:[0/192], Time: 0.79, lr: [2.986828157367968e-07], Loss: 0.910934, Acc:0.539785, Semantic loss: 0.100664, BCE loss: 0.769116, SB loss: 0.041154
2025-01-26 10:59:27,297 Epoch: [14/20] Iter:[10/192], Time: 0.83, lr: [2.9634834021427503e-07], Loss: 1.166474, Acc:0.553857, Semantic loss: 0.129030, BCE loss: 0.993784, SB loss: 0.043660
2025-01-26 10:59:36,321 Epoch: [14/20] Iter:[20/192], Time: 0.87, lr: [2.9401181956979684e-07], Loss: 1.186366, Acc:0.565100, Semantic loss: 0.124258, BCE loss: 1.017783, SB loss: 0.044325
2025-01-26 10:59:45,194 Epoch: [14/20] Iter:[30/192], Time: 0.87, lr: [2.9167323392097336e-07], Loss: 1.198660, Acc:0.560059, Semantic loss: 0.124544, BCE loss: 1.030136, SB loss: 0.043980
2025-01-26 10:59:53,899 Epoch: [14/20] Iter:[40/192], Time: 0.87, lr: [2.89332563013105e-07], Loss: 1.154097, Acc:0.560253, Semantic loss: 0.123412, BCE loss: 0.986618, SB loss: 0.044068
2025-01-26 11:00:03,382 Epoch: [14/20] Iter:[50/192], Time: 0.89, lr: [2.8698978620879777e-07], Loss: 1.230453, Acc:0.571323, Semantic loss: 0.125137, BCE loss: 1.060700, SB loss: 0.044616
2025-01-26 11:00:12,364 Epoch: [14/20] Iter:[60/192], Time: 0.89, lr: [2.8464488247719117e-07], Loss: 1.243088, Acc:0.569452, Semantic loss: 0.124741, BCE loss: 1.073689, SB loss: 0.044657
2025-01-26 11:00:20,557 Epoch: [14/20] Iter:[70/192], Time: 0.88, lr: [2.8229783038278345e-07], Loss: 1.243488, Acc:0.565544, Semantic loss: 0.124940, BCE loss: 1.073848, SB loss: 0.044700
2025-01-26 11:00:29,509 Epoch: [14/20] Iter:[80/192], Time: 0.88, lr: [2.799486080738327e-07], Loss: 1.236678, Acc:0.567292, Semantic loss: 0.123821, BCE loss: 1.068399, SB loss: 0.044459
2025-01-26 11:00:38,443 Epoch: [14/20] Iter:[90/192], Time: 0.88, lr: [2.7759719327031265e-07], Loss: 1.233617, Acc:0.566594, Semantic loss: 0.122999, BCE loss: 1.066374, SB loss: 0.044244
2025-01-26 11:00:46,878 Epoch: [14/20] Iter:[100/192], Time: 0.88, lr: [2.752435632514053e-07], Loss: 1.234609, Acc:0.567068, Semantic loss: 0.122519, BCE loss: 1.067896, SB loss: 0.044194
2025-01-26 11:00:55,693 Epoch: [14/20] Iter:[110/192], Time: 0.88, lr: [2.7288769484250477e-07], Loss: 1.236124, Acc:0.567839, Semantic loss: 0.123747, BCE loss: 1.067600, SB loss: 0.044777
2025-01-26 11:01:04,679 Epoch: [14/20] Iter:[120/192], Time: 0.88, lr: [2.7052956440170896e-07], Loss: 1.245131, Acc:0.570486, Semantic loss: 0.123331, BCE loss: 1.077084, SB loss: 0.044715
2025-01-26 11:01:13,406 Epoch: [14/20] Iter:[130/192], Time: 0.88, lr: [2.6816914780577575e-07], Loss: 1.234794, Acc:0.569163, Semantic loss: 0.123380, BCE loss: 1.066683, SB loss: 0.044731
2025-01-26 11:01:22,045 Epoch: [14/20] Iter:[140/192], Time: 0.88, lr: [2.6580642043551417e-07], Loss: 1.244364, Acc:0.572957, Semantic loss: 0.123538, BCE loss: 1.076183, SB loss: 0.044643
2025-01-26 11:01:30,937 Epoch: [14/20] Iter:[150/192], Time: 0.88, lr: [2.634413571605838e-07], Loss: 1.248153, Acc:0.571334, Semantic loss: 0.123577, BCE loss: 1.079764, SB loss: 0.044812
2025-01-26 11:01:39,623 Epoch: [14/20] Iter:[160/192], Time: 0.88, lr: [2.61073932323672e-07], Loss: 1.229249, Acc:0.567402, Semantic loss: 0.123299, BCE loss: 1.061137, SB loss: 0.044813
2025-01-26 11:01:47,940 Epoch: [14/20] Iter:[170/192], Time: 0.88, lr: [2.587041197240168e-07], Loss: 1.234495, Acc:0.566640, Semantic loss: 0.123747, BCE loss: 1.065685, SB loss: 0.045063
2025-01-26 11:01:56,997 Epoch: [14/20] Iter:[180/192], Time: 0.88, lr: [2.563318926002408e-07], Loss: 1.242469, Acc:0.567210, Semantic loss: 0.123705, BCE loss: 1.073626, SB loss: 0.045138
2025-01-26 11:02:05,891 Epoch: [14/20] Iter:[190/192], Time: 0.88, lr: [2.539572236124615e-07], Loss: 1.241927, Acc:0.567077, Semantic loss: 0.123661, BCE loss: 1.073150, SB loss: 0.045116
2025-01-26 11:07:28,225 0 [0.         0.45265377 0.17003223 0.09704603 0.38760896 0.10150571
 0.05146664 0.02007384] 0.18291245300134942
2025-01-26 11:07:28,225 1 [0.         0.51657896 0.2036409  0.31085031 0.47683292 0.04955187
 0.02785905 0.41977515] 0.2864413080601735
2025-01-26 11:07:28,226 => saving checkpoint to output/loveDa/pidnet_small_loveda_3bcheckpoint.pth.tar
2025-01-26 11:07:28,534 Loss: 1.209, MeanIU:  0.2864, Best_mIoU:  0.2880
2025-01-26 11:07:28,534 [0.         0.51657896 0.2036409  0.31085031 0.47683292 0.04955187
 0.02785905 0.41977515]
2025-01-26 11:07:29,461 Epoch: [15/20] Iter:[0/192], Time: 0.74, lr: [1.453555222964591e-07], Loss: 1.215168, Acc:0.538619, Semantic loss: 0.131675, BCE loss: 1.035605, SB loss: 0.047889
2025-01-26 11:07:38,037 Epoch: [15/20] Iter:[10/192], Time: 0.85, lr: [1.439921018054205e-07], Loss: 1.279846, Acc:0.589220, Semantic loss: 0.124788, BCE loss: 1.109765, SB loss: 0.045293
2025-01-26 11:07:46,838 Epoch: [15/20] Iter:[20/192], Time: 0.86, lr: [1.4262724535143528e-07], Loss: 1.263989, Acc:0.591589, Semantic loss: 0.121641, BCE loss: 1.098464, SB loss: 0.043884
2025-01-26 11:07:56,020 Epoch: [15/20] Iter:[30/192], Time: 0.88, lr: [1.412609361211092e-07], Loss: 1.226406, Acc:0.582494, Semantic loss: 0.120037, BCE loss: 1.062979, SB loss: 0.043390
2025-01-26 11:08:05,107 Epoch: [15/20] Iter:[40/192], Time: 0.89, lr: [1.3989315692116493e-07], Loss: 1.205547, Acc:0.574601, Semantic loss: 0.120421, BCE loss: 1.041449, SB loss: 0.043678
2025-01-26 11:08:13,645 Epoch: [15/20] Iter:[50/192], Time: 0.88, lr: [1.38523890165634e-07], Loss: 1.245222, Acc:0.576691, Semantic loss: 0.121919, BCE loss: 1.079110, SB loss: 0.044193
2025-01-26 11:08:22,757 Epoch: [15/20] Iter:[60/192], Time: 0.89, lr: [1.371531178624711e-07], Loss: 1.252994, Acc:0.579597, Semantic loss: 0.122273, BCE loss: 1.086376, SB loss: 0.044345
2025-01-26 11:08:31,695 Epoch: [15/20] Iter:[70/192], Time: 0.89, lr: [1.3578082159955774e-07], Loss: 1.254345, Acc:0.575731, Semantic loss: 0.122912, BCE loss: 1.087146, SB loss: 0.044287
2025-01-26 11:08:39,949 Epoch: [15/20] Iter:[80/192], Time: 0.88, lr: [1.3440698253006153e-07], Loss: 1.242227, Acc:0.573917, Semantic loss: 0.124357, BCE loss: 1.072804, SB loss: 0.045067
2025-01-26 11:08:49,137 Epoch: [15/20] Iter:[90/192], Time: 0.88, lr: [1.3303158135711212e-07], Loss: 1.277684, Acc:0.578541, Semantic loss: 0.124721, BCE loss: 1.107825, SB loss: 0.045138
2025-01-26 11:08:57,959 Epoch: [15/20] Iter:[100/192], Time: 0.88, lr: [1.316545983177549e-07], Loss: 1.259152, Acc:0.573762, Semantic loss: 0.124678, BCE loss: 1.089356, SB loss: 0.045118
2025-01-26 11:09:06,276 Epoch: [15/20] Iter:[110/192], Time: 0.88, lr: [1.3027601316613902e-07], Loss: 1.264647, Acc:0.572566, Semantic loss: 0.125045, BCE loss: 1.094403, SB loss: 0.045199
2025-01-26 11:09:15,237 Epoch: [15/20] Iter:[120/192], Time: 0.88, lr: [1.2889580515589408e-07], Loss: 1.263766, Acc:0.573935, Semantic loss: 0.124795, BCE loss: 1.093901, SB loss: 0.045070
2025-01-26 11:09:24,335 Epoch: [15/20] Iter:[130/192], Time: 0.88, lr: [1.2751395302164572e-07], Loss: 1.263395, Acc:0.573867, Semantic loss: 0.124243, BCE loss: 1.094066, SB loss: 0.045087
2025-01-26 11:09:32,479 Epoch: [15/20] Iter:[140/192], Time: 0.88, lr: [1.2613043495961767e-07], Loss: 1.247848, Acc:0.571555, Semantic loss: 0.124032, BCE loss: 1.078806, SB loss: 0.045010
2025-01-26 11:09:41,389 Epoch: [15/20] Iter:[150/192], Time: 0.88, lr: [1.2474522860726347e-07], Loss: 1.248783, Acc:0.571815, Semantic loss: 0.124030, BCE loss: 1.079528, SB loss: 0.045225
2025-01-26 11:09:50,363 Epoch: [15/20] Iter:[160/192], Time: 0.88, lr: [1.233583110218657e-07], Loss: 1.247696, Acc:0.572445, Semantic loss: 0.123691, BCE loss: 1.078866, SB loss: 0.045140
2025-01-26 11:09:58,672 Epoch: [15/20] Iter:[170/192], Time: 0.88, lr: [1.219696586580384e-07], Loss: 1.243770, Acc:0.571354, Semantic loss: 0.123159, BCE loss: 1.075500, SB loss: 0.045111
2025-01-26 11:10:07,477 Epoch: [15/20] Iter:[180/192], Time: 0.88, lr: [1.205792473440606e-07], Loss: 1.250067, Acc:0.570173, Semantic loss: 0.123666, BCE loss: 1.081282, SB loss: 0.045118
2025-01-26 11:10:16,401 Epoch: [15/20] Iter:[190/192], Time: 0.88, lr: [1.1918705225696471e-07], Loss: 1.247562, Acc:0.570851, Semantic loss: 0.123879, BCE loss: 1.078448, SB loss: 0.045235
2025-01-26 11:15:38,201 0 [0.         0.45260005 0.16855667 0.09717555 0.38816638 0.09512156
 0.05032632 0.0210207 ] 0.18185246181461515
2025-01-26 11:15:38,201 1 [0.         0.51295798 0.19089102 0.31003509 0.47690927 0.05498175
 0.0235387  0.40744511] 0.282394132430678
2025-01-26 11:15:38,202 => saving checkpoint to output/loveDa/pidnet_small_loveda_3bcheckpoint.pth.tar
2025-01-26 11:15:38,500 Loss: 1.205, MeanIU:  0.2824, Best_mIoU:  0.2880
2025-01-26 11:15:38,500 [0.         0.51295798 0.19089102 0.31003509 0.47690927 0.05498175
 0.0235387  0.40744511]
2025-01-26 11:15:39,427 Epoch: [16/20] Iter:[0/192], Time: 0.76, lr: [1.1546516638005728e-07], Loss: 2.115848, Acc:0.694048, Semantic loss: 0.115425, BCE loss: 1.958492, SB loss: 0.041931
2025-01-26 11:15:48,261 Epoch: [16/20] Iter:[10/192], Time: 0.87, lr: [1.1411117379742142e-07], Loss: 1.333761, Acc:0.590752, Semantic loss: 0.122462, BCE loss: 1.166557, SB loss: 0.044742
2025-01-26 11:15:56,633 Epoch: [16/20] Iter:[20/192], Time: 0.86, lr: [1.1275539371160926e-07], Loss: 1.210088, Acc:0.561004, Semantic loss: 0.124975, BCE loss: 1.039087, SB loss: 0.046026
2025-01-26 11:16:06,384 Epoch: [16/20] Iter:[30/192], Time: 0.89, lr: [1.1139779981667205e-07], Loss: 1.231407, Acc:0.552583, Semantic loss: 0.124162, BCE loss: 1.061181, SB loss: 0.046064
2025-01-26 11:16:15,048 Epoch: [16/20] Iter:[40/192], Time: 0.89, lr: [1.1003836505754379e-07], Loss: 1.266939, Acc:0.564600, Semantic loss: 0.123528, BCE loss: 1.097976, SB loss: 0.045435
2025-01-26 11:16:23,624 Epoch: [16/20] Iter:[50/192], Time: 0.88, lr: [1.0867706159811597e-07], Loss: 1.232012, Acc:0.563090, Semantic loss: 0.122009, BCE loss: 1.064922, SB loss: 0.045081
2025-01-26 11:16:32,567 Epoch: [16/20] Iter:[60/192], Time: 0.88, lr: [1.0731386078748808e-07], Loss: 1.240333, Acc:0.566537, Semantic loss: 0.122107, BCE loss: 1.073257, SB loss: 0.044969
2025-01-26 11:16:41,277 Epoch: [16/20] Iter:[70/192], Time: 0.88, lr: [1.059487331242622e-07], Loss: 1.221013, Acc:0.561389, Semantic loss: 0.121722, BCE loss: 1.054434, SB loss: 0.044856
2025-01-26 11:16:49,745 Epoch: [16/20] Iter:[80/192], Time: 0.88, lr: [1.0458164821873777e-07], Loss: 1.219752, Acc:0.565476, Semantic loss: 0.122152, BCE loss: 1.052703, SB loss: 0.044897
2025-01-26 11:16:58,749 Epoch: [16/20] Iter:[90/192], Time: 0.88, lr: [1.0321257475285206e-07], Loss: 1.221406, Acc:0.562875, Semantic loss: 0.121692, BCE loss: 1.054772, SB loss: 0.044942
2025-01-26 11:17:07,676 Epoch: [16/20] Iter:[100/192], Time: 0.88, lr: [1.0184148043769587e-07], Loss: 1.217419, Acc:0.558756, Semantic loss: 0.122439, BCE loss: 1.049769, SB loss: 0.045211
2025-01-26 11:17:16,016 Epoch: [16/20] Iter:[110/192], Time: 0.88, lr: [1.0046833196841874e-07], Loss: 1.224970, Acc:0.559865, Semantic loss: 0.123211, BCE loss: 1.056521, SB loss: 0.045238
2025-01-26 11:17:25,068 Epoch: [16/20] Iter:[120/192], Time: 0.88, lr: [9.909309497632229e-08], Loss: 1.228918, Acc:0.564046, Semantic loss: 0.122825, BCE loss: 1.061015, SB loss: 0.045078
2025-01-26 11:17:34,111 Epoch: [16/20] Iter:[130/192], Time: 0.88, lr: [9.77157339779193e-08], Loss: 1.231318, Acc:0.567078, Semantic loss: 0.122581, BCE loss: 1.063790, SB loss: 0.044947
2025-01-26 11:17:42,292 Epoch: [16/20] Iter:[140/192], Time: 0.88, lr: [9.633621232071568e-08], Loss: 1.227411, Acc:0.565238, Semantic loss: 0.123113, BCE loss: 1.059141, SB loss: 0.045157
2025-01-26 11:17:51,253 Epoch: [16/20] Iter:[150/192], Time: 0.88, lr: [9.495449212544955e-08], Loss: 1.229208, Acc:0.565835, Semantic loss: 0.123542, BCE loss: 1.060338, SB loss: 0.045328
2025-01-26 11:18:00,177 Epoch: [16/20] Iter:[160/192], Time: 0.88, lr: [9.357053422449445e-08], Loss: 1.226959, Acc:0.565632, Semantic loss: 0.123895, BCE loss: 1.057586, SB loss: 0.045478
2025-01-26 11:18:08,479 Epoch: [16/20] Iter:[170/192], Time: 0.88, lr: [9.218429809610405e-08], Loss: 1.240648, Acc:0.567142, Semantic loss: 0.123990, BCE loss: 1.071178, SB loss: 0.045481
2025-01-26 11:18:17,406 Epoch: [16/20] Iter:[180/192], Time: 0.88, lr: [9.079574179414426e-08], Loss: 1.238373, Acc:0.565347, Semantic loss: 0.124628, BCE loss: 1.067937, SB loss: 0.045807
2025-01-26 11:18:26,266 Epoch: [16/20] Iter:[190/192], Time: 0.88, lr: [8.940482187292039e-08], Loss: 1.237252, Acc:0.565676, Semantic loss: 0.124310, BCE loss: 1.067179, SB loss: 0.045762
2025-01-26 11:23:52,674 0 [0.         0.46038095 0.18068729 0.09526524 0.38189274 0.10081226
 0.04777153 0.01936359] 0.18373908517207418
2025-01-26 11:23:52,674 1 [0.         0.5291288  0.22739353 0.29372797 0.45111595 0.0516152
 0.01665408 0.4127441 ] 0.28319708937109345
2025-01-26 11:23:52,675 => saving checkpoint to output/loveDa/pidnet_small_loveda_3bcheckpoint.pth.tar
2025-01-26 11:23:52,969 Loss: 1.219, MeanIU:  0.2832, Best_mIoU:  0.2880
2025-01-26 11:23:52,969 [0.         0.5291288  0.22739353 0.29372797 0.45111595 0.0516152
 0.01665408 0.4127441 ]
2025-01-26 11:23:53,861 Epoch: [17/20] Iter:[0/192], Time: 0.71, lr: [1.0657560760343178e-07], Loss: 1.131293, Acc:0.505282, Semantic loss: 0.108993, BCE loss: 0.981771, SB loss: 0.040528
2025-01-26 11:24:02,911 Epoch: [17/20] Iter:[10/192], Time: 0.89, lr: [1.049089089238197e-07], Loss: 1.185356, Acc:0.589653, Semantic loss: 0.119521, BCE loss: 1.022823, SB loss: 0.043012
2025-01-26 11:24:12,530 Epoch: [17/20] Iter:[20/192], Time: 0.92, lr: [1.0323926278287393e-07], Loss: 1.172797, Acc:0.575019, Semantic loss: 0.121925, BCE loss: 1.005824, SB loss: 0.045047
2025-01-26 11:24:20,816 Epoch: [17/20] Iter:[30/192], Time: 0.89, lr: [1.0156661080879435e-07], Loss: 1.266086, Acc:0.574631, Semantic loss: 0.119448, BCE loss: 1.102385, SB loss: 0.044253
2025-01-26 11:24:29,670 Epoch: [17/20] Iter:[40/192], Time: 0.89, lr: [9.98908923822899e-08], Loss: 1.246243, Acc:0.567972, Semantic loss: 0.122612, BCE loss: 1.078798, SB loss: 0.044833
2025-01-26 11:24:38,679 Epoch: [17/20] Iter:[50/192], Time: 0.89, lr: [9.82120445064434e-08], Loss: 1.277360, Acc:0.570350, Semantic loss: 0.123294, BCE loss: 1.109021, SB loss: 0.045045
2025-01-26 11:24:47,113 Epoch: [17/20] Iter:[60/192], Time: 0.89, lr: [9.653000166641949e-08], Loss: 1.275841, Acc:0.564385, Semantic loss: 0.124114, BCE loss: 1.106198, SB loss: 0.045528
2025-01-26 11:24:55,878 Epoch: [17/20] Iter:[70/192], Time: 0.88, lr: [9.484469567801175e-08], Loss: 1.285841, Acc:0.566487, Semantic loss: 0.123640, BCE loss: 1.116715, SB loss: 0.045486
2025-01-26 11:25:04,853 Epoch: [17/20] Iter:[80/192], Time: 0.89, lr: [9.315605552390246e-08], Loss: 1.288155, Acc:0.570055, Semantic loss: 0.124406, BCE loss: 1.118129, SB loss: 0.045619
2025-01-26 11:25:13,538 Epoch: [17/20] Iter:[90/192], Time: 0.88, lr: [9.146400717636832e-08], Loss: 1.283849, Acc:0.573539, Semantic loss: 0.124049, BCE loss: 1.114299, SB loss: 0.045500
2025-01-26 11:25:22,171 Epoch: [17/20] Iter:[100/192], Time: 0.88, lr: [8.976847340500998e-08], Loss: 1.288428, Acc:0.575560, Semantic loss: 0.123854, BCE loss: 1.119237, SB loss: 0.045336
2025-01-26 11:25:31,076 Epoch: [17/20] Iter:[110/192], Time: 0.88, lr: [8.806937356789709e-08], Loss: 1.267116, Acc:0.571635, Semantic loss: 0.123638, BCE loss: 1.098248, SB loss: 0.045230
2025-01-26 11:25:39,738 Epoch: [17/20] Iter:[120/192], Time: 0.88, lr: [8.636662338431088e-08], Loss: 1.261356, Acc:0.571609, Semantic loss: 0.123057, BCE loss: 1.093168, SB loss: 0.045131
2025-01-26 11:25:48,051 Epoch: [17/20] Iter:[130/192], Time: 0.88, lr: [8.466013468702399e-08], Loss: 1.267436, Acc:0.574290, Semantic loss: 0.123154, BCE loss: 1.099181, SB loss: 0.045102
2025-01-26 11:25:57,013 Epoch: [17/20] Iter:[140/192], Time: 0.88, lr: [8.294981515177348e-08], Loss: 1.269513, Acc:0.572172, Semantic loss: 0.123497, BCE loss: 1.100732, SB loss: 0.045284
2025-01-26 11:26:05,933 Epoch: [17/20] Iter:[150/192], Time: 0.88, lr: [8.123556800125407e-08], Loss: 1.270493, Acc:0.572802, Semantic loss: 0.123510, BCE loss: 1.101551, SB loss: 0.045431
2025-01-26 11:26:14,205 Epoch: [17/20] Iter:[160/192], Time: 0.88, lr: [7.951729168057755e-08], Loss: 1.269342, Acc:0.572624, Semantic loss: 0.123518, BCE loss: 1.100367, SB loss: 0.045457
2025-01-26 11:26:23,260 Epoch: [17/20] Iter:[170/192], Time: 0.88, lr: [7.779487950069338e-08], Loss: 1.272273, Acc:0.574253, Semantic loss: 0.123661, BCE loss: 1.103124, SB loss: 0.045488
2025-01-26 11:26:32,094 Epoch: [17/20] Iter:[180/192], Time: 0.88, lr: [7.606821924573807e-08], Loss: 1.268591, Acc:0.572149, Semantic loss: 0.123518, BCE loss: 1.099589, SB loss: 0.045484
2025-01-26 11:26:40,433 Epoch: [17/20] Iter:[190/192], Time: 0.88, lr: [7.433719273966076e-08], Loss: 1.273470, Acc:0.571936, Semantic loss: 0.124320, BCE loss: 1.103534, SB loss: 0.045615
2025-01-26 11:32:01,223 0 [0.         0.44822918 0.1599298  0.09350762 0.39066335 0.10720678
 0.0420101  0.01575068] 0.1796139296538693
2025-01-26 11:32:01,223 1 [0.         0.48951353 0.14585424 0.30288546 0.45378409 0.05946623
 0.01257288 0.38989869] 0.2648535909712861
2025-01-26 11:32:01,224 => saving checkpoint to output/loveDa/pidnet_small_loveda_3bcheckpoint.pth.tar
2025-01-26 11:32:01,646 Loss: 1.217, MeanIU:  0.2649, Best_mIoU:  0.2880
2025-01-26 11:32:01,646 [0.         0.48951353 0.14585424 0.30288546 0.45378409 0.05946623
 0.01257288 0.38989869]
2025-01-26 11:32:02,881 Epoch: [18/20] Iter:[0/192], Time: 1.07, lr: [9.643167936113045e-08], Loss: 1.485017, Acc:0.622162, Semantic loss: 0.117198, BCE loss: 1.320160, SB loss: 0.047659
2025-01-26 11:32:11,462 Epoch: [18/20] Iter:[10/192], Time: 0.88, lr: [9.416859052405874e-08], Loss: 1.357599, Acc:0.598376, Semantic loss: 0.122645, BCE loss: 1.189672, SB loss: 0.045283
2025-01-26 11:32:20,766 Epoch: [18/20] Iter:[20/192], Time: 0.90, lr: [9.18994417911722e-08], Loss: 1.317908, Acc:0.583334, Semantic loss: 0.121850, BCE loss: 1.151684, SB loss: 0.044374
2025-01-26 11:32:30,195 Epoch: [18/20] Iter:[30/192], Time: 0.92, lr: [8.962404973636608e-08], Loss: 1.299460, Acc:0.578551, Semantic loss: 0.122966, BCE loss: 1.131544, SB loss: 0.044949
2025-01-26 11:32:38,531 Epoch: [18/20] Iter:[40/192], Time: 0.90, lr: [8.734222003277432e-08], Loss: 1.340404, Acc:0.579046, Semantic loss: 0.123445, BCE loss: 1.171883, SB loss: 0.045076
2025-01-26 11:32:47,460 Epoch: [18/20] Iter:[50/192], Time: 0.90, lr: [8.505374646848415e-08], Loss: 1.323360, Acc:0.572452, Semantic loss: 0.123194, BCE loss: 1.155066, SB loss: 0.045101
2025-01-26 11:32:56,338 Epoch: [18/20] Iter:[60/192], Time: 0.89, lr: [8.275840984116213e-08], Loss: 1.304502, Acc:0.575201, Semantic loss: 0.122835, BCE loss: 1.136876, SB loss: 0.044791
2025-01-26 11:33:04,664 Epoch: [18/20] Iter:[70/192], Time: 0.89, lr: [8.045597671248451e-08], Loss: 1.311781, Acc:0.575566, Semantic loss: 0.124024, BCE loss: 1.142637, SB loss: 0.045119
2025-01-26 11:33:13,556 Epoch: [18/20] Iter:[80/192], Time: 0.89, lr: [7.814619799954303e-08], Loss: 1.304404, Acc:0.576891, Semantic loss: 0.124199, BCE loss: 1.134860, SB loss: 0.045344
2025-01-26 11:33:22,572 Epoch: [18/20] Iter:[90/192], Time: 0.89, lr: [7.582880737580734e-08], Loss: 1.291189, Acc:0.577514, Semantic loss: 0.125018, BCE loss: 1.120471, SB loss: 0.045701
2025-01-26 11:33:30,911 Epoch: [18/20] Iter:[100/192], Time: 0.88, lr: [7.350351944851587e-08], Loss: 1.281811, Acc:0.575231, Semantic loss: 0.124871, BCE loss: 1.111249, SB loss: 0.045690
2025-01-26 11:33:39,789 Epoch: [18/20] Iter:[110/192], Time: 0.88, lr: [7.117002767223092e-08], Loss: 1.260875, Acc:0.572423, Semantic loss: 0.125030, BCE loss: 1.090389, SB loss: 0.045456
2025-01-26 11:33:48,654 Epoch: [18/20] Iter:[120/192], Time: 0.88, lr: [6.882800194930328e-08], Loss: 1.255054, Acc:0.571382, Semantic loss: 0.124895, BCE loss: 1.084540, SB loss: 0.045619
2025-01-26 11:33:57,145 Epoch: [18/20] Iter:[130/192], Time: 0.88, lr: [6.647708585657026e-08], Loss: 1.249311, Acc:0.571923, Semantic loss: 0.124157, BCE loss: 1.079721, SB loss: 0.045433
2025-01-26 11:34:06,048 Epoch: [18/20] Iter:[140/192], Time: 0.88, lr: [6.411689342298688e-08], Loss: 1.247308, Acc:0.571051, Semantic loss: 0.124014, BCE loss: 1.077941, SB loss: 0.045353
2025-01-26 11:34:14,947 Epoch: [18/20] Iter:[150/192], Time: 0.88, lr: [6.174700536399823e-08], Loss: 1.244778, Acc:0.570043, Semantic loss: 0.124161, BCE loss: 1.075254, SB loss: 0.045363
2025-01-26 11:34:23,720 Epoch: [18/20] Iter:[160/192], Time: 0.88, lr: [5.936696465380447e-08], Loss: 1.251562, Acc:0.571146, Semantic loss: 0.123977, BCE loss: 1.082388, SB loss: 0.045197
2025-01-26 11:34:32,294 Epoch: [18/20] Iter:[170/192], Time: 0.88, lr: [5.697627128416909e-08], Loss: 1.248318, Acc:0.570981, Semantic loss: 0.123881, BCE loss: 1.079349, SB loss: 0.045088
2025-01-26 11:34:41,310 Epoch: [18/20] Iter:[180/192], Time: 0.88, lr: [5.457437601508645e-08], Loss: 1.248499, Acc:0.570679, Semantic loss: 0.123732, BCE loss: 1.079818, SB loss: 0.044949
2025-01-26 11:34:50,238 Epoch: [18/20] Iter:[190/192], Time: 0.88, lr: [5.2160672864125153e-08], Loss: 1.254266, Acc:0.573257, Semantic loss: 0.123379, BCE loss: 1.085941, SB loss: 0.044945
2025-01-26 11:40:28,157 0 [0.         0.45646434 0.17193091 0.0959525  0.3815323  0.10273071
 0.04759639 0.01651384] 0.1818172845888102
2025-01-26 11:40:28,157 1 [0.         0.52209999 0.18973952 0.30701988 0.48256408 0.06037389
 0.02843166 0.39651884] 0.28382112175551416
2025-01-26 11:40:28,158 => saving checkpoint to output/loveDa/pidnet_small_loveda_3bcheckpoint.pth.tar
2025-01-26 11:40:28,459 Loss: 1.212, MeanIU:  0.2838, Best_mIoU:  0.2880
2025-01-26 11:40:28,459 [0.         0.52209999 0.18973952 0.30701988 0.48256408 0.06037389
 0.02843166 0.39651884]
2025-01-26 11:40:29,360 Epoch: [19/20] Iter:[0/192], Time: 0.72, lr: [6.746414238367821e-08], Loss: 0.863338, Acc:0.710380, Semantic loss: 0.124841, BCE loss: 0.686021, SB loss: 0.052477
2025-01-26 11:40:39,018 Epoch: [19/20] Iter:[10/192], Time: 0.95, lr: [6.429336362339898e-08], Loss: 1.095136, Acc:0.565768, Semantic loss: 0.133006, BCE loss: 0.915519, SB loss: 0.046611
2025-01-26 11:40:47,314 Epoch: [19/20] Iter:[20/192], Time: 0.89, lr: [6.110510578510947e-08], Loss: 1.127164, Acc:0.587031, Semantic loss: 0.124077, BCE loss: 0.959068, SB loss: 0.044020
2025-01-26 11:40:56,247 Epoch: [19/20] Iter:[30/192], Time: 0.89, lr: [5.789824653018994e-08], Loss: 1.200800, Acc:0.588347, Semantic loss: 0.124745, BCE loss: 1.031476, SB loss: 0.044580
2025-01-26 11:41:05,318 Epoch: [19/20] Iter:[40/192], Time: 0.90, lr: [5.467151732202776e-08], Loss: 1.203082, Acc:0.575991, Semantic loss: 0.126053, BCE loss: 1.031500, SB loss: 0.045529
2025-01-26 11:41:13,733 Epoch: [19/20] Iter:[50/192], Time: 0.88, lr: [5.1423473433512956e-08], Loss: 1.203968, Acc:0.574999, Semantic loss: 0.127158, BCE loss: 1.031013, SB loss: 0.045798
2025-01-26 11:41:22,723 Epoch: [19/20] Iter:[60/192], Time: 0.89, lr: [4.8152455233124824e-08], Loss: 1.217511, Acc:0.575610, Semantic loss: 0.127193, BCE loss: 1.044060, SB loss: 0.046258
2025-01-26 11:41:31,788 Epoch: [19/20] Iter:[70/192], Time: 0.89, lr: [4.4856537351054893e-08], Loss: 1.228889, Acc:0.575333, Semantic loss: 0.128770, BCE loss: 1.053771, SB loss: 0.046348
2025-01-26 11:41:40,113 Epoch: [19/20] Iter:[80/192], Time: 0.88, lr: [4.153346060988999e-08], Loss: 1.235522, Acc:0.572806, Semantic loss: 0.127936, BCE loss: 1.061657, SB loss: 0.045929
2025-01-26 11:41:49,144 Epoch: [19/20] Iter:[90/192], Time: 0.88, lr: [3.818053878533043e-08], Loss: 1.227888, Acc:0.576582, Semantic loss: 0.127483, BCE loss: 1.054377, SB loss: 0.046028
2025-01-26 11:41:58,011 Epoch: [19/20] Iter:[100/192], Time: 0.89, lr: [3.479452745251786e-08], Loss: 1.211273, Acc:0.572154, Semantic loss: 0.126875, BCE loss: 1.038434, SB loss: 0.045965
2025-01-26 11:42:06,547 Epoch: [19/20] Iter:[110/192], Time: 0.88, lr: [3.1371433588231995e-08], Loss: 1.217879, Acc:0.573012, Semantic loss: 0.126107, BCE loss: 1.045962, SB loss: 0.045810
2025-01-26 11:42:15,301 Epoch: [19/20] Iter:[120/192], Time: 0.88, lr: [2.7906228428371632e-08], Loss: 1.216121, Acc:0.570192, Semantic loss: 0.126061, BCE loss: 1.044080, SB loss: 0.045980
2025-01-26 11:42:24,161 Epoch: [19/20] Iter:[130/192], Time: 0.88, lr: [2.439239356353784e-08], Loss: 1.219949, Acc:0.571912, Semantic loss: 0.125495, BCE loss: 1.048595, SB loss: 0.045859
2025-01-26 11:42:32,791 Epoch: [19/20] Iter:[140/192], Time: 0.88, lr: [2.0821159321002044e-08], Loss: 1.234861, Acc:0.571766, Semantic loss: 0.125663, BCE loss: 1.063366, SB loss: 0.045832
2025-01-26 11:42:41,314 Epoch: [19/20] Iter:[150/192], Time: 0.88, lr: [1.7180122628828943e-08], Loss: 1.235179, Acc:0.571945, Semantic loss: 0.125124, BCE loss: 1.064297, SB loss: 0.045758
2025-01-26 11:42:50,192 Epoch: [19/20] Iter:[160/192], Time: 0.88, lr: [1.3450451987183817e-08], Loss: 1.228596, Acc:0.568747, Semantic loss: 0.125565, BCE loss: 1.057309, SB loss: 0.045722
2025-01-26 11:42:58,965 Epoch: [19/20] Iter:[170/192], Time: 0.88, lr: [9.600244875192534e-09], Loss: 1.230492, Acc:0.567618, Semantic loss: 0.125645, BCE loss: 1.058945, SB loss: 0.045901
2025-01-26 11:43:07,391 Epoch: [19/20] Iter:[180/192], Time: 0.88, lr: [5.563716848048335e-09], Loss: 1.239603, Acc:0.569005, Semantic loss: 0.125189, BCE loss: 1.068620, SB loss: 0.045795
2025-01-26 11:43:16,273 Epoch: [19/20] Iter:[190/192], Time: 0.88, lr: [1.1092486125349495e-09], Loss: 1.246028, Acc:0.570215, Semantic loss: 0.125168, BCE loss: 1.075109, SB loss: 0.045751
2025-01-26 11:48:36,654 0 [0.         0.46222904 0.17643712 0.09601719 0.4060234  0.11706615
 0.04554674 0.01764507] 0.1887092440725353
2025-01-26 11:48:36,654 1 [0.         0.52361585 0.1964931  0.30171663 0.49238613 0.07086708
 0.022171   0.38809572] 0.2850493589319477
2025-01-26 11:48:36,655 => saving checkpoint to output/loveDa/pidnet_small_loveda_3bcheckpoint.pth.tar
2025-01-26 11:48:36,954 Loss: 1.215, MeanIU:  0.2850, Best_mIoU:  0.2880
2025-01-26 11:48:36,954 [0.         0.52361585 0.1964931  0.30171663 0.49238613 0.07086708
 0.022171   0.38809572]
2025-01-26 11:48:37,042 Hours: 2
2025-01-26 11:48:37,042 Done
