2025-01-16 17:18:07,105 Namespace(cfg='configs/loveDa/pidnet_small_loveda_train_AVD.yaml', seed=304, opts=['GPUS', '[0]', 'TRAIN.BATCH_SIZE_PER_GPU', '6'])
2025-01-16 17:18:07,106 AUTO_RESUME: False
CUDNN:
  BENCHMARK: True
  DETERMINISTIC: False
  ENABLED: True
DATASET:
  DATASET: loveDa
  EXTRA_TRAIN_SET: 
  NUM_CLASSES: 8
  ROOT: data/
  SOURCE_DATASET: loveDA-Urban
  SOURCE_TEST_SET: list/loveDA-Urban/val.lst
  SOURCE_TRAIN_SET: list/loveDA-Urban/train.lst
  TARGET_DATASET: loveDA-Rural
  TARGET_SET: list/loveDa/target.lst
  TARGET_TEST_SET: list/loveDA-Rural/val.lst
  TARGET_TRAIN_SET: list/loveDA-Rural/train.lst
  TEST_SET: list/loveDa-Rural/val.lst
  TRAIN_SET: list/loveDa/train.lst
GPUS: (0,)
LOG_DIR: log
LOSS:
  BALANCE_WEIGHTS: [0.4, 1.0]
  CLASS_BALANCE: False
  OHEMKEEP: 131072
  OHEMTHRES: 0.9
  SB_WEIGHTS: 1.0
  USE_DICE: False
  USE_FOCAL: False
  USE_OHEM: True
MODEL:
  ALIGN_CORNERS: True
  NAME: pidnet_small
  NUM_OUTPUTS: 2
  PRETRAINED: pretrained_models/imagenet/PIDNet_S_ImageNet.pth.tar
OUTPUT_DIR: output
PIN_MEMORY: True
PRINT_FREQ: 10
TEST:
  BASE_SIZE: 2048
  BATCH_SIZE_PER_GPU: 6
  FLIP_TEST: False
  IMAGE_SIZE: [1024, 1024]
  MODEL_FILE: 
  MULTI_SCALE: False
  OUTPUT_INDEX: 1
TRAIN:
  ADVERSARIAL: True
  AUG: False
  AUG1: False
  AUG2: False
  AUG3: False
  AUG4: False
  AUG_CHANCE: False
  BASE_SIZE: 1440
  BATCH_SIZE_PER_GPU: 6
  BEGIN_EPOCH: 0
  END_EPOCH: 20
  EVAL_INTERVAL: 1
  EXTRA_EPOCH: 0
  EXTRA_LR: 0.001
  FLIP: True
  GAN: Vanilla
  IGNORE_LABEL: 255
  IMAGE_SIZE: [720, 720]
  LAMBDA_ADVT1: 0.0002
  LR: 0.01
  LR_D1: 0.0001
  MOMENTUM: 0.9
  MULTI_SCALE: True
  NESTEROV: False
  OPTIMIZER: sgd
  RESUME: False
  SCALE_FACTOR: 16
  SCHEDULER: False
  SHUFFLE: True
  WD: 0.0005
WORKERS: 0
2025-01-16 17:18:07,351 Attention!!!
2025-01-16 17:18:07,351 Loaded 302 parameters!
2025-01-16 17:18:07,352 Over!!!
2025-01-16 17:18:16,071 Epoch: [0/20] Iter:[0/192], Time: 6.88, lr: [0.01], Loss: 0.695887,Loss_D1: 0.001798, Acc:0.114038, Semantic loss: 0.707807, BCE loss: 3.352177
2025-01-16 17:18:43,034 Epoch: [0/20] Iter:[10/192], Time: 3.08, lr: [0.009976559445324192], Loss: 0.695530,Loss_D1: 0.001799, Acc:0.131509, Semantic loss: 0.654124, BCE loss: 3.633511
