2025-01-25 20:38:58,960 Namespace(cfg='configs/loveDa/pidnet_small_loveda_train_AVD.yaml', seed=304, opts=['GPUS', '[0]', 'TRAIN.BATCH_SIZE_PER_GPU', '6'])
2025-01-25 20:38:58,962 AUTO_RESUME: False
CUDNN:
  BENCHMARK: True
  DETERMINISTIC: False
  ENABLED: True
DATASET:
  DATASET: loveDa
  EXTRA_TRAIN_SET: 
  NUM_CLASSES: 8
  ROOT: data/
  SOURCE_DATASET: loveDA-Urban
  SOURCE_TEST_SET: list/loveDA-Urban/val.lst
  SOURCE_TRAIN_SET: list/loveDA-Urban/train.lst
  TARGET_DATASET: loveDA-Rural
  TARGET_SET: list/loveDa-Rural/train.lst
  TARGET_TEST_SET: list/loveDA-Rural/val.lst
  TARGET_TRAIN_SET: list/loveDA-Rural/train.lst
  TEST_SET: list/loveDa-Rural/val.lst
  TRAIN_SET: list/loveDa/train.lst
GPUS: (0,)
LOG_DIR: log
LOSS:
  BALANCE_WEIGHTS: [0.4, 1.0]
  CLASS_BALANCE: False
  OHEMKEEP: 131072
  OHEMTHRES: 0.7
  SB_WEIGHTS: 0.5
  USE_DICE: False
  USE_FOCAL: False
  USE_OHEM: True
MODEL:
  ALIGN_CORNERS: True
  NAME: pidnet_small
  NUM_OUTPUTS: 2
  PRETRAINED: pretrained_models/imagenet/PIDNet_S_ImageNet.pth.tar
OUTPUT_DIR: output
PIN_MEMORY: True
PRINT_FREQ: 10
TEST:
  BASE_SIZE: 1024
  BATCH_SIZE_PER_GPU: 6
  FLIP_TEST: False
  IMAGE_SIZE: [1024, 1024]
  MODEL_FILE: 
  MULTI_SCALE: False
  OUTPUT_INDEX: 1
TRAIN:
  ADVERSARIAL: True
  AUG: True
  AUG1: False
  AUG2: True
  AUG3: True
  AUG4: False
  AUG_CHANCE: True
  BASE_SIZE: 720
  BATCH_SIZE_PER_GPU: 6
  BEGIN_EPOCH: 0
  D1: False
  END_EPOCH: 20
  EVAL_INTERVAL: 1
  EXTRA_EPOCH: 0
  EXTRA_LR: 0.001
  FLIP: True
  GAN: Vanilla
  IGNORE_LABEL: 0
  IMAGE_SIZE: [720, 720]
  LAMBDA_ADV1: 0.001
  LAMBDA_ADV2: 0.0002
  LR: 0.001
  LR_D1: 0.0001
  LR_D2: 0.0001
  MOMENTUM: 0.9
  MULTI_SCALE: True
  NESTEROV: False
  OPTIMIZER: adam
  RESUME: False
  SCALE_FACTOR: 16
  SCHEDULER: True
  SHUFFLE: True
  WD: 0.0005
WORKERS: 0
2025-01-25 20:38:59,158 Attention!!!
2025-01-25 20:38:59,158 Loaded 302 parameters!
2025-01-25 20:38:59,158 Over!!!
2025-01-25 20:39:05,613 Epoch: [0/20] Iter:[0/291], Time: 6.17, lr: [0.0002], Loss: 5.441660, Loss_D1: 0.693136, Loss_D2: 0.693264, Acc:0.166798, Semantic loss: 0.587737
2025-01-25 20:39:26,524 Epoch: [0/20] Iter:[10/291], Time: 2.46, lr: [0.0001996906950624248], Loss: 3.615478, Loss_D1: 0.692503, Loss_D2: 0.693509, Acc:0.239943, Semantic loss: 0.495126
2025-01-25 20:39:46,589 Epoch: [0/20] Iter:[20/291], Time: 2.25, lr: [0.00019938133688359008], Loss: 2.982931, Loss_D1: 0.697245, Loss_D2: 0.691363, Acc:0.268214, Semantic loss: 0.425680
2025-01-25 20:40:05,811 Epoch: [0/20] Iter:[30/291], Time: 2.14, lr: [0.00019907192536251225], Loss: 2.763332, Loss_D1: 0.704351, Loss_D2: 0.692479, Acc:0.296206, Semantic loss: 0.394609
2025-01-25 20:40:25,306 Epoch: [0/20] Iter:[40/291], Time: 2.09, lr: [0.00019876246039784136], Loss: 2.537998, Loss_D1: 0.695921, Loss_D2: 0.692620, Acc:0.320620, Semantic loss: 0.357077
2025-01-25 20:40:44,615 Epoch: [0/20] Iter:[50/291], Time: 2.06, lr: [0.0001984529418878593], Loss: 2.397186, Loss_D1: 0.693821, Loss_D2: 0.692177, Acc:0.343534, Semantic loss: 0.332066
2025-01-25 20:41:03,498 Epoch: [0/20] Iter:[60/291], Time: 2.03, lr: [0.00019814336973047764], Loss: 2.276059, Loss_D1: 0.690655, Loss_D2: 0.693605, Acc:0.356750, Semantic loss: 0.311572
2025-01-25 20:41:22,620 Epoch: [0/20] Iter:[70/291], Time: 2.02, lr: [0.00019783374382323577], Loss: 2.220887, Loss_D1: 0.694288, Loss_D2: 0.692874, Acc:0.369494, Semantic loss: 0.298564
2025-01-25 20:41:42,506 Epoch: [0/20] Iter:[80/291], Time: 2.01, lr: [0.00019752406406329883], Loss: 2.146526, Loss_D1: 0.693589, Loss_D2: 0.693095, Acc:0.377427, Semantic loss: 0.286186
