2025-01-09 11:11:58,993 Namespace(cfg='configs/loveDa/pidnet_small_loveda_train_AVD.yaml', seed=304, opts=['GPUS', '[0]', 'TRAIN.BATCH_SIZE_PER_GPU', '6'])
2025-01-09 11:11:58,993 AUTO_RESUME: False
CUDNN:
  BENCHMARK: True
  DETERMINISTIC: False
  ENABLED: True
DATASET:
  DATASET: loveDa
  EXTRA_TRAIN_SET: 
  NUM_CLASSES: 8
  ROOT: data/
  TARGET_SET: list/loveDa/target.lst
  TEST_SET: list/loveDa-Rural/val.lst
  TRAIN_SET: list/loveDa/train.lst
GPUS: (0,)
LOG_DIR: log
LOSS:
  BALANCE_WEIGHTS: [0.4, 1.0]
  CLASS_BALANCE: False
  OHEMKEEP: 131072
  OHEMTHRES: 0.9
  SB_WEIGHTS: 1.0
  USE_OHEM: True
MODEL:
  ALIGN_CORNERS: True
  NAME: pidnet_small
  NUM_OUTPUTS: 2
  PRETRAINED: pretrained_models/imagenet/PIDNet_S_ImageNet.pth.tar
OUTPUT_DIR: output
PIN_MEMORY: True
PRINT_FREQ: 10
TEST:
  BASE_SIZE: 2048
  BATCH_SIZE_PER_GPU: 6
  FLIP_TEST: False
  IMAGE_SIZE: [1024, 1024]
  MODEL_FILE: 
  MULTI_SCALE: False
  OUTPUT_INDEX: 1
TRAIN:
  ADVERSARIAL: True
  AUG: False
  BASE_SIZE: 2048
  BATCH_SIZE_PER_GPU: 6
  BEGIN_EPOCH: 0
  END_EPOCH: 20
  EXTRA_EPOCH: 0
  EXTRA_LR: 0.001
  FLIP: True
  GAN: Vanilla
  IGNORE_LABEL: 255
  IMAGE_SIZE: [512, 512]
  LAMBDA_ADVT1: 0.0002
  LAMBDA_ADVT2: 0.001
  LR: 0.01
  LR_D1: 0.0001
  LR_D2: 0.0001
  MOMENTUM: 0.9
  MULTI_SCALE: True
  NESTEROV: False
  OPTIMIZER: sgd
  RESUME: False
  SCALE_FACTOR: 16
  SCHEDULER: False
  SHUFFLE: True
  WD: 0.0005
WORKERS: 0
2025-01-09 11:11:59,202 Attention!!!
2025-01-09 11:11:59,203 Loaded 302 parameters!
2025-01-09 11:11:59,203 Over!!!
