2025-01-25 20:37:11,694 Namespace(cfg='configs/loveDa/pidnet_small_loveda_train_AVD.yaml', seed=304, opts=['GPUS', '[0]', 'TRAIN.BATCH_SIZE_PER_GPU', '6'])
2025-01-25 20:37:11,694 AUTO_RESUME: False
CUDNN:
  BENCHMARK: True
  DETERMINISTIC: False
  ENABLED: True
DATASET:
  DATASET: loveDa
  EXTRA_TRAIN_SET: 
  NUM_CLASSES: 8
  ROOT: data/
  SOURCE_DATASET: loveDA-Urban
  SOURCE_TEST_SET: list/loveDA-Urban/val.lst
  SOURCE_TRAIN_SET: list/loveDA-Urban/train.lst
  TARGET_DATASET: loveDA-Rural
  TARGET_SET: list/loveDa-Rural/train.lst
  TARGET_TEST_SET: list/loveDA-Rural/val.lst
  TARGET_TRAIN_SET: list/loveDA-Rural/train.lst
  TEST_SET: list/loveDa-Rural/val.lst
  TRAIN_SET: list/loveDa/train.lst
GPUS: (0,)
LOG_DIR: log
LOSS:
  BALANCE_WEIGHTS: [0.4, 1.0]
  CLASS_BALANCE: False
  OHEMKEEP: 131072
  OHEMTHRES: 0.7
  SB_WEIGHTS: 0.5
  USE_DICE: False
  USE_FOCAL: False
  USE_OHEM: True
MODEL:
  ALIGN_CORNERS: True
  NAME: pidnet_small
  NUM_OUTPUTS: 2
  PRETRAINED: pretrained_models/imagenet/PIDNet_S_ImageNet.pth.tar
OUTPUT_DIR: output
PIN_MEMORY: True
PRINT_FREQ: 10
TEST:
  BASE_SIZE: 1024
  BATCH_SIZE_PER_GPU: 6
  FLIP_TEST: False
  IMAGE_SIZE: [1024, 1024]
  MODEL_FILE: 
  MULTI_SCALE: False
  OUTPUT_INDEX: 1
TRAIN:
  ADVERSARIAL: True
  AUG: True
  AUG1: False
  AUG2: True
  AUG3: True
  AUG4: False
  AUG_CHANCE: True
  BASE_SIZE: 720
  BATCH_SIZE_PER_GPU: 6
  BEGIN_EPOCH: 0
  D1: False
  END_EPOCH: 20
  EVAL_INTERVAL: 1
  EXTRA_EPOCH: 0
  EXTRA_LR: 0.001
  FLIP: True
  GAN: Vanilla
  IGNORE_LABEL: 0
  IMAGE_SIZE: [720, 720]
  LAMBDA_ADV1: 0.001
  LAMBDA_ADV2: 0.0002
  LR: 0.001
  LR_D1: 0.0001
  LR_D2: 0.0001
  MOMENTUM: 0.9
  MULTI_SCALE: True
  NESTEROV: False
  OPTIMIZER: adam
  RESUME: False
  SCALE_FACTOR: 16
  SCHEDULER: True
  SHUFFLE: True
  WD: 0.0005
WORKERS: 0
2025-01-25 20:37:11,908 Attention!!!
2025-01-25 20:37:11,909 Loaded 302 parameters!
2025-01-25 20:37:11,909 Over!!!
2025-01-25 20:37:18,430 Epoch: [0/20] Iter:[0/291], Time: 6.24, lr: [0.0002], Loss: 5.099350, Loss_D1: 0.693150, Loss_D2: 0.693262, Acc:0.218255, Semantic loss: 0.597041
2025-01-25 20:37:49,475 Namespace(cfg='configs/loveDa/pidnet_small_loveda_train_AVD.yaml', seed=304, opts=['GPUS', '[0]', 'TRAIN.BATCH_SIZE_PER_GPU', '6'])
2025-01-25 20:37:49,476 AUTO_RESUME: False
CUDNN:
  BENCHMARK: True
  DETERMINISTIC: False
  ENABLED: True
DATASET:
  DATASET: loveDa
  EXTRA_TRAIN_SET: 
  NUM_CLASSES: 8
  ROOT: data/
  SOURCE_DATASET: loveDA-Urban
  SOURCE_TEST_SET: list/loveDA-Urban/val.lst
  SOURCE_TRAIN_SET: list/loveDA-Urban/train.lst
  TARGET_DATASET: loveDA-Rural
  TARGET_SET: list/loveDa-Rural/train.lst
  TARGET_TEST_SET: list/loveDA-Rural/val.lst
  TARGET_TRAIN_SET: list/loveDA-Rural/train.lst
  TEST_SET: list/loveDa-Rural/val.lst
  TRAIN_SET: list/loveDa/train.lst
GPUS: (0,)
LOG_DIR: log
LOSS:
  BALANCE_WEIGHTS: [0.4, 1.0]
  CLASS_BALANCE: False
  OHEMKEEP: 131072
  OHEMTHRES: 0.7
  SB_WEIGHTS: 0.5
  USE_DICE: False
  USE_FOCAL: False
  USE_OHEM: True
MODEL:
  ALIGN_CORNERS: True
  NAME: pidnet_small
  NUM_OUTPUTS: 2
  PRETRAINED: pretrained_models/imagenet/PIDNet_S_ImageNet.pth.tar
OUTPUT_DIR: output
PIN_MEMORY: True
PRINT_FREQ: 10
TEST:
  BASE_SIZE: 1024
  BATCH_SIZE_PER_GPU: 6
  FLIP_TEST: False
  IMAGE_SIZE: [1024, 1024]
  MODEL_FILE: 
  MULTI_SCALE: False
  OUTPUT_INDEX: 1
TRAIN:
  ADVERSARIAL: True
  AUG: True
  AUG1: False
  AUG2: True
  AUG3: True
  AUG4: False
  AUG_CHANCE: True
  BASE_SIZE: 720
  BATCH_SIZE_PER_GPU: 6
  BEGIN_EPOCH: 0
  D1: False
  END_EPOCH: 20
  EVAL_INTERVAL: 1
  EXTRA_EPOCH: 0
  EXTRA_LR: 0.001
  FLIP: True
  GAN: Vanilla
  IGNORE_LABEL: 0
  IMAGE_SIZE: [720, 720]
  LAMBDA_ADV1: 0.001
  LAMBDA_ADV2: 0.0002
  LR: 0.001
  LR_D1: 0.0001
  LR_D2: 0.0001
  MOMENTUM: 0.9
  MULTI_SCALE: True
  NESTEROV: False
  OPTIMIZER: adam
  RESUME: False
  SCALE_FACTOR: 16
  SCHEDULER: True
  SHUFFLE: True
  WD: 0.0005
WORKERS: 0
2025-01-25 20:37:49,637 Attention!!!
2025-01-25 20:37:49,637 Loaded 302 parameters!
2025-01-25 20:37:49,637 Over!!!
